   1              		.syntax unified
   2              		.cpu cortex-m4
   3              		.eabi_attribute 27, 3
   4              		.fpu fpv4-sp-d16
   5              		.eabi_attribute 20, 1
   6              		.eabi_attribute 21, 1
   7              		.eabi_attribute 23, 3
   8              		.eabi_attribute 24, 1
   9              		.eabi_attribute 25, 1
  10              		.eabi_attribute 26, 1
  11              		.eabi_attribute 30, 4
  12              		.eabi_attribute 34, 1
  13              		.eabi_attribute 18, 4
  14              		.thumb
  15              		.file	"init.c"
  16              		.section	.text.lwip_init,"ax",%progbits
  17              		.align	1
  18              		.global	lwip_init
  19              		.thumb
  20              		.thumb_func
  22              	lwip_init:
  23              		@ args = 0, pretend = 0, frame = 0
  24              		@ frame_needed = 0, uses_anonymous_args = 0
  25 0000 08B5     		push	{r3, lr}
  26 0002 FFF7FEFF 		bl	mem_init
  27 0006 FFF7FEFF 		bl	igmp_init
  28 000a BDE80840 		pop	{r3, lr}
  29 000e FFF7FEBF 		b	dns_init
  31              		.ident	"GCC: (GNU Tools for ARM Embedded Processors) 4.7.4 20130913 (release) [ARM/embedded-4_7-br
DEFINED SYMBOLS
                            *ABS*:00000000 init.c
C:\Users\Mihai\AppData\Local\Temp\ccaVy7da.s:17     .text.lwip_init:00000000 $t
C:\Users\Mihai\AppData\Local\Temp\ccaVy7da.s:22     .text.lwip_init:00000000 lwip_init

UNDEFINED SYMBOLS
mem_init
igmp_init
dns_init
