   1              		.syntax unified
   2              		.cpu cortex-m4
   3              		.eabi_attribute 27, 3
   4              		.fpu fpv4-sp-d16
   5              		.eabi_attribute 20, 1
   6              		.eabi_attribute 21, 1
   7              		.eabi_attribute 23, 3
   8              		.eabi_attribute 24, 1
   9              		.eabi_attribute 25, 1
  10              		.eabi_attribute 26, 1
  11              		.eabi_attribute 30, 4
  12              		.eabi_attribute 34, 1
  13              		.eabi_attribute 18, 4
  14              		.thumb
  15              		.file	"memp.c"
  16              		.global	memp_sizes
  17              		.section	.rodata
  18              		.align	1
  21              	memp_sizes:
  22 0000 1C00     		.short	28
  23 0002 2400     		.short	36
  24 0004 A000     		.short	160
  25 0006 2000     		.short	32
  26 0008 1400     		.short	20
  27 000a 2000     		.short	32
  28 000c 0800     		.short	8
  29 000e 1400     		.short	20
  30 0010 1000     		.short	16
  31 0012 EC05     		.short	1516
  32              		.ident	"GCC: (GNU Tools for ARM Embedded Processors) 4.7.4 20130913 (release) [ARM/embedded-4_7-br
DEFINED SYMBOLS
                            *ABS*:00000000 memp.c
C:\Users\Mihai\AppData\Local\Temp\ccdwO1Mr.s:21     .rodata:00000000 memp_sizes
C:\Users\Mihai\AppData\Local\Temp\ccdwO1Mr.s:18     .rodata:00000000 $d

NO UNDEFINED SYMBOLS
