   1              		.syntax unified
   2              		.cpu cortex-m4
   3              		.eabi_attribute 27, 3
   4              		.fpu fpv4-sp-d16
   5              		.eabi_attribute 20, 1
   6              		.eabi_attribute 21, 1
   7              		.eabi_attribute 23, 3
   8              		.eabi_attribute 24, 1
   9              		.eabi_attribute 25, 1
  10              		.eabi_attribute 26, 1
  11              		.eabi_attribute 30, 4
  12              		.eabi_attribute 34, 1
  13              		.eabi_attribute 18, 4
  14              		.thumb
  15              		.file	"tcp_out.c"
  16              		.section	.text.tcp_output_set_header.constprop.0,"ax",%progbits
  17              		.align	1
  18              		.thumb
  19              		.thumb_func
  21              	tcp_output_set_header.constprop.0:
  22              		@ args = 0, pretend = 0, frame = 0
  23              		@ frame_needed = 0, uses_anonymous_args = 0
  24 0000 70B5     		push	{r4, r5, r6, lr}
  25 0002 0546     		mov	r5, r0
  26 0004 008B     		ldrh	r0, [r0, #24]
  27 0006 4C68     		ldr	r4, [r1, #4]
  28 0008 1646     		mov	r6, r2
  29 000a FFF7FEFF 		bl	htons
  30 000e 2080     		strh	r0, [r4, #0]	@ unaligned
  31 0010 288C     		ldrh	r0, [r5, #32]
  32 0012 FFF7FEFF 		bl	htons
  33 0016 6660     		str	r6, [r4, #4]	@ unaligned
  34 0018 6080     		strh	r0, [r4, #2]	@ unaligned
  35 001a 686A     		ldr	r0, [r5, #36]
  36 001c FFF7FEFF 		bl	htonl
  37 0020 A060     		str	r0, [r4, #8]	@ unaligned
  38 0022 4FF6C070 		movw	r0, #65472
  39 0026 A689     		ldrh	r6, [r4, #12]	@ unaligned
  40 0028 FFF7FEFF 		bl	htons
  41 002c 0640     		ands	r6, r6, r0
  42 002e 1020     		movs	r0, #16
  43 0030 FFF7FEFF 		bl	htons
  44 0034 3043     		orrs	r0, r0, r6
  45 0036 A081     		strh	r0, [r4, #12]	@ unaligned
  46 0038 688D     		ldrh	r0, [r5, #42]
  47 003a FFF7FEFF 		bl	htons
  48 003e 0026     		movs	r6, #0
  49 0040 E081     		strh	r0, [r4, #14]	@ unaligned
  50 0042 A674     		strb	r6, [r4, #18]
  51 0044 E674     		strb	r6, [r4, #19]
  52 0046 A089     		ldrh	r0, [r4, #12]	@ unaligned
  53 0048 FFF7FEFF 		bl	ntohs
  54 004c 00F03F01 		and	r1, r0, #63
  55 0050 41F4A040 		orr	r0, r1, #20480
  56 0054 FFF7FEFF 		bl	htons
  57 0058 2674     		strb	r6, [r4, #16]
  58 005a A081     		strh	r0, [r4, #12]	@ unaligned
  59 005c 6674     		strb	r6, [r4, #17]
  60 005e 6A8D     		ldrh	r2, [r5, #42]
  61 0060 6B6A     		ldr	r3, [r5, #36]
  62 0062 D018     		adds	r0, r2, r3
  63 0064 E862     		str	r0, [r5, #44]
  64 0066 2046     		mov	r0, r4
  65 0068 70BD     		pop	{r4, r5, r6, pc}
  67              		.section	.text.tcp_enqueue,"ax",%progbits
  68              		.align	1
  69              		.global	tcp_enqueue
  70              		.thumb
  71              		.thumb_func
  73              	tcp_enqueue:
  74              		@ args = 8, pretend = 0, frame = 40
  75              		@ frame_needed = 0, uses_anonymous_args = 0
  76 0000 2DE9F04F 		push	{r4, r5, r6, r7, r8, r9, sl, fp, lr}
  77 0004 8BB0     		sub	sp, sp, #44
  78 0006 0546     		mov	r5, r0
  79 0008 9A46     		mov	sl, r3
  80 000a 9DF85400 		ldrb	r0, [sp, #84]	@ zero_extendqisi2
  81 000e 9DF85030 		ldrb	r3, [sp, #80]	@ zero_extendqisi2
  82 0012 0791     		str	r1, [sp, #28]
  83 0014 0893     		str	r3, [sp, #32]
  84 0016 0490     		str	r0, [sp, #16]
  85 0018 9146     		mov	r9, r2
  86 001a 42B9     		cbnz	r2, .L3
  87 001c 18B9     		cbnz	r0, .L4
  88 001e 1AF0030F 		tst	sl, #3
  89 0022 00F0A981 		beq	.L32
  90              	.L4:
  91 0026 079A     		ldr	r2, [sp, #28]
  92 0028 002A     		cmp	r2, #0
  93 002a 40F0A581 		bne	.L32
  94              	.L3:
  95 002e B5F86E10 		ldrh	r1, [r5, #110]
  96 0032 4945     		cmp	r1, r9
  97 0034 21D3     		bcc	.L9
  98              	.L6:
  99 0036 049B     		ldr	r3, [sp, #16]
 100 0038 049C     		ldr	r4, [sp, #16]
 101 003a A96E     		ldr	r1, [r5, #104]
 102 003c 03F0020B 		and	fp, r3, #2
 103 0040 14F0010F 		tst	r4, #1
 104 0044 5FFA8BF0 		uxtb	r0, fp
 105 0048 0CBF     		ite	eq
 106 004a 0027     		moveq	r7, #0
 107 004c 0427     		movne	r7, #4
 108 004e 0028     		cmp	r0, #0
 109 0050 14BF     		ite	ne
 110 0052 0C22     		movne	r2, #12
 111 0054 0022     		moveq	r2, #0
 112 0056 02EB070B 		add	fp, r2, r7
 113 005a B5F87070 		ldrh	r7, [r5, #112]
 114 005e 0691     		str	r1, [sp, #24]
 115 0060 0B2F     		cmp	r7, #11
 116 0062 0AD8     		bhi	.L9
 117 0064 4FEA8B26 		lsl	r6, fp, #10
 118 0068 079B     		ldr	r3, [sp, #28]
 119 006a 06F5A044 		add	r4, r6, #20480
 120 006e 0026     		movs	r6, #0
 121 0070 0393     		str	r3, [sp, #12]
 122 0072 0994     		str	r4, [sp, #36]
 123 0074 C846     		mov	r8, r9
 124 0076 3346     		mov	r3, r6
 125 0078 8AE0     		b	.L10
 126              	.L9:
 127 007a 95F82210 		ldrb	r1, [r5, #34]	@ zero_extendqisi2
 128 007e 61F07F04 		orn	r4, r1, #127
 129 0082 85F82240 		strb	r4, [r5, #34]
 130 0086 7BE1     		b	.L41
 131              	.L71:
 132 0088 0020     		movs	r0, #0
 133 008a 2060     		str	r0, [r4, #0]
 134 008c 6060     		str	r0, [r4, #4]
 135 008e 002E     		cmp	r6, #0
 136 0090 00F09280 		beq	.L35
 137 0094 1C60     		str	r4, [r3, #0]
 138              	.L12:
 139 0096 089A     		ldr	r2, [sp, #32]
 140 0098 12F00100 		ands	r0, r2, #1
 141 009c 00F08E80 		beq	.L13
 142 00a0 0299     		ldr	r1, [sp, #8]
 143 00a2 0020     		movs	r0, #0
 144 00a4 01EB0B03 		add	r3, r1, fp
 145 00a8 99B2     		uxth	r1, r3
 146 00aa 0246     		mov	r2, r0
 147 00ac FFF7FEFF 		bl	pbuf_alloc
 148 00b0 6060     		str	r0, [r4, #4]
 149 00b2 0028     		cmp	r0, #0
 150 00b4 00F05581 		beq	.L11
 151 00b8 FFF7FEFF 		bl	pbuf_clen
 152 00bc C719     		adds	r7, r0, r7
 153 00be 0798     		ldr	r0, [sp, #28]
 154 00c0 BFB2     		uxth	r7, r7
 155 00c2 40B1     		cbz	r0, .L14
 156 00c4 6168     		ldr	r1, [r4, #4]
 157 00c6 059A     		ldr	r2, [sp, #20]
 158 00c8 4B68     		ldr	r3, [r1, #4]
 159 00ca 0399     		ldr	r1, [sp, #12]
 160 00cc 03EB0B00 		add	r0, r3, fp
 161 00d0 92B2     		uxth	r2, r2
 162 00d2 FFF7FEFF 		bl	memcpy
 163              	.L14:
 164 00d6 6068     		ldr	r0, [r4, #4]
 165 00d8 4168     		ldr	r1, [r0, #4]
 166 00da A160     		str	r1, [r4, #8]
 167              	.L15:
 168 00dc 0C2F     		cmp	r7, #12
 169 00de 00F24081 		bhi	.L11
 170 00e2 029B     		ldr	r3, [sp, #8]
 171 00e4 6068     		ldr	r0, [r4, #4]
 172 00e6 A381     		strh	r3, [r4, #12]	@ movhi
 173 00e8 1421     		movs	r1, #20
 174 00ea FFF7FEFF 		bl	pbuf_header
 175 00ee 0246     		mov	r2, r0
 176 00f0 0028     		cmp	r0, #0
 177 00f2 40F03681 		bne	.L11
 178 00f6 6068     		ldr	r0, [r4, #4]
 179 00f8 4168     		ldr	r1, [r0, #4]
 180 00fa 288B     		ldrh	r0, [r5, #24]
 181 00fc 2161     		str	r1, [r4, #16]
 182 00fe 0091     		str	r1, [sp, #0]
 183 0100 0192     		str	r2, [sp, #4]
 184 0102 FFF7FEFF 		bl	htons
 185 0106 009B     		ldr	r3, [sp, #0]
 186 0108 1880     		strh	r0, [r3, #0]	@ unaligned
 187 010a 2269     		ldr	r2, [r4, #16]
 188 010c 288C     		ldrh	r0, [r5, #32]
 189 010e 0092     		str	r2, [sp, #0]
 190 0110 FFF7FEFF 		bl	htons
 191 0114 0099     		ldr	r1, [sp, #0]
 192 0116 4880     		strh	r0, [r1, #2]	@ unaligned
 193 0118 2369     		ldr	r3, [r4, #16]
 194 011a 0698     		ldr	r0, [sp, #24]
 195 011c 0093     		str	r3, [sp, #0]
 196 011e FFF7FEFF 		bl	htonl
 197 0122 009A     		ldr	r2, [sp, #0]
 198 0124 5060     		str	r0, [r2, #4]	@ unaligned
 199 0126 2169     		ldr	r1, [r4, #16]
 200 0128 0198     		ldr	r0, [sp, #4]
 201 012a 8B89     		ldrh	r3, [r1, #12]	@ unaligned
 202 012c 8874     		strb	r0, [r1, #18]
 203 012e C874     		strb	r0, [r1, #19]
 204 0130 4FF6C070 		movw	r0, #65472
 205 0134 0193     		str	r3, [sp, #4]
 206 0136 0091     		str	r1, [sp, #0]
 207 0138 FFF7FEFF 		bl	htons
 208 013c 019A     		ldr	r2, [sp, #4]
 209 013e 0240     		ands	r2, r2, r0
 210 0140 5046     		mov	r0, sl
 211 0142 0192     		str	r2, [sp, #4]
 212 0144 FFF7FEFF 		bl	htons
 213 0148 0199     		ldr	r1, [sp, #4]
 214 014a 009B     		ldr	r3, [sp, #0]
 215 014c 0843     		orrs	r0, r0, r1
 216 014e 9881     		strh	r0, [r3, #12]	@ unaligned
 217 0150 049A     		ldr	r2, [sp, #16]
 218 0152 2169     		ldr	r1, [r4, #16]
 219 0154 A273     		strb	r2, [r4, #14]
 220 0156 8889     		ldrh	r0, [r1, #12]	@ unaligned
 221 0158 0091     		str	r1, [sp, #0]
 222 015a FFF7FEFF 		bl	ntohs
 223 015e 099B     		ldr	r3, [sp, #36]
 224 0160 00F03F00 		and	r0, r0, #63
 225 0164 1843     		orrs	r0, r0, r3
 226 0166 FFF7FEFF 		bl	htons
 227 016a 009A     		ldr	r2, [sp, #0]
 228 016c 9081     		strh	r0, [r2, #12]	@ unaligned
 229 016e 0299     		ldr	r1, [sp, #8]
 230 0170 059B     		ldr	r3, [sp, #20]
 231 0172 069A     		ldr	r2, [sp, #24]
 232 0174 C1EB0800 		rsb	r0, r1, r8
 233 0178 99B2     		uxth	r1, r3
 234 017a 039B     		ldr	r3, [sp, #12]
 235 017c 1FFA80F8 		uxth	r8, r0
 236 0180 5018     		adds	r0, r2, r1
 237 0182 5918     		adds	r1, r3, r1
 238 0184 0690     		str	r0, [sp, #24]
 239 0186 0391     		str	r1, [sp, #12]
 240 0188 2346     		mov	r3, r4
 241 018a B8F1000F 		cmp	r8, #0
 242 018e 3BD0     		beq	.L70
 243              	.L10:
 244 0190 288F     		ldrh	r0, [r5, #56]
 245 0192 7F4C     		ldr	r4, .L74
 246 0194 0093     		str	r3, [sp, #0]
 247 0196 CBEB0002 		rsb	r2, fp, r0
 248 019a 9045     		cmp	r8, r2
 249 019c B8BF     		it	lt
 250 019e 4246     		movlt	r2, r8
 251 01a0 91B2     		uxth	r1, r2
 252 01a2 2089     		ldrh	r0, [r4, #8]
 253 01a4 0592     		str	r2, [sp, #20]
 254 01a6 0291     		str	r1, [sp, #8]
 255 01a8 FFF7FEFF 		bl	mem_malloc
 256 01ac 009B     		ldr	r3, [sp, #0]
 257 01ae 0446     		mov	r4, r0
 258 01b0 0028     		cmp	r0, #0
 259 01b2 7FF469AF 		bne	.L71
 260 01b6 D4E0     		b	.L11
 261              	.L35:
 262 01b8 2646     		mov	r6, r4
 263 01ba 6CE7     		b	.L12
 264              	.L13:
 265 01bc 5946     		mov	r1, fp
 266 01be 0246     		mov	r2, r0
 267 01c0 FFF7FEFF 		bl	pbuf_alloc
 268 01c4 6060     		str	r0, [r4, #4]
 269 01c6 0028     		cmp	r0, #0
 270 01c8 00F0CB80 		beq	.L11
 271 01cc FFF7FEFF 		bl	pbuf_clen
 272 01d0 C719     		adds	r7, r0, r7
 273 01d2 BFB2     		uxth	r7, r7
 274 01d4 B8F1000F 		cmp	r8, #0
 275 01d8 80D0     		beq	.L15
 276 01da 0299     		ldr	r1, [sp, #8]
 277 01dc 0320     		movs	r0, #3
 278 01de 0122     		movs	r2, #1
 279 01e0 FFF7FEFF 		bl	pbuf_alloc
 280 01e4 0146     		mov	r1, r0
 281 01e6 30B9     		cbnz	r0, .L16
 282 01e8 6068     		ldr	r0, [r4, #4]
 283 01ea 0191     		str	r1, [sp, #4]
 284 01ec FFF7FEFF 		bl	pbuf_free
 285 01f0 019A     		ldr	r2, [sp, #4]
 286 01f2 6260     		str	r2, [r4, #4]
 287 01f4 B5E0     		b	.L11
 288              	.L16:
 289 01f6 0398     		ldr	r0, [sp, #12]
 290 01f8 7B1C     		adds	r3, r7, #1
 291 01fa 4860     		str	r0, [r1, #4]
 292 01fc A060     		str	r0, [r4, #8]
 293 01fe 6068     		ldr	r0, [r4, #4]
 294 0200 9FB2     		uxth	r7, r3
 295 0202 FFF7FEFF 		bl	pbuf_cat
 296 0206 69E7     		b	.L15
 297              	.L70:
 298 0208 D5F87480 		ldr	r8, [r5, #116]
 299 020c B8F1000F 		cmp	r8, #0
 300 0210 00F0BB80 		beq	.L72
 301              	.L67:
 302 0214 D8F80020 		ldr	r2, [r8, #0]
 303 0218 0AB1     		cbz	r2, .L73
 304              	.L36:
 305 021a 9046     		mov	r8, r2
 306 021c FAE7     		b	.L67
 307              	.L73:
 308 021e D8F81000 		ldr	r0, [r8, #16]
 309 0222 B8F80C10 		ldrh	r1, [r8, #12]
 310 0226 8089     		ldrh	r0, [r0, #12]	@ unaligned
 311 0228 0191     		str	r1, [sp, #4]
 312 022a FFF7FEFF 		bl	ntohs
 313 022e 019A     		ldr	r2, [sp, #4]
 314 0230 10F00303 		ands	r3, r0, #3
 315 0234 18BF     		it	ne
 316 0236 0123     		movne	r3, #1
 317 0238 D118     		adds	r1, r2, r3
 318 023a 31B1     		cbz	r1, .L23
 319 023c D8F81000 		ldr	r0, [r8, #16]
 320 0240 8089     		ldrh	r0, [r0, #12]	@ unaligned
 321 0242 FFF7FEFF 		bl	ntohs
 322 0246 8307     		lsls	r3, r0, #30
 323 0248 02D0     		beq	.L20
 324              	.L23:
 325 024a C8F80060 		str	r6, [r8, #0]
 326 024e 5BE0     		b	.L21
 327              	.L20:
 328 0250 1AF0030F 		tst	sl, #3
 329 0254 02D0     		beq	.L22
 330 0256 BAF1010F 		cmp	sl, #1
 331 025a F6D1     		bne	.L23
 332              	.L22:
 333 025c B8F80C30 		ldrh	r3, [r8, #12]
 334 0260 B289     		ldrh	r2, [r6, #12]
 335 0262 288F     		ldrh	r0, [r5, #56]
 336 0264 9918     		adds	r1, r3, r2
 337 0266 8142     		cmp	r1, r0
 338 0268 EFDC     		bgt	.L23
 339 026a 98F80E30 		ldrb	r3, [r8, #14]	@ zero_extendqisi2
 340 026e B27B     		ldrb	r2, [r6, #14]	@ zero_extendqisi2
 341 0270 9342     		cmp	r3, r2
 342 0272 EAD1     		bne	.L23
 343 0274 D8F81010 		ldr	r1, [r8, #16]
 344 0278 4868     		ldr	r0, [r1, #4]	@ unaligned
 345 027a FFF7FEFF 		bl	ntohl
 346 027e B8F80C30 		ldrh	r3, [r8, #12]
 347 0282 C118     		adds	r1, r0, r3
 348 0284 3069     		ldr	r0, [r6, #16]
 349 0286 4068     		ldr	r0, [r0, #4]	@ unaligned
 350 0288 0191     		str	r1, [sp, #4]
 351 028a FFF7FEFF 		bl	ntohl
 352 028e 019A     		ldr	r2, [sp, #4]
 353 0290 8242     		cmp	r2, r0
 354 0292 DAD1     		bne	.L23
 355 0294 6FF01303 		mvn	r3, #19
 356 0298 7068     		ldr	r0, [r6, #4]
 357 029a CBEB0301 		rsb	r1, fp, r3
 358 029e FFF7FEFF 		bl	pbuf_header
 359 02a2 0028     		cmp	r0, #0
 360 02a4 5DD1     		bne	.L11
 361 02a6 7068     		ldr	r0, [r6, #4]
 362 02a8 4289     		ldrh	r2, [r0, #10]
 363 02aa 32B9     		cbnz	r2, .L24
 364 02ac 0168     		ldr	r1, [r0, #0]
 365 02ae 013F     		subs	r7, r7, #1
 366 02b0 7160     		str	r1, [r6, #4]
 367 02b2 0260     		str	r2, [r0, #0]
 368 02b4 BFB2     		uxth	r7, r7
 369 02b6 FFF7FEFF 		bl	pbuf_free
 370              	.L24:
 371 02ba 1AF0010F 		tst	sl, #1
 372 02be 0CD0     		beq	.L25
 373 02c0 D8F810B0 		ldr	fp, [r8, #16]
 374 02c4 BBF80C30 		ldrh	r3, [fp, #12]	@ unaligned
 375 02c8 0120     		movs	r0, #1
 376 02ca 0193     		str	r3, [sp, #4]
 377 02cc FFF7FEFF 		bl	htons
 378 02d0 019A     		ldr	r2, [sp, #4]
 379 02d2 1043     		orrs	r0, r0, r2
 380 02d4 ABF80C00 		strh	r0, [fp, #12]	@ unaligned
 381 02d8 0DE0     		b	.L26
 382              	.L25:
 383 02da D8F80400 		ldr	r0, [r8, #4]
 384 02de 7168     		ldr	r1, [r6, #4]
 385 02e0 FFF7FEFF 		bl	pbuf_cat
 386 02e4 B089     		ldrh	r0, [r6, #12]
 387 02e6 B8F80C30 		ldrh	r3, [r8, #12]
 388 02ea 3168     		ldr	r1, [r6, #0]
 389 02ec C218     		adds	r2, r0, r3
 390 02ee A8F80C20 		strh	r2, [r8, #12]	@ movhi
 391 02f2 C8F80010 		str	r1, [r8, #0]
 392              	.L26:
 393 02f6 B442     		cmp	r4, r6
 394 02f8 03D1     		bne	.L27
 395 02fa B8F80C40 		ldrh	r4, [r8, #12]
 396 02fe 0294     		str	r4, [sp, #8]
 397 0300 4446     		mov	r4, r8
 398              	.L27:
 399 0302 3046     		mov	r0, r6
 400 0304 FFF7FEFF 		bl	mem_free
 401              	.L21:
 402 0308 1AF0030F 		tst	sl, #3
 403 030c 1CBF     		itt	ne
 404 030e 09F10109 		addne	r9, r9, #1
 405 0312 1FFA89F9 		uxthne	r9, r9
 406 0316 1AF0010F 		tst	sl, #1
 407 031a 05D0     		beq	.L29
 408 031c 95F82200 		ldrb	r0, [r5, #34]	@ zero_extendqisi2
 409 0320 40F02001 		orr	r1, r0, #32
 410 0324 85F82210 		strb	r1, [r5, #34]
 411              	.L29:
 412 0328 AB6E     		ldr	r3, [r5, #104]
 413 032a B5F86E00 		ldrh	r0, [r5, #110]
 414 032e A5F87070 		strh	r7, [r5, #112]	@ movhi
 415 0332 03EB0902 		add	r2, r3, r9
 416 0336 C9EB0009 		rsb	r9, r9, r0
 417 033a AA66     		str	r2, [r5, #104]
 418 033c A5F86E90 		strh	r9, [r5, #110]	@ movhi
 419 0340 FCB1     		cbz	r4, .L5
 420 0342 0299     		ldr	r1, [sp, #8]
 421 0344 D1B1     		cbz	r1, .L40
 422 0346 2569     		ldr	r5, [r4, #16]
 423 0348 C5B1     		cbz	r5, .L40
 424 034a 089C     		ldr	r4, [sp, #32]
 425 034c 04F00203 		and	r3, r4, #2
 426 0350 DCB2     		uxtb	r4, r3
 427 0352 9CB9     		cbnz	r4, .L40
 428 0354 0820     		movs	r0, #8
 429 0356 AE89     		ldrh	r6, [r5, #12]	@ unaligned
 430 0358 FFF7FEFF 		bl	htons
 431 035c 3043     		orrs	r0, r0, r6
 432 035e A881     		strh	r0, [r5, #12]	@ unaligned
 433 0360 0FE0     		b	.L5
 434              	.L11:
 435 0362 95F82220 		ldrb	r2, [r5, #34]	@ zero_extendqisi2
 436 0366 62F07F00 		orn	r0, r2, #127
 437 036a 85F82200 		strb	r0, [r5, #34]
 438 036e 3EB1     		cbz	r6, .L41
 439 0370 3046     		mov	r0, r6
 440 0372 FFF7FEFF 		bl	tcp_segs_free
 441 0376 03E0     		b	.L41
 442              	.L32:
 443 0378 F624     		movs	r4, #246
 444 037a 02E0     		b	.L5
 445              	.L40:
 446 037c 0024     		movs	r4, #0
 447 037e 00E0     		b	.L5
 448              	.L41:
 449 0380 FF24     		movs	r4, #255
 450              	.L5:
 451 0382 60B2     		sxtb	r0, r4
 452 0384 0BB0     		add	sp, sp, #44
 453 0386 BDE8F08F 		pop	{r4, r5, r6, r7, r8, r9, sl, fp, pc}
 454              	.L72:
 455 038a 6E67     		str	r6, [r5, #116]
 456 038c BCE7     		b	.L21
 457              	.L75:
 458 038e 00BF     		.align	2
 459              	.L74:
 460 0390 00000000 		.word	memp_sizes
 462              		.section	.text.tcp_write,"ax",%progbits
 463              		.align	1
 464              		.global	tcp_write
 465              		.thumb
 466              		.thumb_func
 468              	tcp_write:
 469              		@ args = 0, pretend = 0, frame = 0
 470              		@ frame_needed = 0, uses_anonymous_args = 0
 471 0000 37B5     		push	{r0, r1, r2, r4, r5, lr}
 472 0002 047C     		ldrb	r4, [r0, #16]	@ zero_extendqisi2
 473 0004 042C     		cmp	r4, #4
 474 0006 1D46     		mov	r5, r3
 475 0008 05D0     		beq	.L77
 476 000a 072C     		cmp	r4, #7
 477 000c 03D0     		beq	.L77
 478 000e 022C     		cmp	r4, #2
 479 0010 01D0     		beq	.L77
 480 0012 032C     		cmp	r4, #3
 481 0014 06D1     		bne	.L79
 482              	.L77:
 483 0016 0023     		movs	r3, #0
 484 0018 32B1     		cbz	r2, .L80
 485 001a 0095     		str	r5, [sp, #0]
 486 001c 0193     		str	r3, [sp, #4]
 487 001e FFF7FEFF 		bl	tcp_enqueue
 488 0022 02E0     		b	.L78
 489              	.L79:
 490 0024 F820     		movs	r0, #248
 491 0026 00E0     		b	.L78
 492              	.L80:
 493 0028 1046     		mov	r0, r2
 494              	.L78:
 495 002a 40B2     		sxtb	r0, r0
 496 002c 3EBD     		pop	{r1, r2, r3, r4, r5, pc}
 498              		.section	.text.tcp_send_ctrl,"ax",%progbits
 499              		.align	1
 500              		.global	tcp_send_ctrl
 501              		.thumb
 502              		.thumb_func
 504              	tcp_send_ctrl:
 505              		@ args = 0, pretend = 0, frame = 0
 506              		@ frame_needed = 0, uses_anonymous_args = 0
 507 0000 07B5     		push	{r0, r1, r2, lr}
 508 0002 0B46     		mov	r3, r1
 509 0004 0122     		movs	r2, #1
 510 0006 0021     		movs	r1, #0
 511 0008 0092     		str	r2, [sp, #0]
 512 000a 0191     		str	r1, [sp, #4]
 513 000c 0A46     		mov	r2, r1
 514 000e FFF7FEFF 		bl	tcp_enqueue
 515 0012 0EBD     		pop	{r1, r2, r3, pc}
 517              		.section	.text.tcp_send_empty_ack,"ax",%progbits
 518              		.align	1
 519              		.global	tcp_send_empty_ack
 520              		.thumb
 521              		.thumb_func
 523              	tcp_send_empty_ack:
 524              		@ args = 0, pretend = 0, frame = 0
 525              		@ frame_needed = 0, uses_anonymous_args = 0
 526 0000 37B5     		push	{r0, r1, r2, r4, r5, lr}
 527 0002 0446     		mov	r4, r0
 528 0004 1421     		movs	r1, #20
 529 0006 0120     		movs	r0, #1
 530 0008 0022     		movs	r2, #0
 531 000a FFF7FEFF 		bl	pbuf_alloc
 532 000e 0546     		mov	r5, r0
 533 0010 E0B1     		cbz	r0, .L93
 534 0012 94F82230 		ldrb	r3, [r4, #34]	@ zero_extendqisi2
 535 0016 23F00300 		bic	r0, r3, #3
 536 001a 84F82200 		strb	r0, [r4, #34]
 537 001e A06D     		ldr	r0, [r4, #88]
 538 0020 FFF7FEFF 		bl	htonl
 539 0024 2946     		mov	r1, r5
 540 0026 0246     		mov	r2, r0
 541 0028 2046     		mov	r0, r4
 542 002a FFF7FEFF 		bl	tcp_output_set_header.constprop.0
 543 002e A27A     		ldrb	r2, [r4, #10]	@ zero_extendqisi2
 544 0030 E37A     		ldrb	r3, [r4, #11]	@ zero_extendqisi2
 545 0032 0092     		str	r2, [sp, #0]
 546 0034 0621     		movs	r1, #6
 547 0036 0191     		str	r1, [sp, #4]
 548 0038 221D     		adds	r2, r4, #4
 549 003a 2146     		mov	r1, r4
 550 003c 2846     		mov	r0, r5
 551 003e FFF7FEFF 		bl	ip_output
 552 0042 2846     		mov	r0, r5
 553 0044 FFF7FEFF 		bl	pbuf_free
 554 0048 0023     		movs	r3, #0
 555 004a 00E0     		b	.L92
 556              	.L93:
 557 004c FE23     		movs	r3, #254
 558              	.L92:
 559 004e 58B2     		sxtb	r0, r3
 560 0050 3EBD     		pop	{r1, r2, r3, r4, r5, pc}
 562              		.section	.text.tcp_output,"ax",%progbits
 563              		.align	1
 564              		.global	tcp_output
 565              		.thumb
 566              		.thumb_func
 568              	tcp_output:
 569              		@ args = 0, pretend = 0, frame = 0
 570              		@ frame_needed = 0, uses_anonymous_args = 0
 571 0000 924B     		ldr	r3, .L152
 572 0002 2DE9F743 		push	{r0, r1, r2, r4, r5, r6, r7, r8, r9, lr}
 573 0006 0446     		mov	r4, r0
 574 0008 1868     		ldr	r0, [r3, #0]
 575 000a A042     		cmp	r0, r4
 576 000c 00F01A81 		beq	.L141
 577 0010 94F82220 		ldrb	r2, [r4, #34]	@ zero_extendqisi2
 578 0014 B4F85C80 		ldrh	r8, [r4, #92]
 579 0018 B4F85210 		ldrh	r1, [r4, #82]
 580 001c 656F     		ldr	r5, [r4, #116]
 581 001e 02F00203 		and	r3, r2, #2
 582 0022 D8B2     		uxtb	r0, r3
 583 0024 8845     		cmp	r8, r1
 584 0026 28BF     		it	cs
 585 0028 8846     		movcs	r8, r1
 586 002a 80B1     		cbz	r0, .L96
 587 002c 2DB9     		cbnz	r5, .L97
 588              	.L98:
 589 002e 2046     		mov	r0, r4
 590 0030 03B0     		add	sp, sp, #12
 591 0032 BDE8F043 		pop	{r4, r5, r6, r7, r8, r9, lr}
 592 0036 FFF7FEBF 		b	tcp_send_empty_ack
 593              	.L97:
 594 003a 2969     		ldr	r1, [r5, #16]
 595 003c 4868     		ldr	r0, [r1, #4]	@ unaligned
 596 003e FFF7FEFF 		bl	ntohl
 597 0042 AA89     		ldrh	r2, [r5, #12]
 598 0044 E36C     		ldr	r3, [r4, #76]
 599 0046 D11A     		subs	r1, r2, r3
 600 0048 0818     		adds	r0, r1, r0
 601 004a 4045     		cmp	r0, r8
 602 004c EFD8     		bhi	.L98
 603              	.L96:
 604 004e A66F     		ldr	r6, [r4, #120]
 605 0050 D6B1     		cbz	r6, .L150
 606              	.L142:
 607 0052 3268     		ldr	r2, [r6, #0]
 608 0054 C2B1     		cbz	r2, .L150
 609              	.L126:
 610 0056 1646     		mov	r6, r2
 611 0058 FBE7     		b	.L142
 612              	.L113:
 613 005a 2F69     		ldr	r7, [r5, #16]
 614 005c 7868     		ldr	r0, [r7, #4]	@ unaligned
 615 005e FFF7FEFF 		bl	ntohl
 616 0062 3169     		ldr	r1, [r6, #16]
 617 0064 0746     		mov	r7, r0
 618 0066 4868     		ldr	r0, [r1, #4]	@ unaligned
 619 0068 FFF7FEFF 		bl	ntohl
 620 006c 381A     		subs	r0, r7, r0
 621 006e 0028     		cmp	r0, #0
 622 0070 80F2C380 		bge	.L115
 623 0074 04F17807 		add	r7, r4, #120
 624              	.L116:
 625 0078 3B68     		ldr	r3, [r7, #0]
 626 007a 002B     		cmp	r3, #0
 627 007c 40F0AD80 		bne	.L117
 628              	.L119:
 629 0080 3B68     		ldr	r3, [r7, #0]
 630 0082 2B60     		str	r3, [r5, #0]
 631 0084 3D60     		str	r5, [r7, #0]
 632              	.L114:
 633 0086 656F     		ldr	r5, [r4, #116]
 634              	.L150:
 635 0088 002D     		cmp	r5, #0
 636 008a 00F0D580 		beq	.L121
 637 008e 2B69     		ldr	r3, [r5, #16]
 638 0090 5868     		ldr	r0, [r3, #4]	@ unaligned
 639 0092 FFF7FEFF 		bl	ntohl
 640 0096 A989     		ldrh	r1, [r5, #12]
 641 0098 E26C     		ldr	r2, [r4, #76]
 642 009a 8B1A     		subs	r3, r1, r2
 643 009c 1818     		adds	r0, r3, r0
 644 009e 4045     		cmp	r0, r8
 645 00a0 00F2B680 		bhi	.L124
 646              	.L122:
 647 00a4 2969     		ldr	r1, [r5, #16]
 648 00a6 8889     		ldrh	r0, [r1, #12]	@ unaligned
 649 00a8 FFF7FEFF 		bl	ntohs
 650 00ac A26F     		ldr	r2, [r4, #120]
 651 00ae 7AB1     		cbz	r2, .L103
 652 00b0 94F82200 		ldrb	r0, [r4, #34]	@ zero_extendqisi2
 653 00b4 10F0440F 		tst	r0, #68
 654 00b8 0AD1     		bne	.L103
 655 00ba 636F     		ldr	r3, [r4, #116]
 656 00bc 002B     		cmp	r3, #0
 657 00be 00F0A380 		beq	.L104
 658 00c2 1968     		ldr	r1, [r3, #0]
 659 00c4 21B9     		cbnz	r1, .L103
 660 00c6 9A89     		ldrh	r2, [r3, #12]
 661 00c8 238F     		ldrh	r3, [r4, #56]
 662 00ca 9A42     		cmp	r2, r3
 663 00cc C0F09C80 		bcc	.L104
 664              	.L103:
 665 00d0 217C     		ldrb	r1, [r4, #16]	@ zero_extendqisi2
 666 00d2 2F68     		ldr	r7, [r5, #0]
 667 00d4 0229     		cmp	r1, #2
 668 00d6 6767     		str	r7, [r4, #116]
 669 00d8 0ED0     		beq	.L105
 670 00da 2F69     		ldr	r7, [r5, #16]
 671 00dc 1020     		movs	r0, #16
 672 00de B7F80C90 		ldrh	r9, [r7, #12]	@ unaligned
 673 00e2 FFF7FEFF 		bl	htons
 674 00e6 40EA0902 		orr	r2, r0, r9
 675 00ea BA81     		strh	r2, [r7, #12]	@ unaligned
 676 00ec 94F82230 		ldrb	r3, [r4, #34]	@ zero_extendqisi2
 677 00f0 23F00300 		bic	r0, r3, #3
 678 00f4 84F82200 		strb	r0, [r4, #34]
 679              	.L105:
 680 00f8 606A     		ldr	r0, [r4, #36]
 681 00fa 2F69     		ldr	r7, [r5, #16]
 682 00fc FFF7FEFF 		bl	htonl
 683 0100 B860     		str	r0, [r7, #8]	@ unaligned
 684 0102 608D     		ldrh	r0, [r4, #42]
 685 0104 2F69     		ldr	r7, [r5, #16]
 686 0106 FFF7FEFF 		bl	htons
 687 010a F881     		strh	r0, [r7, #14]	@ unaligned
 688 010c 626A     		ldr	r2, [r4, #36]
 689 010e 618D     		ldrh	r1, [r4, #42]
 690 0110 2F69     		ldr	r7, [r5, #16]
 691 0112 8B18     		adds	r3, r1, r2
 692 0114 E362     		str	r3, [r4, #44]
 693 0116 A87B     		ldrb	r0, [r5, #14]	@ zero_extendqisi2
 694 0118 C207     		lsls	r2, r0, #31
 695 011a 03D5     		bpl	.L106
 696 011c 4C48     		ldr	r0, .L152+4
 697 011e FFF7FEFF 		bl	htonl
 698 0122 7861     		str	r0, [r7, #20]
 699              	.L106:
 700 0124 2168     		ldr	r1, [r4, #0]
 701 0126 31B9     		cbnz	r1, .L107
 702 0128 201D     		adds	r0, r4, #4
 703 012a FFF7FEFF 		bl	ip_route
 704 012e 0028     		cmp	r0, #0
 705 0130 29D0     		beq	.L108
 706 0132 4268     		ldr	r2, [r0, #4]
 707 0134 2260     		str	r2, [r4, #0]
 708              	.L107:
 709 0136 B4F93630 		ldrsh	r3, [r4, #54]
 710 013a 0133     		adds	r3, r3, #1
 711 013c 01D1     		bne	.L109
 712 013e 0027     		movs	r7, #0
 713 0140 E786     		strh	r7, [r4, #54]	@ movhi
 714              	.L109:
 715 0142 E06B     		ldr	r0, [r4, #60]
 716 0144 38B9     		cbnz	r0, .L110
 717 0146 4349     		ldr	r1, .L152+8
 718 0148 2B69     		ldr	r3, [r5, #16]
 719 014a 0A68     		ldr	r2, [r1, #0]
 720 014c E263     		str	r2, [r4, #60]
 721 014e 5868     		ldr	r0, [r3, #4]	@ unaligned
 722 0150 FFF7FEFF 		bl	ntohl
 723 0154 2064     		str	r0, [r4, #64]
 724              	.L110:
 725 0156 6868     		ldr	r0, [r5, #4]
 726 0158 2F69     		ldr	r7, [r5, #16]
 727 015a 4168     		ldr	r1, [r0, #4]
 728 015c 4760     		str	r7, [r0, #4]
 729 015e 7A1A     		subs	r2, r7, r1
 730 0160 4189     		ldrh	r1, [r0, #10]
 731 0162 93B2     		uxth	r3, r2
 732 0164 CA1A     		subs	r2, r1, r3
 733 0166 0189     		ldrh	r1, [r0, #8]
 734 0168 4281     		strh	r2, [r0, #10]	@ movhi
 735 016a CB1A     		subs	r3, r1, r3
 736 016c 0022     		movs	r2, #0
 737 016e 0381     		strh	r3, [r0, #8]	@ movhi
 738 0170 3A74     		strb	r2, [r7, #16]
 739 0172 7A74     		strb	r2, [r7, #17]
 740 0174 A77A     		ldrb	r7, [r4, #10]	@ zero_extendqisi2
 741 0176 E37A     		ldrb	r3, [r4, #11]	@ zero_extendqisi2
 742 0178 0097     		str	r7, [sp, #0]
 743 017a 0621     		movs	r1, #6
 744 017c 0191     		str	r1, [sp, #4]
 745 017e 221D     		adds	r2, r4, #4
 746 0180 2146     		mov	r1, r4
 747 0182 FFF7FEFF 		bl	ip_output
 748              	.L108:
 749 0186 2869     		ldr	r0, [r5, #16]
 750 0188 4068     		ldr	r0, [r0, #4]	@ unaligned
 751 018a FFF7FEFF 		bl	ntohl
 752 018e 2B69     		ldr	r3, [r5, #16]
 753 0190 B5F80C90 		ldrh	r9, [r5, #12]
 754 0194 0746     		mov	r7, r0
 755 0196 9889     		ldrh	r0, [r3, #12]	@ unaligned
 756 0198 FFF7FEFF 		bl	ntohs
 757 019c 10F00302 		ands	r2, r0, #3
 758 01a0 18BF     		it	ne
 759 01a2 0122     		movne	r2, #1
 760 01a4 09EB0201 		add	r1, r9, r2
 761 01a8 C819     		adds	r0, r1, r7
 762 01aa A76D     		ldr	r7, [r4, #88]
 763 01ac 2A69     		ldr	r2, [r5, #16]
 764 01ae 3B1A     		subs	r3, r7, r0
 765 01b0 002B     		cmp	r3, #0
 766 01b2 B8BF     		it	lt
 767 01b4 A065     		strlt	r0, [r4, #88]
 768 01b6 9089     		ldrh	r0, [r2, #12]	@ unaligned
 769 01b8 AF89     		ldrh	r7, [r5, #12]
 770 01ba FFF7FEFF 		bl	ntohs
 771 01be 10F00301 		ands	r1, r0, #3
 772 01c2 18BF     		it	ne
 773 01c4 0121     		movne	r1, #1
 774 01c6 7818     		adds	r0, r7, r1
 775 01c8 D0B1     		cbz	r0, .L112
 776 01ca A26F     		ldr	r2, [r4, #120]
 777 01cc 0023     		movs	r3, #0
 778 01ce 2B60     		str	r3, [r5, #0]
 779 01d0 002A     		cmp	r2, #0
 780 01d2 7FF442AF 		bne	.L113
 781 01d6 A567     		str	r5, [r4, #120]
 782 01d8 10E0     		b	.L151
 783              	.L117:
 784 01da 1A69     		ldr	r2, [r3, #16]
 785 01dc 5068     		ldr	r0, [r2, #4]	@ unaligned
 786 01de FFF7FEFF 		bl	ntohl
 787 01e2 2969     		ldr	r1, [r5, #16]
 788 01e4 8146     		mov	r9, r0
 789 01e6 4868     		ldr	r0, [r1, #4]	@ unaligned
 790 01e8 FFF7FEFF 		bl	ntohl
 791 01ec C0EB0900 		rsb	r0, r0, r9
 792 01f0 0028     		cmp	r0, #0
 793 01f2 BFF645AF 		bge	.L119
 794              	.L118:
 795 01f6 3F68     		ldr	r7, [r7, #0]
 796 01f8 3EE7     		b	.L116
 797              	.L115:
 798 01fa 3560     		str	r5, [r6, #0]
 799              	.L151:
 800 01fc 2E46     		mov	r6, r5
 801 01fe 42E7     		b	.L114
 802              	.L112:
 803 0200 2846     		mov	r0, r5
 804 0202 FFF7FEFF 		bl	tcp_seg_free
 805 0206 3EE7     		b	.L114
 806              	.L104:
 807 0208 10F0A00F 		tst	r0, #160
 808 020c 7FF460AF 		bne	.L103
 809              	.L124:
 810 0210 94F89C60 		ldrb	r6, [r4, #156]	@ zero_extendqisi2
 811 0214 86B9     		cbnz	r6, .L121
 812 0216 2869     		ldr	r0, [r5, #16]
 813 0218 4068     		ldr	r0, [r0, #4]	@ unaligned
 814 021a FFF7FEFF 		bl	ntohl
 815 021e A989     		ldrh	r1, [r5, #12]
 816 0220 E26C     		ldr	r2, [r4, #76]
 817 0222 8B1A     		subs	r3, r1, r2
 818 0224 B4F85C10 		ldrh	r1, [r4, #92]
 819 0228 1818     		adds	r0, r3, r0
 820 022a 8842     		cmp	r0, r1
 821 022c 04D9     		bls	.L121
 822 022e 0122     		movs	r2, #1
 823 0230 C4F89860 		str	r6, [r4, #152]
 824 0234 84F89C20 		strb	r2, [r4, #156]
 825              	.L121:
 826 0238 94F82230 		ldrb	r3, [r4, #34]	@ zero_extendqisi2
 827 023c 03F07F00 		and	r0, r3, #127
 828 0240 84F82200 		strb	r0, [r4, #34]
 829              	.L141:
 830 0244 0020     		movs	r0, #0
 831 0246 03B0     		add	sp, sp, #12
 832 0248 BDE8F083 		pop	{r4, r5, r6, r7, r8, r9, pc}
 833              	.L153:
 834              		.align	2
 835              	.L152:
 836 024c 00000000 		.word	tcp_input_pcb
 837 0250 A6050402 		.word	33818022
 838 0254 00000000 		.word	tcp_ticks
 840              		.section	.text.tcp_rst,"ax",%progbits
 841              		.align	1
 842              		.global	tcp_rst
 843              		.thumb
 844              		.thumb_func
 846              	tcp_rst:
 847              		@ args = 8, pretend = 0, frame = 0
 848              		@ frame_needed = 0, uses_anonymous_args = 0
 849 0000 2DE9F74F 		push	{r0, r1, r2, r4, r5, r6, r7, r8, r9, sl, fp, lr}
 850 0004 8146     		mov	r9, r0
 851 0006 0D46     		mov	r5, r1
 852 0008 9046     		mov	r8, r2
 853 000a 0120     		movs	r0, #1
 854 000c 1421     		movs	r1, #20
 855 000e 0022     		movs	r2, #0
 856 0010 1F46     		mov	r7, r3
 857 0012 BDF830B0 		ldrh	fp, [sp, #48]
 858 0016 BDF834A0 		ldrh	sl, [sp, #52]
 859 001a FFF7FEFF 		bl	pbuf_alloc
 860 001e 0646     		mov	r6, r0
 861 0020 0028     		cmp	r0, #0
 862 0022 3ED0     		beq	.L154
 863 0024 4468     		ldr	r4, [r0, #4]
 864 0026 5846     		mov	r0, fp
 865 0028 FFF7FEFF 		bl	htons
 866 002c 2080     		strh	r0, [r4, #0]	@ unaligned
 867 002e 5046     		mov	r0, sl
 868 0030 FFF7FEFF 		bl	htons
 869 0034 6080     		strh	r0, [r4, #2]	@ unaligned
 870 0036 4846     		mov	r0, r9
 871 0038 FFF7FEFF 		bl	htonl
 872 003c 6060     		str	r0, [r4, #4]	@ unaligned
 873 003e 2846     		mov	r0, r5
 874 0040 FFF7FEFF 		bl	htonl
 875 0044 A060     		str	r0, [r4, #8]	@ unaligned
 876 0046 4FF6C070 		movw	r0, #65472
 877 004a A589     		ldrh	r5, [r4, #12]	@ unaligned
 878 004c FFF7FEFF 		bl	htons
 879 0050 0540     		ands	r5, r5, r0
 880 0052 1420     		movs	r0, #20
 881 0054 FFF7FEFF 		bl	htons
 882 0058 2843     		orrs	r0, r0, r5
 883 005a A081     		strh	r0, [r4, #12]	@ unaligned
 884 005c 40F64C30 		movw	r0, #2892
 885 0060 FFF7FEFF 		bl	htons
 886 0064 0025     		movs	r5, #0
 887 0066 E081     		strh	r0, [r4, #14]	@ unaligned
 888 0068 A574     		strb	r5, [r4, #18]
 889 006a E574     		strb	r5, [r4, #19]
 890 006c A089     		ldrh	r0, [r4, #12]	@ unaligned
 891 006e FFF7FEFF 		bl	ntohs
 892 0072 00F03F01 		and	r1, r0, #63
 893 0076 41F4A040 		orr	r0, r1, #20480
 894 007a FFF7FEFF 		bl	htons
 895 007e 0623     		movs	r3, #6
 896 0080 A081     		strh	r0, [r4, #12]	@ unaligned
 897 0082 2574     		strb	r5, [r4, #16]
 898 0084 6574     		strb	r5, [r4, #17]
 899 0086 3046     		mov	r0, r6
 900 0088 0193     		str	r3, [sp, #4]
 901 008a 0095     		str	r5, [sp, #0]
 902 008c 4146     		mov	r1, r8
 903 008e 3A46     		mov	r2, r7
 904 0090 FF23     		movs	r3, #255
 905 0092 FFF7FEFF 		bl	ip_output
 906 0096 3046     		mov	r0, r6
 907 0098 03B0     		add	sp, sp, #12
 908 009a BDE8F04F 		pop	{r4, r5, r6, r7, r8, r9, sl, fp, lr}
 909 009e FFF7FEBF 		b	pbuf_free
 910              	.L154:
 911 00a2 03B0     		add	sp, sp, #12
 912 00a4 BDE8F08F 		pop	{r4, r5, r6, r7, r8, r9, sl, fp, pc}
 914              		.section	.text.tcp_rexmit_rto,"ax",%progbits
 915              		.align	1
 916              		.global	tcp_rexmit_rto
 917              		.thumb
 918              		.thumb_func
 920              	tcp_rexmit_rto:
 921              		@ args = 0, pretend = 0, frame = 0
 922              		@ frame_needed = 0, uses_anonymous_args = 0
 923 0000 826F     		ldr	r2, [r0, #120]
 924 0002 10B5     		push	{r4, lr}
 925 0004 92B1     		cbz	r2, .L156
 926 0006 1146     		mov	r1, r2
 927              	.L158:
 928 0008 0B68     		ldr	r3, [r1, #0]
 929 000a 0BB1     		cbz	r3, .L160
 930              	.L159:
 931 000c 1946     		mov	r1, r3
 932 000e FBE7     		b	.L158
 933              	.L160:
 934 0010 446F     		ldr	r4, [r0, #116]
 935 0012 0C60     		str	r4, [r1, #0]
 936 0014 4267     		str	r2, [r0, #116]
 937 0016 90F84A20 		ldrb	r2, [r0, #74]	@ zero_extendqisi2
 938 001a 8367     		str	r3, [r0, #120]
 939 001c 511C     		adds	r1, r2, #1
 940 001e 80F84A10 		strb	r1, [r0, #74]
 941 0022 C363     		str	r3, [r0, #60]
 942 0024 BDE81040 		pop	{r4, lr}
 943 0028 FFF7FEBF 		b	tcp_output
 944              	.L156:
 945 002c 10BD     		pop	{r4, pc}
 947              		.section	.text.tcp_rexmit,"ax",%progbits
 948              		.align	1
 949              		.global	tcp_rexmit
 950              		.thumb
 951              		.thumb_func
 953              	tcp_rexmit:
 954              		@ args = 0, pretend = 0, frame = 0
 955              		@ frame_needed = 0, uses_anonymous_args = 0
 956 0000 F8B5     		push	{r3, r4, r5, r6, r7, lr}
 957 0002 866F     		ldr	r6, [r0, #120]
 958 0004 0446     		mov	r4, r0
 959 0006 F6B1     		cbz	r6, .L161
 960 0008 3368     		ldr	r3, [r6, #0]
 961 000a 00F17405 		add	r5, r0, #116
 962 000e 8367     		str	r3, [r0, #120]
 963              	.L163:
 964 0010 2868     		ldr	r0, [r5, #0]
 965 0012 50B9     		cbnz	r0, .L164
 966              	.L166:
 967 0014 2868     		ldr	r0, [r5, #0]
 968 0016 3060     		str	r0, [r6, #0]
 969 0018 2E60     		str	r6, [r5, #0]
 970 001a 94F84A10 		ldrb	r1, [r4, #74]	@ zero_extendqisi2
 971 001e 0023     		movs	r3, #0
 972 0020 4A1C     		adds	r2, r1, #1
 973 0022 84F84A20 		strb	r2, [r4, #74]
 974 0026 E363     		str	r3, [r4, #60]
 975 0028 F8BD     		pop	{r3, r4, r5, r6, r7, pc}
 976              	.L164:
 977 002a 0169     		ldr	r1, [r0, #16]
 978 002c 4868     		ldr	r0, [r1, #4]	@ unaligned
 979 002e FFF7FEFF 		bl	ntohl
 980 0032 3269     		ldr	r2, [r6, #16]
 981 0034 0746     		mov	r7, r0
 982 0036 5068     		ldr	r0, [r2, #4]	@ unaligned
 983 0038 FFF7FEFF 		bl	ntohl
 984 003c 3B1A     		subs	r3, r7, r0
 985 003e 002B     		cmp	r3, #0
 986 0040 E8DA     		bge	.L166
 987              	.L165:
 988 0042 2D68     		ldr	r5, [r5, #0]
 989 0044 E4E7     		b	.L163
 990              	.L161:
 991 0046 F8BD     		pop	{r3, r4, r5, r6, r7, pc}
 993              		.section	.text.tcp_rexmit_fast,"ax",%progbits
 994              		.align	1
 995              		.global	tcp_rexmit_fast
 996              		.thumb
 997              		.thumb_func
 999              	tcp_rexmit_fast:
 1000              		@ args = 0, pretend = 0, frame = 0
 1001              		@ frame_needed = 0, uses_anonymous_args = 0
 1002 0000 836F     		ldr	r3, [r0, #120]
 1003 0002 10B5     		push	{r4, lr}
 1004 0004 0446     		mov	r4, r0
 1005 0006 4BB3     		cbz	r3, .L170
 1006 0008 90F82210 		ldrb	r1, [r0, #34]	@ zero_extendqisi2
 1007 000c 01F00402 		and	r2, r1, #4
 1008 0010 D3B2     		uxtb	r3, r2
 1009 0012 1BBB     		cbnz	r3, .L170
 1010 0014 FFF7FEFF 		bl	tcp_rexmit
 1011 0018 B4F85200 		ldrh	r0, [r4, #82]
 1012 001c B4F85C10 		ldrh	r1, [r4, #92]
 1013 0020 8842     		cmp	r0, r1
 1014 0022 03D9     		bls	.L172
 1015 0024 4B08     		lsrs	r3, r1, #1
 1016 0026 A4F85430 		strh	r3, [r4, #84]	@ movhi
 1017 002a 02E0     		b	.L173
 1018              	.L172:
 1019 002c 4208     		lsrs	r2, r0, #1
 1020 002e A4F85420 		strh	r2, [r4, #84]	@ movhi
 1021              	.L173:
 1022 0032 208F     		ldrh	r0, [r4, #56]
 1023 0034 B4F85410 		ldrh	r1, [r4, #84]
 1024 0038 4200     		lsls	r2, r0, #1
 1025 003a 9142     		cmp	r1, r2
 1026 003c B8BF     		it	lt
 1027 003e A4F85420 		strhlt	r2, [r4, #84]	@ movhi
 1028 0042 B4F85430 		ldrh	r3, [r4, #84]
 1029 0046 94F82220 		ldrb	r2, [r4, #34]	@ zero_extendqisi2
 1030 004a 0321     		movs	r1, #3
 1031 004c 01FB0030 		mla	r0, r1, r0, r3
 1032 0050 42F00403 		orr	r3, r2, #4
 1033 0054 A4F85200 		strh	r0, [r4, #82]	@ movhi
 1034 0058 84F82230 		strb	r3, [r4, #34]
 1035              	.L170:
 1036 005c 10BD     		pop	{r4, pc}
 1038              		.section	.text.tcp_keepalive,"ax",%progbits
 1039              		.align	1
 1040              		.global	tcp_keepalive
 1041              		.thumb
 1042              		.thumb_func
 1044              	tcp_keepalive:
 1045              		@ args = 0, pretend = 0, frame = 0
 1046              		@ frame_needed = 0, uses_anonymous_args = 0
 1047 0000 37B5     		push	{r0, r1, r2, r4, r5, lr}
 1048 0002 0546     		mov	r5, r0
 1049 0004 1421     		movs	r1, #20
 1050 0006 0120     		movs	r0, #1
 1051 0008 0022     		movs	r2, #0
 1052 000a FFF7FEFF 		bl	pbuf_alloc
 1053 000e 0446     		mov	r4, r0
 1054 0010 C0B1     		cbz	r0, .L178
 1055 0012 A86D     		ldr	r0, [r5, #88]
 1056 0014 0138     		subs	r0, r0, #1
 1057 0016 FFF7FEFF 		bl	htonl
 1058 001a 2146     		mov	r1, r4
 1059 001c 0246     		mov	r2, r0
 1060 001e 2846     		mov	r0, r5
 1061 0020 FFF7FEFF 		bl	tcp_output_set_header.constprop.0
 1062 0024 0021     		movs	r1, #0
 1063 0026 0622     		movs	r2, #6
 1064 0028 8DE80600 		stmia	sp, {r1, r2}
 1065 002c EB7A     		ldrb	r3, [r5, #11]	@ zero_extendqisi2
 1066 002e 2046     		mov	r0, r4
 1067 0030 2946     		mov	r1, r5
 1068 0032 2A1D     		adds	r2, r5, #4
 1069 0034 FFF7FEFF 		bl	ip_output
 1070 0038 2046     		mov	r0, r4
 1071 003a 03B0     		add	sp, sp, #12
 1072 003c BDE83040 		pop	{r4, r5, lr}
 1073 0040 FFF7FEBF 		b	pbuf_free
 1074              	.L178:
 1075 0044 03B0     		add	sp, sp, #12
 1076 0046 30BD     		pop	{r4, r5, pc}
 1078              		.section	.text.tcp_zero_window_probe,"ax",%progbits
 1079              		.align	1
 1080              		.global	tcp_zero_window_probe
 1081              		.thumb
 1082              		.thumb_func
 1084              	tcp_zero_window_probe:
 1085              		@ args = 0, pretend = 0, frame = 0
 1086              		@ frame_needed = 0, uses_anonymous_args = 0
 1087 0000 2DE9F341 		push	{r0, r1, r4, r5, r6, r7, r8, lr}
 1088 0004 846F     		ldr	r4, [r0, #120]
 1089 0006 0546     		mov	r5, r0
 1090 0008 14B9     		cbnz	r4, .L181
 1091 000a 446F     		ldr	r4, [r0, #116]
 1092 000c 002C     		cmp	r4, #0
 1093 000e 45D0     		beq	.L180
 1094              	.L181:
 1095 0010 2369     		ldr	r3, [r4, #16]
 1096 0012 9889     		ldrh	r0, [r3, #12]	@ unaligned
 1097 0014 FFF7FEFF 		bl	ntohs
 1098 0018 10F00100 		ands	r0, r0, #1
 1099 001c 05D0     		beq	.L188
 1100 001e A289     		ldrh	r2, [r4, #12]
 1101 0020 D2F10101 		rsbs	r1, r2, #1
 1102 0024 38BF     		it	cc
 1103 0026 0021     		movcc	r1, #0
 1104 0028 00E0     		b	.L183
 1105              	.L188:
 1106 002a 0146     		mov	r1, r0
 1107              	.L183:
 1108 002c 01F0FF08 		and	r8, r1, #255
 1109 0030 0120     		movs	r0, #1
 1110 0032 0029     		cmp	r1, #0
 1111 0034 0CBF     		ite	eq
 1112 0036 1521     		moveq	r1, #21
 1113 0038 1421     		movne	r1, #20
 1114 003a 0022     		movs	r2, #0
 1115 003c FFF7FEFF 		bl	pbuf_alloc
 1116 0040 0646     		mov	r6, r0
 1117 0042 0028     		cmp	r0, #0
 1118 0044 2AD0     		beq	.L180
 1119 0046 2769     		ldr	r7, [r4, #16]
 1120 0048 2846     		mov	r0, r5
 1121 004a 7A68     		ldr	r2, [r7, #4]	@ unaligned
 1122 004c 3146     		mov	r1, r6
 1123 004e FFF7FEFF 		bl	tcp_output_set_header.constprop.0
 1124 0052 0746     		mov	r7, r0
 1125 0054 B8F1000F 		cmp	r8, #0
 1126 0058 0CD0     		beq	.L186
 1127 005a 8489     		ldrh	r4, [r0, #12]	@ unaligned
 1128 005c 4FF6C070 		movw	r0, #65472
 1129 0060 FFF7FEFF 		bl	htons
 1130 0064 0440     		ands	r4, r4, r0
 1131 0066 1120     		movs	r0, #17
 1132 0068 FFF7FEFF 		bl	htons
 1133 006c 44EA0002 		orr	r2, r4, r0
 1134 0070 BA81     		strh	r2, [r7, #12]	@ unaligned
 1135 0072 03E0     		b	.L187
 1136              	.L186:
 1137 0074 A068     		ldr	r0, [r4, #8]
 1138 0076 7368     		ldr	r3, [r6, #4]
 1139 0078 0178     		ldrb	r1, [r0, #0]	@ zero_extendqisi2
 1140 007a 1975     		strb	r1, [r3, #20]
 1141              	.L187:
 1142 007c 0020     		movs	r0, #0
 1143 007e 0622     		movs	r2, #6
 1144 0080 8DE80500 		stmia	sp, {r0, r2}
 1145 0084 EB7A     		ldrb	r3, [r5, #11]	@ zero_extendqisi2
 1146 0086 3046     		mov	r0, r6
 1147 0088 2946     		mov	r1, r5
 1148 008a 2A1D     		adds	r2, r5, #4
 1149 008c FFF7FEFF 		bl	ip_output
 1150 0090 3046     		mov	r0, r6
 1151 0092 02B0     		add	sp, sp, #8
 1152 0094 BDE8F041 		pop	{r4, r5, r6, r7, r8, lr}
 1153 0098 FFF7FEBF 		b	pbuf_free
 1154              	.L180:
 1155 009c 02B0     		add	sp, sp, #8
 1156 009e BDE8F081 		pop	{r4, r5, r6, r7, r8, pc}
 1158              		.ident	"GCC: (GNU Tools for ARM Embedded Processors) 4.7.4 20130913 (release) [ARM/embedded-4_7-br
DEFINED SYMBOLS
                            *ABS*:00000000 tcp_out.c
C:\Users\Mihai\AppData\Local\Temp\ccX4CVye.s:17     .text.tcp_output_set_header.constprop.0:00000000 $t
C:\Users\Mihai\AppData\Local\Temp\ccX4CVye.s:21     .text.tcp_output_set_header.constprop.0:00000000 tcp_output_set_header.constprop.0
C:\Users\Mihai\AppData\Local\Temp\ccX4CVye.s:68     .text.tcp_enqueue:00000000 $t
C:\Users\Mihai\AppData\Local\Temp\ccX4CVye.s:73     .text.tcp_enqueue:00000000 tcp_enqueue
C:\Users\Mihai\AppData\Local\Temp\ccX4CVye.s:460    .text.tcp_enqueue:00000390 $d
C:\Users\Mihai\AppData\Local\Temp\ccX4CVye.s:463    .text.tcp_write:00000000 $t
C:\Users\Mihai\AppData\Local\Temp\ccX4CVye.s:468    .text.tcp_write:00000000 tcp_write
C:\Users\Mihai\AppData\Local\Temp\ccX4CVye.s:499    .text.tcp_send_ctrl:00000000 $t
C:\Users\Mihai\AppData\Local\Temp\ccX4CVye.s:504    .text.tcp_send_ctrl:00000000 tcp_send_ctrl
C:\Users\Mihai\AppData\Local\Temp\ccX4CVye.s:518    .text.tcp_send_empty_ack:00000000 $t
C:\Users\Mihai\AppData\Local\Temp\ccX4CVye.s:523    .text.tcp_send_empty_ack:00000000 tcp_send_empty_ack
C:\Users\Mihai\AppData\Local\Temp\ccX4CVye.s:563    .text.tcp_output:00000000 $t
C:\Users\Mihai\AppData\Local\Temp\ccX4CVye.s:568    .text.tcp_output:00000000 tcp_output
C:\Users\Mihai\AppData\Local\Temp\ccX4CVye.s:836    .text.tcp_output:0000024c $d
C:\Users\Mihai\AppData\Local\Temp\ccX4CVye.s:841    .text.tcp_rst:00000000 $t
C:\Users\Mihai\AppData\Local\Temp\ccX4CVye.s:846    .text.tcp_rst:00000000 tcp_rst
C:\Users\Mihai\AppData\Local\Temp\ccX4CVye.s:915    .text.tcp_rexmit_rto:00000000 $t
C:\Users\Mihai\AppData\Local\Temp\ccX4CVye.s:920    .text.tcp_rexmit_rto:00000000 tcp_rexmit_rto
C:\Users\Mihai\AppData\Local\Temp\ccX4CVye.s:948    .text.tcp_rexmit:00000000 $t
C:\Users\Mihai\AppData\Local\Temp\ccX4CVye.s:953    .text.tcp_rexmit:00000000 tcp_rexmit
C:\Users\Mihai\AppData\Local\Temp\ccX4CVye.s:994    .text.tcp_rexmit_fast:00000000 $t
C:\Users\Mihai\AppData\Local\Temp\ccX4CVye.s:999    .text.tcp_rexmit_fast:00000000 tcp_rexmit_fast
C:\Users\Mihai\AppData\Local\Temp\ccX4CVye.s:1039   .text.tcp_keepalive:00000000 $t
C:\Users\Mihai\AppData\Local\Temp\ccX4CVye.s:1044   .text.tcp_keepalive:00000000 tcp_keepalive
C:\Users\Mihai\AppData\Local\Temp\ccX4CVye.s:1079   .text.tcp_zero_window_probe:00000000 $t
C:\Users\Mihai\AppData\Local\Temp\ccX4CVye.s:1084   .text.tcp_zero_window_probe:00000000 tcp_zero_window_probe

UNDEFINED SYMBOLS
htons
htonl
ntohs
pbuf_alloc
pbuf_clen
memcpy
pbuf_header
mem_malloc
pbuf_free
pbuf_cat
ntohl
mem_free
tcp_segs_free
memp_sizes
ip_output
ip_route
tcp_seg_free
tcp_input_pcb
tcp_ticks
