   1              		.syntax unified
   2              		.cpu cortex-m4
   3              		.eabi_attribute 27, 3
   4              		.fpu fpv4-sp-d16
   5              		.eabi_attribute 20, 1
   6              		.eabi_attribute 21, 1
   7              		.eabi_attribute 23, 3
   8              		.eabi_attribute 24, 1
   9              		.eabi_attribute 25, 1
  10              		.eabi_attribute 26, 1
  11              		.eabi_attribute 30, 4
  12              		.eabi_attribute 34, 1
  13              		.eabi_attribute 18, 4
  14              		.thumb
  15              		.file	"NVIC_SCU001.c"
  16              		.section	.text.NVIC_SCU001_Init,"ax",%progbits
  17              		.align	1
  18              		.global	NVIC_SCU001_Init
  19              		.thumb
  20              		.thumb_func
  22              	NVIC_SCU001_Init:
  23              		@ args = 0, pretend = 0, frame = 0
  24              		@ frame_needed = 0, uses_anonymous_args = 0
  25              		@ link register save eliminated.
  26 0000 0D4B     		ldr	r3, .L5
  27 0002 D868     		ldr	r0, [r3, #12]
  28 0004 C0F30223 		ubfx	r3, r0, #8, #3
  29 0008 C3F10702 		rsb	r2, r3, #7
  30 000c 062A     		cmp	r2, #6
  31 000e 28BF     		it	cs
  32 0010 0622     		movcs	r2, #6
  33 0012 03B1     		cbz	r3, .L2
  34 0014 013B     		subs	r3, r3, #1
  35              	.L2:
  36 0016 0121     		movs	r1, #1
  37 0018 01FA02F0 		lsl	r0, r1, r2
  38 001c 421E     		subs	r2, r0, #1
  39 001e 02F03F01 		and	r1, r2, #63
  40 0022 01FA03F3 		lsl	r3, r1, r3
  41 0026 9800     		lsls	r0, r3, #2
  42 0028 044A     		ldr	r2, .L5+4
  43 002a C1B2     		uxtb	r1, r0
  44 002c 4FF08063 		mov	r3, #67108864
  45 0030 82F85A13 		strb	r1, [r2, #858]
  46 0034 9360     		str	r3, [r2, #8]
  47 0036 7047     		bx	lr
  48              	.L6:
  49              		.align	2
  50              	.L5:
  51 0038 00ED00E0 		.word	-536810240
  52 003c 00E100E0 		.word	-536813312
  54              		.section	.text.NVIC_SCU001_RegisterCallback,"ax",%progbits
  55              		.align	1
  56              		.global	NVIC_SCU001_RegisterCallback
  57              		.thumb
  58              		.thumb_func
  60              	NVIC_SCU001_RegisterCallback:
  61              		@ args = 0, pretend = 0, frame = 0
  62              		@ frame_needed = 0, uses_anonymous_args = 0
  63              		@ link register save eliminated.
  64 0000 034B     		ldr	r3, .L8
  65 0002 43F83010 		str	r1, [r3, r0, lsl #3]
  66 0006 03EBC000 		add	r0, r3, r0, lsl #3
  67 000a 4260     		str	r2, [r0, #4]
  68 000c 7047     		bx	lr
  69              	.L9:
  70 000e 00BF     		.align	2
  71              	.L8:
  72 0010 00000000 		.word	NVIC_SCU001_Handle0
  74              		.section	.text.SCU_0_IRQHandler,"ax",%progbits
  75              		.align	1
  76              		.global	SCU_0_IRQHandler
  77              		.thumb
  78              		.thumb_func
  80              	SCU_0_IRQHandler:
  81              		@ args = 0, pretend = 0, frame = 0
  82              		@ frame_needed = 0, uses_anonymous_args = 0
  83 0000 10B5     		push	{r4, lr}
  84 0002 684C     		ldr	r4, .L100
  85 0004 2368     		ldr	r3, [r4, #0]
  86 0006 DA07     		lsls	r2, r3, #31
  87 0008 09D5     		bpl	.L11
  88 000a 6749     		ldr	r1, .L100+4
  89 000c 0B68     		ldr	r3, [r1, #0]
  90 000e 0BB1     		cbz	r3, .L12
  91 0010 4868     		ldr	r0, [r1, #4]
  92 0012 9847     		blx	r3
  93              	.L12:
  94 0014 E068     		ldr	r0, [r4, #12]
  95 0016 40F00102 		orr	r2, r0, #1
  96 001a E260     		str	r2, [r4, #12]
  97 001c 10BD     		pop	{r4, pc}
  98              	.L11:
  99 001e 9807     		lsls	r0, r3, #30
 100 0020 09D5     		bpl	.L14
 101 0022 6148     		ldr	r0, .L100+4
 102 0024 8368     		ldr	r3, [r0, #8]
 103 0026 0BB1     		cbz	r3, .L15
 104 0028 C068     		ldr	r0, [r0, #12]
 105 002a 9847     		blx	r3
 106              	.L15:
 107 002c 5D48     		ldr	r0, .L100
 108 002e C268     		ldr	r2, [r0, #12]
 109 0030 42F00202 		orr	r2, r2, #2
 110 0034 B4E0     		b	.L99
 111              	.L14:
 112 0036 5907     		lsls	r1, r3, #29
 113 0038 09D5     		bpl	.L16
 114 003a 5B48     		ldr	r0, .L100+4
 115 003c 0269     		ldr	r2, [r0, #16]
 116 003e 0AB1     		cbz	r2, .L17
 117 0040 4069     		ldr	r0, [r0, #20]
 118 0042 9047     		blx	r2
 119              	.L17:
 120 0044 5748     		ldr	r0, .L100
 121 0046 C168     		ldr	r1, [r0, #12]
 122 0048 41F00402 		orr	r2, r1, #4
 123 004c A8E0     		b	.L99
 124              	.L16:
 125 004e 1A07     		lsls	r2, r3, #28
 126 0050 09D5     		bpl	.L18
 127 0052 554A     		ldr	r2, .L100+4
 128 0054 9169     		ldr	r1, [r2, #24]
 129 0056 09B1     		cbz	r1, .L19
 130 0058 D069     		ldr	r0, [r2, #28]
 131 005a 8847     		blx	r1
 132              	.L19:
 133 005c 5148     		ldr	r0, .L100
 134 005e C368     		ldr	r3, [r0, #12]
 135 0060 43F00802 		orr	r2, r3, #8
 136 0064 9CE0     		b	.L99
 137              	.L18:
 138 0066 D803     		lsls	r0, r3, #15
 139 0068 09D5     		bpl	.L20
 140 006a 4F48     		ldr	r0, .L100+4
 141 006c 016A     		ldr	r1, [r0, #32]
 142 006e 09B1     		cbz	r1, .L21
 143 0070 406A     		ldr	r0, [r0, #36]
 144 0072 8847     		blx	r1
 145              	.L21:
 146 0074 4B48     		ldr	r0, .L100
 147 0076 C368     		ldr	r3, [r0, #12]
 148 0078 43F48032 		orr	r2, r3, #65536
 149 007c 90E0     		b	.L99
 150              	.L20:
 151 007e 9903     		lsls	r1, r3, #14
 152 0080 09D5     		bpl	.L22
 153 0082 4949     		ldr	r1, .L100+4
 154 0084 8B6A     		ldr	r3, [r1, #40]
 155 0086 0BB1     		cbz	r3, .L23
 156 0088 C86A     		ldr	r0, [r1, #44]
 157 008a 9847     		blx	r3
 158              	.L23:
 159 008c 4548     		ldr	r0, .L100
 160 008e C268     		ldr	r2, [r0, #12]
 161 0090 42F40032 		orr	r2, r2, #131072
 162 0094 84E0     		b	.L99
 163              	.L22:
 164 0096 5A03     		lsls	r2, r3, #13
 165 0098 09D5     		bpl	.L24
 166 009a 4348     		ldr	r0, .L100+4
 167 009c 036B     		ldr	r3, [r0, #48]
 168 009e 0BB1     		cbz	r3, .L25
 169 00a0 406B     		ldr	r0, [r0, #52]
 170 00a2 9847     		blx	r3
 171              	.L25:
 172 00a4 3F48     		ldr	r0, .L100
 173 00a6 C268     		ldr	r2, [r0, #12]
 174 00a8 42F48022 		orr	r2, r2, #262144
 175 00ac 78E0     		b	.L99
 176              	.L24:
 177 00ae 1803     		lsls	r0, r3, #12
 178 00b0 09D5     		bpl	.L26
 179 00b2 3D48     		ldr	r0, .L100+4
 180 00b4 826B     		ldr	r2, [r0, #56]
 181 00b6 0AB1     		cbz	r2, .L27
 182 00b8 C06B     		ldr	r0, [r0, #60]
 183 00ba 9047     		blx	r2
 184              	.L27:
 185 00bc 3948     		ldr	r0, .L100
 186 00be C168     		ldr	r1, [r0, #12]
 187 00c0 41F40022 		orr	r2, r1, #524288
 188 00c4 6CE0     		b	.L99
 189              	.L26:
 190 00c6 9902     		lsls	r1, r3, #10
 191 00c8 09D5     		bpl	.L28
 192 00ca 374A     		ldr	r2, .L100+4
 193 00cc 116C     		ldr	r1, [r2, #64]
 194 00ce 09B1     		cbz	r1, .L29
 195 00d0 506C     		ldr	r0, [r2, #68]
 196 00d2 8847     		blx	r1
 197              	.L29:
 198 00d4 3348     		ldr	r0, .L100
 199 00d6 C368     		ldr	r3, [r0, #12]
 200 00d8 43F40012 		orr	r2, r3, #2097152
 201 00dc 60E0     		b	.L99
 202              	.L28:
 203 00de 5A02     		lsls	r2, r3, #9
 204 00e0 09D5     		bpl	.L30
 205 00e2 3148     		ldr	r0, .L100+4
 206 00e4 816C     		ldr	r1, [r0, #72]
 207 00e6 09B1     		cbz	r1, .L31
 208 00e8 C06C     		ldr	r0, [r0, #76]
 209 00ea 8847     		blx	r1
 210              	.L31:
 211 00ec 2D48     		ldr	r0, .L100
 212 00ee C368     		ldr	r3, [r0, #12]
 213 00f0 43F48002 		orr	r2, r3, #4194304
 214 00f4 54E0     		b	.L99
 215              	.L30:
 216 00f6 1802     		lsls	r0, r3, #8
 217 00f8 09D5     		bpl	.L32
 218 00fa 2B49     		ldr	r1, .L100+4
 219 00fc 0B6D     		ldr	r3, [r1, #80]
 220 00fe 0BB1     		cbz	r3, .L33
 221 0100 486D     		ldr	r0, [r1, #84]
 222 0102 9847     		blx	r3
 223              	.L33:
 224 0104 2748     		ldr	r0, .L100
 225 0106 C268     		ldr	r2, [r0, #12]
 226 0108 42F40002 		orr	r2, r2, #8388608
 227 010c 48E0     		b	.L99
 228              	.L32:
 229 010e D901     		lsls	r1, r3, #7
 230 0110 09D5     		bpl	.L34
 231 0112 2548     		ldr	r0, .L100+4
 232 0114 836D     		ldr	r3, [r0, #88]
 233 0116 0BB1     		cbz	r3, .L35
 234 0118 C06D     		ldr	r0, [r0, #92]
 235 011a 9847     		blx	r3
 236              	.L35:
 237 011c 2148     		ldr	r0, .L100
 238 011e C268     		ldr	r2, [r0, #12]
 239 0120 42F08072 		orr	r2, r2, #16777216
 240 0124 3CE0     		b	.L99
 241              	.L34:
 242 0126 9A01     		lsls	r2, r3, #6
 243 0128 09D5     		bpl	.L36
 244 012a 1F48     		ldr	r0, .L100+4
 245 012c 026E     		ldr	r2, [r0, #96]
 246 012e 0AB1     		cbz	r2, .L37
 247 0130 406E     		ldr	r0, [r0, #100]
 248 0132 9047     		blx	r2
 249              	.L37:
 250 0134 1B48     		ldr	r0, .L100
 251 0136 C168     		ldr	r1, [r0, #12]
 252 0138 41F00072 		orr	r2, r1, #33554432
 253 013c 30E0     		b	.L99
 254              	.L36:
 255 013e 5801     		lsls	r0, r3, #5
 256 0140 09D5     		bpl	.L38
 257 0142 194A     		ldr	r2, .L100+4
 258 0144 916E     		ldr	r1, [r2, #104]
 259 0146 09B1     		cbz	r1, .L39
 260 0148 D06E     		ldr	r0, [r2, #108]
 261 014a 8847     		blx	r1
 262              	.L39:
 263 014c 1548     		ldr	r0, .L100
 264 014e C368     		ldr	r3, [r0, #12]
 265 0150 43F08062 		orr	r2, r3, #67108864
 266 0154 24E0     		b	.L99
 267              	.L38:
 268 0156 1901     		lsls	r1, r3, #4
 269 0158 09D5     		bpl	.L40
 270 015a 1348     		ldr	r0, .L100+4
 271 015c 016F     		ldr	r1, [r0, #112]
 272 015e 09B1     		cbz	r1, .L41
 273 0160 406F     		ldr	r0, [r0, #116]
 274 0162 8847     		blx	r1
 275              	.L41:
 276 0164 0F48     		ldr	r0, .L100
 277 0166 C368     		ldr	r3, [r0, #12]
 278 0168 43F00062 		orr	r2, r3, #134217728
 279 016c 18E0     		b	.L99
 280              	.L40:
 281 016e DA00     		lsls	r2, r3, #3
 282 0170 09D5     		bpl	.L42
 283 0172 0D49     		ldr	r1, .L100+4
 284 0174 8B6F     		ldr	r3, [r1, #120]
 285 0176 0BB1     		cbz	r3, .L43
 286 0178 C86F     		ldr	r0, [r1, #124]
 287 017a 9847     		blx	r3
 288              	.L43:
 289 017c 0948     		ldr	r0, .L100
 290 017e C268     		ldr	r2, [r0, #12]
 291 0180 42F08052 		orr	r2, r2, #268435456
 292 0184 0CE0     		b	.L99
 293              	.L42:
 294 0186 9B00     		lsls	r3, r3, #2
 295 0188 0BD5     		bpl	.L10
 296 018a 074A     		ldr	r2, .L100+4
 297 018c D2F88010 		ldr	r1, [r2, #128]
 298 0190 11B1     		cbz	r1, .L44
 299 0192 D2F88400 		ldr	r0, [r2, #132]
 300 0196 8847     		blx	r1
 301              	.L44:
 302 0198 0248     		ldr	r0, .L100
 303 019a C368     		ldr	r3, [r0, #12]
 304 019c 43F00052 		orr	r2, r3, #536870912
 305              	.L99:
 306 01a0 C260     		str	r2, [r0, #12]
 307              	.L10:
 308 01a2 10BD     		pop	{r4, pc}
 309              	.L101:
 310              		.align	2
 311              	.L100:
 312 01a4 74400050 		.word	1342193780
 313 01a8 00000000 		.word	NVIC_SCU001_Handle0
 315              		.comm	NVIC_SCU001_Handle0,136,4
 316              		.ident	"GCC: (GNU Tools for ARM Embedded Processors) 4.7.4 20130913 (release) [ARM/embedded-4_7-br
DEFINED SYMBOLS
                            *ABS*:00000000 NVIC_SCU001.c
C:\Users\Mihai\AppData\Local\Temp\ccaMnRHj.s:17     .text.NVIC_SCU001_Init:00000000 $t
C:\Users\Mihai\AppData\Local\Temp\ccaMnRHj.s:22     .text.NVIC_SCU001_Init:00000000 NVIC_SCU001_Init
C:\Users\Mihai\AppData\Local\Temp\ccaMnRHj.s:51     .text.NVIC_SCU001_Init:00000038 $d
C:\Users\Mihai\AppData\Local\Temp\ccaMnRHj.s:55     .text.NVIC_SCU001_RegisterCallback:00000000 $t
C:\Users\Mihai\AppData\Local\Temp\ccaMnRHj.s:60     .text.NVIC_SCU001_RegisterCallback:00000000 NVIC_SCU001_RegisterCallback
C:\Users\Mihai\AppData\Local\Temp\ccaMnRHj.s:72     .text.NVIC_SCU001_RegisterCallback:00000010 $d
                            *COM*:00000088 NVIC_SCU001_Handle0
C:\Users\Mihai\AppData\Local\Temp\ccaMnRHj.s:75     .text.SCU_0_IRQHandler:00000000 $t
C:\Users\Mihai\AppData\Local\Temp\ccaMnRHj.s:80     .text.SCU_0_IRQHandler:00000000 SCU_0_IRQHandler
C:\Users\Mihai\AppData\Local\Temp\ccaMnRHj.s:312    .text.SCU_0_IRQHandler:000001a4 $d

NO UNDEFINED SYMBOLS
