   1              		.syntax unified
   2              		.cpu cortex-m4
   3              		.eabi_attribute 27, 3
   4              		.fpu fpv4-sp-d16
   5              		.eabi_attribute 20, 1
   6              		.eabi_attribute 21, 1
   7              		.eabi_attribute 23, 3
   8              		.eabi_attribute 24, 1
   9              		.eabi_attribute 25, 1
  10              		.eabi_attribute 26, 1
  11              		.eabi_attribute 30, 6
  12              		.eabi_attribute 34, 1
  13              		.eabi_attribute 18, 4
  14              		.thumb
  15              		.file	"UART001_Conf.c"
  16              		.text
  17              	.Ltext0:
  18              		.cfi_sections	.debug_frame
  19              		.global	UART001_Handle0
  20              		.section	.rodata
  21              		.align	2
  24              	UART001_Handle0:
  25 0000 00020248 		.word	1208091136
  26 0004 00800248 		.word	1208123392
  27 0008 01       		.byte	1
  28 0009 000000   		.space	3
  29 000c 00800248 		.word	1208123392
  30 0010 00       		.byte	0
  31 0011 000000   		.space	3
  32 0014 00       		.byte	0
  33 0015 00       		.byte	0
  34 0016 00       		.byte	0
  35 0017 00       		.space	1
  36 0018 00C20100 		.word	115200
  37 001c 0700     		.short	7
  38 001e 01       		.byte	1
  39 001f 01       		.byte	1
  40 0020 00       		.byte	0
  41 0021 00       		.byte	0
  42 0022 01       		.byte	1
  43 0023 01       		.byte	1
  44 0024 00       		.byte	0
  45 0025 00       		.byte	0
  46 0026 00       		.byte	0
  47 0027 00       		.space	1
  48 0028 BA02     		.short	698
  49 002a 4600     		.short	70
  50 002c 0900     		.short	9
  51 002e 0600     		.short	6
  52 0030 00       		.byte	0
  53 0031 000000   		.space	3
  54              		.global	UART001_HandleArray
  55              		.data
  56              		.align	2
  59              	UART001_HandleArray:
  60 0000 00000000 		.word	UART001_Handle0
  61              		.text
  62              	.Letext0:
  63              		.file 1 "c:\\dave-3.1.10\\arm-gcc\\bin\\../lib/gcc/arm-none-eabi/4.7.4/../../../../arm-none-eabi/i
  64              		.file 2 "C:\\DAVE-3.1.10\\eclipse\\/../CMSIS/Infineon/XMC4500_series/Include/XMC4500.h"
  65              		.file 3 "../Dave/Generated/src/UART001/../../inc/UART001/Usic.h"
  66              		.file 4 "F:\\WORK\\SmartHome_checkout1\\XMC4500_RK_HTTPserver\\Dave\\Generated\\inc\\LIBS/types.h"
  67              		.file 5 "../Dave/Generated/src/UART001/../../inc/UART001/UART001.h"
  68              		.file 6 "C:\\DAVE-3.1.10\\eclipse\\/../CMSIS/Include/core_cm4.h"
  69              		.file 7 "../Dave/Generated/src/UART001/UART001_Conf.c"
DEFINED SYMBOLS
                            *ABS*:00000000 UART001_Conf.c
C:\Users\Mihai\AppData\Local\Temp\ccVfkSqk.s:24     .rodata:00000000 UART001_Handle0
C:\Users\Mihai\AppData\Local\Temp\ccVfkSqk.s:21     .rodata:00000000 $d
C:\Users\Mihai\AppData\Local\Temp\ccVfkSqk.s:59     .data:00000000 UART001_HandleArray
C:\Users\Mihai\AppData\Local\Temp\ccVfkSqk.s:56     .data:00000000 $d
                           .group:00000000 wm4.1.1791a5ae2e936ca1033c1c44be394cc7
                           .group:00000000 wm4.uc_id.h.35.a6c4837fad81477ba31967683332b8cc
                           .group:00000000 wm4.XMC4500.h.45.215f4b8c79f46c7645c15373868d08c0
                           .group:00000000 wm4.core_cm4.h.47.41af406cb4cda82c972f112a9cd0a024
                           .group:00000000 wm4.newlib.h.8.a9901dc52d1357e3e94003403d43f8b5
                           .group:00000000 wm4.features.h.22.b72b3baab2bb2eab3661375590100b6b
                           .group:00000000 wm4.config.h.193.5fb8ef056cdff92dec3dee9552839d8c
                           .group:00000000 wm4._ansi.h.23.7aefdac4826acebbfc9f3822a0aeb14c
                           .group:00000000 wm4.stdint.h.20.54ad762faa59e3c05491630641c8d8bf
                           .group:00000000 wm4.core_cmInstr.h.39.3d3d1b4a79aef37532666dc6ee87c6ac
                           .group:00000000 wm4.core_cm4_simd.h.43.b5d1d38735af6366227b4256d330cf13
                           .group:00000000 wm4.core_cm4.h.178.e5ef5ce66d198d7f00f9d0076e267c41
                           .group:00000000 wm4.system_XMC4500.h.29.827f68baa362c84f2abae4ab67dde7c9
                           .group:00000000 wm4.XMC4500.h.198.8e022f279ff353ed081df898dc7b9cf3
                           .group:00000000 wm4.Usic.h.90.22743468abc46f16747d12430b219aaf
                           .group:00000000 wm4.stddef.h.40.50cf36416e06376af8a9dca28536f2e4
                           .group:00000000 wm4.types.h.55.0006b5fda1d606516f2dcaf4aca92b11
                           .group:00000000 wm4.UART001_Conf.h.53.c5c972f6f634bc5116c171852aaab668
                           .group:00000000 wm4.UART001.h.109.3e835815a7a59791d8bd39655f4d4cc9

NO UNDEFINED SYMBOLS
