   1              		.syntax unified
   2              		.cpu cortex-m4
   3              		.eabi_attribute 27, 3
   4              		.fpu fpv4-sp-d16
   5              		.eabi_attribute 20, 1
   6              		.eabi_attribute 21, 1
   7              		.eabi_attribute 23, 3
   8              		.eabi_attribute 24, 1
   9              		.eabi_attribute 25, 1
  10              		.eabi_attribute 26, 1
  11              		.eabi_attribute 30, 4
  12              		.eabi_attribute 34, 1
  13              		.eabi_attribute 18, 4
  14              		.thumb
  15              		.file	"ADCCH001.c"
  16              		.section	.text.ADCCH001_Init,"ax",%progbits
  17              		.align	1
  18              		.global	ADCCH001_Init
  19              		.thumb
  20              		.thumb_func
  22              	ADCCH001_Init:
  23              		@ args = 0, pretend = 0, frame = 0
  24              		@ frame_needed = 0, uses_anonymous_args = 0
  25 0000 F8B5     		push	{r3, r4, r5, r6, r7, lr}
  26 0002 FFF7FEFF 		bl	ADCGLOB001_Init
  27 0006 594A     		ldr	r2, .L12
  28 0008 92E81800 		ldmia	r2, {r3, r4}
  29 000c E178     		ldrb	r1, [r4, #3]	@ zero_extendqisi2
  30 000e 0029     		cmp	r1, #0
  31 0010 40F0AB80 		bne	.L1
  32 0014 907D     		ldrb	r0, [r2, #22]	@ zero_extendqisi2
  33 0016 167A     		ldrb	r6, [r2, #8]	@ zero_extendqisi2
  34 0018 D3F88850 		ldr	r5, [r3, #136]
  35 001c 0121     		movs	r1, #1
  36 001e 01FA00F1 		lsl	r1, r1, r0
  37 0022 06FA00F6 		lsl	r6, r6, r0
  38 0026 25EA0105 		bic	r5, r5, r1
  39 002a 3140     		ands	r1, r1, r6
  40 002c 2943     		orrs	r1, r1, r5
  41 002e C3F88810 		str	r1, [r3, #136]
  42 0032 00F18001 		add	r1, r0, #128
  43 0036 53F82150 		ldr	r5, [r3, r1, lsl #2]
  44 003a 25F00306 		bic	r6, r5, #3
  45 003e 557A     		ldrb	r5, [r2, #9]	@ zero_extendqisi2
  46 0040 05F00305 		and	r5, r5, #3
  47 0044 2E43     		orrs	r6, r6, r5
  48 0046 43F82160 		str	r6, [r3, r1, lsl #2]
  49 004a 53F82150 		ldr	r5, [r3, r1, lsl #2]
  50 004e 25F44076 		bic	r6, r5, #768
  51 0052 D57A     		ldrb	r5, [r2, #11]	@ zero_extendqisi2
  52 0054 2D02     		lsls	r5, r5, #8
  53 0056 05F44075 		and	r5, r5, #768
  54 005a 2E43     		orrs	r6, r6, r5
  55 005c 43F82160 		str	r6, [r3, r1, lsl #2]
  56 0060 53F82150 		ldr	r5, [r3, r1, lsl #2]
  57 0064 25F40066 		bic	r6, r5, #2048
  58 0068 157B     		ldrb	r5, [r2, #12]	@ zero_extendqisi2
  59 006a 527D     		ldrb	r2, [r2, #21]	@ zero_extendqisi2
  60 006c ED02     		lsls	r5, r5, #11
  61 006e 05F40065 		and	r5, r5, #2048
  62 0072 3543     		orrs	r5, r5, r6
  63 0074 012A     		cmp	r2, #1
  64 0076 43F82150 		str	r5, [r3, r1, lsl #2]
  65 007a 09D1     		bne	.L3
  66 007c D3F8F021 		ldr	r2, [r3, #496]
  67 0080 0104     		lsls	r1, r0, #16
  68 0082 01F4F811 		and	r1, r1, #2031616
  69 0086 22F4F812 		bic	r2, r2, #2031616
  70 008a 1143     		orrs	r1, r1, r2
  71 008c C3F8F011 		str	r1, [r3, #496]
  72              	.L3:
  73 0090 364A     		ldr	r2, .L12
  74 0092 D17D     		ldrb	r1, [r2, #23]	@ zero_extendqisi2
  75 0094 0029     		cmp	r1, #0
  76 0096 4CD1     		bne	.L4
  77 0098 8030     		adds	r0, r0, #128
  78 009a 957A     		ldrb	r5, [r2, #10]	@ zero_extendqisi2
  79 009c 53F82070 		ldr	r7, [r3, r0, lsl #2]
  80 00a0 2901     		lsls	r1, r5, #4
  81 00a2 27F0F006 		bic	r6, r7, #240
  82 00a6 CFB2     		uxtb	r7, r1
  83 00a8 3E43     		orrs	r6, r6, r7
  84 00aa 43F82060 		str	r6, [r3, r0, lsl #2]
  85 00ae 517B     		ldrb	r1, [r2, #13]	@ zero_extendqisi2
  86 00b0 53F82050 		ldr	r5, [r3, r0, lsl #2]
  87 00b4 4E05     		lsls	r6, r1, #21
  88 00b6 25F40017 		bic	r7, r5, #2097152
  89 00ba 06F40015 		and	r5, r6, #2097152
  90 00be 2F43     		orrs	r7, r7, r5
  91 00c0 43F82070 		str	r7, [r3, r0, lsl #2]
  92 00c4 D07C     		ldrb	r0, [r2, #19]	@ zero_extendqisi2
  93 00c6 957B     		ldrb	r5, [r2, #14]	@ zero_extendqisi2
  94 00c8 00F1A001 		add	r1, r0, #160
  95 00cc 53F82160 		ldr	r6, [r3, r1, lsl #2]
  96 00d0 26F47C17 		bic	r7, r6, #4128768
  97 00d4 2E04     		lsls	r6, r5, #16
  98 00d6 06F47C15 		and	r5, r6, #4128768
  99 00da 2F43     		orrs	r7, r7, r5
 100 00dc 43F82170 		str	r7, [r3, r1, lsl #2]
 101 00e0 D57B     		ldrb	r5, [r2, #15]	@ zero_extendqisi2
 102 00e2 53F82160 		ldr	r6, [r3, r1, lsl #2]
 103 00e6 26F08077 		bic	r7, r6, #16777216
 104 00ea 2E06     		lsls	r6, r5, #24
 105 00ec 06F08075 		and	r5, r6, #16777216
 106 00f0 2F43     		orrs	r7, r7, r5
 107 00f2 43F82170 		str	r7, [r3, r1, lsl #2]
 108 00f6 117D     		ldrb	r1, [r2, #20]	@ zero_extendqisi2
 109 00f8 577C     		ldrb	r7, [r2, #17]	@ zero_extendqisi2
 110 00fa 127C     		ldrb	r2, [r2, #16]	@ zero_extendqisi2
 111 00fc 01F1A005 		add	r5, r1, #160
 112 0100 012A     		cmp	r2, #1
 113 0102 53F82560 		ldr	r6, [r3, r5, lsl #2]
 114 0106 26F00046 		bic	r6, r6, #-2147483648
 115 010a 46EAC776 		orr	r6, r6, r7, lsl #31
 116 010e 43F82560 		str	r6, [r3, r5, lsl #2]
 117 0112 18D1     		bne	.L7
 118              	.L10:
 119 0114 8842     		cmp	r0, r1
 120 0116 16DD     		ble	.L7
 121              	.L8:
 122 0118 01F1A002 		add	r2, r1, #160
 123 011c 0131     		adds	r1, r1, #1
 124 011e 53F82250 		ldr	r5, [r3, r2, lsl #2]
 125 0122 25F0C065 		bic	r5, r5, #100663296
 126 0126 45F00075 		orr	r5, r5, #33554432
 127 012a 43F82250 		str	r5, [r3, r2, lsl #2]
 128 012e C9B2     		uxtb	r1, r1
 129 0130 F0E7     		b	.L10
 130              	.L4:
 131 0132 D07C     		ldrb	r0, [r2, #19]	@ zero_extendqisi2
 132 0134 128B     		ldrh	r2, [r2, #24]
 133 0136 C030     		adds	r0, r0, #192
 134 0138 53F82010 		ldr	r1, [r3, r0, lsl #2]
 135 013c 090C     		lsrs	r1, r1, #16
 136 013e 0904     		lsls	r1, r1, #16
 137 0140 1143     		orrs	r1, r1, r2
 138 0142 43F82010 		str	r1, [r3, r0, lsl #2]
 139              	.L7:
 140 0146 0948     		ldr	r0, .L12
 141 0148 817C     		ldrb	r1, [r0, #18]	@ zero_extendqisi2
 142 014a 0129     		cmp	r1, #1
 143 014c 0BD1     		bne	.L9
 144 014e C27C     		ldrb	r2, [r0, #19]	@ zero_extendqisi2
 145 0150 D3F8C850 		ldr	r5, [r3, #200]
 146 0154 1032     		adds	r2, r2, #16
 147 0156 01FA02F0 		lsl	r0, r1, r2
 148 015a 25EA0001 		bic	r1, r5, r0
 149 015e 41EA0002 		orr	r2, r1, r0
 150 0162 C3F8C820 		str	r2, [r3, #200]
 151              	.L9:
 152 0166 0123     		movs	r3, #1
 153 0168 E370     		strb	r3, [r4, #3]
 154              	.L1:
 155 016a F8BD     		pop	{r3, r4, r5, r6, r7, pc}
 156              	.L13:
 157              		.align	2
 158              	.L12:
 159 016c 00000000 		.word	ADCCH001_Handle0
 161              		.section	.text.ADCCH001_Deinit,"ax",%progbits
 162              		.align	1
 163              		.global	ADCCH001_Deinit
 164              		.thumb
 165              		.thumb_func
 167              	ADCCH001_Deinit:
 168              		@ args = 0, pretend = 0, frame = 0
 169              		@ frame_needed = 0, uses_anonymous_args = 0
 170 0000 4168     		ldr	r1, [r0, #4]
 171 0002 0368     		ldr	r3, [r0, #0]
 172 0004 CA78     		ldrb	r2, [r1, #3]	@ zero_extendqisi2
 173 0006 012A     		cmp	r2, #1
 174 0008 30B5     		push	{r4, r5, lr}
 175 000a 29D1     		bne	.L19
 176 000c 827D     		ldrb	r2, [r0, #22]	@ zero_extendqisi2
 177 000e 8032     		adds	r2, r2, #128
 178 0010 0024     		movs	r4, #0
 179 0012 43F82240 		str	r4, [r3, r2, lsl #2]
 180 0016 D3F8F021 		ldr	r2, [r3, #496]
 181 001a 22F4F814 		bic	r4, r2, #2031616
 182 001e C3F8F041 		str	r4, [r3, #496]
 183 0022 027D     		ldrb	r2, [r0, #20]	@ zero_extendqisi2
 184              	.L16:
 185 0024 C47C     		ldrb	r4, [r0, #19]	@ zero_extendqisi2
 186 0026 A242     		cmp	r2, r4
 187 0028 0BD8     		bhi	.L20
 188              	.L17:
 189 002a 02F1A005 		add	r5, r2, #160
 190 002e 0024     		movs	r4, #0
 191 0030 43F82540 		str	r4, [r3, r5, lsl #2]
 192 0034 02F1C005 		add	r5, r2, #192
 193 0038 0132     		adds	r2, r2, #1
 194 003a 43F82540 		str	r4, [r3, r5, lsl #2]
 195 003e D2B2     		uxtb	r2, r2
 196 0040 F0E7     		b	.L16
 197              	.L20:
 198 0042 827C     		ldrb	r2, [r0, #18]	@ zero_extendqisi2
 199 0044 012A     		cmp	r2, #1
 200 0046 08D1     		bne	.L18
 201 0048 D3F8C800 		ldr	r0, [r3, #200]
 202 004c 1034     		adds	r4, r4, #16
 203 004e 02FA04F2 		lsl	r2, r2, r4
 204 0052 20EA0202 		bic	r2, r0, r2
 205 0056 C3F8C820 		str	r2, [r3, #200]
 206              	.L18:
 207 005a 0020     		movs	r0, #0
 208 005c C870     		strb	r0, [r1, #3]
 209 005e 30BD     		pop	{r4, r5, pc}
 210              	.L19:
 211 0060 0120     		movs	r0, #1
 212 0062 30BD     		pop	{r4, r5, pc}
 214              		.section	.text.ADCCH001_SetAlias,"ax",%progbits
 215              		.align	1
 216              		.global	ADCCH001_SetAlias
 217              		.thumb
 218              		.thumb_func
 220              	ADCCH001_SetAlias:
 221              		@ args = 0, pretend = 0, frame = 0
 222              		@ frame_needed = 0, uses_anonymous_args = 0
 223 0000 0729     		cmp	r1, #7
 224 0002 30B5     		push	{r4, r5, lr}
 225 0004 1BD8     		bhi	.L23
 226 0006 4368     		ldr	r3, [r0, #4]
 227 0008 DA78     		ldrb	r2, [r3, #3]	@ zero_extendqisi2
 228 000a D2B1     		cbz	r2, .L25
 229 000c 827D     		ldrb	r2, [r0, #22]	@ zero_extendqisi2
 230 000e 012A     		cmp	r2, #1
 231 0010 17D8     		bhi	.L25
 232 0012 0368     		ldr	r3, [r0, #0]
 233 0014 D200     		lsls	r2, r2, #3
 234 0016 D3F8B040 		ldr	r4, [r3, #176]
 235 001a 1F25     		movs	r5, #31
 236 001c 05FA02F2 		lsl	r2, r5, r2
 237 0020 24EA0202 		bic	r2, r4, r2
 238 0024 C3F8B020 		str	r2, [r3, #176]
 239 0028 807D     		ldrb	r0, [r0, #22]	@ zero_extendqisi2
 240 002a D3F8B020 		ldr	r2, [r3, #176]
 241 002e C000     		lsls	r0, r0, #3
 242 0030 01FA00F1 		lsl	r1, r1, r0
 243 0034 1143     		orrs	r1, r1, r2
 244 0036 C3F8B010 		str	r1, [r3, #176]
 245 003a 0020     		movs	r0, #0
 246 003c 30BD     		pop	{r4, r5, pc}
 247              	.L23:
 248 003e 0220     		movs	r0, #2
 249 0040 30BD     		pop	{r4, r5, pc}
 250              	.L25:
 251 0042 0120     		movs	r0, #1
 252 0044 30BD     		pop	{r4, r5, pc}
 254              		.section	.text.ADCCH001_EnableBoundaryFlag,"ax",%progbits
 255              		.align	1
 256              		.global	ADCCH001_EnableBoundaryFlag
 257              		.thumb
 258              		.thumb_func
 260              	ADCCH001_EnableBoundaryFlag:
 261              		@ args = 0, pretend = 0, frame = 0
 262              		@ frame_needed = 0, uses_anonymous_args = 0
 263 0000 0329     		cmp	r1, #3
 264 0002 10B5     		push	{r4, lr}
 265 0004 0ED8     		bhi	.L28
 266 0006 4368     		ldr	r3, [r0, #4]
 267 0008 DA78     		ldrb	r2, [r3, #3]	@ zero_extendqisi2
 268 000a 0123     		movs	r3, #1
 269 000c 62B1     		cbz	r2, .L29
 270 000e 0068     		ldr	r0, [r0, #0]
 271 0010 1031     		adds	r1, r1, #16
 272 0012 D0F8C840 		ldr	r4, [r0, #200]
 273 0016 03FA01F3 		lsl	r3, r3, r1
 274 001a 2343     		orrs	r3, r3, r4
 275 001c C0F8C830 		str	r3, [r0, #200]
 276 0020 0020     		movs	r0, #0
 277 0022 10BD     		pop	{r4, pc}
 278              	.L28:
 279 0024 0220     		movs	r0, #2
 280 0026 10BD     		pop	{r4, pc}
 281              	.L29:
 282 0028 1846     		mov	r0, r3
 283 002a 10BD     		pop	{r4, pc}
 285              		.section	.text.ADCCH001_DisableBoundaryFlag,"ax",%progbits
 286              		.align	1
 287              		.global	ADCCH001_DisableBoundaryFlag
 288              		.thumb
 289              		.thumb_func
 291              	ADCCH001_DisableBoundaryFlag:
 292              		@ args = 0, pretend = 0, frame = 0
 293              		@ frame_needed = 0, uses_anonymous_args = 0
 294 0000 0329     		cmp	r1, #3
 295 0002 10B5     		push	{r4, lr}
 296 0004 0FD8     		bhi	.L32
 297 0006 4368     		ldr	r3, [r0, #4]
 298 0008 DA78     		ldrb	r2, [r3, #3]	@ zero_extendqisi2
 299 000a 0123     		movs	r3, #1
 300 000c 6AB1     		cbz	r2, .L33
 301 000e 0068     		ldr	r0, [r0, #0]
 302 0010 1031     		adds	r1, r1, #16
 303 0012 D0F8C840 		ldr	r4, [r0, #200]
 304 0016 03FA01F3 		lsl	r3, r3, r1
 305 001a 24EA0301 		bic	r1, r4, r3
 306 001e C0F8C810 		str	r1, [r0, #200]
 307 0022 0020     		movs	r0, #0
 308 0024 10BD     		pop	{r4, pc}
 309              	.L32:
 310 0026 0220     		movs	r0, #2
 311 0028 10BD     		pop	{r4, pc}
 312              	.L33:
 313 002a 1846     		mov	r0, r3
 314 002c 10BD     		pop	{r4, pc}
 316              		.section	.text.ADCCH001_SelectInputClass,"ax",%progbits
 317              		.align	1
 318              		.global	ADCCH001_SelectInputClass
 319              		.thumb
 320              		.thumb_func
 322              	ADCCH001_SelectInputClass:
 323              		@ args = 0, pretend = 0, frame = 0
 324              		@ frame_needed = 0, uses_anonymous_args = 0
 325 0000 0329     		cmp	r1, #3
 326 0002 10B5     		push	{r4, lr}
 327 0004 10D8     		bhi	.L36
 328 0006 4368     		ldr	r3, [r0, #4]
 329 0008 DA78     		ldrb	r2, [r3, #3]	@ zero_extendqisi2
 330 000a 7AB1     		cbz	r2, .L38
 331 000c C37D     		ldrb	r3, [r0, #23]	@ zero_extendqisi2
 332 000e 6BB9     		cbnz	r3, .L38
 333 0010 0268     		ldr	r2, [r0, #0]
 334 0012 807D     		ldrb	r0, [r0, #22]	@ zero_extendqisi2
 335 0014 8030     		adds	r0, r0, #128
 336 0016 52F82040 		ldr	r4, [r2, r0, lsl #2]
 337 001a 24F00304 		bic	r4, r4, #3
 338 001e 2143     		orrs	r1, r1, r4
 339 0020 42F82010 		str	r1, [r2, r0, lsl #2]
 340 0024 1846     		mov	r0, r3
 341 0026 10BD     		pop	{r4, pc}
 342              	.L36:
 343 0028 0220     		movs	r0, #2
 344 002a 10BD     		pop	{r4, pc}
 345              	.L38:
 346 002c 0120     		movs	r0, #1
 347 002e 10BD     		pop	{r4, pc}
 349              		.section	.text.ADCCH001_SelectChEvtMode,"ax",%progbits
 350              		.align	1
 351              		.global	ADCCH001_SelectChEvtMode
 352              		.thumb
 353              		.thumb_func
 355              	ADCCH001_SelectChEvtMode:
 356              		@ args = 0, pretend = 0, frame = 0
 357              		@ frame_needed = 0, uses_anonymous_args = 0
 358              		@ link register save eliminated.
 359 0000 0329     		cmp	r1, #3
 360 0002 11D8     		bhi	.L41
 361 0004 4368     		ldr	r3, [r0, #4]
 362 0006 DA78     		ldrb	r2, [r3, #3]	@ zero_extendqisi2
 363 0008 82B1     		cbz	r2, .L42
 364 000a 827D     		ldrb	r2, [r0, #22]	@ zero_extendqisi2
 365 000c 0368     		ldr	r3, [r0, #0]
 366 000e 8032     		adds	r2, r2, #128
 367 0010 0902     		lsls	r1, r1, #8
 368 0012 53F82200 		ldr	r0, [r3, r2, lsl #2]
 369 0016 01F44071 		and	r1, r1, #768
 370 001a 20F44070 		bic	r0, r0, #768
 371 001e 0143     		orrs	r1, r1, r0
 372 0020 43F82210 		str	r1, [r3, r2, lsl #2]
 373 0024 0020     		movs	r0, #0
 374 0026 7047     		bx	lr
 375              	.L41:
 376 0028 0220     		movs	r0, #2
 377 002a 7047     		bx	lr
 378              	.L42:
 379 002c 0120     		movs	r0, #1
 380 002e 7047     		bx	lr
 382              		.section	.text.ADCCH001_SelectUpperBoundary,"ax",%progbits
 383              		.align	1
 384              		.global	ADCCH001_SelectUpperBoundary
 385              		.thumb
 386              		.thumb_func
 388              	ADCCH001_SelectUpperBoundary:
 389              		@ args = 0, pretend = 0, frame = 0
 390              		@ frame_needed = 0, uses_anonymous_args = 0
 391 0000 0329     		cmp	r1, #3
 392 0002 10B5     		push	{r4, lr}
 393 0004 12D8     		bhi	.L45
 394 0006 4368     		ldr	r3, [r0, #4]
 395 0008 DA78     		ldrb	r2, [r3, #3]	@ zero_extendqisi2
 396 000a 8AB1     		cbz	r2, .L47
 397 000c C37D     		ldrb	r3, [r0, #23]	@ zero_extendqisi2
 398 000e 7BB9     		cbnz	r3, .L47
 399 0010 0268     		ldr	r2, [r0, #0]
 400 0012 807D     		ldrb	r0, [r0, #22]	@ zero_extendqisi2
 401 0014 8030     		adds	r0, r0, #128
 402 0016 8901     		lsls	r1, r1, #6
 403 0018 52F82040 		ldr	r4, [r2, r0, lsl #2]
 404 001c C9B2     		uxtb	r1, r1
 405 001e 24F0C004 		bic	r4, r4, #192
 406 0022 2143     		orrs	r1, r1, r4
 407 0024 42F82010 		str	r1, [r2, r0, lsl #2]
 408 0028 1846     		mov	r0, r3
 409 002a 10BD     		pop	{r4, pc}
 410              	.L45:
 411 002c 0220     		movs	r0, #2
 412 002e 10BD     		pop	{r4, pc}
 413              	.L47:
 414 0030 0120     		movs	r0, #1
 415 0032 10BD     		pop	{r4, pc}
 417              		.section	.text.ADCCH001_SelectLowerBoundary,"ax",%progbits
 418              		.align	1
 419              		.global	ADCCH001_SelectLowerBoundary
 420              		.thumb
 421              		.thumb_func
 423              	ADCCH001_SelectLowerBoundary:
 424              		@ args = 0, pretend = 0, frame = 0
 425              		@ frame_needed = 0, uses_anonymous_args = 0
 426 0000 0329     		cmp	r1, #3
 427 0002 10B5     		push	{r4, lr}
 428 0004 13D8     		bhi	.L50
 429 0006 4368     		ldr	r3, [r0, #4]
 430 0008 DA78     		ldrb	r2, [r3, #3]	@ zero_extendqisi2
 431 000a 92B1     		cbz	r2, .L52
 432 000c C37D     		ldrb	r3, [r0, #23]	@ zero_extendqisi2
 433 000e 83B9     		cbnz	r3, .L52
 434 0010 0268     		ldr	r2, [r0, #0]
 435 0012 807D     		ldrb	r0, [r0, #22]	@ zero_extendqisi2
 436 0014 8030     		adds	r0, r0, #128
 437 0016 0901     		lsls	r1, r1, #4
 438 0018 52F82040 		ldr	r4, [r2, r0, lsl #2]
 439 001c 01F03001 		and	r1, r1, #48
 440 0020 24F03004 		bic	r4, r4, #48
 441 0024 2143     		orrs	r1, r1, r4
 442 0026 42F82010 		str	r1, [r2, r0, lsl #2]
 443 002a 1846     		mov	r0, r3
 444 002c 10BD     		pop	{r4, pc}
 445              	.L50:
 446 002e 0220     		movs	r0, #2
 447 0030 10BD     		pop	{r4, pc}
 448              	.L52:
 449 0032 0120     		movs	r0, #1
 450 0034 10BD     		pop	{r4, pc}
 452              		.section	.text.ADCCH001_GetResult,"ax",%progbits
 453              		.align	1
 454              		.global	ADCCH001_GetResult
 455              		.thumb
 456              		.thumb_func
 458              	ADCCH001_GetResult:
 459              		@ args = 0, pretend = 0, frame = 0
 460              		@ frame_needed = 0, uses_anonymous_args = 0
 461 0000 4368     		ldr	r3, [r0, #4]
 462 0002 DA78     		ldrb	r2, [r3, #3]	@ zero_extendqisi2
 463 0004 10B5     		push	{r4, lr}
 464 0006 0468     		ldr	r4, [r0, #0]
 465 0008 82B1     		cbz	r2, .L57
 466 000a C27D     		ldrb	r2, [r0, #23]	@ zero_extendqisi2
 467 000c 72B9     		cbnz	r2, .L57
 468 000e 007D     		ldrb	r0, [r0, #20]	@ zero_extendqisi2
 469 0010 C030     		adds	r0, r0, #192
 470 0012 54F82000 		ldr	r0, [r4, r0, lsl #2]
 471 0016 0028     		cmp	r0, #0
 472 0018 04DA     		bge	.L55
 473 001a 80B2     		uxth	r0, r0
 474 001c 1880     		strh	r0, [r3, #0]	@ movhi
 475 001e 0880     		strh	r0, [r1, #0]	@ movhi
 476 0020 1046     		mov	r0, r2
 477 0022 10BD     		pop	{r4, pc}
 478              	.L55:
 479 0024 1B88     		ldrh	r3, [r3, #0]
 480 0026 0320     		movs	r0, #3
 481 0028 0B80     		strh	r3, [r1, #0]	@ movhi
 482 002a 10BD     		pop	{r4, pc}
 483              	.L57:
 484 002c 0120     		movs	r0, #1
 485 002e 10BD     		pop	{r4, pc}
 487              		.section	.text.ADCCH001_GetFastCompareResult,"ax",%progbits
 488              		.align	1
 489              		.global	ADCCH001_GetFastCompareResult
 490              		.thumb
 491              		.thumb_func
 493              	ADCCH001_GetFastCompareResult:
 494              		@ args = 0, pretend = 0, frame = 0
 495              		@ frame_needed = 0, uses_anonymous_args = 0
 496 0000 90E80C00 		ldmia	r0, {r2, r3}
 497 0004 10B5     		push	{r4, lr}
 498 0006 DC78     		ldrb	r4, [r3, #3]	@ zero_extendqisi2
 499 0008 A4B1     		cbz	r4, .L62
 500 000a C47D     		ldrb	r4, [r0, #23]	@ zero_extendqisi2
 501 000c 012C     		cmp	r4, #1
 502 000e 11D1     		bne	.L62
 503 0010 047D     		ldrb	r4, [r0, #20]	@ zero_extendqisi2
 504 0012 C034     		adds	r4, r4, #192
 505 0014 52F82420 		ldr	r2, [r2, r4, lsl #2]
 506 0018 002A     		cmp	r2, #0
 507 001a 07DA     		bge	.L60
 508 001c C2F38072 		ubfx	r2, r2, #30, #1
 509 0020 9A70     		strb	r2, [r3, #2]
 510 0022 4068     		ldr	r0, [r0, #4]
 511 0024 8378     		ldrb	r3, [r0, #2]	@ zero_extendqisi2
 512 0026 0020     		movs	r0, #0
 513 0028 0B70     		strb	r3, [r1, #0]
 514 002a 10BD     		pop	{r4, pc}
 515              	.L60:
 516 002c 9B78     		ldrb	r3, [r3, #2]	@ zero_extendqisi2
 517 002e 0320     		movs	r0, #3
 518 0030 0B70     		strb	r3, [r1, #0]
 519 0032 10BD     		pop	{r4, pc}
 520              	.L62:
 521 0034 0120     		movs	r0, #1
 522 0036 10BD     		pop	{r4, pc}
 524              		.section	.text.ADCCH001_SetCompareValue,"ax",%progbits
 525              		.align	1
 526              		.global	ADCCH001_SetCompareValue
 527              		.thumb
 528              		.thumb_func
 530              	ADCCH001_SetCompareValue:
 531              		@ args = 0, pretend = 0, frame = 0
 532              		@ frame_needed = 0, uses_anonymous_args = 0
 533              		@ link register save eliminated.
 534 0000 B1F5806F 		cmp	r1, #1024
 535 0004 13D2     		bcs	.L65
 536 0006 4368     		ldr	r3, [r0, #4]
 537 0008 DA78     		ldrb	r2, [r3, #3]	@ zero_extendqisi2
 538 000a 92B1     		cbz	r2, .L67
 539 000c C37D     		ldrb	r3, [r0, #23]	@ zero_extendqisi2
 540 000e 012B     		cmp	r3, #1
 541 0010 0FD1     		bne	.L67
 542 0012 0268     		ldr	r2, [r0, #0]
 543 0014 C07C     		ldrb	r0, [r0, #19]	@ zero_extendqisi2
 544 0016 C030     		adds	r0, r0, #192
 545 0018 8904     		lsls	r1, r1, #18
 546 001a 52F82030 		ldr	r3, [r2, r0, lsl #2]
 547 001e 1B0C     		lsrs	r3, r3, #16
 548 0020 1B04     		lsls	r3, r3, #16
 549 0022 43EA1141 		orr	r1, r3, r1, lsr #16
 550 0026 42F82010 		str	r1, [r2, r0, lsl #2]
 551 002a 0020     		movs	r0, #0
 552 002c 7047     		bx	lr
 553              	.L65:
 554 002e 0220     		movs	r0, #2
 555 0030 7047     		bx	lr
 556              	.L67:
 557 0032 0120     		movs	r0, #1
 558 0034 7047     		bx	lr
 560              		.section	.text.ADCCH001_EnablePriorityChannel,"ax",%progbits
 561              		.align	1
 562              		.global	ADCCH001_EnablePriorityChannel
 563              		.thumb
 564              		.thumb_func
 566              	ADCCH001_EnablePriorityChannel:
 567              		@ args = 0, pretend = 0, frame = 0
 568              		@ frame_needed = 0, uses_anonymous_args = 0
 569              		@ link register save eliminated.
 570 0000 4368     		ldr	r3, [r0, #4]
 571 0002 DA78     		ldrb	r2, [r3, #3]	@ zero_extendqisi2
 572 0004 0123     		movs	r3, #1
 573 0006 52B1     		cbz	r2, .L70
 574 0008 0268     		ldr	r2, [r0, #0]
 575 000a 807D     		ldrb	r0, [r0, #22]	@ zero_extendqisi2
 576 000c D2F88810 		ldr	r1, [r2, #136]
 577 0010 03FA00F3 		lsl	r3, r3, r0
 578 0014 0B43     		orrs	r3, r3, r1
 579 0016 C2F88830 		str	r3, [r2, #136]
 580 001a 0020     		movs	r0, #0
 581 001c 7047     		bx	lr
 582              	.L70:
 583 001e 1846     		mov	r0, r3
 584 0020 7047     		bx	lr
 586              		.section	.text.ADCCH001_DisablePriorityChannel,"ax",%progbits
 587              		.align	1
 588              		.global	ADCCH001_DisablePriorityChannel
 589              		.thumb
 590              		.thumb_func
 592              	ADCCH001_DisablePriorityChannel:
 593              		@ args = 0, pretend = 0, frame = 0
 594              		@ frame_needed = 0, uses_anonymous_args = 0
 595              		@ link register save eliminated.
 596 0000 4368     		ldr	r3, [r0, #4]
 597 0002 DA78     		ldrb	r2, [r3, #3]	@ zero_extendqisi2
 598 0004 0123     		movs	r3, #1
 599 0006 5AB1     		cbz	r2, .L73
 600 0008 0268     		ldr	r2, [r0, #0]
 601 000a 807D     		ldrb	r0, [r0, #22]	@ zero_extendqisi2
 602 000c D2F88810 		ldr	r1, [r2, #136]
 603 0010 03FA00F3 		lsl	r3, r3, r0
 604 0014 21EA0303 		bic	r3, r1, r3
 605 0018 C2F88830 		str	r3, [r2, #136]
 606 001c 0020     		movs	r0, #0
 607 001e 7047     		bx	lr
 608              	.L73:
 609 0020 1846     		mov	r0, r3
 610 0022 7047     		bx	lr
 612              		.section	.text.ADCCH001_EnableResultEvt,"ax",%progbits
 613              		.align	1
 614              		.global	ADCCH001_EnableResultEvt
 615              		.thumb
 616              		.thumb_func
 618              	ADCCH001_EnableResultEvt:
 619              		@ args = 0, pretend = 0, frame = 0
 620              		@ frame_needed = 0, uses_anonymous_args = 0
 621              		@ link register save eliminated.
 622 0000 4368     		ldr	r3, [r0, #4]
 623 0002 D978     		ldrb	r1, [r3, #3]	@ zero_extendqisi2
 624 0004 61B1     		cbz	r1, .L77
 625 0006 C37D     		ldrb	r3, [r0, #23]	@ zero_extendqisi2
 626 0008 53B9     		cbnz	r3, .L77
 627 000a 017D     		ldrb	r1, [r0, #20]	@ zero_extendqisi2
 628 000c 0268     		ldr	r2, [r0, #0]
 629 000e A031     		adds	r1, r1, #160
 630 0010 52F82100 		ldr	r0, [r2, r1, lsl #2]
 631 0014 40F00040 		orr	r0, r0, #-2147483648
 632 0018 42F82100 		str	r0, [r2, r1, lsl #2]
 633 001c 1846     		mov	r0, r3
 634 001e 7047     		bx	lr
 635              	.L77:
 636 0020 0120     		movs	r0, #1
 637 0022 7047     		bx	lr
 639              		.section	.text.ADCCH001_DisableResultEvt,"ax",%progbits
 640              		.align	1
 641              		.global	ADCCH001_DisableResultEvt
 642              		.thumb
 643              		.thumb_func
 645              	ADCCH001_DisableResultEvt:
 646              		@ args = 0, pretend = 0, frame = 0
 647              		@ frame_needed = 0, uses_anonymous_args = 0
 648              		@ link register save eliminated.
 649 0000 4368     		ldr	r3, [r0, #4]
 650 0002 D978     		ldrb	r1, [r3, #3]	@ zero_extendqisi2
 651 0004 61B1     		cbz	r1, .L81
 652 0006 C37D     		ldrb	r3, [r0, #23]	@ zero_extendqisi2
 653 0008 53B9     		cbnz	r3, .L81
 654 000a 017D     		ldrb	r1, [r0, #20]	@ zero_extendqisi2
 655 000c 0268     		ldr	r2, [r0, #0]
 656 000e A031     		adds	r1, r1, #160
 657 0010 52F82100 		ldr	r0, [r2, r1, lsl #2]
 658 0014 20F00040 		bic	r0, r0, #-2147483648
 659 0018 42F82100 		str	r0, [r2, r1, lsl #2]
 660 001c 1846     		mov	r0, r3
 661 001e 7047     		bx	lr
 662              	.L81:
 663 0020 0120     		movs	r0, #1
 664 0022 7047     		bx	lr
 666              		.section	.text.ADCCH001_GetResultEvtFlag,"ax",%progbits
 667              		.align	1
 668              		.global	ADCCH001_GetResultEvtFlag
 669              		.thumb
 670              		.thumb_func
 672              	ADCCH001_GetResultEvtFlag:
 673              		@ args = 0, pretend = 0, frame = 0
 674              		@ frame_needed = 0, uses_anonymous_args = 0
 675 0000 4368     		ldr	r3, [r0, #4]
 676 0002 DA78     		ldrb	r2, [r3, #3]	@ zero_extendqisi2
 677 0004 10B5     		push	{r4, lr}
 678 0006 72B1     		cbz	r2, .L85
 679 0008 C37D     		ldrb	r3, [r0, #23]	@ zero_extendqisi2
 680 000a 63B9     		cbnz	r3, .L85
 681 000c 0468     		ldr	r4, [r0, #0]
 682 000e 027D     		ldrb	r2, [r0, #20]	@ zero_extendqisi2
 683 0010 D4F88441 		ldr	r4, [r4, #388]
 684 0014 0120     		movs	r0, #1
 685 0016 00FA02F0 		lsl	r0, r0, r2
 686 001a 2040     		ands	r0, r0, r4
 687 001c 20FA02F2 		lsr	r2, r0, r2
 688 0020 0A70     		strb	r2, [r1, #0]
 689 0022 1846     		mov	r0, r3
 690 0024 10BD     		pop	{r4, pc}
 691              	.L85:
 692 0026 0120     		movs	r0, #1
 693 0028 10BD     		pop	{r4, pc}
 695              		.section	.text.ADCCH001_GetChannelEvtFlag,"ax",%progbits
 696              		.align	1
 697              		.global	ADCCH001_GetChannelEvtFlag
 698              		.thumb
 699              		.thumb_func
 701              	ADCCH001_GetChannelEvtFlag:
 702              		@ args = 0, pretend = 0, frame = 0
 703              		@ frame_needed = 0, uses_anonymous_args = 0
 704 0000 4368     		ldr	r3, [r0, #4]
 705 0002 DA78     		ldrb	r2, [r3, #3]	@ zero_extendqisi2
 706 0004 10B5     		push	{r4, lr}
 707 0006 0123     		movs	r3, #1
 708 0008 5AB1     		cbz	r2, .L88
 709 000a 0468     		ldr	r4, [r0, #0]
 710 000c 807D     		ldrb	r0, [r0, #22]	@ zero_extendqisi2
 711 000e D4F88041 		ldr	r4, [r4, #384]
 712 0012 03FA00F3 		lsl	r3, r3, r0
 713 0016 2340     		ands	r3, r3, r4
 714 0018 23FA00F2 		lsr	r2, r3, r0
 715 001c 0A70     		strb	r2, [r1, #0]
 716 001e 0020     		movs	r0, #0
 717 0020 10BD     		pop	{r4, pc}
 718              	.L88:
 719 0022 1846     		mov	r0, r3
 720 0024 10BD     		pop	{r4, pc}
 722              		.section	.text.ADCCH001_SetResultEvtFlag,"ax",%progbits
 723              		.align	1
 724              		.global	ADCCH001_SetResultEvtFlag
 725              		.thumb
 726              		.thumb_func
 728              	ADCCH001_SetResultEvtFlag:
 729              		@ args = 0, pretend = 0, frame = 0
 730              		@ frame_needed = 0, uses_anonymous_args = 0
 731 0000 4368     		ldr	r3, [r0, #4]
 732 0002 D978     		ldrb	r1, [r3, #3]	@ zero_extendqisi2
 733 0004 10B5     		push	{r4, lr}
 734 0006 69B1     		cbz	r1, .L92
 735 0008 C37D     		ldrb	r3, [r0, #23]	@ zero_extendqisi2
 736 000a 5BB9     		cbnz	r3, .L92
 737 000c 0268     		ldr	r2, [r0, #0]
 738 000e 017D     		ldrb	r1, [r0, #20]	@ zero_extendqisi2
 739 0010 D2F88441 		ldr	r4, [r2, #388]
 740 0014 0120     		movs	r0, #1
 741 0016 00FA01F1 		lsl	r1, r0, r1
 742 001a 2143     		orrs	r1, r1, r4
 743 001c C2F88411 		str	r1, [r2, #388]
 744 0020 1846     		mov	r0, r3
 745 0022 10BD     		pop	{r4, pc}
 746              	.L92:
 747 0024 0120     		movs	r0, #1
 748 0026 10BD     		pop	{r4, pc}
 750              		.section	.text.ADCCH001_SetChannelEvtFlag,"ax",%progbits
 751              		.align	1
 752              		.global	ADCCH001_SetChannelEvtFlag
 753              		.thumb
 754              		.thumb_func
 756              	ADCCH001_SetChannelEvtFlag:
 757              		@ args = 0, pretend = 0, frame = 0
 758              		@ frame_needed = 0, uses_anonymous_args = 0
 759              		@ link register save eliminated.
 760 0000 4368     		ldr	r3, [r0, #4]
 761 0002 DA78     		ldrb	r2, [r3, #3]	@ zero_extendqisi2
 762 0004 0123     		movs	r3, #1
 763 0006 52B1     		cbz	r2, .L95
 764 0008 0268     		ldr	r2, [r0, #0]
 765 000a 807D     		ldrb	r0, [r0, #22]	@ zero_extendqisi2
 766 000c D2F88011 		ldr	r1, [r2, #384]
 767 0010 03FA00F3 		lsl	r3, r3, r0
 768 0014 0B43     		orrs	r3, r3, r1
 769 0016 C2F88031 		str	r3, [r2, #384]
 770 001a 0020     		movs	r0, #0
 771 001c 7047     		bx	lr
 772              	.L95:
 773 001e 1846     		mov	r0, r3
 774 0020 7047     		bx	lr
 776              		.section	.text.ADCCH001_ClearResultEvtFlag,"ax",%progbits
 777              		.align	1
 778              		.global	ADCCH001_ClearResultEvtFlag
 779              		.thumb
 780              		.thumb_func
 782              	ADCCH001_ClearResultEvtFlag:
 783              		@ args = 0, pretend = 0, frame = 0
 784              		@ frame_needed = 0, uses_anonymous_args = 0
 785 0000 4368     		ldr	r3, [r0, #4]
 786 0002 D978     		ldrb	r1, [r3, #3]	@ zero_extendqisi2
 787 0004 10B5     		push	{r4, lr}
 788 0006 69B1     		cbz	r1, .L99
 789 0008 C37D     		ldrb	r3, [r0, #23]	@ zero_extendqisi2
 790 000a 5BB9     		cbnz	r3, .L99
 791 000c 0268     		ldr	r2, [r0, #0]
 792 000e 017D     		ldrb	r1, [r0, #20]	@ zero_extendqisi2
 793 0010 D2F89441 		ldr	r4, [r2, #404]
 794 0014 0120     		movs	r0, #1
 795 0016 00FA01F1 		lsl	r1, r0, r1
 796 001a 2143     		orrs	r1, r1, r4
 797 001c C2F89411 		str	r1, [r2, #404]
 798 0020 1846     		mov	r0, r3
 799 0022 10BD     		pop	{r4, pc}
 800              	.L99:
 801 0024 0120     		movs	r0, #1
 802 0026 10BD     		pop	{r4, pc}
 804              		.section	.text.ADCCH001_ClearChannelEvtFlag,"ax",%progbits
 805              		.align	1
 806              		.global	ADCCH001_ClearChannelEvtFlag
 807              		.thumb
 808              		.thumb_func
 810              	ADCCH001_ClearChannelEvtFlag:
 811              		@ args = 0, pretend = 0, frame = 0
 812              		@ frame_needed = 0, uses_anonymous_args = 0
 813              		@ link register save eliminated.
 814 0000 4368     		ldr	r3, [r0, #4]
 815 0002 DA78     		ldrb	r2, [r3, #3]	@ zero_extendqisi2
 816 0004 0123     		movs	r3, #1
 817 0006 52B1     		cbz	r2, .L102
 818 0008 0268     		ldr	r2, [r0, #0]
 819 000a 807D     		ldrb	r0, [r0, #22]	@ zero_extendqisi2
 820 000c D2F89011 		ldr	r1, [r2, #400]
 821 0010 03FA00F3 		lsl	r3, r3, r0
 822 0014 0B43     		orrs	r3, r3, r1
 823 0016 C2F89031 		str	r3, [r2, #400]
 824 001a 0020     		movs	r0, #0
 825 001c 7047     		bx	lr
 826              	.L102:
 827 001e 1846     		mov	r0, r3
 828 0020 7047     		bx	lr
 830              		.section	.text.ADCCH001_SetBWDChannel,"ax",%progbits
 831              		.align	1
 832              		.global	ADCCH001_SetBWDChannel
 833              		.thumb
 834              		.thumb_func
 836              	ADCCH001_SetBWDChannel:
 837              		@ args = 0, pretend = 0, frame = 0
 838              		@ frame_needed = 0, uses_anonymous_args = 0
 839 0000 4368     		ldr	r3, [r0, #4]
 840 0002 DA78     		ldrb	r2, [r3, #3]	@ zero_extendqisi2
 841 0004 10B5     		push	{r4, lr}
 842 0006 82B1     		cbz	r2, .L106
 843 0008 C37D     		ldrb	r3, [r0, #23]	@ zero_extendqisi2
 844 000a 73B9     		cbnz	r3, .L106
 845 000c 0268     		ldr	r2, [r0, #0]
 846 000e 807D     		ldrb	r0, [r0, #22]	@ zero_extendqisi2
 847 0010 8030     		adds	r0, r0, #128
 848 0012 0907     		lsls	r1, r1, #28
 849 0014 52F82040 		ldr	r4, [r2, r0, lsl #2]
 850 0018 01F04051 		and	r1, r1, #805306368
 851 001c 24F04054 		bic	r4, r4, #805306368
 852 0020 2143     		orrs	r1, r1, r4
 853 0022 42F82010 		str	r1, [r2, r0, lsl #2]
 854 0026 1846     		mov	r0, r3
 855 0028 10BD     		pop	{r4, pc}
 856              	.L106:
 857 002a 0120     		movs	r0, #1
 858 002c 10BD     		pop	{r4, pc}
 860              		.section	.text.ADCCH001_EnableBWD,"ax",%progbits
 861              		.align	1
 862              		.global	ADCCH001_EnableBWD
 863              		.thumb
 864              		.thumb_func
 866              	ADCCH001_EnableBWD:
 867              		@ args = 0, pretend = 0, frame = 0
 868              		@ frame_needed = 0, uses_anonymous_args = 0
 869              		@ link register save eliminated.
 870 0000 4368     		ldr	r3, [r0, #4]
 871 0002 D978     		ldrb	r1, [r3, #3]	@ zero_extendqisi2
 872 0004 61B1     		cbz	r1, .L110
 873 0006 C37D     		ldrb	r3, [r0, #23]	@ zero_extendqisi2
 874 0008 53B9     		cbnz	r3, .L110
 875 000a 817D     		ldrb	r1, [r0, #22]	@ zero_extendqisi2
 876 000c 0268     		ldr	r2, [r0, #0]
 877 000e 8031     		adds	r1, r1, #128
 878 0010 52F82100 		ldr	r0, [r2, r1, lsl #2]
 879 0014 40F08040 		orr	r0, r0, #1073741824
 880 0018 42F82100 		str	r0, [r2, r1, lsl #2]
 881 001c 1846     		mov	r0, r3
 882 001e 7047     		bx	lr
 883              	.L110:
 884 0020 0120     		movs	r0, #1
 885 0022 7047     		bx	lr
 887              		.section	.text.ADCCH001_DisableBWD,"ax",%progbits
 888              		.align	1
 889              		.global	ADCCH001_DisableBWD
 890              		.thumb
 891              		.thumb_func
 893              	ADCCH001_DisableBWD:
 894              		@ args = 0, pretend = 0, frame = 0
 895              		@ frame_needed = 0, uses_anonymous_args = 0
 896              		@ link register save eliminated.
 897 0000 4368     		ldr	r3, [r0, #4]
 898 0002 D978     		ldrb	r1, [r3, #3]	@ zero_extendqisi2
 899 0004 61B1     		cbz	r1, .L114
 900 0006 C37D     		ldrb	r3, [r0, #23]	@ zero_extendqisi2
 901 0008 53B9     		cbnz	r3, .L114
 902 000a 817D     		ldrb	r1, [r0, #22]	@ zero_extendqisi2
 903 000c 0268     		ldr	r2, [r0, #0]
 904 000e 8031     		adds	r1, r1, #128
 905 0010 52F82100 		ldr	r0, [r2, r1, lsl #2]
 906 0014 20F08040 		bic	r0, r0, #1073741824
 907 0018 42F82100 		str	r0, [r2, r1, lsl #2]
 908 001c 1846     		mov	r0, r3
 909 001e 7047     		bx	lr
 910              	.L114:
 911 0020 0120     		movs	r0, #1
 912 0022 7047     		bx	lr
 914              		.section	.text.ADCCH001_EnableWaitForRead,"ax",%progbits
 915              		.align	1
 916              		.global	ADCCH001_EnableWaitForRead
 917              		.thumb
 918              		.thumb_func
 920              	ADCCH001_EnableWaitForRead:
 921              		@ args = 0, pretend = 0, frame = 0
 922              		@ frame_needed = 0, uses_anonymous_args = 0
 923              		@ link register save eliminated.
 924 0000 4368     		ldr	r3, [r0, #4]
 925 0002 D978     		ldrb	r1, [r3, #3]	@ zero_extendqisi2
 926 0004 61B1     		cbz	r1, .L118
 927 0006 C37D     		ldrb	r3, [r0, #23]	@ zero_extendqisi2
 928 0008 53B9     		cbnz	r3, .L118
 929 000a C17C     		ldrb	r1, [r0, #19]	@ zero_extendqisi2
 930 000c 0268     		ldr	r2, [r0, #0]
 931 000e A031     		adds	r1, r1, #160
 932 0010 52F82100 		ldr	r0, [r2, r1, lsl #2]
 933 0014 40F08070 		orr	r0, r0, #16777216
 934 0018 42F82100 		str	r0, [r2, r1, lsl #2]
 935 001c 1846     		mov	r0, r3
 936 001e 7047     		bx	lr
 937              	.L118:
 938 0020 0120     		movs	r0, #1
 939 0022 7047     		bx	lr
 941              		.section	.text.ADCCH001_DisableWaitForRead,"ax",%progbits
 942              		.align	1
 943              		.global	ADCCH001_DisableWaitForRead
 944              		.thumb
 945              		.thumb_func
 947              	ADCCH001_DisableWaitForRead:
 948              		@ args = 0, pretend = 0, frame = 0
 949              		@ frame_needed = 0, uses_anonymous_args = 0
 950              		@ link register save eliminated.
 951 0000 4368     		ldr	r3, [r0, #4]
 952 0002 D978     		ldrb	r1, [r3, #3]	@ zero_extendqisi2
 953 0004 61B1     		cbz	r1, .L122
 954 0006 C37D     		ldrb	r3, [r0, #23]	@ zero_extendqisi2
 955 0008 53B9     		cbnz	r3, .L122
 956 000a C17C     		ldrb	r1, [r0, #19]	@ zero_extendqisi2
 957 000c 0268     		ldr	r2, [r0, #0]
 958 000e A031     		adds	r1, r1, #160
 959 0010 52F82100 		ldr	r0, [r2, r1, lsl #2]
 960 0014 20F08070 		bic	r0, r0, #16777216
 961 0018 42F82100 		str	r0, [r2, r1, lsl #2]
 962 001c 1846     		mov	r0, r3
 963 001e 7047     		bx	lr
 964              	.L122:
 965 0020 0120     		movs	r0, #1
 966 0022 7047     		bx	lr
 968              		.ident	"GCC: (GNU Tools for ARM Embedded Processors) 4.7.4 20130913 (release) [ARM/embedded-4_7-br
DEFINED SYMBOLS
                            *ABS*:00000000 ADCCH001.c
C:\Users\Mihai\AppData\Local\Temp\ccCv4exu.s:17     .text.ADCCH001_Init:00000000 $t
C:\Users\Mihai\AppData\Local\Temp\ccCv4exu.s:22     .text.ADCCH001_Init:00000000 ADCCH001_Init
C:\Users\Mihai\AppData\Local\Temp\ccCv4exu.s:159    .text.ADCCH001_Init:0000016c $d
C:\Users\Mihai\AppData\Local\Temp\ccCv4exu.s:162    .text.ADCCH001_Deinit:00000000 $t
C:\Users\Mihai\AppData\Local\Temp\ccCv4exu.s:167    .text.ADCCH001_Deinit:00000000 ADCCH001_Deinit
C:\Users\Mihai\AppData\Local\Temp\ccCv4exu.s:215    .text.ADCCH001_SetAlias:00000000 $t
C:\Users\Mihai\AppData\Local\Temp\ccCv4exu.s:220    .text.ADCCH001_SetAlias:00000000 ADCCH001_SetAlias
C:\Users\Mihai\AppData\Local\Temp\ccCv4exu.s:255    .text.ADCCH001_EnableBoundaryFlag:00000000 $t
C:\Users\Mihai\AppData\Local\Temp\ccCv4exu.s:260    .text.ADCCH001_EnableBoundaryFlag:00000000 ADCCH001_EnableBoundaryFlag
C:\Users\Mihai\AppData\Local\Temp\ccCv4exu.s:286    .text.ADCCH001_DisableBoundaryFlag:00000000 $t
C:\Users\Mihai\AppData\Local\Temp\ccCv4exu.s:291    .text.ADCCH001_DisableBoundaryFlag:00000000 ADCCH001_DisableBoundaryFlag
C:\Users\Mihai\AppData\Local\Temp\ccCv4exu.s:317    .text.ADCCH001_SelectInputClass:00000000 $t
C:\Users\Mihai\AppData\Local\Temp\ccCv4exu.s:322    .text.ADCCH001_SelectInputClass:00000000 ADCCH001_SelectInputClass
C:\Users\Mihai\AppData\Local\Temp\ccCv4exu.s:350    .text.ADCCH001_SelectChEvtMode:00000000 $t
C:\Users\Mihai\AppData\Local\Temp\ccCv4exu.s:355    .text.ADCCH001_SelectChEvtMode:00000000 ADCCH001_SelectChEvtMode
C:\Users\Mihai\AppData\Local\Temp\ccCv4exu.s:383    .text.ADCCH001_SelectUpperBoundary:00000000 $t
C:\Users\Mihai\AppData\Local\Temp\ccCv4exu.s:388    .text.ADCCH001_SelectUpperBoundary:00000000 ADCCH001_SelectUpperBoundary
C:\Users\Mihai\AppData\Local\Temp\ccCv4exu.s:418    .text.ADCCH001_SelectLowerBoundary:00000000 $t
C:\Users\Mihai\AppData\Local\Temp\ccCv4exu.s:423    .text.ADCCH001_SelectLowerBoundary:00000000 ADCCH001_SelectLowerBoundary
C:\Users\Mihai\AppData\Local\Temp\ccCv4exu.s:453    .text.ADCCH001_GetResult:00000000 $t
C:\Users\Mihai\AppData\Local\Temp\ccCv4exu.s:458    .text.ADCCH001_GetResult:00000000 ADCCH001_GetResult
C:\Users\Mihai\AppData\Local\Temp\ccCv4exu.s:488    .text.ADCCH001_GetFastCompareResult:00000000 $t
C:\Users\Mihai\AppData\Local\Temp\ccCv4exu.s:493    .text.ADCCH001_GetFastCompareResult:00000000 ADCCH001_GetFastCompareResult
C:\Users\Mihai\AppData\Local\Temp\ccCv4exu.s:525    .text.ADCCH001_SetCompareValue:00000000 $t
C:\Users\Mihai\AppData\Local\Temp\ccCv4exu.s:530    .text.ADCCH001_SetCompareValue:00000000 ADCCH001_SetCompareValue
C:\Users\Mihai\AppData\Local\Temp\ccCv4exu.s:561    .text.ADCCH001_EnablePriorityChannel:00000000 $t
C:\Users\Mihai\AppData\Local\Temp\ccCv4exu.s:566    .text.ADCCH001_EnablePriorityChannel:00000000 ADCCH001_EnablePriorityChannel
C:\Users\Mihai\AppData\Local\Temp\ccCv4exu.s:587    .text.ADCCH001_DisablePriorityChannel:00000000 $t
C:\Users\Mihai\AppData\Local\Temp\ccCv4exu.s:592    .text.ADCCH001_DisablePriorityChannel:00000000 ADCCH001_DisablePriorityChannel
C:\Users\Mihai\AppData\Local\Temp\ccCv4exu.s:613    .text.ADCCH001_EnableResultEvt:00000000 $t
C:\Users\Mihai\AppData\Local\Temp\ccCv4exu.s:618    .text.ADCCH001_EnableResultEvt:00000000 ADCCH001_EnableResultEvt
C:\Users\Mihai\AppData\Local\Temp\ccCv4exu.s:640    .text.ADCCH001_DisableResultEvt:00000000 $t
C:\Users\Mihai\AppData\Local\Temp\ccCv4exu.s:645    .text.ADCCH001_DisableResultEvt:00000000 ADCCH001_DisableResultEvt
C:\Users\Mihai\AppData\Local\Temp\ccCv4exu.s:667    .text.ADCCH001_GetResultEvtFlag:00000000 $t
C:\Users\Mihai\AppData\Local\Temp\ccCv4exu.s:672    .text.ADCCH001_GetResultEvtFlag:00000000 ADCCH001_GetResultEvtFlag
C:\Users\Mihai\AppData\Local\Temp\ccCv4exu.s:696    .text.ADCCH001_GetChannelEvtFlag:00000000 $t
C:\Users\Mihai\AppData\Local\Temp\ccCv4exu.s:701    .text.ADCCH001_GetChannelEvtFlag:00000000 ADCCH001_GetChannelEvtFlag
C:\Users\Mihai\AppData\Local\Temp\ccCv4exu.s:723    .text.ADCCH001_SetResultEvtFlag:00000000 $t
C:\Users\Mihai\AppData\Local\Temp\ccCv4exu.s:728    .text.ADCCH001_SetResultEvtFlag:00000000 ADCCH001_SetResultEvtFlag
C:\Users\Mihai\AppData\Local\Temp\ccCv4exu.s:751    .text.ADCCH001_SetChannelEvtFlag:00000000 $t
C:\Users\Mihai\AppData\Local\Temp\ccCv4exu.s:756    .text.ADCCH001_SetChannelEvtFlag:00000000 ADCCH001_SetChannelEvtFlag
C:\Users\Mihai\AppData\Local\Temp\ccCv4exu.s:777    .text.ADCCH001_ClearResultEvtFlag:00000000 $t
C:\Users\Mihai\AppData\Local\Temp\ccCv4exu.s:782    .text.ADCCH001_ClearResultEvtFlag:00000000 ADCCH001_ClearResultEvtFlag
C:\Users\Mihai\AppData\Local\Temp\ccCv4exu.s:805    .text.ADCCH001_ClearChannelEvtFlag:00000000 $t
C:\Users\Mihai\AppData\Local\Temp\ccCv4exu.s:810    .text.ADCCH001_ClearChannelEvtFlag:00000000 ADCCH001_ClearChannelEvtFlag
C:\Users\Mihai\AppData\Local\Temp\ccCv4exu.s:831    .text.ADCCH001_SetBWDChannel:00000000 $t
C:\Users\Mihai\AppData\Local\Temp\ccCv4exu.s:836    .text.ADCCH001_SetBWDChannel:00000000 ADCCH001_SetBWDChannel
C:\Users\Mihai\AppData\Local\Temp\ccCv4exu.s:861    .text.ADCCH001_EnableBWD:00000000 $t
C:\Users\Mihai\AppData\Local\Temp\ccCv4exu.s:866    .text.ADCCH001_EnableBWD:00000000 ADCCH001_EnableBWD
C:\Users\Mihai\AppData\Local\Temp\ccCv4exu.s:888    .text.ADCCH001_DisableBWD:00000000 $t
C:\Users\Mihai\AppData\Local\Temp\ccCv4exu.s:893    .text.ADCCH001_DisableBWD:00000000 ADCCH001_DisableBWD
C:\Users\Mihai\AppData\Local\Temp\ccCv4exu.s:915    .text.ADCCH001_EnableWaitForRead:00000000 $t
C:\Users\Mihai\AppData\Local\Temp\ccCv4exu.s:920    .text.ADCCH001_EnableWaitForRead:00000000 ADCCH001_EnableWaitForRead
C:\Users\Mihai\AppData\Local\Temp\ccCv4exu.s:942    .text.ADCCH001_DisableWaitForRead:00000000 $t
C:\Users\Mihai\AppData\Local\Temp\ccCv4exu.s:947    .text.ADCCH001_DisableWaitForRead:00000000 ADCCH001_DisableWaitForRead

UNDEFINED SYMBOLS
ADCGLOB001_Init
ADCCH001_Handle0
