   1              		.syntax unified
   2              		.cpu cortex-m4
   3              		.eabi_attribute 27, 3
   4              		.fpu fpv4-sp-d16
   5              		.eabi_attribute 20, 1
   6              		.eabi_attribute 21, 1
   7              		.eabi_attribute 23, 3
   8              		.eabi_attribute 24, 1
   9              		.eabi_attribute 25, 1
  10              		.eabi_attribute 26, 1
  11              		.eabi_attribute 30, 4
  12              		.eabi_attribute 34, 1
  13              		.eabi_attribute 18, 4
  14              		.thumb
  15              		.file	"ip.c"
  16              		.section	.text.ip_route,"ax",%progbits
  17              		.align	1
  18              		.global	ip_route
  19              		.thumb
  20              		.thumb_func
  22              	ip_route:
  23              		@ args = 0, pretend = 0, frame = 0
  24              		@ frame_needed = 0, uses_anonymous_args = 0
  25 0000 38B5     		push	{r3, r4, r5, lr}
  26 0002 0C4B     		ldr	r3, .L19
  27 0004 1C68     		ldr	r4, [r3, #0]
  28 0006 0546     		mov	r5, r0
  29              	.L2:
  30 0008 5CB1     		cbz	r4, .L18
  31              	.L5:
  32 000a 2046     		mov	r0, r4
  33 000c FFF7FEFF 		bl	netif_is_up
  34 0010 28B1     		cbz	r0, .L3
  35 0012 2A68     		ldr	r2, [r5, #0]	@ unaligned
  36 0014 6068     		ldr	r0, [r4, #4]
  37 0016 A168     		ldr	r1, [r4, #8]
  38 0018 4240     		eors	r2, r2, r0
  39 001a 0A42     		tst	r2, r1
  40 001c 08D0     		beq	.L4
  41              	.L3:
  42 001e 2468     		ldr	r4, [r4, #0]
  43 0020 F2E7     		b	.L2
  44              	.L18:
  45 0022 054D     		ldr	r5, .L19+4
  46 0024 2868     		ldr	r0, [r5, #0]
  47 0026 18B1     		cbz	r0, .L4
  48 0028 FFF7FEFF 		bl	netif_is_up
  49 002c 00B1     		cbz	r0, .L4
  50 002e 2C68     		ldr	r4, [r5, #0]
  51              	.L4:
  52 0030 2046     		mov	r0, r4
  53 0032 38BD     		pop	{r3, r4, r5, pc}
  54              	.L20:
  55              		.align	2
  56              	.L19:
  57 0034 00000000 		.word	netif_list
  58 0038 00000000 		.word	netif_default
  60              		.section	.text.ip_input,"ax",%progbits
  61              		.align	1
  62              		.global	ip_input
  63              		.thumb
  64              		.thumb_func
  66              	ip_input:
  67              		@ args = 0, pretend = 0, frame = 0
  68              		@ frame_needed = 0, uses_anonymous_args = 0
  69 0000 2DE9F041 		push	{r4, r5, r6, r7, r8, lr}
  70 0004 4568     		ldr	r5, [r0, #4]
  71 0006 0446     		mov	r4, r0
  72 0008 2888     		ldrh	r0, [r5, #0]	@ unaligned
  73 000a 0F46     		mov	r7, r1
  74 000c FFF7FEFF 		bl	ntohs
  75 0010 C0F30F30 		ubfx	r0, r0, #12, #16
  76 0014 0428     		cmp	r0, #4
  77 0016 03D0     		beq	.L22
  78              	.L25:
  79 0018 2046     		mov	r0, r4
  80 001a FFF7FEFF 		bl	pbuf_free
  81 001e C6E0     		b	.L23
  82              	.L22:
  83 0020 2888     		ldrh	r0, [r5, #0]	@ unaligned
  84 0022 FFF7FEFF 		bl	ntohs
  85 0026 C0F30326 		ubfx	r6, r0, #8, #4
  86 002a 6888     		ldrh	r0, [r5, #2]	@ unaligned
  87 002c FFF7FEFF 		bl	ntohs
  88 0030 6389     		ldrh	r3, [r4, #10]
  89 0032 B3EB860F 		cmp	r3, r6, lsl #2
  90 0036 0146     		mov	r1, r0
  91 0038 EED3     		bcc	.L25
  92 003a 2289     		ldrh	r2, [r4, #8]
  93 003c 8242     		cmp	r2, r0
  94 003e EBD3     		bcc	.L25
  95 0040 2046     		mov	r0, r4
  96 0042 FFF7FEFF 		bl	pbuf_realloc
  97 0046 4FF07040 		mov	r0, #-268435456
  98 004a 2E69     		ldr	r6, [r5, #16]	@ unaligned
  99 004c FFF7FEFF 		bl	ntohl
 100 0050 0640     		ands	r6, r6, r0
 101 0052 4FF06040 		mov	r0, #-536870912
 102 0056 FFF7FEFF 		bl	ntohl
 103 005a 8642     		cmp	r6, r0
 104 005c 10D1     		bne	.L48
 105 005e 97F82920 		ldrb	r2, [r7, #41]	@ zero_extendqisi2
 106 0062 02F04006 		and	r6, r2, #64
 107 0066 F1B2     		uxtb	r1, r6
 108 0068 09B9     		cbnz	r1, .L28
 109              	.L30:
 110 006a 0026     		movs	r6, #0
 111 006c 2EE0     		b	.L29
 112              	.L28:
 113 006e 3846     		mov	r0, r7
 114 0070 05F11001 		add	r1, r5, #16
 115 0074 FFF7FEFF 		bl	igmp_lookfor_group
 116 0078 0028     		cmp	r0, #0
 117 007a F6D0     		beq	.L30
 118              	.L49:
 119 007c 3E46     		mov	r6, r7
 120 007e 25E0     		b	.L29
 121              	.L48:
 122 0080 3E46     		mov	r6, r7
 123 0082 4FF00108 		mov	r8, #1
 124              	.L27:
 125 0086 3046     		mov	r0, r6
 126 0088 FFF7FEFF 		bl	netif_is_up
 127 008c 28B9     		cbnz	r0, .L31
 128              	.L34:
 129 008e B8F1000F 		cmp	r8, #0
 130 0092 12D0     		beq	.L67
 131              	.L32:
 132 0094 474B     		ldr	r3, .L68
 133 0096 1E68     		ldr	r6, [r3, #0]
 134 0098 10E0     		b	.L35
 135              	.L31:
 136 009a 331D     		adds	r3, r6, #4
 137 009c F7D0     		beq	.L34
 138 009e 7168     		ldr	r1, [r6, #4]
 139 00a0 0029     		cmp	r1, #0
 140 00a2 F4D0     		beq	.L34
 141 00a4 2869     		ldr	r0, [r5, #16]	@ unaligned
 142 00a6 8842     		cmp	r0, r1
 143 00a8 10D0     		beq	.L29
 144 00aa 05F11000 		add	r0, r5, #16
 145 00ae 3146     		mov	r1, r6
 146 00b0 FFF7FEFF 		bl	ip_addr_isbroadcast
 147 00b4 0028     		cmp	r0, #0
 148 00b6 EAD0     		beq	.L34
 149 00b8 08E0     		b	.L29
 150              	.L67:
 151 00ba 3668     		ldr	r6, [r6, #0]
 152              	.L35:
 153 00bc BE42     		cmp	r6, r7
 154 00be 08BF     		it	eq
 155 00c0 3668     		ldreq	r6, [r6, #0]
 156 00c2 4FF00008 		mov	r8, #0
 157 00c6 002E     		cmp	r6, #0
 158 00c8 DDD1     		bne	.L27
 159 00ca CEE7     		b	.L30
 160              	.L29:
 161 00cc 05F10C00 		add	r0, r5, #12
 162 00d0 3946     		mov	r1, r7
 163 00d2 FFF7FEFF 		bl	ip_addr_isbroadcast
 164 00d6 0028     		cmp	r0, #0
 165 00d8 9ED1     		bne	.L25
 166 00da 4FF07040 		mov	r0, #-268435456
 167 00de D5F80C80 		ldr	r8, [r5, #12]	@ unaligned
 168 00e2 FFF7FEFF 		bl	ntohl
 169 00e6 00EA0808 		and	r8, r0, r8
 170 00ea 4FF06040 		mov	r0, #-536870912
 171 00ee FFF7FEFF 		bl	ntohl
 172 00f2 8045     		cmp	r8, r0
 173 00f4 90D0     		beq	.L25
 174 00f6 002E     		cmp	r6, #0
 175 00f8 8ED0     		beq	.L25
 176 00fa 43F6FF70 		movw	r0, #16383
 177 00fe EE88     		ldrh	r6, [r5, #6]	@ unaligned
 178 0100 FFF7FEFF 		bl	htons
 179 0104 3042     		tst	r0, r6
 180 0106 06D0     		beq	.L37
 181 0108 2046     		mov	r0, r4
 182 010a FFF7FEFF 		bl	ip_reass
 183 010e 0446     		mov	r4, r0
 184 0110 0028     		cmp	r0, #0
 185 0112 4CD0     		beq	.L23
 186 0114 4568     		ldr	r5, [r0, #4]
 187              	.L37:
 188 0116 2848     		ldr	r0, .L68+4
 189 0118 284B     		ldr	r3, .L68+8
 190 011a 0760     		str	r7, [r0, #0]
 191 011c 3946     		mov	r1, r7
 192 011e 2046     		mov	r0, r4
 193 0120 1D60     		str	r5, [r3, #0]
 194 0122 FFF7FEFF 		bl	raw_input
 195 0126 0028     		cmp	r0, #0
 196 0128 3CD1     		bne	.L38
 197 012a 2889     		ldrh	r0, [r5, #8]	@ unaligned
 198 012c FFF7FEFF 		bl	ntohs
 199 0130 C2B2     		uxtb	r2, r0
 200 0132 022A     		cmp	r2, #2
 201 0134 15D0     		beq	.L41
 202 0136 06D8     		bhi	.L44
 203 0138 012A     		cmp	r2, #1
 204 013a 19D1     		bne	.L39
 205 013c 2046     		mov	r0, r4
 206 013e 3946     		mov	r1, r7
 207 0140 FFF7FEFF 		bl	icmp_input
 208 0144 2EE0     		b	.L38
 209              	.L44:
 210 0146 062A     		cmp	r2, #6
 211 0148 06D0     		beq	.L42
 212 014a 112A     		cmp	r2, #17
 213 014c 10D1     		bne	.L39
 214 014e 2046     		mov	r0, r4
 215 0150 3946     		mov	r1, r7
 216 0152 FFF7FEFF 		bl	udp_input
 217 0156 25E0     		b	.L38
 218              	.L42:
 219 0158 2046     		mov	r0, r4
 220 015a 3946     		mov	r1, r7
 221 015c FFF7FEFF 		bl	tcp_input
 222 0160 20E0     		b	.L38
 223              	.L41:
 224 0162 2046     		mov	r0, r4
 225 0164 3946     		mov	r1, r7
 226 0166 05F11002 		add	r2, r5, #16
 227 016a FFF7FEFF 		bl	igmp_input
 228 016e 19E0     		b	.L38
 229              	.L39:
 230 0170 05F11000 		add	r0, r5, #16
 231 0174 3946     		mov	r1, r7
 232 0176 FFF7FEFF 		bl	ip_addr_isbroadcast
 233 017a 80B9     		cbnz	r0, .L46
 234 017c 4FF07040 		mov	r0, #-268435456
 235 0180 2E69     		ldr	r6, [r5, #16]	@ unaligned
 236 0182 FFF7FEFF 		bl	ntohl
 237 0186 0640     		ands	r6, r6, r0
 238 0188 4FF06040 		mov	r0, #-536870912
 239 018c FFF7FEFF 		bl	ntohl
 240 0190 8642     		cmp	r6, r0
 241 0192 04D0     		beq	.L46
 242 0194 6560     		str	r5, [r4, #4]
 243 0196 2046     		mov	r0, r4
 244 0198 0221     		movs	r1, #2
 245 019a FFF7FEFF 		bl	icmp_dest_unreach
 246              	.L46:
 247 019e 2046     		mov	r0, r4
 248 01a0 FFF7FEFF 		bl	pbuf_free
 249              	.L38:
 250 01a4 0448     		ldr	r0, .L68+4
 251 01a6 054B     		ldr	r3, .L68+8
 252 01a8 0021     		movs	r1, #0
 253 01aa 0160     		str	r1, [r0, #0]
 254 01ac 1960     		str	r1, [r3, #0]
 255              	.L23:
 256 01ae 0020     		movs	r0, #0
 257 01b0 BDE8F081 		pop	{r4, r5, r6, r7, r8, pc}
 258              	.L69:
 259              		.align	2
 260              	.L68:
 261 01b4 00000000 		.word	netif_list
 262 01b8 00000000 		.word	current_netif
 263 01bc 00000000 		.word	current_header
 265              		.section	.text.ip_output_if_opt,"ax",%progbits
 266              		.align	1
 267              		.global	ip_output_if_opt
 268              		.thumb
 269              		.thumb_func
 271              	ip_output_if_opt:
 272              		@ args = 20, pretend = 0, frame = 16
 273              		@ frame_needed = 0, uses_anonymous_args = 0
 274 0000 2DE9F04F 		push	{r4, r5, r6, r7, r8, r9, sl, fp, lr}
 275 0004 85B0     		sub	sp, sp, #20
 276 0006 8946     		mov	r9, r1
 277 0008 0193     		str	r3, [sp, #4]
 278 000a 1199     		ldr	r1, [sp, #68]
 279 000c 9DF83830 		ldrb	r3, [sp, #56]	@ zero_extendqisi2
 280 0010 9DF83CB0 		ldrb	fp, [sp, #60]	@ zero_extendqisi2
 281 0014 0293     		str	r3, [sp, #8]
 282 0016 0446     		mov	r4, r0
 283 0018 109D     		ldr	r5, [sp, #64]
 284 001a 0391     		str	r1, [sp, #12]
 285 001c BDF84860 		ldrh	r6, [sp, #72]
 286 0020 1746     		mov	r7, r2
 287 0022 002A     		cmp	r2, #0
 288 0024 6BD0     		beq	.L71
 289 0026 0EB3     		cbz	r6, .L82
 290 0028 06F10308 		add	r8, r6, #3
 291 002c 28F00302 		bic	r2, r8, #3
 292 0030 1FFA82F8 		uxth	r8, r2
 293 0034 0FFA88F1 		sxth	r1, r8
 294 0038 FFF7FEFF 		bl	pbuf_header
 295 003c 08F1140A 		add	sl, r8, #20
 296 0040 1FFA8AFA 		uxth	sl, sl
 297 0044 0346     		mov	r3, r0
 298 0046 08B1     		cbz	r0, .L73
 299              	.L75:
 300 0048 FE20     		movs	r0, #254
 301 004a 6CE0     		b	.L74
 302              	.L73:
 303 004c 0399     		ldr	r1, [sp, #12]
 304 004e 6068     		ldr	r0, [r4, #4]
 305 0050 0093     		str	r3, [sp, #0]
 306 0052 3246     		mov	r2, r6
 307 0054 FFF7FEFF 		bl	memcpy
 308 0058 4645     		cmp	r6, r8
 309 005a 0099     		ldr	r1, [sp, #0]
 310 005c 08D2     		bcs	.L72
 311 005e 6068     		ldr	r0, [r4, #4]
 312 0060 C6EB0802 		rsb	r2, r6, r8
 313 0064 8019     		adds	r0, r0, r6
 314 0066 FFF7FEFF 		bl	memset
 315 006a 01E0     		b	.L72
 316              	.L82:
 317 006c 4FF0140A 		mov	sl, #20
 318              	.L72:
 319 0070 2046     		mov	r0, r4
 320 0072 1421     		movs	r1, #20
 321 0074 FFF7FEFF 		bl	pbuf_header
 322 0078 8046     		mov	r8, r0
 323 007a 0028     		cmp	r0, #0
 324 007c E4D1     		bne	.L75
 325 007e 6668     		ldr	r6, [r4, #4]
 326 0080 3089     		ldrh	r0, [r6, #8]	@ unaligned
 327 0082 FFF7FEFF 		bl	ntohs
 328 0086 019A     		ldr	r2, [sp, #4]
 329 0088 62F31F20 		bfi	r0, r2, #8, #24
 330 008c FFF7FEFF 		bl	htons
 331 0090 3081     		strh	r0, [r6, #8]	@ unaligned
 332 0092 FFF7FEFF 		bl	ntohs
 333 0096 00F47F43 		and	r3, r0, #65280
 334 009a 43EA0B00 		orr	r0, r3, fp
 335 009e FFF7FEFF 		bl	htons
 336 00a2 3081     		strh	r0, [r6, #8]	@ unaligned
 337 00a4 3968     		ldr	r1, [r7, #0]	@ unaligned
 338 00a6 3161     		str	r1, [r6, #16]	@ unaligned
 339 00a8 0298     		ldr	r0, [sp, #8]
 340 00aa 40EA8A1A 		orr	sl, r0, sl, lsl #6
 341 00ae 4AF48042 		orr	r2, sl, #16384
 342 00b2 90B2     		uxth	r0, r2
 343 00b4 FFF7FEFF 		bl	htons
 344 00b8 3080     		strh	r0, [r6, #0]	@ unaligned
 345 00ba 2089     		ldrh	r0, [r4, #8]
 346 00bc FFF7FEFF 		bl	htons
 347 00c0 86F80680 		strb	r8, [r6, #6]
 348 00c4 86F80780 		strb	r8, [r6, #7]
 349 00c8 DFF86480 		ldr	r8, .L90
 350 00cc 7080     		strh	r0, [r6, #2]	@ unaligned
 351 00ce B8F80000 		ldrh	r0, [r8, #0]
 352 00d2 FFF7FEFF 		bl	htons
 353 00d6 B080     		strh	r0, [r6, #4]	@ unaligned
 354 00d8 B8F80030 		ldrh	r3, [r8, #0]
 355 00dc 591C     		adds	r1, r3, #1
 356 00de A8F80010 		strh	r1, [r8, #0]	@ movhi
 357 00e2 B9F1000F 		cmp	r9, #0
 358 00e6 02D0     		beq	.L76
 359 00e8 D9F80000 		ldr	r0, [r9, #0]	@ unaligned
 360 00ec 10B9     		cbnz	r0, .L77
 361              	.L76:
 362 00ee 281D     		adds	r0, r5, #4
 363 00f0 18BF     		it	ne
 364 00f2 6868     		ldrne	r0, [r5, #4]
 365              	.L77:
 366 00f4 0022     		movs	r2, #0
 367 00f6 F060     		str	r0, [r6, #12]	@ unaligned
 368 00f8 B272     		strb	r2, [r6, #10]
 369 00fa F272     		strb	r2, [r6, #11]
 370 00fc 01E0     		b	.L80
 371              	.L71:
 372 00fe 4768     		ldr	r7, [r0, #4]
 373 0100 1037     		adds	r7, r7, #16
 374              	.L80:
 375 0102 2B8C     		ldrh	r3, [r5, #32]
 376 0104 53B1     		cbz	r3, .L81
 377 0106 2189     		ldrh	r1, [r4, #8]
 378 0108 9942     		cmp	r1, r3
 379 010a 07D9     		bls	.L81
 380 010c 2046     		mov	r0, r4
 381 010e 2946     		mov	r1, r5
 382 0110 3A46     		mov	r2, r7
 383 0112 05B0     		add	sp, sp, #20
 384 0114 BDE8F04F 		pop	{r4, r5, r6, r7, r8, r9, sl, fp, lr}
 385 0118 FFF7FEBF 		b	ip_frag
 386              	.L81:
 387 011c 6B69     		ldr	r3, [r5, #20]
 388 011e 2846     		mov	r0, r5
 389 0120 2146     		mov	r1, r4
 390 0122 3A46     		mov	r2, r7
 391 0124 9847     		blx	r3
 392              	.L74:
 393 0126 40B2     		sxtb	r0, r0
 394 0128 05B0     		add	sp, sp, #20
 395 012a BDE8F08F 		pop	{r4, r5, r6, r7, r8, r9, sl, fp, pc}
 396              	.L91:
 397 012e 00BF     		.align	2
 398              	.L90:
 399 0130 00000000 		.word	.LANCHOR0
 401              		.section	.text.ip_output_if,"ax",%progbits
 402              		.align	1
 403              		.global	ip_output_if
 404              		.thumb
 405              		.thumb_func
 407              	ip_output_if:
 408              		@ args = 12, pretend = 0, frame = 0
 409              		@ frame_needed = 0, uses_anonymous_args = 0
 410 0000 10B5     		push	{r4, lr}
 411 0002 86B0     		sub	sp, sp, #24
 412 0004 9DF82040 		ldrb	r4, [sp, #32]	@ zero_extendqisi2
 413 0008 0094     		str	r4, [sp, #0]
 414 000a 9DF82440 		ldrb	r4, [sp, #36]	@ zero_extendqisi2
 415 000e 0194     		str	r4, [sp, #4]
 416 0010 0A9C     		ldr	r4, [sp, #40]
 417 0012 0294     		str	r4, [sp, #8]
 418 0014 0024     		movs	r4, #0
 419 0016 0394     		str	r4, [sp, #12]
 420 0018 0494     		str	r4, [sp, #16]
 421 001a FFF7FEFF 		bl	ip_output_if_opt
 422 001e 06B0     		add	sp, sp, #24
 423 0020 10BD     		pop	{r4, pc}
 425              		.section	.text.ip_output,"ax",%progbits
 426              		.align	1
 427              		.global	ip_output
 428              		.thumb
 429              		.thumb_func
 431              	ip_output:
 432              		@ args = 8, pretend = 0, frame = 0
 433              		@ frame_needed = 0, uses_anonymous_args = 0
 434 0000 F0B5     		push	{r4, r5, r6, r7, lr}
 435 0002 0546     		mov	r5, r0
 436 0004 85B0     		sub	sp, sp, #20
 437 0006 1046     		mov	r0, r2
 438 0008 0F46     		mov	r7, r1
 439 000a 1446     		mov	r4, r2
 440 000c 1E46     		mov	r6, r3
 441 000e FFF7FEFF 		bl	ip_route
 442 0012 68B1     		cbz	r0, .L95
 443 0014 9DF82830 		ldrb	r3, [sp, #40]	@ zero_extendqisi2
 444 0018 9DF82C10 		ldrb	r1, [sp, #44]	@ zero_extendqisi2
 445 001c 0093     		str	r3, [sp, #0]
 446 001e 0191     		str	r1, [sp, #4]
 447 0020 0290     		str	r0, [sp, #8]
 448 0022 3946     		mov	r1, r7
 449 0024 2846     		mov	r0, r5
 450 0026 2246     		mov	r2, r4
 451 0028 3346     		mov	r3, r6
 452 002a FFF7FEFF 		bl	ip_output_if
 453 002e 00E0     		b	.L94
 454              	.L95:
 455 0030 FC20     		movs	r0, #252
 456              	.L94:
 457 0032 40B2     		sxtb	r0, r0
 458 0034 05B0     		add	sp, sp, #20
 459 0036 F0BD     		pop	{r4, r5, r6, r7, pc}
 461              		.comm	current_header,4,4
 462              		.comm	current_netif,4,4
 463              		.bss
 464              		.align	1
 465              		.set	.LANCHOR0,. + 0
 468              	ip_id.5191:
 469 0000 0000     		.space	2
 470              		.ident	"GCC: (GNU Tools for ARM Embedded Processors) 4.7.4 20130913 (release) [ARM/embedded-4_7-br
DEFINED SYMBOLS
                            *ABS*:00000000 ip.c
C:\Users\Mihai\AppData\Local\Temp\ccrU8UVh.s:17     .text.ip_route:00000000 $t
C:\Users\Mihai\AppData\Local\Temp\ccrU8UVh.s:22     .text.ip_route:00000000 ip_route
C:\Users\Mihai\AppData\Local\Temp\ccrU8UVh.s:57     .text.ip_route:00000034 $d
C:\Users\Mihai\AppData\Local\Temp\ccrU8UVh.s:61     .text.ip_input:00000000 $t
C:\Users\Mihai\AppData\Local\Temp\ccrU8UVh.s:66     .text.ip_input:00000000 ip_input
C:\Users\Mihai\AppData\Local\Temp\ccrU8UVh.s:261    .text.ip_input:000001b4 $d
                            *COM*:00000004 current_netif
                            *COM*:00000004 current_header
C:\Users\Mihai\AppData\Local\Temp\ccrU8UVh.s:266    .text.ip_output_if_opt:00000000 $t
C:\Users\Mihai\AppData\Local\Temp\ccrU8UVh.s:271    .text.ip_output_if_opt:00000000 ip_output_if_opt
C:\Users\Mihai\AppData\Local\Temp\ccrU8UVh.s:399    .text.ip_output_if_opt:00000130 $d
C:\Users\Mihai\AppData\Local\Temp\ccrU8UVh.s:402    .text.ip_output_if:00000000 $t
C:\Users\Mihai\AppData\Local\Temp\ccrU8UVh.s:407    .text.ip_output_if:00000000 ip_output_if
C:\Users\Mihai\AppData\Local\Temp\ccrU8UVh.s:426    .text.ip_output:00000000 $t
C:\Users\Mihai\AppData\Local\Temp\ccrU8UVh.s:431    .text.ip_output:00000000 ip_output
C:\Users\Mihai\AppData\Local\Temp\ccrU8UVh.s:464    .bss:00000000 $d
C:\Users\Mihai\AppData\Local\Temp\ccrU8UVh.s:468    .bss:00000000 ip_id.5191

UNDEFINED SYMBOLS
netif_is_up
netif_list
netif_default
ntohs
pbuf_free
pbuf_realloc
ntohl
igmp_lookfor_group
ip_addr_isbroadcast
htons
ip_reass
raw_input
icmp_input
udp_input
tcp_input
igmp_input
icmp_dest_unreach
pbuf_header
memcpy
memset
ip_frag
