   1              		.syntax unified
   2              		.cpu cortex-m4
   3              		.eabi_attribute 27, 3
   4              		.fpu fpv4-sp-d16
   5              		.eabi_attribute 20, 1
   6              		.eabi_attribute 21, 1
   7              		.eabi_attribute 23, 3
   8              		.eabi_attribute 24, 1
   9              		.eabi_attribute 25, 1
  10              		.eabi_attribute 26, 1
  11              		.eabi_attribute 30, 4
  12              		.eabi_attribute 34, 1
  13              		.eabi_attribute 18, 4
  14              		.thumb
  15              		.file	"ip_addr.c"
  16              		.section	.text.ip_addr_isbroadcast,"ax",%progbits
  17              		.align	1
  18              		.global	ip_addr_isbroadcast
  19              		.thumb
  20              		.thumb_func
  22              	ip_addr_isbroadcast:
  23              		@ args = 0, pretend = 0, frame = 0
  24              		@ frame_needed = 0, uses_anonymous_args = 0
  25              		@ link register save eliminated.
  26 0000 0368     		ldr	r3, [r0, #0]	@ unaligned
  27 0002 5A1E     		subs	r2, r3, #1
  28 0004 0332     		adds	r2, r2, #3
  29 0006 10D8     		bhi	.L5
  30 0008 91F82900 		ldrb	r0, [r1, #41]	@ zero_extendqisi2
  31 000c 00F00202 		and	r2, r0, #2
  32 0010 D0B2     		uxtb	r0, r2
  33 0012 68B1     		cbz	r0, .L2
  34 0014 4868     		ldr	r0, [r1, #4]
  35 0016 8342     		cmp	r3, r0
  36 0018 09D0     		beq	.L7
  37 001a 8968     		ldr	r1, [r1, #8]
  38 001c 5840     		eors	r0, r0, r3
  39 001e 0842     		tst	r0, r1
  40 0020 05D1     		bne	.L7
  41              	.L3:
  42 0022 CA43     		mvns	r2, r1
  43 0024 1340     		ands	r3, r3, r2
  44 0026 9342     		cmp	r3, r2
  45 0028 01D1     		bne	.L7
  46              	.L5:
  47 002a 0120     		movs	r0, #1
  48 002c 7047     		bx	lr
  49              	.L7:
  50 002e 0020     		movs	r0, #0
  51              	.L2:
  52 0030 7047     		bx	lr
  54              		.global	ip_addr_broadcast
  55              		.global	ip_addr_any
  56              		.section	.rodata
  59              	ip_addr_broadcast:
  60 0000 FFFFFFFF 		.4byte	-1
  63              	ip_addr_any:
  64 0004 00000000 		.space	4
  65              		.ident	"GCC: (GNU Tools for ARM Embedded Processors) 4.7.4 20130913 (release) [ARM/embedded-4_7-br
DEFINED SYMBOLS
                            *ABS*:00000000 ip_addr.c
C:\Users\Mihai\AppData\Local\Temp\ccX659MB.s:17     .text.ip_addr_isbroadcast:00000000 $t
C:\Users\Mihai\AppData\Local\Temp\ccX659MB.s:22     .text.ip_addr_isbroadcast:00000000 ip_addr_isbroadcast
C:\Users\Mihai\AppData\Local\Temp\ccX659MB.s:59     .rodata:00000000 ip_addr_broadcast
C:\Users\Mihai\AppData\Local\Temp\ccX659MB.s:63     .rodata:00000004 ip_addr_any
C:\Users\Mihai\AppData\Local\Temp\ccX659MB.s:64     .rodata:00000004 $d

NO UNDEFINED SYMBOLS
