   1              		.syntax unified
   2              		.cpu cortex-m4
   3              		.eabi_attribute 27, 3
   4              		.fpu fpv4-sp-d16
   5              		.eabi_attribute 20, 1
   6              		.eabi_attribute 21, 1
   7              		.eabi_attribute 23, 3
   8              		.eabi_attribute 24, 1
   9              		.eabi_attribute 25, 1
  10              		.eabi_attribute 26, 1
  11              		.eabi_attribute 30, 6
  12              		.eabi_attribute 34, 1
  13              		.eabi_attribute 18, 4
  14              		.thumb
  15              		.file	"GMM001.c"
  16              		.text
  17              	.Ltext0:
  18              		.cfi_sections	.debug_frame
  19              		.global	LENGTH1
  20              		.section	.rodata
  21              		.align	2
  24              	LENGTH1:
  25 0000 00000000 		.word	Heap_Bank1_Size
  26              		.global	LENGTH2
  27              		.align	2
  30              	LENGTH2:
  31 0004 00000000 		.word	Heap_Bank2_Size
  32              		.global	LENGTH3
  33              		.align	2
  36              	LENGTH3:
  37 0008 00000000 		.word	Heap_Bank3_Size
  38              		.comm	GMM001_handle0,6,4
  39              		.comm	GMM001_handle1,6,4
  40              		.comm	GMM001_handle2,6,4
  41              		.section	.text.GMM001_Init,"ax",%progbits
  42              		.align	2
  43              		.global	GMM001_Init
  44              		.thumb
  45              		.thumb_func
  47              	GMM001_Init:
  48              	.LFB117:
  49              		.file 1 "../Dave/Generated/src/GMM001/GMM001.c"
   1:../Dave/Generated/src/GMM001/GMM001.c **** 
   2:../Dave/Generated/src/GMM001/GMM001.c **** /*CODE_BLOCK_BEGIN[gmm001.c]*/
   3:../Dave/Generated/src/GMM001/GMM001.c **** /*******************************************************************************
   4:../Dave/Generated/src/GMM001/GMM001.c ****  Copyright (c) 2011, Infineon Technologies AG                                 **
   5:../Dave/Generated/src/GMM001/GMM001.c ****  All rights reserved.                                                         **
   6:../Dave/Generated/src/GMM001/GMM001.c ****                                                                               **
   7:../Dave/Generated/src/GMM001/GMM001.c ****  Redistribution and use in source and binary forms, with or without           **
   8:../Dave/Generated/src/GMM001/GMM001.c ****  modification,are permitted provided that the following conditions are met:   **
   9:../Dave/Generated/src/GMM001/GMM001.c ****                                                                               **
  10:../Dave/Generated/src/GMM001/GMM001.c ****  *Redistributions of source code must retain the above copyright notice,      **
  11:../Dave/Generated/src/GMM001/GMM001.c ****  this list of conditions and the following disclaimer.                        **
  12:../Dave/Generated/src/GMM001/GMM001.c ****  *Redistributions in binary form must reproduce the above copyright notice,   **
  13:../Dave/Generated/src/GMM001/GMM001.c ****  this list of conditions and the following disclaimer in the documentation    **
  14:../Dave/Generated/src/GMM001/GMM001.c ****  and/or other materials provided with the distribution.                       **
  15:../Dave/Generated/src/GMM001/GMM001.c ****  *Neither the name of the copyright holders nor the names of its contributors **
  16:../Dave/Generated/src/GMM001/GMM001.c ****  may be used to endorse or promote products derived from this software without** 
  17:../Dave/Generated/src/GMM001/GMM001.c ****  specific prior written permission.                                           **
  18:../Dave/Generated/src/GMM001/GMM001.c ****                                                                               **
  19:../Dave/Generated/src/GMM001/GMM001.c ****  THIS SOFTWARE IS PROVIDED BY THE COPYRIGHT HOLDERS AND CONTRIBUTORS "AS IS"  **
  20:../Dave/Generated/src/GMM001/GMM001.c ****  AND ANY EXPRESS OR IMPLIED WARRANTIES, INCLUDING, BUT NOT LIMITED TO, THE    **
  21:../Dave/Generated/src/GMM001/GMM001.c ****  IMPLIED WARRANTIES OF MERCHANTABILITY AND FITNESS FOR A PARTICULAR PURPOSE   **
  22:../Dave/Generated/src/GMM001/GMM001.c ****  ARE  DISCLAIMED. IN NO EVENT SHALL THE COPYRIGHT HOLDER OR CONTRIBUTORS BE   **
  23:../Dave/Generated/src/GMM001/GMM001.c ****  LIABLE  FOR ANY DIRECT, INDIRECT, INCIDENTAL, SPECIAL, EXEMPLARY, OR         **
  24:../Dave/Generated/src/GMM001/GMM001.c ****  CONSEQUENTIAL DAMAGES (INCLUDING, BUT NOT LIMITED TO, PROCUREMENT OF         **
  25:../Dave/Generated/src/GMM001/GMM001.c ****  SUBSTITUTE GOODS OR  SERVICES; LOSS OF USE, DATA, OR PROFITS; OR BUSINESS    **
  26:../Dave/Generated/src/GMM001/GMM001.c ****  INTERRUPTION) HOWEVER CAUSED AND ON ANY THEORY OF LIABILITY, WHETHER IN      **
  27:../Dave/Generated/src/GMM001/GMM001.c ****  CONTRACT, STRICT LIABILITY,OR TORT (INCLUDING NEGLIGENCE OR OTHERWISE)       **
  28:../Dave/Generated/src/GMM001/GMM001.c ****  ARISING IN ANY WAY OUT OF THE USE OF THIS SOFTWARE, EVEN IF ADVISED OF THE   **
  29:../Dave/Generated/src/GMM001/GMM001.c ****  POSSIBILITY OF SUCH DAMAGE.                                                  **
  30:../Dave/Generated/src/GMM001/GMM001.c ****                                                                               **
  31:../Dave/Generated/src/GMM001/GMM001.c ****  To improve the quality of the software, users are encouraged to share        **
  32:../Dave/Generated/src/GMM001/GMM001.c ****  modifications, enhancements or bug fixes with Infineon Technologies AG       **
  33:../Dave/Generated/src/GMM001/GMM001.c ****  dave@infineon.com).                                                          **
  34:../Dave/Generated/src/GMM001/GMM001.c ****                                                                               **
  35:../Dave/Generated/src/GMM001/GMM001.c **** ********************************************************************************
  36:../Dave/Generated/src/GMM001/GMM001.c **** **                                                                            **
  37:../Dave/Generated/src/GMM001/GMM001.c **** **                                                                            **
  38:../Dave/Generated/src/GMM001/GMM001.c **** ** PLATFORM : Infineon XMC4000 Series                           			  **
  39:../Dave/Generated/src/GMM001/GMM001.c **** **                                                                            **
  40:../Dave/Generated/src/GMM001/GMM001.c **** ** COMPILER : Compiler Independent                                            **
  41:../Dave/Generated/src/GMM001/GMM001.c **** **                                                                            **
  42:../Dave/Generated/src/GMM001/GMM001.c **** ** AUTHOR : App Developer                                         		      **
  43:../Dave/Generated/src/GMM001/GMM001.c **** **                                                                            **
  44:../Dave/Generated/src/GMM001/GMM001.c **** ** MAY BE CHANGED BY USER [yes/no]: Yes                                       **
  45:../Dave/Generated/src/GMM001/GMM001.c **** **                                                                            **
  46:../Dave/Generated/src/GMM001/GMM001.c **** ** MODIFICATION DATE : Dec 27, 2011                                           **
  47:../Dave/Generated/src/GMM001/GMM001.c **** **                                                                            **
  48:../Dave/Generated/src/GMM001/GMM001.c **** *******************************************************************************/
  49:../Dave/Generated/src/GMM001/GMM001.c **** 
  50:../Dave/Generated/src/GMM001/GMM001.c **** /*******************************************************************************
  51:../Dave/Generated/src/GMM001/GMM001.c **** **                       Author(s) Identity                                   **
  52:../Dave/Generated/src/GMM001/GMM001.c **** ********************************************************************************
  53:../Dave/Generated/src/GMM001/GMM001.c **** **                                                                            **
  54:../Dave/Generated/src/GMM001/GMM001.c **** ** Initials   Name                                                            **
  55:../Dave/Generated/src/GMM001/GMM001.c **** ** ---------------------------------------------------------------------------**
  56:../Dave/Generated/src/GMM001/GMM001.c **** ** kks        App Developer                                                   **
  57:../Dave/Generated/src/GMM001/GMM001.c **** *******************************************************************************/
  58:../Dave/Generated/src/GMM001/GMM001.c **** 
  59:../Dave/Generated/src/GMM001/GMM001.c **** /**
  60:../Dave/Generated/src/GMM001/GMM001.c ****  * @file GMM001.c
  61:../Dave/Generated/src/GMM001/GMM001.c ****  *
  62:../Dave/Generated/src/GMM001/GMM001.c ****  * @brief This file implements the APIs for GMM001 App.
  63:../Dave/Generated/src/GMM001/GMM001.c ****  *
  64:../Dave/Generated/src/GMM001/GMM001.c ****  */
  65:../Dave/Generated/src/GMM001/GMM001.c **** 
  66:../Dave/Generated/src/GMM001/GMM001.c **** /*******************************************************************************
  67:../Dave/Generated/src/GMM001/GMM001.c **** **                      Include Files                                         **
  68:../Dave/Generated/src/GMM001/GMM001.c **** *******************************************************************************/
  69:../Dave/Generated/src/GMM001/GMM001.c **** #include <DAVE3.h>
  70:../Dave/Generated/src/GMM001/GMM001.c **** #include "../../inc/LMM001/LMM001.h"
  71:../Dave/Generated/src/GMM001/GMM001.c **** #include "../../inc/DBG001/DBG001.h"
  72:../Dave/Generated/src/GMM001/GMM001.c **** #include "../../inc/GMM001/GMM001.h"
  73:../Dave/Generated/src/GMM001/GMM001.c **** 
  74:../Dave/Generated/src/GMM001/GMM001.c **** /*******************************************************************************
  75:../Dave/Generated/src/GMM001/GMM001.c **** **                      Global Variable declarations                          **
  76:../Dave/Generated/src/GMM001/GMM001.c **** *******************************************************************************/
  77:../Dave/Generated/src/GMM001/GMM001.c **** /**
  78:../Dave/Generated/src/GMM001/GMM001.c ****  * Heap Banks : Defined in Linker script
  79:../Dave/Generated/src/GMM001/GMM001.c ****  */
  80:../Dave/Generated/src/GMM001/GMM001.c **** extern unsigned char Heap_Bank1_Start[];
  81:../Dave/Generated/src/GMM001/GMM001.c **** extern unsigned char Heap_Bank2_Start[];
  82:../Dave/Generated/src/GMM001/GMM001.c **** extern unsigned char Heap_Bank3_Start[];
  83:../Dave/Generated/src/GMM001/GMM001.c **** 
  84:../Dave/Generated/src/GMM001/GMM001.c **** /**
  85:../Dave/Generated/src/GMM001/GMM001.c ****   * Sizes of Heap Banks : Defined in Linker script
  86:../Dave/Generated/src/GMM001/GMM001.c ****   */
  87:../Dave/Generated/src/GMM001/GMM001.c **** extern unsigned int Heap_Bank1_Size;
  88:../Dave/Generated/src/GMM001/GMM001.c **** extern unsigned int Heap_Bank2_Size;
  89:../Dave/Generated/src/GMM001/GMM001.c **** extern unsigned int Heap_Bank3_Size;
  90:../Dave/Generated/src/GMM001/GMM001.c **** 
  91:../Dave/Generated/src/GMM001/GMM001.c **** const uint32_t LENGTH1 = (unsigned int)( & Heap_Bank1_Size);
  92:../Dave/Generated/src/GMM001/GMM001.c **** const uint32_t LENGTH2 = (unsigned int)( & Heap_Bank2_Size);
  93:../Dave/Generated/src/GMM001/GMM001.c **** const uint32_t LENGTH3 = (unsigned int)( & Heap_Bank3_Size);
  94:../Dave/Generated/src/GMM001/GMM001.c **** 
  95:../Dave/Generated/src/GMM001/GMM001.c **** /**
  96:../Dave/Generated/src/GMM001/GMM001.c ****  * These are the LMM001 handles per RAM section.
  97:../Dave/Generated/src/GMM001/GMM001.c **** */
  98:../Dave/Generated/src/GMM001/GMM001.c **** LMM001_HandleType GMM001_handle0;
  99:../Dave/Generated/src/GMM001/GMM001.c **** LMM001_HandleType GMM001_handle1;
 100:../Dave/Generated/src/GMM001/GMM001.c **** LMM001_HandleType GMM001_handle2;
 101:../Dave/Generated/src/GMM001/GMM001.c **** 
 102:../Dave/Generated/src/GMM001/GMM001.c **** /*******************************************************************************
 103:../Dave/Generated/src/GMM001/GMM001.c **** **                      Public Function Definitions                           **
 104:../Dave/Generated/src/GMM001/GMM001.c **** *******************************************************************************/
 105:../Dave/Generated/src/GMM001/GMM001.c **** /*<<<DD_GMM001_API_1>>>*/
 106:../Dave/Generated/src/GMM001/GMM001.c **** /* This function configures LMM001 handles using different RAM sections available
 107:../Dave/Generated/src/GMM001/GMM001.c ****  * depending on the heap requirement.
 108:../Dave/Generated/src/GMM001/GMM001.c ****  */
 109:../Dave/Generated/src/GMM001/GMM001.c **** void GMM001_Init (void)
 110:../Dave/Generated/src/GMM001/GMM001.c **** {
  50              		.loc 1 110 0
  51              		.cfi_startproc
  52              		@ args = 0, pretend = 0, frame = 0
  53              		@ frame_needed = 1, uses_anonymous_args = 0
  54 0000 80B5     		push	{r7, lr}
  55              	.LCFI0:
  56              		.cfi_def_cfa_offset 8
  57              		.cfi_offset 7, -8
  58              		.cfi_offset 14, -4
  59 0002 00AF     		add	r7, sp, #0
  60              	.LCFI1:
  61              		.cfi_def_cfa_register 7
 111:../Dave/Generated/src/GMM001/GMM001.c ****   FUNCTION_ENTRY(GID_GMM001, (uint32_t)GMM001_FUNCTION_ENTRY);
 112:../Dave/Generated/src/GMM001/GMM001.c ****   
 113:../Dave/Generated/src/GMM001/GMM001.c ****   memset ((void *)Heap_Bank1_Start, 0, LENGTH1);
  62              		.loc 1 113 0
  63 0004 40F20003 		movw	r3, #:lower16:LENGTH1
  64 0008 C0F20003 		movt	r3, #:upper16:LENGTH1
  65 000c 1B68     		ldr	r3, [r3, #0]
  66 000e 40F20000 		movw	r0, #:lower16:Heap_Bank1_Start
  67 0012 C0F20000 		movt	r0, #:upper16:Heap_Bank1_Start
  68 0016 4FF00001 		mov	r1, #0
  69 001a 1A46     		mov	r2, r3
  70 001c FFF7FEFF 		bl	memset
 114:../Dave/Generated/src/GMM001/GMM001.c ****   memset ((void *)Heap_Bank2_Start, 0, LENGTH2);
  71              		.loc 1 114 0
  72 0020 40F20003 		movw	r3, #:lower16:LENGTH2
  73 0024 C0F20003 		movt	r3, #:upper16:LENGTH2
  74 0028 1B68     		ldr	r3, [r3, #0]
  75 002a 40F20000 		movw	r0, #:lower16:Heap_Bank2_Start
  76 002e C0F20000 		movt	r0, #:upper16:Heap_Bank2_Start
  77 0032 4FF00001 		mov	r1, #0
  78 0036 1A46     		mov	r2, r3
  79 0038 FFF7FEFF 		bl	memset
 115:../Dave/Generated/src/GMM001/GMM001.c ****   memset ((void *)Heap_Bank3_Start, 0, LENGTH3);
  80              		.loc 1 115 0
  81 003c 40F20003 		movw	r3, #:lower16:LENGTH3
  82 0040 C0F20003 		movt	r3, #:upper16:LENGTH3
  83 0044 1B68     		ldr	r3, [r3, #0]
  84 0046 40F20000 		movw	r0, #:lower16:Heap_Bank3_Start
  85 004a C0F20000 		movt	r0, #:upper16:Heap_Bank3_Start
  86 004e 4FF00001 		mov	r1, #0
  87 0052 1A46     		mov	r2, r3
  88 0054 FFF7FEFF 		bl	memset
 116:../Dave/Generated/src/GMM001/GMM001.c **** 
 117:../Dave/Generated/src/GMM001/GMM001.c **** /* Allocate Heap from RAM1 and RAM2 and RAM3*/  
 118:../Dave/Generated/src/GMM001/GMM001.c **** /*<<<DD_GMM001_API_1_6>>>*/  
 119:../Dave/Generated/src/GMM001/GMM001.c ****   GMM001_handle0.umm_heap = ((LMM001_BlockType *)Heap_Bank1_Start);
  89              		.loc 1 119 0
  90 0058 40F20003 		movw	r3, #:lower16:GMM001_handle0
  91 005c C0F20003 		movt	r3, #:upper16:GMM001_handle0
  92 0060 40F20002 		movw	r2, #:lower16:Heap_Bank1_Start
  93 0064 C0F20002 		movt	r2, #:upper16:Heap_Bank1_Start
  94 0068 1A60     		str	r2, [r3, #0]
 120:../Dave/Generated/src/GMM001/GMM001.c ****   GMM001_handle0.umm_numblocks = (uint32_t)LENGTH1 / (sizeof(LMM001_BlockType));
  95              		.loc 1 120 0
  96 006a 40F20003 		movw	r3, #:lower16:LENGTH1
  97 006e C0F20003 		movt	r3, #:upper16:LENGTH1
  98 0072 1B68     		ldr	r3, [r3, #0]
  99 0074 4FEAD303 		lsr	r3, r3, #3
 100 0078 9AB2     		uxth	r2, r3
 101 007a 40F20003 		movw	r3, #:lower16:GMM001_handle0
 102 007e C0F20003 		movt	r3, #:upper16:GMM001_handle0
 103 0082 9A80     		strh	r2, [r3, #4]	@ movhi
 121:../Dave/Generated/src/GMM001/GMM001.c ****   GMM001_handle1.umm_heap = ((LMM001_BlockType *)Heap_Bank2_Start);
 104              		.loc 1 121 0
 105 0084 40F20003 		movw	r3, #:lower16:GMM001_handle1
 106 0088 C0F20003 		movt	r3, #:upper16:GMM001_handle1
 107 008c 40F20002 		movw	r2, #:lower16:Heap_Bank2_Start
 108 0090 C0F20002 		movt	r2, #:upper16:Heap_Bank2_Start
 109 0094 1A60     		str	r2, [r3, #0]
 122:../Dave/Generated/src/GMM001/GMM001.c ****   GMM001_handle1.umm_numblocks = (uint32_t)LENGTH2 / (sizeof(LMM001_BlockType));
 110              		.loc 1 122 0
 111 0096 40F20003 		movw	r3, #:lower16:LENGTH2
 112 009a C0F20003 		movt	r3, #:upper16:LENGTH2
 113 009e 1B68     		ldr	r3, [r3, #0]
 114 00a0 4FEAD303 		lsr	r3, r3, #3
 115 00a4 9AB2     		uxth	r2, r3
 116 00a6 40F20003 		movw	r3, #:lower16:GMM001_handle1
 117 00aa C0F20003 		movt	r3, #:upper16:GMM001_handle1
 118 00ae 9A80     		strh	r2, [r3, #4]	@ movhi
 123:../Dave/Generated/src/GMM001/GMM001.c ****   GMM001_handle2.umm_heap = ((LMM001_BlockType *)Heap_Bank3_Start);
 119              		.loc 1 123 0
 120 00b0 40F20003 		movw	r3, #:lower16:GMM001_handle2
 121 00b4 C0F20003 		movt	r3, #:upper16:GMM001_handle2
 122 00b8 40F20002 		movw	r2, #:lower16:Heap_Bank3_Start
 123 00bc C0F20002 		movt	r2, #:upper16:Heap_Bank3_Start
 124 00c0 1A60     		str	r2, [r3, #0]
 124:../Dave/Generated/src/GMM001/GMM001.c ****   GMM001_handle2.umm_numblocks = (uint32_t) LENGTH3/ (sizeof(LMM001_BlockType));
 125              		.loc 1 124 0
 126 00c2 40F20003 		movw	r3, #:lower16:LENGTH3
 127 00c6 C0F20003 		movt	r3, #:upper16:LENGTH3
 128 00ca 1B68     		ldr	r3, [r3, #0]
 129 00cc 4FEAD303 		lsr	r3, r3, #3
 130 00d0 9AB2     		uxth	r2, r3
 131 00d2 40F20003 		movw	r3, #:lower16:GMM001_handle2
 132 00d6 C0F20003 		movt	r3, #:upper16:GMM001_handle2
 133 00da 9A80     		strh	r2, [r3, #4]	@ movhi
 125:../Dave/Generated/src/GMM001/GMM001.c **** 
 126:../Dave/Generated/src/GMM001/GMM001.c ****   FUNCTION_EXIT(GID_GMM001, (uint32_t)GMM001_FUNCTION_EXIT);
 127:../Dave/Generated/src/GMM001/GMM001.c **** }
 134              		.loc 1 127 0
 135 00dc 80BD     		pop	{r7, pc}
 136              		.cfi_endproc
 137              	.LFE117:
 139 00de 00BF     		.section	.text.GMM001_malloc,"ax",%progbits
 140              		.align	2
 141              		.global	GMM001_malloc
 142              		.thumb
 143              		.thumb_func
 145              	GMM001_malloc:
 146              	.LFB118:
 128:../Dave/Generated/src/GMM001/GMM001.c **** 
 129:../Dave/Generated/src/GMM001/GMM001.c **** /*<<<DD_GMM001_API_2>>>*/
 130:../Dave/Generated/src/GMM001/GMM001.c **** /*
 131:../Dave/Generated/src/GMM001/GMM001.c ****  * The function allocates memory of 'size' number of bytes.
 132:../Dave/Generated/src/GMM001/GMM001.c ****  */
 133:../Dave/Generated/src/GMM001/GMM001.c **** void * GMM001_malloc (uint32_t size)
 134:../Dave/Generated/src/GMM001/GMM001.c **** {
 147              		.loc 1 134 0
 148              		.cfi_startproc
 149              		@ args = 0, pretend = 0, frame = 16
 150              		@ frame_needed = 1, uses_anonymous_args = 0
 151 0000 80B5     		push	{r7, lr}
 152              	.LCFI2:
 153              		.cfi_def_cfa_offset 8
 154              		.cfi_offset 7, -8
 155              		.cfi_offset 14, -4
 156 0002 84B0     		sub	sp, sp, #16
 157              	.LCFI3:
 158              		.cfi_def_cfa_offset 24
 159 0004 00AF     		add	r7, sp, #0
 160              	.LCFI4:
 161              		.cfi_def_cfa_register 7
 162 0006 7860     		str	r0, [r7, #4]
 135:../Dave/Generated/src/GMM001/GMM001.c ****   void * MemPtr = NULL;
 163              		.loc 1 135 0
 164 0008 4FF00003 		mov	r3, #0
 165 000c FB60     		str	r3, [r7, #12]
 136:../Dave/Generated/src/GMM001/GMM001.c ****   FUNCTION_ENTRY(GID_GMM001, (uint32_t)GMM001_FUNCTION_ENTRY);
 137:../Dave/Generated/src/GMM001/GMM001.c **** 
 138:../Dave/Generated/src/GMM001/GMM001.c **** /*<<<DD_GMM001_API_2_1>>>*/  
 139:../Dave/Generated/src/GMM001/GMM001.c ****   MemPtr = LMM001_malloc(&GMM001_handle0, size);
 166              		.loc 1 139 0
 167 000e 40F20000 		movw	r0, #:lower16:GMM001_handle0
 168 0012 C0F20000 		movt	r0, #:upper16:GMM001_handle0
 169 0016 7968     		ldr	r1, [r7, #4]
 170 0018 FFF7FEFF 		bl	LMM001_malloc
 171 001c F860     		str	r0, [r7, #12]
 140:../Dave/Generated/src/GMM001/GMM001.c ****   if (MemPtr == NULL)
 172              		.loc 1 140 0
 173 001e FB68     		ldr	r3, [r7, #12]
 174 0020 002B     		cmp	r3, #0
 175 0022 12D1     		bne	.L3
 141:../Dave/Generated/src/GMM001/GMM001.c ****   {
 142:../Dave/Generated/src/GMM001/GMM001.c ****     MemPtr = LMM001_malloc(&GMM001_handle1, size);
 176              		.loc 1 142 0
 177 0024 40F20000 		movw	r0, #:lower16:GMM001_handle1
 178 0028 C0F20000 		movt	r0, #:upper16:GMM001_handle1
 179 002c 7968     		ldr	r1, [r7, #4]
 180 002e FFF7FEFF 		bl	LMM001_malloc
 181 0032 F860     		str	r0, [r7, #12]
 143:../Dave/Generated/src/GMM001/GMM001.c **** 	if (MemPtr == NULL)
 182              		.loc 1 143 0
 183 0034 FB68     		ldr	r3, [r7, #12]
 184 0036 002B     		cmp	r3, #0
 185 0038 07D1     		bne	.L3
 144:../Dave/Generated/src/GMM001/GMM001.c **** 	{
 145:../Dave/Generated/src/GMM001/GMM001.c **** 		MemPtr = LMM001_malloc(&GMM001_handle2, size);
 186              		.loc 1 145 0
 187 003a 40F20000 		movw	r0, #:lower16:GMM001_handle2
 188 003e C0F20000 		movt	r0, #:upper16:GMM001_handle2
 189 0042 7968     		ldr	r1, [r7, #4]
 190 0044 FFF7FEFF 		bl	LMM001_malloc
 191 0048 F860     		str	r0, [r7, #12]
 192              	.L3:
 146:../Dave/Generated/src/GMM001/GMM001.c **** 	}
 147:../Dave/Generated/src/GMM001/GMM001.c ****   }
 148:../Dave/Generated/src/GMM001/GMM001.c **** 
 149:../Dave/Generated/src/GMM001/GMM001.c ****   FUNCTION_EXIT(GID_GMM001, (uint32_t)GMM001_FUNCTION_EXIT);
 150:../Dave/Generated/src/GMM001/GMM001.c ****   return MemPtr;
 193              		.loc 1 150 0
 194 004a FB68     		ldr	r3, [r7, #12]
 151:../Dave/Generated/src/GMM001/GMM001.c **** }
 195              		.loc 1 151 0
 196 004c 1846     		mov	r0, r3
 197 004e 07F11007 		add	r7, r7, #16
 198 0052 BD46     		mov	sp, r7
 199 0054 80BD     		pop	{r7, pc}
 200              		.cfi_endproc
 201              	.LFE118:
 203 0056 00BF     		.section	.text.GMM001_realloc,"ax",%progbits
 204              		.align	2
 205              		.global	GMM001_realloc
 206              		.thumb
 207              		.thumb_func
 209              	GMM001_realloc:
 210              	.LFB119:
 152:../Dave/Generated/src/GMM001/GMM001.c **** 
 153:../Dave/Generated/src/GMM001/GMM001.c **** /*<<<DD_GMM001_API_3>>>*/ 
 154:../Dave/Generated/src/GMM001/GMM001.c **** /*
 155:../Dave/Generated/src/GMM001/GMM001.c ****  * This function changes the size of a block of memory that was previously allocated with malloc().
 156:../Dave/Generated/src/GMM001/GMM001.c ****  */
 157:../Dave/Generated/src/GMM001/GMM001.c **** void * GMM001_realloc (uint32_t size, void * MemPtr)
 158:../Dave/Generated/src/GMM001/GMM001.c **** {
 211              		.loc 1 158 0
 212              		.cfi_startproc
 213              		@ args = 0, pretend = 0, frame = 16
 214              		@ frame_needed = 1, uses_anonymous_args = 0
 215 0000 80B5     		push	{r7, lr}
 216              	.LCFI5:
 217              		.cfi_def_cfa_offset 8
 218              		.cfi_offset 7, -8
 219              		.cfi_offset 14, -4
 220 0002 84B0     		sub	sp, sp, #16
 221              	.LCFI6:
 222              		.cfi_def_cfa_offset 24
 223 0004 00AF     		add	r7, sp, #0
 224              	.LCFI7:
 225              		.cfi_def_cfa_register 7
 226 0006 7860     		str	r0, [r7, #4]
 227 0008 3960     		str	r1, [r7, #0]
 159:../Dave/Generated/src/GMM001/GMM001.c ****   void * MemPtr1 = NULL;
 228              		.loc 1 159 0
 229 000a 4FF00003 		mov	r3, #0
 230 000e FB60     		str	r3, [r7, #12]
 160:../Dave/Generated/src/GMM001/GMM001.c ****   FUNCTION_ENTRY(GID_GMM001, (uint32_t)GMM001_FUNCTION_ENTRY);
 161:../Dave/Generated/src/GMM001/GMM001.c **** 
 162:../Dave/Generated/src/GMM001/GMM001.c ****   if (MemPtr == NULL)
 231              		.loc 1 162 0
 232 0010 3B68     		ldr	r3, [r7, #0]
 233 0012 002B     		cmp	r3, #0
 234 0014 04D1     		bne	.L6
 163:../Dave/Generated/src/GMM001/GMM001.c ****   {
 164:../Dave/Generated/src/GMM001/GMM001.c ****     return(GMM001_malloc(size));
 235              		.loc 1 164 0
 236 0016 7868     		ldr	r0, [r7, #4]
 237 0018 FFF7FEFF 		bl	GMM001_malloc
 238 001c 0346     		mov	r3, r0
 239 001e 59E0     		b	.L7
 240              	.L6:
 165:../Dave/Generated/src/GMM001/GMM001.c ****   }
 166:../Dave/Generated/src/GMM001/GMM001.c **** 
 167:../Dave/Generated/src/GMM001/GMM001.c **** /*<<<DD_GMM001_API_3_1>>>*/   
 168:../Dave/Generated/src/GMM001/GMM001.c ****   if (((uint32_t)MemPtr >= (uint32_t)Heap_Bank1_Start) && ((uint32_t)MemPtr <= ((uint32_t)Heap_Bank
 241              		.loc 1 168 0
 242 0020 3A68     		ldr	r2, [r7, #0]
 243 0022 40F20003 		movw	r3, #:lower16:Heap_Bank1_Start
 244 0026 C0F20003 		movt	r3, #:upper16:Heap_Bank1_Start
 245 002a 9A42     		cmp	r2, r3
 246 002c 16D3     		bcc	.L8
 247              		.loc 1 168 0 is_stmt 0 discriminator 1
 248 002e 3A68     		ldr	r2, [r7, #0]
 249 0030 40F20003 		movw	r3, #:lower16:LENGTH1
 250 0034 C0F20003 		movt	r3, #:upper16:LENGTH1
 251 0038 1968     		ldr	r1, [r3, #0]
 252 003a 40F20003 		movw	r3, #:lower16:Heap_Bank1_Start
 253 003e C0F20003 		movt	r3, #:upper16:Heap_Bank1_Start
 254 0042 CB18     		adds	r3, r1, r3
 255 0044 9A42     		cmp	r2, r3
 256 0046 09D8     		bhi	.L8
 169:../Dave/Generated/src/GMM001/GMM001.c ****   {
 170:../Dave/Generated/src/GMM001/GMM001.c ****     MemPtr1 = LMM001_realloc(&GMM001_handle0, MemPtr, size);
 257              		.loc 1 170 0 is_stmt 1
 258 0048 40F20000 		movw	r0, #:lower16:GMM001_handle0
 259 004c C0F20000 		movt	r0, #:upper16:GMM001_handle0
 260 0050 3968     		ldr	r1, [r7, #0]
 261 0052 7A68     		ldr	r2, [r7, #4]
 262 0054 FFF7FEFF 		bl	LMM001_realloc
 263 0058 F860     		str	r0, [r7, #12]
 264 005a 3AE0     		b	.L9
 265              	.L8:
 171:../Dave/Generated/src/GMM001/GMM001.c ****   }
 172:../Dave/Generated/src/GMM001/GMM001.c **** 
 173:../Dave/Generated/src/GMM001/GMM001.c **** /*<<<DD_GMM001_API_3_2>>>*/   
 174:../Dave/Generated/src/GMM001/GMM001.c ****   else if (((uint32_t)MemPtr >= (uint32_t)Heap_Bank2_Start) && ((uint32_t)MemPtr <= ((uint32_t)Heap
 266              		.loc 1 174 0
 267 005c 3A68     		ldr	r2, [r7, #0]
 268 005e 40F20003 		movw	r3, #:lower16:Heap_Bank2_Start
 269 0062 C0F20003 		movt	r3, #:upper16:Heap_Bank2_Start
 270 0066 9A42     		cmp	r2, r3
 271 0068 16D3     		bcc	.L10
 272              		.loc 1 174 0 is_stmt 0 discriminator 1
 273 006a 3A68     		ldr	r2, [r7, #0]
 274 006c 40F20003 		movw	r3, #:lower16:LENGTH2
 275 0070 C0F20003 		movt	r3, #:upper16:LENGTH2
 276 0074 1968     		ldr	r1, [r3, #0]
 277 0076 40F20003 		movw	r3, #:lower16:Heap_Bank2_Start
 278 007a C0F20003 		movt	r3, #:upper16:Heap_Bank2_Start
 279 007e CB18     		adds	r3, r1, r3
 280 0080 9A42     		cmp	r2, r3
 281 0082 09D8     		bhi	.L10
 175:../Dave/Generated/src/GMM001/GMM001.c ****   {
 176:../Dave/Generated/src/GMM001/GMM001.c ****  	MemPtr1 = LMM001_realloc(&GMM001_handle1, MemPtr, size);
 282              		.loc 1 176 0 is_stmt 1
 283 0084 40F20000 		movw	r0, #:lower16:GMM001_handle1
 284 0088 C0F20000 		movt	r0, #:upper16:GMM001_handle1
 285 008c 3968     		ldr	r1, [r7, #0]
 286 008e 7A68     		ldr	r2, [r7, #4]
 287 0090 FFF7FEFF 		bl	LMM001_realloc
 288 0094 F860     		str	r0, [r7, #12]
 289 0096 1CE0     		b	.L9
 290              	.L10:
 177:../Dave/Generated/src/GMM001/GMM001.c ****   }
 178:../Dave/Generated/src/GMM001/GMM001.c **** 
 179:../Dave/Generated/src/GMM001/GMM001.c **** /*<<<DD_GMM001_API_3_3>>>*/   
 180:../Dave/Generated/src/GMM001/GMM001.c ****   else if (((uint32_t)MemPtr >= (uint32_t)Heap_Bank3_Start) && ((uint32_t)MemPtr <= ((uint32_t)Heap
 291              		.loc 1 180 0
 292 0098 3A68     		ldr	r2, [r7, #0]
 293 009a 40F20003 		movw	r3, #:lower16:Heap_Bank3_Start
 294 009e C0F20003 		movt	r3, #:upper16:Heap_Bank3_Start
 295 00a2 9A42     		cmp	r2, r3
 296 00a4 15D3     		bcc	.L9
 297              		.loc 1 180 0 is_stmt 0 discriminator 1
 298 00a6 3A68     		ldr	r2, [r7, #0]
 299 00a8 40F20003 		movw	r3, #:lower16:LENGTH3
 300 00ac C0F20003 		movt	r3, #:upper16:LENGTH3
 301 00b0 1968     		ldr	r1, [r3, #0]
 302 00b2 40F20003 		movw	r3, #:lower16:Heap_Bank3_Start
 303 00b6 C0F20003 		movt	r3, #:upper16:Heap_Bank3_Start
 304 00ba CB18     		adds	r3, r1, r3
 305 00bc 9A42     		cmp	r2, r3
 306 00be 08D8     		bhi	.L9
 181:../Dave/Generated/src/GMM001/GMM001.c ****   {
 182:../Dave/Generated/src/GMM001/GMM001.c ****     MemPtr1 = LMM001_realloc(&GMM001_handle2, MemPtr, size);
 307              		.loc 1 182 0 is_stmt 1
 308 00c0 40F20000 		movw	r0, #:lower16:GMM001_handle2
 309 00c4 C0F20000 		movt	r0, #:upper16:GMM001_handle2
 310 00c8 3968     		ldr	r1, [r7, #0]
 311 00ca 7A68     		ldr	r2, [r7, #4]
 312 00cc FFF7FEFF 		bl	LMM001_realloc
 313 00d0 F860     		str	r0, [r7, #12]
 314              	.L9:
 183:../Dave/Generated/src/GMM001/GMM001.c ****   }
 184:../Dave/Generated/src/GMM001/GMM001.c ****   FUNCTION_EXIT(GID_GMM001, (uint32_t)GMM001_FUNCTION_EXIT);
 185:../Dave/Generated/src/GMM001/GMM001.c ****   return MemPtr1;
 315              		.loc 1 185 0
 316 00d2 FB68     		ldr	r3, [r7, #12]
 317              	.L7:
 186:../Dave/Generated/src/GMM001/GMM001.c **** }
 318              		.loc 1 186 0
 319 00d4 1846     		mov	r0, r3
 320 00d6 07F11007 		add	r7, r7, #16
 321 00da BD46     		mov	sp, r7
 322 00dc 80BD     		pop	{r7, pc}
 323              		.cfi_endproc
 324              	.LFE119:
 326 00de 00BF     		.section	.text.GMM001_free,"ax",%progbits
 327              		.align	2
 328              		.global	GMM001_free
 329              		.thumb
 330              		.thumb_func
 332              	GMM001_free:
 333              	.LFB120:
 187:../Dave/Generated/src/GMM001/GMM001.c **** 
 188:../Dave/Generated/src/GMM001/GMM001.c **** /*<<<DD_GMM001_API_4>>>*/ 
 189:../Dave/Generated/src/GMM001/GMM001.c **** /*
 190:../Dave/Generated/src/GMM001/GMM001.c ****  *  The function deallocates the memory pointed by Memptr.
 191:../Dave/Generated/src/GMM001/GMM001.c ****  */
 192:../Dave/Generated/src/GMM001/GMM001.c **** void GMM001_free (void * MemPtr)
 193:../Dave/Generated/src/GMM001/GMM001.c **** {
 334              		.loc 1 193 0
 335              		.cfi_startproc
 336              		@ args = 0, pretend = 0, frame = 8
 337              		@ frame_needed = 1, uses_anonymous_args = 0
 338 0000 80B5     		push	{r7, lr}
 339              	.LCFI8:
 340              		.cfi_def_cfa_offset 8
 341              		.cfi_offset 7, -8
 342              		.cfi_offset 14, -4
 343 0002 82B0     		sub	sp, sp, #8
 344              	.LCFI9:
 345              		.cfi_def_cfa_offset 16
 346 0004 00AF     		add	r7, sp, #0
 347              	.LCFI10:
 348              		.cfi_def_cfa_register 7
 349 0006 7860     		str	r0, [r7, #4]
 194:../Dave/Generated/src/GMM001/GMM001.c ****   FUNCTION_ENTRY(GID_GMM001, (uint32_t)GMM001_FUNCTION_ENTRY);
 195:../Dave/Generated/src/GMM001/GMM001.c **** 
 196:../Dave/Generated/src/GMM001/GMM001.c **** /*<<<DD_GMM001_API_4_1>>>*/   
 197:../Dave/Generated/src/GMM001/GMM001.c ****   if (((uint32_t)MemPtr >= (uint32_t)Heap_Bank1_Start) && ((uint32_t)MemPtr <= ((uint32_t)Heap_Bank
 350              		.loc 1 197 0
 351 0008 7A68     		ldr	r2, [r7, #4]
 352 000a 40F20003 		movw	r3, #:lower16:Heap_Bank1_Start
 353 000e C0F20003 		movt	r3, #:upper16:Heap_Bank1_Start
 354 0012 9A42     		cmp	r2, r3
 355 0014 14D3     		bcc	.L12
 356              		.loc 1 197 0 is_stmt 0 discriminator 1
 357 0016 7A68     		ldr	r2, [r7, #4]
 358 0018 40F20003 		movw	r3, #:lower16:LENGTH1
 359 001c C0F20003 		movt	r3, #:upper16:LENGTH1
 360 0020 1968     		ldr	r1, [r3, #0]
 361 0022 40F20003 		movw	r3, #:lower16:Heap_Bank1_Start
 362 0026 C0F20003 		movt	r3, #:upper16:Heap_Bank1_Start
 363 002a CB18     		adds	r3, r1, r3
 364 002c 9A42     		cmp	r2, r3
 365 002e 07D8     		bhi	.L12
 198:../Dave/Generated/src/GMM001/GMM001.c ****   {
 199:../Dave/Generated/src/GMM001/GMM001.c ****     LMM001_free(&GMM001_handle0, MemPtr);
 366              		.loc 1 199 0 is_stmt 1
 367 0030 40F20000 		movw	r0, #:lower16:GMM001_handle0
 368 0034 C0F20000 		movt	r0, #:upper16:GMM001_handle0
 369 0038 7968     		ldr	r1, [r7, #4]
 370 003a FFF7FEFF 		bl	LMM001_free
 371 003e 36E0     		b	.L11
 372              	.L12:
 200:../Dave/Generated/src/GMM001/GMM001.c ****   }
 201:../Dave/Generated/src/GMM001/GMM001.c **** 
 202:../Dave/Generated/src/GMM001/GMM001.c **** /*<<<DD_GMM001_API_4_2>>>*/   
 203:../Dave/Generated/src/GMM001/GMM001.c ****   else if (((uint32_t)MemPtr >= (uint32_t)Heap_Bank2_Start) && ((uint32_t)MemPtr <= ((uint32_t)Heap
 373              		.loc 1 203 0
 374 0040 7A68     		ldr	r2, [r7, #4]
 375 0042 40F20003 		movw	r3, #:lower16:Heap_Bank2_Start
 376 0046 C0F20003 		movt	r3, #:upper16:Heap_Bank2_Start
 377 004a 9A42     		cmp	r2, r3
 378 004c 14D3     		bcc	.L14
 379              		.loc 1 203 0 is_stmt 0 discriminator 1
 380 004e 7A68     		ldr	r2, [r7, #4]
 381 0050 40F20003 		movw	r3, #:lower16:LENGTH2
 382 0054 C0F20003 		movt	r3, #:upper16:LENGTH2
 383 0058 1968     		ldr	r1, [r3, #0]
 384 005a 40F20003 		movw	r3, #:lower16:Heap_Bank2_Start
 385 005e C0F20003 		movt	r3, #:upper16:Heap_Bank2_Start
 386 0062 CB18     		adds	r3, r1, r3
 387 0064 9A42     		cmp	r2, r3
 388 0066 07D8     		bhi	.L14
 204:../Dave/Generated/src/GMM001/GMM001.c ****   {
 205:../Dave/Generated/src/GMM001/GMM001.c ****     LMM001_free(&GMM001_handle1, MemPtr);
 389              		.loc 1 205 0 is_stmt 1
 390 0068 40F20000 		movw	r0, #:lower16:GMM001_handle1
 391 006c C0F20000 		movt	r0, #:upper16:GMM001_handle1
 392 0070 7968     		ldr	r1, [r7, #4]
 393 0072 FFF7FEFF 		bl	LMM001_free
 394 0076 1AE0     		b	.L11
 395              	.L14:
 206:../Dave/Generated/src/GMM001/GMM001.c ****   }
 207:../Dave/Generated/src/GMM001/GMM001.c **** 
 208:../Dave/Generated/src/GMM001/GMM001.c **** /*<<<DD_GMM001_API_4_3>>>*/   
 209:../Dave/Generated/src/GMM001/GMM001.c ****   else if (((uint32_t)MemPtr >= (uint32_t)Heap_Bank3_Start) && ((uint32_t)MemPtr <= ((uint32_t)Heap
 396              		.loc 1 209 0
 397 0078 7A68     		ldr	r2, [r7, #4]
 398 007a 40F20003 		movw	r3, #:lower16:Heap_Bank3_Start
 399 007e C0F20003 		movt	r3, #:upper16:Heap_Bank3_Start
 400 0082 9A42     		cmp	r2, r3
 401 0084 13D3     		bcc	.L11
 402              		.loc 1 209 0 is_stmt 0 discriminator 1
 403 0086 7A68     		ldr	r2, [r7, #4]
 404 0088 40F20003 		movw	r3, #:lower16:LENGTH3
 405 008c C0F20003 		movt	r3, #:upper16:LENGTH3
 406 0090 1968     		ldr	r1, [r3, #0]
 407 0092 40F20003 		movw	r3, #:lower16:Heap_Bank3_Start
 408 0096 C0F20003 		movt	r3, #:upper16:Heap_Bank3_Start
 409 009a CB18     		adds	r3, r1, r3
 410 009c 9A42     		cmp	r2, r3
 411 009e 06D8     		bhi	.L11
 210:../Dave/Generated/src/GMM001/GMM001.c ****   {
 211:../Dave/Generated/src/GMM001/GMM001.c ****     LMM001_free(&GMM001_handle2, MemPtr);
 412              		.loc 1 211 0 is_stmt 1
 413 00a0 40F20000 		movw	r0, #:lower16:GMM001_handle2
 414 00a4 C0F20000 		movt	r0, #:upper16:GMM001_handle2
 415 00a8 7968     		ldr	r1, [r7, #4]
 416 00aa FFF7FEFF 		bl	LMM001_free
 417              	.L11:
 212:../Dave/Generated/src/GMM001/GMM001.c ****   }
 213:../Dave/Generated/src/GMM001/GMM001.c ****   FUNCTION_EXIT(GID_GMM001, (uint32_t)GMM001_FUNCTION_EXIT);
 214:../Dave/Generated/src/GMM001/GMM001.c **** }
 418              		.loc 1 214 0
 419 00ae 07F10807 		add	r7, r7, #8
 420 00b2 BD46     		mov	sp, r7
 421 00b4 80BD     		pop	{r7, pc}
 422              		.cfi_endproc
 423              	.LFE120:
 425 00b6 00BF     		.text
 426              	.Letext0:
 427              		.file 2 "c:\\dave-3.1.10\\arm-gcc\\bin\\../lib/gcc/arm-none-eabi/4.7.4/../../../../arm-none-eabi/i
 428              		.file 3 "F:\\WORK\\SmartHome_checkout1\\XMC4500_RK_HTTPserver\\Dave\\Generated\\inc\\DAVESupport/.
 429              		.file 4 "F:\\WORK\\SmartHome_checkout1\\XMC4500_RK_HTTPserver\\Dave\\Generated\\inc\\DAVESupport/.
 430              		.file 5 "F:\\WORK\\SmartHome_checkout1\\XMC4500_RK_HTTPserver\\Dave\\Generated\\inc\\DAVESupport/.
 431              		.file 6 "C:\\DAVE-3.1.10\\eclipse\\/../CMSIS/Include/core_cm4.h"
DEFINED SYMBOLS
                            *ABS*:00000000 GMM001.c
C:\Users\Mihai\AppData\Local\Temp\ccARfzIg.s:24     .rodata:00000000 LENGTH1
C:\Users\Mihai\AppData\Local\Temp\ccARfzIg.s:21     .rodata:00000000 $d
C:\Users\Mihai\AppData\Local\Temp\ccARfzIg.s:30     .rodata:00000004 LENGTH2
C:\Users\Mihai\AppData\Local\Temp\ccARfzIg.s:36     .rodata:00000008 LENGTH3
                            *COM*:00000006 GMM001_handle0
                            *COM*:00000006 GMM001_handle1
                            *COM*:00000006 GMM001_handle2
C:\Users\Mihai\AppData\Local\Temp\ccARfzIg.s:42     .text.GMM001_Init:00000000 $t
C:\Users\Mihai\AppData\Local\Temp\ccARfzIg.s:47     .text.GMM001_Init:00000000 GMM001_Init
C:\Users\Mihai\AppData\Local\Temp\ccARfzIg.s:140    .text.GMM001_malloc:00000000 $t
C:\Users\Mihai\AppData\Local\Temp\ccARfzIg.s:145    .text.GMM001_malloc:00000000 GMM001_malloc
C:\Users\Mihai\AppData\Local\Temp\ccARfzIg.s:204    .text.GMM001_realloc:00000000 $t
C:\Users\Mihai\AppData\Local\Temp\ccARfzIg.s:209    .text.GMM001_realloc:00000000 GMM001_realloc
C:\Users\Mihai\AppData\Local\Temp\ccARfzIg.s:327    .text.GMM001_free:00000000 $t
C:\Users\Mihai\AppData\Local\Temp\ccARfzIg.s:332    .text.GMM001_free:00000000 GMM001_free
                     .debug_frame:00000010 $d
                           .group:00000000 wm4.1.1791a5ae2e936ca1033c1c44be394cc7
                           .group:00000000 wm4.XMC4500.h.45.215f4b8c79f46c7645c15373868d08c0
                           .group:00000000 wm4.core_cm4.h.47.41af406cb4cda82c972f112a9cd0a024
                           .group:00000000 wm4.newlib.h.8.a9901dc52d1357e3e94003403d43f8b5
                           .group:00000000 wm4.features.h.22.b72b3baab2bb2eab3661375590100b6b
                           .group:00000000 wm4.config.h.193.5fb8ef056cdff92dec3dee9552839d8c
                           .group:00000000 wm4._ansi.h.23.7aefdac4826acebbfc9f3822a0aeb14c
                           .group:00000000 wm4.stdint.h.20.54ad762faa59e3c05491630641c8d8bf
                           .group:00000000 wm4.core_cmInstr.h.39.3d3d1b4a79aef37532666dc6ee87c6ac
                           .group:00000000 wm4.core_cm4_simd.h.43.b5d1d38735af6366227b4256d330cf13
                           .group:00000000 wm4.core_cm4.h.178.e5ef5ce66d198d7f00f9d0076e267c41
                           .group:00000000 wm4.system_XMC4500.h.29.827f68baa362c84f2abae4ab67dde7c9
                           .group:00000000 wm4.XMC4500.h.198.8e022f279ff353ed081df898dc7b9cf3
                           .group:00000000 wm4.stddef.h.40.50cf36416e06376af8a9dca28536f2e4
                           .group:00000000 wm4.types.h.55.0006b5fda1d606516f2dcaf4aca92b11
                           .group:00000000 wm4.MULTIPLEXER.h.43.4aa654be3ec80895f631b5281bbb9105
                           .group:00000000 wm4.CCU8PWMLIB.h.70.a5d6a5267902b8b4aea2a0224518259a
                           .group:00000000 wm4.DBG001.h.116.d6d9e7459a0faa3905c97c1d2edb339d
                           .group:00000000 wm4.SYSTM001.h.63.668098b2213d40a5bd0db5fbe813cf05
                           .group:00000000 wm4.ETH002_Conf.h.56.5bd2b085b66f43d51abd69396be7f35f
                           .group:00000000 wm4.EthernetPHY.h.54.7af1709186b21e62a5f1d4049da3988b
                           .group:00000000 wm4.ETH001_Conf.h.71.1e151af1ba54dd023e1f942bdf922819
                           .group:00000000 wm4.synopGMAC_plat.h.78.7a90e072b497857344aea4ba1e994097
                           .group:00000000 wm4.synopGMAC_stack_interface.h.73.6be6aaee0ac6637432f4d0589044479b
                           .group:00000000 wm4.SynopGMAC_Dev.h.72.7c89c07cf666d37f5c9b615720d5e111
                           .group:00000000 wm4.synopGMAC_network_interface.h.73.4dd08316a11bc43c8c4a9da15277fb0f
                           .group:00000000 wm4.stdlib.h.13.603ed7eb09a1561ab06840b7c0fcff58
                           .group:00000000 wm4.stddef.h.161.e50ff8a9d5d1abbc15641da28ac571bf
                           .group:00000000 wm4._default_types.h.6.5e12cd604db8ce00b62bb2f02708eaf3
                           .group:00000000 wm4.lock.h.2.9bc98482741e5e2a9450b12934a684ea
                           .group:00000000 wm4.stddef.h.161.c6104a0666cf681b6269ddc9b4f516d4
                           .group:00000000 wm4.reent.h.16.9e42f0e588b85e70b2bf6572af57ce64
                           .group:00000000 wm4.alloca.h.8.dfc0c703c47ec3e69746825b17d9e66d
                           .group:00000000 wm4.stdlib.h.53.c69c7609933ff56d59c757cec2d13230
                           .group:00000000 wm4.string.h.8.ef946ad0bc9ad5c970c365dcd1fc4b0a
                           .group:00000000 wm4.string.h.86.d5c872ff52e2712c985b588a0ef39f3c
                           .group:00000000 wm4.ETH004_Conf.h.56.564c3f309c32b3c742fc91049cf66940
                           .group:00000000 wm4.lwipopts.h.73.a7a63bda1e8216abd1d90275eaaa0027
                           .group:00000000 wm4.arch.h.33.6fa4aa86d33d1490ae882caef7316405
                           .group:00000000 wm4.cpu.h.33.b213c7fd77614ebc3691cef18ad2ff22
                           .group:00000000 wm4.cc.h.66.ec134211c658dcc89de4610e4e7bab46
                           .group:00000000 wm4.arch.h.47.5153c52bfb94ee3b37299920afab6afd
                           .group:00000000 wm4.debug.h.43.557ecd6c90cc70b375bb8a29118be47b
                           .group:00000000 wm4.opt.h.94.d36882acafebb8726bce646fc8b2397b
                           .group:00000000 wm4.err.h.52.37c5d17538f8e8347a9c84196701e92d
                           .group:00000000 wm4.pbuf.h.43.e9a1ad12b97478787a109e22d5306820
                           .group:00000000 wm4.inet.h.46.b516065779826845d16d49f513869a2b
                           .group:00000000 wm4.ip_addr.h.79.9a0ce887ca8c88c22ad7686bcb5105df
                           .group:00000000 wm4.sys.h.65.4a0cd87b9e0d8bb4cd6b30e939b2ca7e
                           .group:00000000 wm4.mem.h.96.20770766e6c9e6c42af6bfa95ef5c63f
                           .group:00000000 wm4.def.h.33.049f911dab26023a266ed46ced0ce4bc
                           .group:00000000 wm4.netif.h.53.c13431a64f0e73a26710e71455725e84
                           .group:00000000 wm4.ip.h.48.ad46847692d4d729760949b27e48a442
                           .group:00000000 wm4.icmp.h.44.450dbf91f594cc26ad19d086cdc83713
                           .group:00000000 wm4.tcp.h.55.5c30b9432fa60afaa85cbdd225b0c683
                           .group:00000000 wm4.udp.h.48.1a8dde095cd0a13580afaba1443e5a3f
                           .group:00000000 wm4.SDMMC003_Conf.h.50.e707c07613fb4e6f2eaec982a892429d
                           .group:00000000 wm4.SDMMC003.h.85.b66055f6032a052f5173e3d123f9c61e
                           .group:00000000 wm4.SDMMC001.h.50.3e2fedc7e5ace33db4121d5cc027e8a4
                           .group:00000000 wm4.types.h.23.0d949686bbcadd1621462d4fa1f884f9
                           .group:00000000 wm4.types.h.2.e9cec8c90ab35f77d9f499e06ae02400
                           .group:00000000 wm4.types.h.80.1f2c84c0d57dd52dd9936095d9ac218e
                           .group:00000000 wm4.time.h.16.a4579e68956d2601c6113814b546764b
                           .group:00000000 wm4.diskio.h.7.93a3c8131d08770c060b04d2180fd09a
                           .group:00000000 wm4.diskio.h.42.a863614abe78d56d18ed7cb292d0028d
                           .group:00000000 wm4.ffconf.h.57.4ab321a2116d35ff7f28236ac31fad7c
                           .group:00000000 wm4.ff.h.82.8f05a37d35a49dba2681a7f047fee4ee
                           .group:00000000 wm4.lmm001_debuglog.h.40.8031299705ecf04ad726bd19baff976d
                           .group:00000000 wm4.LMM001.h.42.c21fe9cbedc336738c3dc89405cad216
                           .group:00000000 wm4.stdio.h.27.f2ac352bab34f31f9f478442827b2ba6
                           .group:00000000 wm4.stdarg.h.34.3a23a216c0c293b3d2ea2e89281481e6
                           .group:00000000 wm4.stdio.h.2.4aa87247282eca6c8f36f9de33d8df1a
                           .group:00000000 wm4.stdio.h.63.dfdea6580b080784d08faace69b6ed76
                           .group:00000000 wm4.time.h.2.9857e62ad6ac99431e29d58067232314
                           .group:00000000 wm4.time.h.24.c499d4c1915694df17abb795fd34b719
                           .group:00000000 wm4.time.h.124.10ced469f846269cafc58b59c853e1bb
                           .group:00000000 wm4.errno.h.2.ba016d646105af6cad23be83630b6a3f
                           .group:00000000 wm4.errno.h.9.65044c2b5d8494e43f5986ab0a1d770f
                           .group:00000000 wm4.unistd.h.2.6ce1b91c4223f6078c1b210c7538c1d2
                           .group:00000000 wm4.unistd.h.251.605bc560cdc6c3b07b599bb71ac4e425
                           .group:00000000 wm4.malloc.h.4.62bd13b8107d5245f60bd92bb5994838
                           .group:00000000 wm4.malloc.h.148.73b7de3bd065dafbd594b04197a9466e
                           .group:00000000 wm4.reent.h.91.faac4d0ac97c0fcf23d10d0786197642
                           .group:00000000 wm4.SLTHA003.h.100.69cb08672bc6ab3f052aa9d5bd6dc5ca
                           .group:00000000 wm4._default_fcntl.h.6.d036cf640d0f9a06bcff1be55acd66be
                           .group:00000000 wm4.stat.h.2.a761b02482a54847ff0d09dfcff24a5c
                           .group:00000000 wm4.fcntl.h.9.9336f33d7f5028f694c75e6e224e0cf7
                           .group:00000000 wm4.SLTHA001.h.97.d7e87c19a31e3244bdd5839e7cc42a61
                           .group:00000000 wm4.WEBSERVER001_Conf.h.54.cd6d29aaa96a848cbc5321bab5d6cd90
                           .group:00000000 wm4.IO004.h.51.dbf9dd216c57d6a7f14a22b2cb7e5626
                           .group:00000000 wm4.MOTORLIBS.h.59.b2e97de0df555dedfa51e24447b57ab8
                           .group:00000000 wm4.uc_id.h.35.a6c4837fad81477ba31967683332b8cc
                           .group:00000000 wm4.Usic.h.90.22743468abc46f16747d12430b219aaf
                           .group:00000000 wm4.UART001_Conf.h.53.c5c972f6f634bc5116c171852aaab668
                           .group:00000000 wm4.UART001.h.109.3e835815a7a59791d8bd39655f4d4cc9
                           .group:00000000 wm4.NVIC002_Conf.h.63.4809ded45954a78aa476d1e9f44d110e
                           .group:00000000 wm4.ADCGROUP001.h.66.3ee81aba16709c201614af7d67499bdb
                           .group:00000000 wm4.IO001.h.49.4efcabb368feaef60c65bd7504b48505
                           .group:00000000 wm4.ADC001.h.72.a0f6b9479a18584b91fa95e6f862978d

UNDEFINED SYMBOLS
Heap_Bank1_Size
Heap_Bank2_Size
Heap_Bank3_Size
Heap_Bank1_Start
memset
Heap_Bank2_Start
Heap_Bank3_Start
LMM001_malloc
LMM001_realloc
LMM001_free
