   1              		.syntax unified
   2              		.cpu cortex-m4
   3              		.eabi_attribute 27, 3
   4              		.fpu fpv4-sp-d16
   5              		.eabi_attribute 20, 1
   6              		.eabi_attribute 21, 1
   7              		.eabi_attribute 23, 3
   8              		.eabi_attribute 24, 1
   9              		.eabi_attribute 25, 1
  10              		.eabi_attribute 26, 1
  11              		.eabi_attribute 30, 6
  12              		.eabi_attribute 34, 1
  13              		.eabi_attribute 18, 4
  14              		.thumb
  15              		.file	"FATFS002_Conf.c"
  16              		.text
  17              	.Ltext0:
  18              		.cfi_sections	.debug_frame
  19              		.section	.text.FATFS002_Init,"ax",%progbits
  20              		.align	2
  21              		.global	FATFS002_Init
  22              		.thumb
  23              		.thumb_func
  25              	FATFS002_Init:
  26              	.LFB117:
  27              		.file 1 "../Dave/Generated/src/FATFS002/FATFS002_Conf.c"
   1:../Dave/Generated/src/FATFS002/FATFS002_Conf.c **** /*******************************************************************************
   2:../Dave/Generated/src/FATFS002/FATFS002_Conf.c **** **  DAVE App Name : FATFS002       App Version: 1.0.12               
   3:../Dave/Generated/src/FATFS002/FATFS002_Conf.c **** **  This file is generated by DAVE, User modification to this file will be    **
   4:../Dave/Generated/src/FATFS002/FATFS002_Conf.c **** **  overwritten at the next code generation.                                  **
   5:../Dave/Generated/src/FATFS002/FATFS002_Conf.c **** *******************************************************************************/
   6:../Dave/Generated/src/FATFS002/FATFS002_Conf.c **** 
   7:../Dave/Generated/src/FATFS002/FATFS002_Conf.c **** 
   8:../Dave/Generated/src/FATFS002/FATFS002_Conf.c **** /* CODE_BLOCK_BEGIN[FATFS002_Conf.c] */
   9:../Dave/Generated/src/FATFS002/FATFS002_Conf.c **** 
  10:../Dave/Generated/src/FATFS002/FATFS002_Conf.c **** /*******************************************************************************
  11:../Dave/Generated/src/FATFS002/FATFS002_Conf.c ****  Copyright (c) 2011, Infineon Technologies AG                                 **
  12:../Dave/Generated/src/FATFS002/FATFS002_Conf.c ****  All rights reserved.                                                         **
  13:../Dave/Generated/src/FATFS002/FATFS002_Conf.c ****                                                                               **
  14:../Dave/Generated/src/FATFS002/FATFS002_Conf.c ****  Redistribution and use in source and binary forms, with or without           **
  15:../Dave/Generated/src/FATFS002/FATFS002_Conf.c ****  modification,are permitted provided that the following conditions are met:   **
  16:../Dave/Generated/src/FATFS002/FATFS002_Conf.c ****                                                                               **
  17:../Dave/Generated/src/FATFS002/FATFS002_Conf.c ****  *Redistributions of source code must retain the above copyright notice,      **
  18:../Dave/Generated/src/FATFS002/FATFS002_Conf.c ****  this list of conditions and the following disclaimer.                        **
  19:../Dave/Generated/src/FATFS002/FATFS002_Conf.c ****  *Redistributions in binary form must reproduce the above copyright notice,   **
  20:../Dave/Generated/src/FATFS002/FATFS002_Conf.c ****  this list of conditions and the following disclaimer in the documentation    **
  21:../Dave/Generated/src/FATFS002/FATFS002_Conf.c ****  and/or other materials provided with the distribution.                       **
  22:../Dave/Generated/src/FATFS002/FATFS002_Conf.c ****  *Neither the name of the copyright holders nor the names of its contributors **
  23:../Dave/Generated/src/FATFS002/FATFS002_Conf.c ****  may be used to endorse or promote products derived from this software without** 
  24:../Dave/Generated/src/FATFS002/FATFS002_Conf.c ****  specific prior written permission.                                           **
  25:../Dave/Generated/src/FATFS002/FATFS002_Conf.c ****                                                                               **
  26:../Dave/Generated/src/FATFS002/FATFS002_Conf.c ****  THIS SOFTWARE IS PROVIDED BY THE COPYRIGHT HOLDERS AND CONTRIBUTORS "AS IS"  **
  27:../Dave/Generated/src/FATFS002/FATFS002_Conf.c ****  AND ANY EXPRESS OR IMPLIED WARRANTIES, INCLUDING, BUT NOT LIMITED TO, THE    **
  28:../Dave/Generated/src/FATFS002/FATFS002_Conf.c ****  IMPLIED WARRANTIES OF MERCHANTABILITY AND FITNESS FOR A PARTICULAR PURPOSE   **
  29:../Dave/Generated/src/FATFS002/FATFS002_Conf.c ****  ARE  DISCLAIMED. IN NO EVENT SHALL THE COPYRIGHT HOLDER OR CONTRIBUTORS BE   **
  30:../Dave/Generated/src/FATFS002/FATFS002_Conf.c ****  LIABLE  FOR ANY DIRECT, INDIRECT, INCIDENTAL, SPECIAL, EXEMPLARY, OR         **
  31:../Dave/Generated/src/FATFS002/FATFS002_Conf.c ****  CONSEQUENTIAL DAMAGES (INCLUDING, BUT NOT LIMITED TO, PROCUREMENT OF         **
  32:../Dave/Generated/src/FATFS002/FATFS002_Conf.c ****  SUBSTITUTE GOODS OR  SERVICES; LOSS OF USE, DATA, OR PROFITS; OR BUSINESS    **
  33:../Dave/Generated/src/FATFS002/FATFS002_Conf.c ****  INTERRUPTION) HOWEVER CAUSED AND ON ANY THEORY OF LIABILITY, WHETHER IN      **
  34:../Dave/Generated/src/FATFS002/FATFS002_Conf.c ****  CONTRACT, STRICT LIABILITY,OR TORT (INCLUDING NEGLIGENCE OR OTHERWISE)       **
  35:../Dave/Generated/src/FATFS002/FATFS002_Conf.c ****  ARISING IN ANY WAY OUT OF THE USE OF THIS SOFTWARE, EVEN IF ADVISED OF THE   **
  36:../Dave/Generated/src/FATFS002/FATFS002_Conf.c ****  POSSIBILITY OF SUCH DAMAGE.                                                  **
  37:../Dave/Generated/src/FATFS002/FATFS002_Conf.c ****                                                                               **
  38:../Dave/Generated/src/FATFS002/FATFS002_Conf.c ****  To improve the quality of the software, users are encouraged to share        **
  39:../Dave/Generated/src/FATFS002/FATFS002_Conf.c ****  modifications, enhancements or bug fixes with Infineon Technologies AG       **
  40:../Dave/Generated/src/FATFS002/FATFS002_Conf.c ****  dave@infineon.com).                                                          **
  41:../Dave/Generated/src/FATFS002/FATFS002_Conf.c ****                                                                               **
  42:../Dave/Generated/src/FATFS002/FATFS002_Conf.c **** ********************************************************************************
  43:../Dave/Generated/src/FATFS002/FATFS002_Conf.c **** **                                                                            **
  44:../Dave/Generated/src/FATFS002/FATFS002_Conf.c **** **                                                                            **
  45:../Dave/Generated/src/FATFS002/FATFS002_Conf.c **** ** PLATFORM : Infineon XMC4000 Series                                         **
  46:../Dave/Generated/src/FATFS002/FATFS002_Conf.c **** **                                                                            **
  47:../Dave/Generated/src/FATFS002/FATFS002_Conf.c **** ** COMPILER : Compiler Independent                                            **
  48:../Dave/Generated/src/FATFS002/FATFS002_Conf.c **** **                                                                            **
  49:../Dave/Generated/src/FATFS002/FATFS002_Conf.c **** ** AUTHOR : App Developer                                                     **
  50:../Dave/Generated/src/FATFS002/FATFS002_Conf.c **** **                                                                            **
  51:../Dave/Generated/src/FATFS002/FATFS002_Conf.c **** ** MAY BE CHANGED BY USER [yes/no]: Yes                                       **
  52:../Dave/Generated/src/FATFS002/FATFS002_Conf.c **** **                                                                            **
  53:../Dave/Generated/src/FATFS002/FATFS002_Conf.c **** ** MODIFICATION DATE : Oct 1, 2012                                            **
  54:../Dave/Generated/src/FATFS002/FATFS002_Conf.c **** **                                                                            **
  55:../Dave/Generated/src/FATFS002/FATFS002_Conf.c **** *******************************************************************************/
  56:../Dave/Generated/src/FATFS002/FATFS002_Conf.c **** 
  57:../Dave/Generated/src/FATFS002/FATFS002_Conf.c **** /*******************************************************************************
  58:../Dave/Generated/src/FATFS002/FATFS002_Conf.c **** **                       Author(s) Identity                                   **
  59:../Dave/Generated/src/FATFS002/FATFS002_Conf.c **** ********************************************************************************
  60:../Dave/Generated/src/FATFS002/FATFS002_Conf.c **** **                                                                            **
  61:../Dave/Generated/src/FATFS002/FATFS002_Conf.c **** ** Initials    Name                                                           **
  62:../Dave/Generated/src/FATFS002/FATFS002_Conf.c **** ** ---------------------------------------------------------------------------**
  63:../Dave/Generated/src/FATFS002/FATFS002_Conf.c **** ** SK          App Developer                                                  **
  64:../Dave/Generated/src/FATFS002/FATFS002_Conf.c **** *******************************************************************************/
  65:../Dave/Generated/src/FATFS002/FATFS002_Conf.c **** 
  66:../Dave/Generated/src/FATFS002/FATFS002_Conf.c **** /**
  67:../Dave/Generated/src/FATFS002/FATFS002_Conf.c ****  * @file   FATFS002_Conf.c
  68:../Dave/Generated/src/FATFS002/FATFS002_Conf.c ****  *
  69:../Dave/Generated/src/FATFS002/FATFS002_Conf.c ****  * @App Version FATFS002 <1.0.12>
  70:../Dave/Generated/src/FATFS002/FATFS002_Conf.c ****  *
  71:../Dave/Generated/src/FATFS002/FATFS002_Conf.c ****  * @brief  Configuration file generated based on UI settings 
  72:../Dave/Generated/src/FATFS002/FATFS002_Conf.c ****  *         of FATFS002 App
  73:../Dave/Generated/src/FATFS002/FATFS002_Conf.c ****  *
  74:../Dave/Generated/src/FATFS002/FATFS002_Conf.c ****  * Revision History
  75:../Dave/Generated/src/FATFS002/FATFS002_Conf.c ****  * 22 March 2012  v1.0.0    Initial version
  76:../Dave/Generated/src/FATFS002/FATFS002_Conf.c ****  * 3 Aug 2012     v1.0.10   Cosmetic Changes.
  77:../Dave/Generated/src/FATFS002/FATFS002_Conf.c ****  * 1 Oct 2012     v1.0.12   Max Logical Drives changed to 4.
  78:../Dave/Generated/src/FATFS002/FATFS002_Conf.c ****  *                           
  79:../Dave/Generated/src/FATFS002/FATFS002_Conf.c ****  */
  80:../Dave/Generated/src/FATFS002/FATFS002_Conf.c **** /*******************************************************************************
  81:../Dave/Generated/src/FATFS002/FATFS002_Conf.c **** **                      INCLUDE FILES                                         **
  82:../Dave/Generated/src/FATFS002/FATFS002_Conf.c **** *******************************************************************************/
  83:../Dave/Generated/src/FATFS002/FATFS002_Conf.c **** #include "../../inc/FATFS002/ffconf.h"
  84:../Dave/Generated/src/FATFS002/FATFS002_Conf.c **** #include <DAVE3.h>
  85:../Dave/Generated/src/FATFS002/FATFS002_Conf.c **** 
  86:../Dave/Generated/src/FATFS002/FATFS002_Conf.c **** 
  87:../Dave/Generated/src/FATFS002/FATFS002_Conf.c **** /*******************************************************************************
  88:../Dave/Generated/src/FATFS002/FATFS002_Conf.c **** **                      Global Variable Definitions                           **
  89:../Dave/Generated/src/FATFS002/FATFS002_Conf.c **** *******************************************************************************/
  90:../Dave/Generated/src/FATFS002/FATFS002_Conf.c **** 
  91:../Dave/Generated/src/FATFS002/FATFS002_Conf.c **** #if _FS_REENTRANT
  92:../Dave/Generated/src/FATFS002/FATFS002_Conf.c **** /** Create 4 Mutex instances for each volume/logical drives. Only four 
  93:../Dave/Generated/src/FATFS002/FATFS002_Conf.c ****  * primary-partitions can be mounted. Extended partition is not supported.
  94:../Dave/Generated/src/FATFS002/FATFS002_Conf.c ****  */
  95:../Dave/Generated/src/FATFS002/FATFS002_Conf.c **** FATFS002_MutexInfoType FATFS002_MutexInfo[FATFS002_MAX_LOGICAL_DRIVES];
  96:../Dave/Generated/src/FATFS002/FATFS002_Conf.c **** 
  97:../Dave/Generated/src/FATFS002/FATFS002_Conf.c **** 
  98:../Dave/Generated/src/FATFS002/FATFS002_Conf.c **** /* Mutex definations */
  99:../Dave/Generated/src/FATFS002/FATFS002_Conf.c **** osMutexDef(Drive0Mutex1);
 100:../Dave/Generated/src/FATFS002/FATFS002_Conf.c **** osMutexDef(Drive1Mutex2);
 101:../Dave/Generated/src/FATFS002/FATFS002_Conf.c **** osMutexDef(Drive2Mutex3);
 102:../Dave/Generated/src/FATFS002/FATFS002_Conf.c **** osMutexDef(Drive3Mutex4);
 103:../Dave/Generated/src/FATFS002/FATFS002_Conf.c **** 
 104:../Dave/Generated/src/FATFS002/FATFS002_Conf.c **** osMutexDef(MutexToProtect);
 105:../Dave/Generated/src/FATFS002/FATFS002_Conf.c **** volatile osMutexId FATFS002_MutexProtectId;
 106:../Dave/Generated/src/FATFS002/FATFS002_Conf.c **** #endif
 107:../Dave/Generated/src/FATFS002/FATFS002_Conf.c **** 
 108:../Dave/Generated/src/FATFS002/FATFS002_Conf.c **** /*******************************************************************************
 109:../Dave/Generated/src/FATFS002/FATFS002_Conf.c **** **                     Public Function Definitions                            **
 110:../Dave/Generated/src/FATFS002/FATFS002_Conf.c **** *******************************************************************************/
 111:../Dave/Generated/src/FATFS002/FATFS002_Conf.c **** /* This functions creates mutex for the file system. Since Fatfs doesn't supports 
 112:../Dave/Generated/src/FATFS002/FATFS002_Conf.c ****  * extended partition feature, only 4 logical partitions can be created.
 113:../Dave/Generated/src/FATFS002/FATFS002_Conf.c ****  */
 114:../Dave/Generated/src/FATFS002/FATFS002_Conf.c **** void FATFS002_Init()
 115:../Dave/Generated/src/FATFS002/FATFS002_Conf.c **** {
  28              		.loc 1 115 0
  29              		.cfi_startproc
  30              		@ args = 0, pretend = 0, frame = 0
  31              		@ frame_needed = 1, uses_anonymous_args = 0
  32              		@ link register save eliminated.
  33 0000 80B4     		push	{r7}
  34              	.LCFI0:
  35              		.cfi_def_cfa_offset 4
  36              		.cfi_offset 7, -4
  37 0002 00AF     		add	r7, sp, #0
  38              	.LCFI1:
  39              		.cfi_def_cfa_register 7
 116:../Dave/Generated/src/FATFS002/FATFS002_Conf.c **** #if _FS_REENTRANT
 117:../Dave/Generated/src/FATFS002/FATFS002_Conf.c ****  /* Drive0 Mutex 1 */
 118:../Dave/Generated/src/FATFS002/FATFS002_Conf.c ****   FATFS002_MutexInfo[0].MutexId = osMutexCreate (osMutex(Drive0Mutex1));
 119:../Dave/Generated/src/FATFS002/FATFS002_Conf.c ****   if (/* !N_DBG*/(NULL ==  FATFS002_MutexInfo[0].MutexId ))
 120:../Dave/Generated/src/FATFS002/FATFS002_Conf.c ****   {
 121:../Dave/Generated/src/FATFS002/FATFS002_Conf.c ****     ERROR(GID_FATFS002, FATFS002_MUTEX_CREATE_FAILED, 0, 0);
 122:../Dave/Generated/src/FATFS002/FATFS002_Conf.c ****   }
 123:../Dave/Generated/src/FATFS002/FATFS002_Conf.c ****   
 124:../Dave/Generated/src/FATFS002/FATFS002_Conf.c ****   FATFS002_MutexInfo[1].MutexId = osMutexCreate (osMutex(Drive1Mutex2));
 125:../Dave/Generated/src/FATFS002/FATFS002_Conf.c ****   if (/* !N_DBG*/(NULL ==  FATFS002_MutexInfo[1].MutexId ))
 126:../Dave/Generated/src/FATFS002/FATFS002_Conf.c ****   {
 127:../Dave/Generated/src/FATFS002/FATFS002_Conf.c ****     ERROR(GID_FATFS002, FATFS002_MUTEX_CREATE_FAILED, 0, 0);
 128:../Dave/Generated/src/FATFS002/FATFS002_Conf.c ****   }
 129:../Dave/Generated/src/FATFS002/FATFS002_Conf.c ****   
 130:../Dave/Generated/src/FATFS002/FATFS002_Conf.c ****   FATFS002_MutexInfo[2].MutexId = osMutexCreate (osMutex(Drive2Mutex3));
 131:../Dave/Generated/src/FATFS002/FATFS002_Conf.c ****   if (/* !N_DBG*/(NULL == FATFS002_MutexInfo[2].MutexId ))
 132:../Dave/Generated/src/FATFS002/FATFS002_Conf.c ****   {
 133:../Dave/Generated/src/FATFS002/FATFS002_Conf.c ****     ERROR(GID_FATFS002, FATFS002_MUTEX_CREATE_FAILED, 0, 0);
 134:../Dave/Generated/src/FATFS002/FATFS002_Conf.c ****   }
 135:../Dave/Generated/src/FATFS002/FATFS002_Conf.c ****   FATFS002_MutexInfo[3].MutexId = osMutexCreate (osMutex(Drive3Mutex4));
 136:../Dave/Generated/src/FATFS002/FATFS002_Conf.c ****   if (/* !N_DBG*/(NULL ==  FATFS002_MutexInfo[3].MutexId ))
 137:../Dave/Generated/src/FATFS002/FATFS002_Conf.c ****   {
 138:../Dave/Generated/src/FATFS002/FATFS002_Conf.c ****     ERROR(GID_FATFS002, FATFS002_MUTEX_CREATE_FAILED, 0, 0);
 139:../Dave/Generated/src/FATFS002/FATFS002_Conf.c ****   }
 140:../Dave/Generated/src/FATFS002/FATFS002_Conf.c ****   
 141:../Dave/Generated/src/FATFS002/FATFS002_Conf.c ****   FATFS002_MutexProtectId = osMutexCreate (osMutex(MutexToProtect));
 142:../Dave/Generated/src/FATFS002/FATFS002_Conf.c ****   if (/* !N_DBG*/(NULL ==  FATFS002_MutexProtectId ))
 143:../Dave/Generated/src/FATFS002/FATFS002_Conf.c ****   {
 144:../Dave/Generated/src/FATFS002/FATFS002_Conf.c ****     ERROR(GID_FATFS002, FATFS002_MUTEX_CREATE_FAILED, 0, 0);
 145:../Dave/Generated/src/FATFS002/FATFS002_Conf.c ****   }
 146:../Dave/Generated/src/FATFS002/FATFS002_Conf.c **** #endif
 147:../Dave/Generated/src/FATFS002/FATFS002_Conf.c **** }
  40              		.loc 1 147 0
  41 0004 BD46     		mov	sp, r7
  42 0006 80BC     		pop	{r7}
  43 0008 7047     		bx	lr
  44              		.cfi_endproc
  45              	.LFE117:
  47 000a 00BF     		.text
  48              	.Letext0:
  49              		.file 2 "c:\\dave-3.1.10\\arm-gcc\\bin\\../lib/gcc/arm-none-eabi/4.7.4/../../../../arm-none-eabi/i
  50              		.file 3 "C:\\DAVE-3.1.10\\eclipse\\/../CMSIS/Include/core_cm4.h"
DEFINED SYMBOLS
                            *ABS*:00000000 FATFS002_Conf.c
C:\Users\Mihai\AppData\Local\Temp\ccFobwU9.s:20     .text.FATFS002_Init:00000000 $t
C:\Users\Mihai\AppData\Local\Temp\ccFobwU9.s:25     .text.FATFS002_Init:00000000 FATFS002_Init
                     .debug_frame:00000010 $d
                           .group:00000000 wm4.1.1791a5ae2e936ca1033c1c44be394cc7
                           .group:00000000 wm4.ffconf.h.57.4ab321a2116d35ff7f28236ac31fad7c
                           .group:00000000 wm4.XMC4500.h.45.215f4b8c79f46c7645c15373868d08c0
                           .group:00000000 wm4.core_cm4.h.47.41af406cb4cda82c972f112a9cd0a024
                           .group:00000000 wm4.newlib.h.8.a9901dc52d1357e3e94003403d43f8b5
                           .group:00000000 wm4.features.h.22.b72b3baab2bb2eab3661375590100b6b
                           .group:00000000 wm4.config.h.193.5fb8ef056cdff92dec3dee9552839d8c
                           .group:00000000 wm4._ansi.h.23.7aefdac4826acebbfc9f3822a0aeb14c
                           .group:00000000 wm4.stdint.h.20.54ad762faa59e3c05491630641c8d8bf
                           .group:00000000 wm4.core_cmInstr.h.39.3d3d1b4a79aef37532666dc6ee87c6ac
                           .group:00000000 wm4.core_cm4_simd.h.43.b5d1d38735af6366227b4256d330cf13
                           .group:00000000 wm4.core_cm4.h.178.e5ef5ce66d198d7f00f9d0076e267c41
                           .group:00000000 wm4.system_XMC4500.h.29.827f68baa362c84f2abae4ab67dde7c9
                           .group:00000000 wm4.XMC4500.h.198.8e022f279ff353ed081df898dc7b9cf3
                           .group:00000000 wm4.stddef.h.40.50cf36416e06376af8a9dca28536f2e4
                           .group:00000000 wm4.types.h.55.0006b5fda1d606516f2dcaf4aca92b11
                           .group:00000000 wm4.MULTIPLEXER.h.43.4aa654be3ec80895f631b5281bbb9105
                           .group:00000000 wm4.CCU8PWMLIB.h.70.a5d6a5267902b8b4aea2a0224518259a
                           .group:00000000 wm4.DBG001.h.116.d6d9e7459a0faa3905c97c1d2edb339d
                           .group:00000000 wm4.SYSTM001.h.63.668098b2213d40a5bd0db5fbe813cf05
                           .group:00000000 wm4.ETH002_Conf.h.56.5bd2b085b66f43d51abd69396be7f35f
                           .group:00000000 wm4.EthernetPHY.h.54.7af1709186b21e62a5f1d4049da3988b
                           .group:00000000 wm4.ETH001_Conf.h.71.1e151af1ba54dd023e1f942bdf922819
                           .group:00000000 wm4.synopGMAC_plat.h.78.7a90e072b497857344aea4ba1e994097
                           .group:00000000 wm4.synopGMAC_stack_interface.h.73.6be6aaee0ac6637432f4d0589044479b
                           .group:00000000 wm4.SynopGMAC_Dev.h.72.7c89c07cf666d37f5c9b615720d5e111
                           .group:00000000 wm4.synopGMAC_network_interface.h.73.4dd08316a11bc43c8c4a9da15277fb0f
                           .group:00000000 wm4.stdlib.h.13.603ed7eb09a1561ab06840b7c0fcff58
                           .group:00000000 wm4.stddef.h.161.e50ff8a9d5d1abbc15641da28ac571bf
                           .group:00000000 wm4._default_types.h.6.5e12cd604db8ce00b62bb2f02708eaf3
                           .group:00000000 wm4.lock.h.2.9bc98482741e5e2a9450b12934a684ea
                           .group:00000000 wm4.stddef.h.161.c6104a0666cf681b6269ddc9b4f516d4
                           .group:00000000 wm4.reent.h.16.9e42f0e588b85e70b2bf6572af57ce64
                           .group:00000000 wm4.alloca.h.8.dfc0c703c47ec3e69746825b17d9e66d
                           .group:00000000 wm4.stdlib.h.53.c69c7609933ff56d59c757cec2d13230
                           .group:00000000 wm4.string.h.8.ef946ad0bc9ad5c970c365dcd1fc4b0a
                           .group:00000000 wm4.string.h.86.d5c872ff52e2712c985b588a0ef39f3c
                           .group:00000000 wm4.ETH004_Conf.h.56.564c3f309c32b3c742fc91049cf66940
                           .group:00000000 wm4.lwipopts.h.73.a7a63bda1e8216abd1d90275eaaa0027
                           .group:00000000 wm4.arch.h.33.6fa4aa86d33d1490ae882caef7316405
                           .group:00000000 wm4.cpu.h.33.b213c7fd77614ebc3691cef18ad2ff22
                           .group:00000000 wm4.cc.h.66.ec134211c658dcc89de4610e4e7bab46
                           .group:00000000 wm4.arch.h.47.5153c52bfb94ee3b37299920afab6afd
                           .group:00000000 wm4.debug.h.43.557ecd6c90cc70b375bb8a29118be47b
                           .group:00000000 wm4.opt.h.94.d36882acafebb8726bce646fc8b2397b
                           .group:00000000 wm4.err.h.52.37c5d17538f8e8347a9c84196701e92d
                           .group:00000000 wm4.pbuf.h.43.e9a1ad12b97478787a109e22d5306820
                           .group:00000000 wm4.inet.h.46.b516065779826845d16d49f513869a2b
                           .group:00000000 wm4.ip_addr.h.79.9a0ce887ca8c88c22ad7686bcb5105df
                           .group:00000000 wm4.sys.h.65.4a0cd87b9e0d8bb4cd6b30e939b2ca7e
                           .group:00000000 wm4.mem.h.96.20770766e6c9e6c42af6bfa95ef5c63f
                           .group:00000000 wm4.def.h.33.049f911dab26023a266ed46ced0ce4bc
                           .group:00000000 wm4.netif.h.53.c13431a64f0e73a26710e71455725e84
                           .group:00000000 wm4.ip.h.48.ad46847692d4d729760949b27e48a442
                           .group:00000000 wm4.icmp.h.44.450dbf91f594cc26ad19d086cdc83713
                           .group:00000000 wm4.tcp.h.55.5c30b9432fa60afaa85cbdd225b0c683
                           .group:00000000 wm4.udp.h.48.1a8dde095cd0a13580afaba1443e5a3f
                           .group:00000000 wm4.SDMMC003_Conf.h.50.e707c07613fb4e6f2eaec982a892429d
                           .group:00000000 wm4.SDMMC003.h.85.b66055f6032a052f5173e3d123f9c61e
                           .group:00000000 wm4.SDMMC001.h.50.3e2fedc7e5ace33db4121d5cc027e8a4
                           .group:00000000 wm4.types.h.23.0d949686bbcadd1621462d4fa1f884f9
                           .group:00000000 wm4.types.h.2.e9cec8c90ab35f77d9f499e06ae02400
                           .group:00000000 wm4.types.h.80.1f2c84c0d57dd52dd9936095d9ac218e
                           .group:00000000 wm4.time.h.16.a4579e68956d2601c6113814b546764b
                           .group:00000000 wm4.diskio.h.7.93a3c8131d08770c060b04d2180fd09a
                           .group:00000000 wm4.diskio.h.42.a863614abe78d56d18ed7cb292d0028d
                           .group:00000000 wm4.ff.h.82.8f05a37d35a49dba2681a7f047fee4ee
                           .group:00000000 wm4.lmm001_debuglog.h.40.8031299705ecf04ad726bd19baff976d
                           .group:00000000 wm4.LMM001.h.42.c21fe9cbedc336738c3dc89405cad216
                           .group:00000000 wm4.stdio.h.27.f2ac352bab34f31f9f478442827b2ba6
                           .group:00000000 wm4.stdarg.h.34.3a23a216c0c293b3d2ea2e89281481e6
                           .group:00000000 wm4.stdio.h.2.4aa87247282eca6c8f36f9de33d8df1a
                           .group:00000000 wm4.stdio.h.63.dfdea6580b080784d08faace69b6ed76
                           .group:00000000 wm4.time.h.2.9857e62ad6ac99431e29d58067232314
                           .group:00000000 wm4.time.h.24.c499d4c1915694df17abb795fd34b719
                           .group:00000000 wm4.time.h.124.10ced469f846269cafc58b59c853e1bb
                           .group:00000000 wm4.errno.h.2.ba016d646105af6cad23be83630b6a3f
                           .group:00000000 wm4.errno.h.9.65044c2b5d8494e43f5986ab0a1d770f
                           .group:00000000 wm4.unistd.h.2.6ce1b91c4223f6078c1b210c7538c1d2
                           .group:00000000 wm4.unistd.h.251.605bc560cdc6c3b07b599bb71ac4e425
                           .group:00000000 wm4.malloc.h.4.62bd13b8107d5245f60bd92bb5994838
                           .group:00000000 wm4.malloc.h.148.73b7de3bd065dafbd594b04197a9466e
                           .group:00000000 wm4.reent.h.91.faac4d0ac97c0fcf23d10d0786197642
                           .group:00000000 wm4.SLTHA003.h.100.69cb08672bc6ab3f052aa9d5bd6dc5ca
                           .group:00000000 wm4._default_fcntl.h.6.d036cf640d0f9a06bcff1be55acd66be
                           .group:00000000 wm4.stat.h.2.a761b02482a54847ff0d09dfcff24a5c
                           .group:00000000 wm4.fcntl.h.9.9336f33d7f5028f694c75e6e224e0cf7
                           .group:00000000 wm4.SLTHA001.h.97.d7e87c19a31e3244bdd5839e7cc42a61
                           .group:00000000 wm4.WEBSERVER001_Conf.h.54.cd6d29aaa96a848cbc5321bab5d6cd90
                           .group:00000000 wm4.IO004.h.51.dbf9dd216c57d6a7f14a22b2cb7e5626
                           .group:00000000 wm4.MOTORLIBS.h.59.b2e97de0df555dedfa51e24447b57ab8
                           .group:00000000 wm4.uc_id.h.35.a6c4837fad81477ba31967683332b8cc
                           .group:00000000 wm4.Usic.h.90.22743468abc46f16747d12430b219aaf
                           .group:00000000 wm4.UART001_Conf.h.53.c5c972f6f634bc5116c171852aaab668
                           .group:00000000 wm4.UART001.h.109.3e835815a7a59791d8bd39655f4d4cc9
                           .group:00000000 wm4.NVIC002_Conf.h.63.4809ded45954a78aa476d1e9f44d110e
                           .group:00000000 wm4.ADCGROUP001.h.66.3ee81aba16709c201614af7d67499bdb
                           .group:00000000 wm4.IO001.h.49.4efcabb368feaef60c65bd7504b48505
                           .group:00000000 wm4.ADC001.h.72.a0f6b9479a18584b91fa95e6f862978d

NO UNDEFINED SYMBOLS
