   1              		.syntax unified
   2              		.cpu cortex-m4
   3              		.eabi_attribute 27, 3
   4              		.fpu fpv4-sp-d16
   5              		.eabi_attribute 20, 1
   6              		.eabi_attribute 21, 1
   7              		.eabi_attribute 23, 3
   8              		.eabi_attribute 24, 1
   9              		.eabi_attribute 25, 1
  10              		.eabi_attribute 26, 1
  11              		.eabi_attribute 30, 6
  12              		.eabi_attribute 34, 1
  13              		.eabi_attribute 18, 4
  14              		.thumb
  15              		.file	"MULTIPLEXER.c"
  16              		.text
  17              	.Ltext0:
  18              		.cfi_sections	.debug_frame
  19              		.section	.text.DAVE_MUX_Init,"ax",%progbits
  20              		.align	2
  21              		.global	DAVE_MUX_Init
  22              		.thumb
  23              		.thumb_func
  25              	DAVE_MUX_Init:
  26              	.LFB112:
  27              		.file 1 "../Dave/Generated/src/DAVESupport/MULTIPLEXER.c"
   1:../Dave/Generated/src/DAVESupport/MULTIPLEXER.c **** /*******************************************************************************
   2:../Dave/Generated/src/DAVESupport/MULTIPLEXER.c **** **  DAVE App Name : DAVESupport       App Version: 1.0.26               
   3:../Dave/Generated/src/DAVESupport/MULTIPLEXER.c **** **  This file is generated by DAVE, User modification to this file will be    **
   4:../Dave/Generated/src/DAVESupport/MULTIPLEXER.c **** **  overwritten at the next code generation.                                  **
   5:../Dave/Generated/src/DAVESupport/MULTIPLEXER.c **** *******************************************************************************/
   6:../Dave/Generated/src/DAVESupport/MULTIPLEXER.c **** 
   7:../Dave/Generated/src/DAVESupport/MULTIPLEXER.c **** 
   8:../Dave/Generated/src/DAVESupport/MULTIPLEXER.c **** /*******************************************************************************
   9:../Dave/Generated/src/DAVESupport/MULTIPLEXER.c ****  Copyright (c) 2011, Infineon Technologies AG                                 **
  10:../Dave/Generated/src/DAVESupport/MULTIPLEXER.c ****  All rights reserved.                                                         **
  11:../Dave/Generated/src/DAVESupport/MULTIPLEXER.c ****                                                                               **
  12:../Dave/Generated/src/DAVESupport/MULTIPLEXER.c ****  Redistribution and use in source and binary forms, with or without           **
  13:../Dave/Generated/src/DAVESupport/MULTIPLEXER.c ****  modification,are permitted provided that the following conditions are met:   **
  14:../Dave/Generated/src/DAVESupport/MULTIPLEXER.c ****                                                                               **
  15:../Dave/Generated/src/DAVESupport/MULTIPLEXER.c ****  *Redistributions of source code must retain the above copyright notice,      **
  16:../Dave/Generated/src/DAVESupport/MULTIPLEXER.c ****  this list of conditions and the following disclaimer.                        **
  17:../Dave/Generated/src/DAVESupport/MULTIPLEXER.c ****  *Redistributions in binary form must reproduce the above copyright notice,   **
  18:../Dave/Generated/src/DAVESupport/MULTIPLEXER.c ****  this list of conditions and the following disclaimer in the documentation    **
  19:../Dave/Generated/src/DAVESupport/MULTIPLEXER.c ****  and/or other materials provided with the distribution.                       **
  20:../Dave/Generated/src/DAVESupport/MULTIPLEXER.c ****  *Neither the name of the copyright holders nor the names of its contributors **
  21:../Dave/Generated/src/DAVESupport/MULTIPLEXER.c ****  may be used to endorse or promote products derived from this software without**
  22:../Dave/Generated/src/DAVESupport/MULTIPLEXER.c ****  specific prior written permission.                                           **
  23:../Dave/Generated/src/DAVESupport/MULTIPLEXER.c ****                                                                               **
  24:../Dave/Generated/src/DAVESupport/MULTIPLEXER.c ****  THIS SOFTWARE IS PROVIDED BY THE COPYRIGHT HOLDERS AND CONTRIBUTORS "AS IS"  **
  25:../Dave/Generated/src/DAVESupport/MULTIPLEXER.c ****  AND ANY EXPRESS OR IMPLIED WARRANTIES, INCLUDING, BUT NOT LIMITED TO, THE    **
  26:../Dave/Generated/src/DAVESupport/MULTIPLEXER.c ****  IMPLIED WARRANTIES OF MERCHANTABILITY AND FITNESS FOR A PARTICULAR PURPOSE   **
  27:../Dave/Generated/src/DAVESupport/MULTIPLEXER.c ****  ARE  DISCLAIMED. IN NO EVENT SHALL THE COPYRIGHT HOLDER OR CONTRIBUTORS BE   **
  28:../Dave/Generated/src/DAVESupport/MULTIPLEXER.c ****  LIABLE  FOR ANY DIRECT, INDIRECT, INCIDENTAL, SPECIAL, EXEMPLARY, OR         **
  29:../Dave/Generated/src/DAVESupport/MULTIPLEXER.c ****  CONSEQUENTIAL DAMAGES (INCLUDING, BUT NOT LIMITED TO, PROCUREMENT OF         **
  30:../Dave/Generated/src/DAVESupport/MULTIPLEXER.c ****  SUBSTITUTE GOODS OR  SERVICES; LOSS OF USE, DATA, OR PROFITS; OR BUSINESS    **
  31:../Dave/Generated/src/DAVESupport/MULTIPLEXER.c ****  INTERRUPTION) HOWEVER CAUSED AND ON ANY THEORY OF LIABILITY, WHETHER IN      **
  32:../Dave/Generated/src/DAVESupport/MULTIPLEXER.c ****  CONTRACT, STRICT LIABILITY,OR TORT (INCLUDING NEGLIGENCE OR OTHERWISE)       **
  33:../Dave/Generated/src/DAVESupport/MULTIPLEXER.c ****  ARISING IN ANY WAY OUT OF THE USE OF THIS SOFTWARE, EVEN IF ADVISED OF THE   **
  34:../Dave/Generated/src/DAVESupport/MULTIPLEXER.c ****  POSSIBILITY OF SUCH DAMAGE.                                                  **
  35:../Dave/Generated/src/DAVESupport/MULTIPLEXER.c ****                                                                               **
  36:../Dave/Generated/src/DAVESupport/MULTIPLEXER.c ****  To improve the quality of the software, users are encouraged to share        **
  37:../Dave/Generated/src/DAVESupport/MULTIPLEXER.c ****  modifications, enhancements or bug fixes with Infineon Technologies AG       **
  38:../Dave/Generated/src/DAVESupport/MULTIPLEXER.c ****  dave@infineon.com).                                                          **
  39:../Dave/Generated/src/DAVESupport/MULTIPLEXER.c ****                                                                               **
  40:../Dave/Generated/src/DAVESupport/MULTIPLEXER.c **** ********************************************************************************
  41:../Dave/Generated/src/DAVESupport/MULTIPLEXER.c **** **                                                                            **
  42:../Dave/Generated/src/DAVESupport/MULTIPLEXER.c **** **                                                                            **
  43:../Dave/Generated/src/DAVESupport/MULTIPLEXER.c **** ** PLATFORM : Infineon <Microcontroller name, step>                           **
  44:../Dave/Generated/src/DAVESupport/MULTIPLEXER.c **** **                                                                            **
  45:../Dave/Generated/src/DAVESupport/MULTIPLEXER.c **** ** COMPILER : Compiler Independent                                            **
  46:../Dave/Generated/src/DAVESupport/MULTIPLEXER.c **** **                                                                            **
  47:../Dave/Generated/src/DAVESupport/MULTIPLEXER.c **** ** MODIFICATION DATE : February 12, 2013                                       **
  48:../Dave/Generated/src/DAVESupport/MULTIPLEXER.c **** **                                                                            **
  49:../Dave/Generated/src/DAVESupport/MULTIPLEXER.c **** *******************************************************************************/
  50:../Dave/Generated/src/DAVESupport/MULTIPLEXER.c **** /**
  51:../Dave/Generated/src/DAVESupport/MULTIPLEXER.c ****  * @file  MULTIPLEXER.c
  52:../Dave/Generated/src/DAVESupport/MULTIPLEXER.c ****  *
  53:../Dave/Generated/src/DAVESupport/MULTIPLEXER.c ****  * @brief This file contains implementation of DAVE Support function which 
  54:../Dave/Generated/src/DAVESupport/MULTIPLEXER.c ****  * uses to configure multiplexer register values.
  55:../Dave/Generated/src/DAVESupport/MULTIPLEXER.c ****  *
  56:../Dave/Generated/src/DAVESupport/MULTIPLEXER.c ****  */
  57:../Dave/Generated/src/DAVESupport/MULTIPLEXER.c **** 
  58:../Dave/Generated/src/DAVESupport/MULTIPLEXER.c **** /*******************************************************************************
  59:../Dave/Generated/src/DAVESupport/MULTIPLEXER.c **** **                      Include Files                                         **
  60:../Dave/Generated/src/DAVESupport/MULTIPLEXER.c **** *******************************************************************************/
  61:../Dave/Generated/src/DAVESupport/MULTIPLEXER.c **** #include "../../inc/DAVESupport/DAVE3.h"
  62:../Dave/Generated/src/DAVESupport/MULTIPLEXER.c **** 
  63:../Dave/Generated/src/DAVESupport/MULTIPLEXER.c **** /*******************************************************************************
  64:../Dave/Generated/src/DAVESupport/MULTIPLEXER.c **** **                 Function declarations                                     **
  65:../Dave/Generated/src/DAVESupport/MULTIPLEXER.c **** *******************************************************************************/
  66:../Dave/Generated/src/DAVESupport/MULTIPLEXER.c **** /*******************************************************************************
  67:../Dave/Generated/src/DAVESupport/MULTIPLEXER.c **** ** Syntax           : void DAVE_MUX_Init(void)                                **
  68:../Dave/Generated/src/DAVESupport/MULTIPLEXER.c **** **                                                                            **
  69:../Dave/Generated/src/DAVESupport/MULTIPLEXER.c **** ** Reentrancy       : None                                                    **
  70:../Dave/Generated/src/DAVESupport/MULTIPLEXER.c **** **                                                                            **
  71:../Dave/Generated/src/DAVESupport/MULTIPLEXER.c **** ** Parameters (in)  : void                                                    **
  72:../Dave/Generated/src/DAVESupport/MULTIPLEXER.c **** **                                                                            **
  73:../Dave/Generated/src/DAVESupport/MULTIPLEXER.c **** ** Parameters (out) : none                                                    **
  74:../Dave/Generated/src/DAVESupport/MULTIPLEXER.c **** **                                                                            **
  75:../Dave/Generated/src/DAVESupport/MULTIPLEXER.c **** ** Return value     : none                                                    **
  76:../Dave/Generated/src/DAVESupport/MULTIPLEXER.c **** **                                                                            **
  77:../Dave/Generated/src/DAVESupport/MULTIPLEXER.c **** ** Description      : This is the Mux configuration                           **
  78:../Dave/Generated/src/DAVESupport/MULTIPLEXER.c **** **                                                                            **
  79:../Dave/Generated/src/DAVESupport/MULTIPLEXER.c **** *******************************************************************************/
  80:../Dave/Generated/src/DAVESupport/MULTIPLEXER.c ****            
  81:../Dave/Generated/src/DAVESupport/MULTIPLEXER.c **** void DAVE_MUX_Init(void)
  82:../Dave/Generated/src/DAVESupport/MULTIPLEXER.c **** {              	         
  28              		.loc 1 82 0
  29              		.cfi_startproc
  30              		@ args = 0, pretend = 0, frame = 0
  31              		@ frame_needed = 1, uses_anonymous_args = 0
  32              		@ link register save eliminated.
  33 0000 80B4     		push	{r7}
  34              	.LCFI0:
  35              		.cfi_def_cfa_offset 4
  36              		.cfi_offset 7, -4
  37 0002 00AF     		add	r7, sp, #0
  38              	.LCFI1:
  39              		.cfi_def_cfa_register 7
  83:../Dave/Generated/src/DAVESupport/MULTIPLEXER.c ****                                      
  84:../Dave/Generated/src/DAVESupport/MULTIPLEXER.c ****        /*        SCU Macro definitions     */                              
  85:../Dave/Generated/src/DAVESupport/MULTIPLEXER.c **** //********* MODULE USIC CONFIGURATIONS *************************	         						
  86:../Dave/Generated/src/DAVESupport/MULTIPLEXER.c ****    /*USIC 0 Channel 0 Mux Related SFR/Bitfields Configurations*/ 									  					 				 				 		     
  87:../Dave/Generated/src/DAVESupport/MULTIPLEXER.c ****        						
  88:../Dave/Generated/src/DAVESupport/MULTIPLEXER.c ****    /*USIC 0 Channel 1 Mux Related SFR/Bitfields Configurations*/ 									  					 				 				 		     
  89:../Dave/Generated/src/DAVESupport/MULTIPLEXER.c ****          						
  90:../Dave/Generated/src/DAVESupport/MULTIPLEXER.c ****    /*USIC 1 Channel 0 Mux Related SFR/Bitfields Configurations*/ 									  					 				 				 		     
  91:../Dave/Generated/src/DAVESupport/MULTIPLEXER.c ****        						
  92:../Dave/Generated/src/DAVESupport/MULTIPLEXER.c ****    /*USIC 1 Channel 1 Mux Related SFR/Bitfields Configurations*/ 						         
  93:../Dave/Generated/src/DAVESupport/MULTIPLEXER.c ****  WR_REG(USIC1_CH1->DX0CR, USIC_CH_DX0CR_DSEL_Msk, USIC_CH_DX0CR_DSEL_Pos,3); 
  40              		.loc 1 93 0
  41 0004 4FF40073 		mov	r3, #512
  42 0008 C4F60203 		movt	r3, 18434
  43 000c 4FF40072 		mov	r2, #512
  44 0010 C4F60202 		movt	r2, 18434
  45 0014 D269     		ldr	r2, [r2, #28]
  46 0016 22F00702 		bic	r2, r2, #7
  47 001a 42F00302 		orr	r2, r2, #3
  48 001e DA61     		str	r2, [r3, #28]
  94:../Dave/Generated/src/DAVESupport/MULTIPLEXER.c ****   			  					 				 				 		       				              				  					    					 					   				  					 				 			
  95:../Dave/Generated/src/DAVESupport/MULTIPLEXER.c ****  //Standard receive buffer event is enabled.                 
  96:../Dave/Generated/src/DAVESupport/MULTIPLEXER.c ****  WR_REG(USIC1_CH1->RBCTR, USIC_CH_RBCTR_SRBIEN_Msk, USIC_CH_RBCTR_SRBIEN_Pos,1);  
  49              		.loc 1 96 0
  50 0020 4FF40073 		mov	r3, #512
  51 0024 C4F60203 		movt	r3, 18434
  52 0028 4FF40072 		mov	r2, #512
  53 002c C4F60202 		movt	r2, 18434
  54 0030 D2F80C21 		ldr	r2, [r2, #268]
  55 0034 42F08042 		orr	r2, r2, #1073741824
  56 0038 C3F80C21 		str	r2, [r3, #268]
  97:../Dave/Generated/src/DAVESupport/MULTIPLEXER.c ****  					 									 					 					  									      					              					  						    					      
  98:../Dave/Generated/src/DAVESupport/MULTIPLEXER.c ****                  
  99:../Dave/Generated/src/DAVESupport/MULTIPLEXER.c ****    // Data Pointer & Buffer Size for Transmitter Buffer Control  
 100:../Dave/Generated/src/DAVESupport/MULTIPLEXER.c ****  WR_REG(USIC1_CH1->TBCTR, USIC_CH_TBCTR_DPTRSIZE_Msk, USIC_CH_TBCTR_DPTRSIZE_Pos,0x01000002);		/*  
  57              		.loc 1 100 0
  58 003c 4FF40073 		mov	r3, #512
  59 0040 C4F60203 		movt	r3, 18434
  60 0044 4FF40072 		mov	r2, #512
  61 0048 C4F60202 		movt	r2, 18434
  62 004c D2F80821 		ldr	r2, [r2, #264]
  63 0050 22F0E062 		bic	r2, r2, #117440512
  64 0054 22F03F02 		bic	r2, r2, #63
  65 0058 42F08072 		orr	r2, r2, #16777216
  66 005c 42F00202 		orr	r2, r2, #2
  67 0060 C3F80821 		str	r2, [r3, #264]
 101:../Dave/Generated/src/DAVESupport/MULTIPLEXER.c ****          
 102:../Dave/Generated/src/DAVESupport/MULTIPLEXER.c ****   // Data Pointer & Buffer Size for Receiver Buffer Control  
 103:../Dave/Generated/src/DAVESupport/MULTIPLEXER.c ****  WR_REG(USIC1_CH1->RBCTR, USIC_CH_RBCTR_DPTRSIZE_Msk, USIC_CH_RBCTR_DPTRSIZE_Pos,0x01000000);		/*  
  68              		.loc 1 103 0
  69 0064 4FF40073 		mov	r3, #512
  70 0068 C4F60203 		movt	r3, 18434
  71 006c 4FF40072 		mov	r2, #512
  72 0070 C4F60202 		movt	r2, 18434
  73 0074 D2F80C21 		ldr	r2, [r2, #268]
  74 0078 22F0E062 		bic	r2, r2, #117440512
  75 007c 22F03F02 		bic	r2, r2, #63
  76 0080 42F08072 		orr	r2, r2, #16777216
  77 0084 C3F80C21 		str	r2, [r3, #268]
 104:../Dave/Generated/src/DAVESupport/MULTIPLEXER.c ****    						
 105:../Dave/Generated/src/DAVESupport/MULTIPLEXER.c ****    /*USIC 2 Channel 0 Mux Related SFR/Bitfields Configurations*/ 									  					 				 				 		     
 106:../Dave/Generated/src/DAVESupport/MULTIPLEXER.c ****        						
 107:../Dave/Generated/src/DAVESupport/MULTIPLEXER.c ****    /*USIC 2 Channel 1 Mux Related SFR/Bitfields Configurations*/ 									  					 				 				 		     
 108:../Dave/Generated/src/DAVESupport/MULTIPLEXER.c ****          	        					        	         
 109:../Dave/Generated/src/DAVESupport/MULTIPLEXER.c ****                                                           	         
 110:../Dave/Generated/src/DAVESupport/MULTIPLEXER.c ****                                                           	         
 111:../Dave/Generated/src/DAVESupport/MULTIPLEXER.c ****                                                           	         
 112:../Dave/Generated/src/DAVESupport/MULTIPLEXER.c ****                                                           	         
 113:../Dave/Generated/src/DAVESupport/MULTIPLEXER.c ****                                           
 114:../Dave/Generated/src/DAVESupport/MULTIPLEXER.c **** 
 115:../Dave/Generated/src/DAVESupport/MULTIPLEXER.c **** /*        PORT Macro definitions for IOCR_OE, IOCR_PCR & HWSEL_HW     */               
 116:../Dave/Generated/src/DAVESupport/MULTIPLEXER.c ****            
 117:../Dave/Generated/src/DAVESupport/MULTIPLEXER.c ****   WR_REG(PORT0->IOCR0, PORT_IOCR_PC1_PCR_Msk, PORT_IOCR_PC1_PCR_Pos, PORT_IOCR_PCR2);            /*
  78              		.loc 1 117 0
  79 0088 4FF40043 		mov	r3, #32768
  80 008c C4F60203 		movt	r3, 18434
  81 0090 4FF40042 		mov	r2, #32768
  82 0094 C4F60202 		movt	r2, 18434
  83 0098 1269     		ldr	r2, [r2, #16]
  84 009a 22F46052 		bic	r2, r2, #14336
  85 009e 42F48052 		orr	r2, r2, #4096
  86 00a2 1A61     		str	r2, [r3, #16]
 118:../Dave/Generated/src/DAVESupport/MULTIPLEXER.c **** 
 119:../Dave/Generated/src/DAVESupport/MULTIPLEXER.c ****   WR_REG(PORT0->IOCR0, PORT_IOCR_PC1_OE_Msk, PORT_IOCR_PC1_OE_Pos, PORT_IOCR_OE1);                /
  87              		.loc 1 119 0
  88 00a4 4FF40043 		mov	r3, #32768
  89 00a8 C4F60203 		movt	r3, 18434
  90 00ac 4FF40042 		mov	r2, #32768
  91 00b0 C4F60202 		movt	r2, 18434
  92 00b4 1269     		ldr	r2, [r2, #16]
  93 00b6 42F40042 		orr	r2, r2, #32768
  94 00ba 1A61     		str	r2, [r3, #16]
 120:../Dave/Generated/src/DAVESupport/MULTIPLEXER.c ****            
 121:../Dave/Generated/src/DAVESupport/MULTIPLEXER.c ****   WR_REG(PORT1->HWSEL, PORT1_HWSEL_HW6_Msk, PORT1_HWSEL_HW6_Pos, PORT_HWSEL_HW0);                  
  95              		.loc 1 121 0
  96 00bc 4FF40143 		mov	r3, #33024
  97 00c0 C4F60203 		movt	r3, 18434
  98 00c4 4FF40142 		mov	r2, #33024
  99 00c8 C4F60202 		movt	r2, 18434
 100 00cc 526F     		ldr	r2, [r2, #116]
 101 00ce 22F44052 		bic	r2, r2, #12288
 102 00d2 42F48052 		orr	r2, r2, #4096
 103 00d6 5A67     		str	r2, [r3, #116]
 122:../Dave/Generated/src/DAVESupport/MULTIPLEXER.c **** 
 123:../Dave/Generated/src/DAVESupport/MULTIPLEXER.c ****   WR_REG(PORT1->IOCR4, PORT_IOCR_PC2_OE_Msk, PORT_IOCR_PC2_OE_Pos, PORT_IOCR_OE1);                /
 104              		.loc 1 123 0
 105 00d8 4FF40143 		mov	r3, #33024
 106 00dc C4F60203 		movt	r3, 18434
 107 00e0 4FF40142 		mov	r2, #33024
 108 00e4 C4F60202 		movt	r2, 18434
 109 00e8 5269     		ldr	r2, [r2, #20]
 110 00ea 42F40002 		orr	r2, r2, #8388608
 111 00ee 5A61     		str	r2, [r3, #20]
 124:../Dave/Generated/src/DAVESupport/MULTIPLEXER.c ****            
 125:../Dave/Generated/src/DAVESupport/MULTIPLEXER.c ****   WR_REG(PORT1->HWSEL, PORT1_HWSEL_HW7_Msk, PORT1_HWSEL_HW7_Pos, PORT_HWSEL_HW0);                  
 112              		.loc 1 125 0
 113 00f0 4FF40143 		mov	r3, #33024
 114 00f4 C4F60203 		movt	r3, 18434
 115 00f8 4FF40142 		mov	r2, #33024
 116 00fc C4F60202 		movt	r2, 18434
 117 0100 526F     		ldr	r2, [r2, #116]
 118 0102 22F44042 		bic	r2, r2, #49152
 119 0106 42F48042 		orr	r2, r2, #16384
 120 010a 5A67     		str	r2, [r3, #116]
 126:../Dave/Generated/src/DAVESupport/MULTIPLEXER.c **** 
 127:../Dave/Generated/src/DAVESupport/MULTIPLEXER.c ****   WR_REG(PORT1->IOCR4, PORT_IOCR_PC3_OE_Msk, PORT_IOCR_PC3_OE_Pos, PORT_IOCR_OE1);                /
 121              		.loc 1 127 0
 122 010c 4FF40143 		mov	r3, #33024
 123 0110 C4F60203 		movt	r3, 18434
 124 0114 4FF40142 		mov	r2, #33024
 125 0118 C4F60202 		movt	r2, 18434
 126 011c 5269     		ldr	r2, [r2, #20]
 127 011e 42F00042 		orr	r2, r2, #-2147483648
 128 0122 5A61     		str	r2, [r3, #20]
 128:../Dave/Generated/src/DAVESupport/MULTIPLEXER.c ****            
 129:../Dave/Generated/src/DAVESupport/MULTIPLEXER.c ****   WR_REG(PORT2->HWSEL, PORT2_HWSEL_HW0_Msk, PORT2_HWSEL_HW0_Pos, PORT_HWSEL_HW0);                  
 129              		.loc 1 129 0
 130 0124 4FF40243 		mov	r3, #33280
 131 0128 C4F60203 		movt	r3, 18434
 132 012c 4FF40242 		mov	r2, #33280
 133 0130 C4F60202 		movt	r2, 18434
 134 0134 526F     		ldr	r2, [r2, #116]
 135 0136 22F00302 		bic	r2, r2, #3
 136 013a 42F00102 		orr	r2, r2, #1
 137 013e 5A67     		str	r2, [r3, #116]
 130:../Dave/Generated/src/DAVESupport/MULTIPLEXER.c **** 
 131:../Dave/Generated/src/DAVESupport/MULTIPLEXER.c ****   WR_REG(PORT2->IOCR0, PORT_IOCR_PC0_OE_Msk, PORT_IOCR_PC0_OE_Pos, PORT_IOCR_OE1);                /
 138              		.loc 1 131 0
 139 0140 4FF40243 		mov	r3, #33280
 140 0144 C4F60203 		movt	r3, 18434
 141 0148 4FF40242 		mov	r2, #33280
 142 014c C4F60202 		movt	r2, 18434
 143 0150 1269     		ldr	r2, [r2, #16]
 144 0152 42F08002 		orr	r2, r2, #128
 145 0156 1A61     		str	r2, [r3, #16]
 132:../Dave/Generated/src/DAVESupport/MULTIPLEXER.c ****            
 133:../Dave/Generated/src/DAVESupport/MULTIPLEXER.c ****   WR_REG(PORT2->IOCR4, PORT_IOCR_PC1_PCR_Msk, PORT_IOCR_PC1_PCR_Pos, PORT_IOCR_PCR1);            /*
 146              		.loc 1 133 0
 147 0158 4FF40243 		mov	r3, #33280
 148 015c C4F60203 		movt	r3, 18434
 149 0160 4FF40242 		mov	r2, #33280
 150 0164 C4F60202 		movt	r2, 18434
 151 0168 5269     		ldr	r2, [r2, #20]
 152 016a 22F46052 		bic	r2, r2, #14336
 153 016e 42F40062 		orr	r2, r2, #2048
 154 0172 5A61     		str	r2, [r3, #20]
 134:../Dave/Generated/src/DAVESupport/MULTIPLEXER.c **** 
 135:../Dave/Generated/src/DAVESupport/MULTIPLEXER.c ****   WR_REG(PORT2->IOCR4, PORT_IOCR_PC1_OE_Msk, PORT_IOCR_PC1_OE_Pos, PORT_IOCR_OE1);                /
 155              		.loc 1 135 0
 156 0174 4FF40243 		mov	r3, #33280
 157 0178 C4F60203 		movt	r3, 18434
 158 017c 4FF40242 		mov	r2, #33280
 159 0180 C4F60202 		movt	r2, 18434
 160 0184 5269     		ldr	r2, [r2, #20]
 161 0186 42F40042 		orr	r2, r2, #32768
 162 018a 5A61     		str	r2, [r3, #20]
 136:../Dave/Generated/src/DAVESupport/MULTIPLEXER.c ****            
 137:../Dave/Generated/src/DAVESupport/MULTIPLEXER.c ****   WR_REG(PORT2->IOCR4, PORT_IOCR_PC3_PCR_Msk, PORT_IOCR_PC3_PCR_Pos, PORT_IOCR_PCR1);            /*
 163              		.loc 1 137 0
 164 018c 4FF40243 		mov	r3, #33280
 165 0190 C4F60203 		movt	r3, 18434
 166 0194 4FF40242 		mov	r2, #33280
 167 0198 C4F60202 		movt	r2, 18434
 168 019c 5269     		ldr	r2, [r2, #20]
 169 019e 22F06052 		bic	r2, r2, #939524096
 170 01a2 42F00062 		orr	r2, r2, #134217728
 171 01a6 5A61     		str	r2, [r3, #20]
 138:../Dave/Generated/src/DAVESupport/MULTIPLEXER.c **** 
 139:../Dave/Generated/src/DAVESupport/MULTIPLEXER.c ****   WR_REG(PORT2->IOCR4, PORT_IOCR_PC3_OE_Msk, PORT_IOCR_PC3_OE_Pos, PORT_IOCR_OE1);                /
 172              		.loc 1 139 0
 173 01a8 4FF40243 		mov	r3, #33280
 174 01ac C4F60203 		movt	r3, 18434
 175 01b0 4FF40242 		mov	r2, #33280
 176 01b4 C4F60202 		movt	r2, 18434
 177 01b8 5269     		ldr	r2, [r2, #20]
 178 01ba 42F00042 		orr	r2, r2, #-2147483648
 179 01be 5A61     		str	r2, [r3, #20]
 140:../Dave/Generated/src/DAVESupport/MULTIPLEXER.c ****            
 141:../Dave/Generated/src/DAVESupport/MULTIPLEXER.c ****   WR_REG(PORT2->IOCR8, PORT_IOCR_PC0_PCR_Msk, PORT_IOCR_PC0_PCR_Pos, PORT_IOCR_PCR1);            /*
 180              		.loc 1 141 0
 181 01c0 4FF40243 		mov	r3, #33280
 182 01c4 C4F60203 		movt	r3, 18434
 183 01c8 4FF40242 		mov	r2, #33280
 184 01cc C4F60202 		movt	r2, 18434
 185 01d0 9269     		ldr	r2, [r2, #24]
 186 01d2 22F03802 		bic	r2, r2, #56
 187 01d6 42F00802 		orr	r2, r2, #8
 188 01da 9A61     		str	r2, [r3, #24]
 142:../Dave/Generated/src/DAVESupport/MULTIPLEXER.c **** 
 143:../Dave/Generated/src/DAVESupport/MULTIPLEXER.c ****   WR_REG(PORT2->IOCR8, PORT_IOCR_PC0_OE_Msk, PORT_IOCR_PC0_OE_Pos, PORT_IOCR_OE1);                /
 189              		.loc 1 143 0
 190 01dc 4FF40243 		mov	r3, #33280
 191 01e0 C4F60203 		movt	r3, 18434
 192 01e4 4FF40242 		mov	r2, #33280
 193 01e8 C4F60202 		movt	r2, 18434
 194 01ec 9269     		ldr	r2, [r2, #24]
 195 01ee 42F08002 		orr	r2, r2, #128
 196 01f2 9A61     		str	r2, [r3, #24]
 144:../Dave/Generated/src/DAVESupport/MULTIPLEXER.c ****            
 145:../Dave/Generated/src/DAVESupport/MULTIPLEXER.c ****   WR_REG(PORT2->IOCR8, PORT_IOCR_PC1_PCR_Msk, PORT_IOCR_PC1_PCR_Pos, PORT_IOCR_PCR1);            /*
 197              		.loc 1 145 0
 198 01f4 4FF40243 		mov	r3, #33280
 199 01f8 C4F60203 		movt	r3, 18434
 200 01fc 4FF40242 		mov	r2, #33280
 201 0200 C4F60202 		movt	r2, 18434
 202 0204 9269     		ldr	r2, [r2, #24]
 203 0206 22F46052 		bic	r2, r2, #14336
 204 020a 42F40062 		orr	r2, r2, #2048
 205 020e 9A61     		str	r2, [r3, #24]
 146:../Dave/Generated/src/DAVESupport/MULTIPLEXER.c **** 
 147:../Dave/Generated/src/DAVESupport/MULTIPLEXER.c ****   WR_REG(PORT2->IOCR8, PORT_IOCR_PC1_OE_Msk, PORT_IOCR_PC1_OE_Pos, PORT_IOCR_OE1);                /
 206              		.loc 1 147 0
 207 0210 4FF40243 		mov	r3, #33280
 208 0214 C4F60203 		movt	r3, 18434
 209 0218 4FF40242 		mov	r2, #33280
 210 021c C4F60202 		movt	r2, 18434
 211 0220 9269     		ldr	r2, [r2, #24]
 212 0222 42F40042 		orr	r2, r2, #32768
 213 0226 9A61     		str	r2, [r3, #24]
 148:../Dave/Generated/src/DAVESupport/MULTIPLEXER.c ****            
 149:../Dave/Generated/src/DAVESupport/MULTIPLEXER.c ****   WR_REG(PORT3->HWSEL, PORT3_HWSEL_HW5_Msk, PORT3_HWSEL_HW5_Pos, PORT_HWSEL_HW0);                  
 214              		.loc 1 149 0
 215 0228 4FF40343 		mov	r3, #33536
 216 022c C4F60203 		movt	r3, 18434
 217 0230 4FF40342 		mov	r2, #33536
 218 0234 C4F60202 		movt	r2, 18434
 219 0238 526F     		ldr	r2, [r2, #116]
 220 023a 22F44062 		bic	r2, r2, #3072
 221 023e 42F48062 		orr	r2, r2, #1024
 222 0242 5A67     		str	r2, [r3, #116]
 150:../Dave/Generated/src/DAVESupport/MULTIPLEXER.c **** 
 151:../Dave/Generated/src/DAVESupport/MULTIPLEXER.c ****   WR_REG(PORT3->IOCR4, PORT_IOCR_PC1_OE_Msk, PORT_IOCR_PC1_OE_Pos, PORT_IOCR_OE1);                /
 223              		.loc 1 151 0
 224 0244 4FF40343 		mov	r3, #33536
 225 0248 C4F60203 		movt	r3, 18434
 226 024c 4FF40342 		mov	r2, #33536
 227 0250 C4F60202 		movt	r2, 18434
 228 0254 5269     		ldr	r2, [r2, #20]
 229 0256 42F40042 		orr	r2, r2, #32768
 230 025a 5A61     		str	r2, [r3, #20]
 152:../Dave/Generated/src/DAVESupport/MULTIPLEXER.c ****            
 153:../Dave/Generated/src/DAVESupport/MULTIPLEXER.c ****   WR_REG(PORT3->HWSEL, PORT3_HWSEL_HW6_Msk, PORT3_HWSEL_HW6_Pos, PORT_HWSEL_HW0);                  
 231              		.loc 1 153 0
 232 025c 4FF40343 		mov	r3, #33536
 233 0260 C4F60203 		movt	r3, 18434
 234 0264 4FF40342 		mov	r2, #33536
 235 0268 C4F60202 		movt	r2, 18434
 236 026c 526F     		ldr	r2, [r2, #116]
 237 026e 22F44052 		bic	r2, r2, #12288
 238 0272 42F48052 		orr	r2, r2, #4096
 239 0276 5A67     		str	r2, [r3, #116]
 154:../Dave/Generated/src/DAVESupport/MULTIPLEXER.c **** 
 155:../Dave/Generated/src/DAVESupport/MULTIPLEXER.c ****   WR_REG(PORT3->IOCR4, PORT_IOCR_PC2_OE_Msk, PORT_IOCR_PC2_OE_Pos, PORT_IOCR_OE1);                /
 240              		.loc 1 155 0
 241 0278 4FF40343 		mov	r3, #33536
 242 027c C4F60203 		movt	r3, 18434
 243 0280 4FF40342 		mov	r2, #33536
 244 0284 C4F60202 		movt	r2, 18434
 245 0288 5269     		ldr	r2, [r2, #20]
 246 028a 42F40002 		orr	r2, r2, #8388608
 247 028e 5A61     		str	r2, [r3, #20]
 156:../Dave/Generated/src/DAVESupport/MULTIPLEXER.c ****            
 157:../Dave/Generated/src/DAVESupport/MULTIPLEXER.c ****   WR_REG(PORT4->HWSEL, PORT4_HWSEL_HW0_Msk, PORT4_HWSEL_HW0_Pos, PORT_HWSEL_HW0);                  
 248              		.loc 1 157 0
 249 0290 4FF40443 		mov	r3, #33792
 250 0294 C4F60203 		movt	r3, 18434
 251 0298 4FF40442 		mov	r2, #33792
 252 029c C4F60202 		movt	r2, 18434
 253 02a0 526F     		ldr	r2, [r2, #116]
 254 02a2 22F00302 		bic	r2, r2, #3
 255 02a6 42F00102 		orr	r2, r2, #1
 256 02aa 5A67     		str	r2, [r3, #116]
 158:../Dave/Generated/src/DAVESupport/MULTIPLEXER.c **** 
 159:../Dave/Generated/src/DAVESupport/MULTIPLEXER.c ****   WR_REG(PORT4->IOCR0, PORT_IOCR_PC0_OE_Msk, PORT_IOCR_PC0_OE_Pos, PORT_IOCR_OE1);                /
 257              		.loc 1 159 0
 258 02ac 4FF40443 		mov	r3, #33792
 259 02b0 C4F60203 		movt	r3, 18434
 260 02b4 4FF40442 		mov	r2, #33792
 261 02b8 C4F60202 		movt	r2, 18434
 262 02bc 1269     		ldr	r2, [r2, #16]
 263 02be 42F08002 		orr	r2, r2, #128
 264 02c2 1A61     		str	r2, [r3, #16]
 160:../Dave/Generated/src/DAVESupport/MULTIPLEXER.c ****            
 161:../Dave/Generated/src/DAVESupport/MULTIPLEXER.c ****   WR_REG(PORT4->HWSEL, PORT4_HWSEL_HW1_Msk, PORT4_HWSEL_HW1_Pos, PORT_HWSEL_HW0);                  
 265              		.loc 1 161 0
 266 02c4 4FF40443 		mov	r3, #33792
 267 02c8 C4F60203 		movt	r3, 18434
 268 02cc 4FF40442 		mov	r2, #33792
 269 02d0 C4F60202 		movt	r2, 18434
 270 02d4 526F     		ldr	r2, [r2, #116]
 271 02d6 22F00C02 		bic	r2, r2, #12
 272 02da 42F00402 		orr	r2, r2, #4
 273 02de 5A67     		str	r2, [r3, #116]
 162:../Dave/Generated/src/DAVESupport/MULTIPLEXER.c **** 
 163:../Dave/Generated/src/DAVESupport/MULTIPLEXER.c ****   WR_REG(PORT4->IOCR0, PORT_IOCR_PC1_OE_Msk, PORT_IOCR_PC1_OE_Pos, PORT_IOCR_OE1);                /
 274              		.loc 1 163 0
 275 02e0 4FF40443 		mov	r3, #33792
 276 02e4 C4F60203 		movt	r3, 18434
 277 02e8 4FF40442 		mov	r2, #33792
 278 02ec C4F60202 		movt	r2, 18434
 279 02f0 1269     		ldr	r2, [r2, #16]
 280 02f2 42F40042 		orr	r2, r2, #32768
 281 02f6 1A61     		str	r2, [r3, #16]
 164:../Dave/Generated/src/DAVESupport/MULTIPLEXER.c ****                                   
 165:../Dave/Generated/src/DAVESupport/MULTIPLEXER.c ****                   /*VADC GROUP0 Mux Related SFR/Bitfields Configurations*/  						                 
 166:../Dave/Generated/src/DAVESupport/MULTIPLEXER.c ****   WR_REG(VADC_G0->ALIAS, VADC_G_ALIAS_ALIAS0_Msk, VADC_G_ALIAS_ALIAS0_Pos,1); 
 282              		.loc 1 166 0
 283 02f8 4FF48843 		mov	r3, #17408
 284 02fc C4F20003 		movt	r3, 16384
 285 0300 4FF48842 		mov	r2, #17408
 286 0304 C4F20002 		movt	r2, 16384
 287 0308 D2F8B020 		ldr	r2, [r2, #176]
 288 030c 22F01F02 		bic	r2, r2, #31
 289 0310 42F00102 		orr	r2, r2, #1
 290 0314 C3F8B020 		str	r2, [r3, #176]
 167:../Dave/Generated/src/DAVESupport/MULTIPLEXER.c ****    						          
 168:../Dave/Generated/src/DAVESupport/MULTIPLEXER.c ****    								 						         
 169:../Dave/Generated/src/DAVESupport/MULTIPLEXER.c ****   WR_REG(VADC_G0->CHCTR[0], VADC_G_CHCTR_RESREG_Msk, VADC_G_CHCTR_RESREG_Pos,15); 
 291              		.loc 1 169 0
 292 0318 4FF48843 		mov	r3, #17408
 293 031c C4F20003 		movt	r3, 16384
 294 0320 4FF48842 		mov	r2, #17408
 295 0324 C4F20002 		movt	r2, 16384
 296 0328 D2F80022 		ldr	r2, [r2, #512]
 297 032c 42F47022 		orr	r2, r2, #983040
 298 0330 C3F80022 		str	r2, [r3, #512]
 170:../Dave/Generated/src/DAVESupport/MULTIPLEXER.c ****     						          						          						          						          						          						         
 171:../Dave/Generated/src/DAVESupport/MULTIPLEXER.c ****                   /*VADC GROUP1 Mux Related SFR/Bitfields Configurations*/  						                 
 172:../Dave/Generated/src/DAVESupport/MULTIPLEXER.c ****    								 						          						          						          						          						          						 
 173:../Dave/Generated/src/DAVESupport/MULTIPLEXER.c ****                   /*VADC GROUP2 Mux Related SFR/Bitfields Configurations*/  						                 
 174:../Dave/Generated/src/DAVESupport/MULTIPLEXER.c ****    								 						          						          						          						          						          						 
 175:../Dave/Generated/src/DAVESupport/MULTIPLEXER.c ****                   /*VADC GROUP3 Mux Related SFR/Bitfields Configurations*/  						                 
 176:../Dave/Generated/src/DAVESupport/MULTIPLEXER.c ****    								 						          						          						          						          						          						 
 177:../Dave/Generated/src/DAVESupport/MULTIPLEXER.c ****                /*VADC GLOBAL RESULT Mux Related SFR/Bitfields Configurations*/  						             
 178:../Dave/Generated/src/DAVESupport/MULTIPLEXER.c ****                /*VADC BACKGROUND Source Mux Related SFR/Bitfields Configurations*/  						         
 179:../Dave/Generated/src/DAVESupport/MULTIPLEXER.c ****     //********* Ethernet MAC CONFIGURATIONS *************************
 180:../Dave/Generated/src/DAVESupport/MULTIPLEXER.c ****                      
 181:../Dave/Generated/src/DAVESupport/MULTIPLEXER.c ****     // Configuring ETH0_CON  =  Ethernet x Port Control Register
 182:../Dave/Generated/src/DAVESupport/MULTIPLEXER.c **** 
 183:../Dave/Generated/src/DAVESupport/MULTIPLEXER.c ****     WR_REG(ETH0_CON->CON, ETH_CON_CLK_RMII_Msk, ETH_CON_CLK_RMII_Pos, ETH_RMIIC);                  
 299              		.loc 1 183 0
 300 0334 44F24003 		movw	r3, #16448
 301 0338 C5F20003 		movt	r3, 20480
 302 033c 44F24002 		movw	r2, #16448
 303 0340 C5F20002 		movt	r2, 20480
 304 0344 1268     		ldr	r2, [r2, #0]
 305 0346 22F44072 		bic	r2, r2, #768
 306 034a 42F40072 		orr	r2, r2, #512
 307 034e 1A60     		str	r2, [r3, #0]
 184:../Dave/Generated/src/DAVESupport/MULTIPLEXER.c **** 
 185:../Dave/Generated/src/DAVESupport/MULTIPLEXER.c ****     WR_REG(ETH0_CON->CON, ETH_CON_CRS_DV_Msk, ETH_CON_CRS_DV_Pos, ETH_CRS_DVC);                   
 308              		.loc 1 185 0
 309 0350 44F24003 		movw	r3, #16448
 310 0354 C5F20003 		movt	r3, 20480
 311 0358 44F24002 		movw	r2, #16448
 312 035c C5F20002 		movt	r2, 20480
 313 0360 1268     		ldr	r2, [r2, #0]
 314 0362 22F44062 		bic	r2, r2, #3072
 315 0366 42F40062 		orr	r2, r2, #2048
 316 036a 1A60     		str	r2, [r3, #0]
 186:../Dave/Generated/src/DAVESupport/MULTIPLEXER.c **** 
 187:../Dave/Generated/src/DAVESupport/MULTIPLEXER.c ****     WR_REG(ETH0_CON->CON, ETH_CON_MDIO_Msk, ETH_CON_MDIO_Pos, ETH_MDIOB);                          
 317              		.loc 1 187 0
 318 036c 44F24003 		movw	r3, #16448
 319 0370 C5F20003 		movt	r3, 20480
 320 0374 44F24002 		movw	r2, #16448
 321 0378 C5F20002 		movt	r2, 20480
 322 037c 1268     		ldr	r2, [r2, #0]
 323 037e 22F44002 		bic	r2, r2, #12582912
 324 0382 42F48002 		orr	r2, r2, #4194304
 325 0386 1A60     		str	r2, [r3, #0]
 188:../Dave/Generated/src/DAVESupport/MULTIPLEXER.c ****                                               
 189:../Dave/Generated/src/DAVESupport/MULTIPLEXER.c **** }
 326              		.loc 1 189 0
 327 0388 BD46     		mov	sp, r7
 328 038a 80BC     		pop	{r7}
 329 038c 7047     		bx	lr
 330              		.cfi_endproc
 331              	.LFE112:
 333 038e 00BF     		.section	.text.DAVE_MUX_PreInit,"ax",%progbits
 334              		.align	2
 335              		.global	DAVE_MUX_PreInit
 336              		.thumb
 337              		.thumb_func
 339              	DAVE_MUX_PreInit:
 340              	.LFB113:
 190:../Dave/Generated/src/DAVESupport/MULTIPLEXER.c **** 
 191:../Dave/Generated/src/DAVESupport/MULTIPLEXER.c **** 
 192:../Dave/Generated/src/DAVESupport/MULTIPLEXER.c **** /*******************************************************************************
 193:../Dave/Generated/src/DAVESupport/MULTIPLEXER.c **** ** Syntax           : void DAVE_MUX_PreInit(void)                             **
 194:../Dave/Generated/src/DAVESupport/MULTIPLEXER.c **** **                                                                            **
 195:../Dave/Generated/src/DAVESupport/MULTIPLEXER.c **** ** Reentrancy       : None                                                    **
 196:../Dave/Generated/src/DAVESupport/MULTIPLEXER.c **** **                                                                            **
 197:../Dave/Generated/src/DAVESupport/MULTIPLEXER.c **** ** Parameters (in)  : void                                                    **
 198:../Dave/Generated/src/DAVESupport/MULTIPLEXER.c **** **                                                                            **
 199:../Dave/Generated/src/DAVESupport/MULTIPLEXER.c **** ** Parameters (out) : none                                                    **
 200:../Dave/Generated/src/DAVESupport/MULTIPLEXER.c **** **                                                                            **
 201:../Dave/Generated/src/DAVESupport/MULTIPLEXER.c **** ** Return value     : none                                                    **
 202:../Dave/Generated/src/DAVESupport/MULTIPLEXER.c **** **                                                                            **
 203:../Dave/Generated/src/DAVESupport/MULTIPLEXER.c **** ** Description      : This is the Mux configuration                           **
 204:../Dave/Generated/src/DAVESupport/MULTIPLEXER.c **** **                                                                            **
 205:../Dave/Generated/src/DAVESupport/MULTIPLEXER.c **** *******************************************************************************/
 206:../Dave/Generated/src/DAVESupport/MULTIPLEXER.c ****  
 207:../Dave/Generated/src/DAVESupport/MULTIPLEXER.c **** void DAVE_MUX_PreInit(void)
 208:../Dave/Generated/src/DAVESupport/MULTIPLEXER.c **** {                    
 341              		.loc 1 208 0
 342              		.cfi_startproc
 343              		@ args = 0, pretend = 0, frame = 0
 344              		@ frame_needed = 1, uses_anonymous_args = 0
 345              		@ link register save eliminated.
 346 0000 80B4     		push	{r7}
 347              	.LCFI2:
 348              		.cfi_def_cfa_offset 4
 349              		.cfi_offset 7, -4
 350 0002 00AF     		add	r7, sp, #0
 351              	.LCFI3:
 352              		.cfi_def_cfa_register 7
 209:../Dave/Generated/src/DAVESupport/MULTIPLEXER.c **** 
 210:../Dave/Generated/src/DAVESupport/MULTIPLEXER.c **** /*        PORT Macro definitions for IOCR_OE, IOCR_PCR & HWSEL_HW     */               
 211:../Dave/Generated/src/DAVESupport/MULTIPLEXER.c ****            
 212:../Dave/Generated/src/DAVESupport/MULTIPLEXER.c ****   WR_REG(PORT15->PDISC, PORT15_PDISC_PDIS8_Msk, PORT15_PDISC_PDIS8_Pos, PORT_PDISC_PDIS0);         
 353              		.loc 1 212 0
 354 0004 4FF40F43 		mov	r3, #36608
 355 0008 C4F60203 		movt	r3, 18434
 356 000c 4FF40F42 		mov	r2, #36608
 357 0010 C4F60202 		movt	r2, 18434
 358 0014 126E     		ldr	r2, [r2, #96]
 359 0016 22F48072 		bic	r2, r2, #256
 360 001a 1A66     		str	r2, [r3, #96]
 213:../Dave/Generated/src/DAVESupport/MULTIPLEXER.c ****            
 214:../Dave/Generated/src/DAVESupport/MULTIPLEXER.c ****   WR_REG(PORT15->PDISC, PORT15_PDISC_PDIS9_Msk, PORT15_PDISC_PDIS9_Pos, PORT_PDISC_PDIS0);         
 361              		.loc 1 214 0
 362 001c 4FF40F43 		mov	r3, #36608
 363 0020 C4F60203 		movt	r3, 18434
 364 0024 4FF40F42 		mov	r2, #36608
 365 0028 C4F60202 		movt	r2, 18434
 366 002c 126E     		ldr	r2, [r2, #96]
 367 002e 22F40072 		bic	r2, r2, #512
 368 0032 1A66     		str	r2, [r3, #96]
 215:../Dave/Generated/src/DAVESupport/MULTIPLEXER.c **** }
 369              		.loc 1 215 0
 370 0034 BD46     		mov	sp, r7
 371 0036 80BC     		pop	{r7}
 372 0038 7047     		bx	lr
 373              		.cfi_endproc
 374              	.LFE113:
 376 003a 00BF     		.text
 377              	.Letext0:
 378              		.file 2 "c:\\dave-3.1.10\\arm-gcc\\bin\\../lib/gcc/arm-none-eabi/4.7.4/../../../../arm-none-eabi/i
 379              		.file 3 "C:\\DAVE-3.1.10\\eclipse\\/../CMSIS/Infineon/XMC4500_series/Include/XMC4500.h"
 380              		.file 4 "C:\\DAVE-3.1.10\\eclipse\\/../CMSIS/Include/core_cm4.h"
DEFINED SYMBOLS
                            *ABS*:00000000 MULTIPLEXER.c
C:\Users\Mihai\AppData\Local\Temp\cczaaMf4.s:20     .text.DAVE_MUX_Init:00000000 $t
C:\Users\Mihai\AppData\Local\Temp\cczaaMf4.s:25     .text.DAVE_MUX_Init:00000000 DAVE_MUX_Init
C:\Users\Mihai\AppData\Local\Temp\cczaaMf4.s:334    .text.DAVE_MUX_PreInit:00000000 $t
C:\Users\Mihai\AppData\Local\Temp\cczaaMf4.s:339    .text.DAVE_MUX_PreInit:00000000 DAVE_MUX_PreInit
                     .debug_frame:00000010 $d
                           .group:00000000 wm4.1.1791a5ae2e936ca1033c1c44be394cc7
                           .group:00000000 wm4.XMC4500.h.45.215f4b8c79f46c7645c15373868d08c0
                           .group:00000000 wm4.core_cm4.h.47.41af406cb4cda82c972f112a9cd0a024
                           .group:00000000 wm4.newlib.h.8.a9901dc52d1357e3e94003403d43f8b5
                           .group:00000000 wm4.features.h.22.b72b3baab2bb2eab3661375590100b6b
                           .group:00000000 wm4.config.h.193.5fb8ef056cdff92dec3dee9552839d8c
                           .group:00000000 wm4._ansi.h.23.7aefdac4826acebbfc9f3822a0aeb14c
                           .group:00000000 wm4.stdint.h.20.54ad762faa59e3c05491630641c8d8bf
                           .group:00000000 wm4.core_cmInstr.h.39.3d3d1b4a79aef37532666dc6ee87c6ac
                           .group:00000000 wm4.core_cm4_simd.h.43.b5d1d38735af6366227b4256d330cf13
                           .group:00000000 wm4.core_cm4.h.178.e5ef5ce66d198d7f00f9d0076e267c41
                           .group:00000000 wm4.system_XMC4500.h.29.827f68baa362c84f2abae4ab67dde7c9
                           .group:00000000 wm4.XMC4500.h.198.8e022f279ff353ed081df898dc7b9cf3
                           .group:00000000 wm4.stddef.h.40.50cf36416e06376af8a9dca28536f2e4
                           .group:00000000 wm4.types.h.55.0006b5fda1d606516f2dcaf4aca92b11
                           .group:00000000 wm4.MULTIPLEXER.h.43.4aa654be3ec80895f631b5281bbb9105
                           .group:00000000 wm4.CCU8PWMLIB.h.70.a5d6a5267902b8b4aea2a0224518259a
                           .group:00000000 wm4.DBG001.h.116.d6d9e7459a0faa3905c97c1d2edb339d
                           .group:00000000 wm4.SYSTM001.h.63.668098b2213d40a5bd0db5fbe813cf05
                           .group:00000000 wm4.ETH002_Conf.h.56.5bd2b085b66f43d51abd69396be7f35f
                           .group:00000000 wm4.EthernetPHY.h.54.7af1709186b21e62a5f1d4049da3988b
                           .group:00000000 wm4.ETH001_Conf.h.71.1e151af1ba54dd023e1f942bdf922819
                           .group:00000000 wm4.synopGMAC_plat.h.78.7a90e072b497857344aea4ba1e994097
                           .group:00000000 wm4.synopGMAC_stack_interface.h.73.6be6aaee0ac6637432f4d0589044479b
                           .group:00000000 wm4.SynopGMAC_Dev.h.72.7c89c07cf666d37f5c9b615720d5e111
                           .group:00000000 wm4.synopGMAC_network_interface.h.73.4dd08316a11bc43c8c4a9da15277fb0f
                           .group:00000000 wm4.stdlib.h.13.603ed7eb09a1561ab06840b7c0fcff58
                           .group:00000000 wm4.stddef.h.161.e50ff8a9d5d1abbc15641da28ac571bf
                           .group:00000000 wm4._default_types.h.6.5e12cd604db8ce00b62bb2f02708eaf3
                           .group:00000000 wm4.lock.h.2.9bc98482741e5e2a9450b12934a684ea
                           .group:00000000 wm4.stddef.h.161.c6104a0666cf681b6269ddc9b4f516d4
                           .group:00000000 wm4.reent.h.16.9e42f0e588b85e70b2bf6572af57ce64
                           .group:00000000 wm4.alloca.h.8.dfc0c703c47ec3e69746825b17d9e66d
                           .group:00000000 wm4.stdlib.h.53.c69c7609933ff56d59c757cec2d13230
                           .group:00000000 wm4.string.h.8.ef946ad0bc9ad5c970c365dcd1fc4b0a
                           .group:00000000 wm4.string.h.86.d5c872ff52e2712c985b588a0ef39f3c
                           .group:00000000 wm4.ETH004_Conf.h.56.564c3f309c32b3c742fc91049cf66940
                           .group:00000000 wm4.lwipopts.h.73.a7a63bda1e8216abd1d90275eaaa0027
                           .group:00000000 wm4.arch.h.33.6fa4aa86d33d1490ae882caef7316405
                           .group:00000000 wm4.cpu.h.33.b213c7fd77614ebc3691cef18ad2ff22
                           .group:00000000 wm4.cc.h.66.ec134211c658dcc89de4610e4e7bab46
                           .group:00000000 wm4.arch.h.47.5153c52bfb94ee3b37299920afab6afd
                           .group:00000000 wm4.debug.h.43.557ecd6c90cc70b375bb8a29118be47b
                           .group:00000000 wm4.opt.h.94.d36882acafebb8726bce646fc8b2397b
                           .group:00000000 wm4.err.h.52.37c5d17538f8e8347a9c84196701e92d
                           .group:00000000 wm4.pbuf.h.43.e9a1ad12b97478787a109e22d5306820
                           .group:00000000 wm4.inet.h.46.b516065779826845d16d49f513869a2b
                           .group:00000000 wm4.ip_addr.h.79.9a0ce887ca8c88c22ad7686bcb5105df
                           .group:00000000 wm4.sys.h.65.4a0cd87b9e0d8bb4cd6b30e939b2ca7e
                           .group:00000000 wm4.mem.h.96.20770766e6c9e6c42af6bfa95ef5c63f
                           .group:00000000 wm4.def.h.33.049f911dab26023a266ed46ced0ce4bc
                           .group:00000000 wm4.netif.h.53.c13431a64f0e73a26710e71455725e84
                           .group:00000000 wm4.ip.h.48.ad46847692d4d729760949b27e48a442
                           .group:00000000 wm4.icmp.h.44.450dbf91f594cc26ad19d086cdc83713
                           .group:00000000 wm4.tcp.h.55.5c30b9432fa60afaa85cbdd225b0c683
                           .group:00000000 wm4.udp.h.48.1a8dde095cd0a13580afaba1443e5a3f
                           .group:00000000 wm4.SDMMC003_Conf.h.50.e707c07613fb4e6f2eaec982a892429d
                           .group:00000000 wm4.SDMMC003.h.85.b66055f6032a052f5173e3d123f9c61e
                           .group:00000000 wm4.SDMMC001.h.50.3e2fedc7e5ace33db4121d5cc027e8a4
                           .group:00000000 wm4.types.h.23.0d949686bbcadd1621462d4fa1f884f9
                           .group:00000000 wm4.types.h.2.e9cec8c90ab35f77d9f499e06ae02400
                           .group:00000000 wm4.types.h.80.1f2c84c0d57dd52dd9936095d9ac218e
                           .group:00000000 wm4.time.h.16.a4579e68956d2601c6113814b546764b
                           .group:00000000 wm4.diskio.h.7.93a3c8131d08770c060b04d2180fd09a
                           .group:00000000 wm4.diskio.h.42.a863614abe78d56d18ed7cb292d0028d
                           .group:00000000 wm4.ffconf.h.57.4ab321a2116d35ff7f28236ac31fad7c
                           .group:00000000 wm4.ff.h.82.8f05a37d35a49dba2681a7f047fee4ee
                           .group:00000000 wm4.lmm001_debuglog.h.40.8031299705ecf04ad726bd19baff976d
                           .group:00000000 wm4.LMM001.h.42.c21fe9cbedc336738c3dc89405cad216
                           .group:00000000 wm4.stdio.h.27.f2ac352bab34f31f9f478442827b2ba6
                           .group:00000000 wm4.stdarg.h.34.3a23a216c0c293b3d2ea2e89281481e6
                           .group:00000000 wm4.stdio.h.2.4aa87247282eca6c8f36f9de33d8df1a
                           .group:00000000 wm4.stdio.h.63.dfdea6580b080784d08faace69b6ed76
                           .group:00000000 wm4.time.h.2.9857e62ad6ac99431e29d58067232314
                           .group:00000000 wm4.time.h.24.c499d4c1915694df17abb795fd34b719
                           .group:00000000 wm4.time.h.124.10ced469f846269cafc58b59c853e1bb
                           .group:00000000 wm4.errno.h.2.ba016d646105af6cad23be83630b6a3f
                           .group:00000000 wm4.errno.h.9.65044c2b5d8494e43f5986ab0a1d770f
                           .group:00000000 wm4.unistd.h.2.6ce1b91c4223f6078c1b210c7538c1d2
                           .group:00000000 wm4.unistd.h.251.605bc560cdc6c3b07b599bb71ac4e425
                           .group:00000000 wm4.malloc.h.4.62bd13b8107d5245f60bd92bb5994838
                           .group:00000000 wm4.malloc.h.148.73b7de3bd065dafbd594b04197a9466e
                           .group:00000000 wm4.reent.h.91.faac4d0ac97c0fcf23d10d0786197642
                           .group:00000000 wm4.SLTHA003.h.100.69cb08672bc6ab3f052aa9d5bd6dc5ca
                           .group:00000000 wm4._default_fcntl.h.6.d036cf640d0f9a06bcff1be55acd66be
                           .group:00000000 wm4.stat.h.2.a761b02482a54847ff0d09dfcff24a5c
                           .group:00000000 wm4.fcntl.h.9.9336f33d7f5028f694c75e6e224e0cf7
                           .group:00000000 wm4.SLTHA001.h.97.d7e87c19a31e3244bdd5839e7cc42a61
                           .group:00000000 wm4.WEBSERVER001_Conf.h.54.cd6d29aaa96a848cbc5321bab5d6cd90
                           .group:00000000 wm4.ADCGROUP001.h.48.081c7f952eb4b6ea2df7d05180ee1663
                           .group:00000000 wm4.IO001.h.49.1da965fb490206cf7cde64a90f6912e1
                           .group:00000000 wm4.MOTORLIBS.h.59.b2e97de0df555dedfa51e24447b57ab8
                           .group:00000000 wm4.uc_id.h.35.a6c4837fad81477ba31967683332b8cc
                           .group:00000000 wm4.Usic.h.90.22743468abc46f16747d12430b219aaf
                           .group:00000000 wm4.UART001_Conf.h.53.c5c972f6f634bc5116c171852aaab668
                           .group:00000000 wm4.UART001.h.109.3e835815a7a59791d8bd39655f4d4cc9

NO UNDEFINED SYMBOLS
