   1              		.syntax unified
   2              		.cpu cortex-m4
   3              		.eabi_attribute 27, 3
   4              		.fpu fpv4-sp-d16
   5              		.eabi_attribute 20, 1
   6              		.eabi_attribute 21, 1
   7              		.eabi_attribute 23, 3
   8              		.eabi_attribute 24, 1
   9              		.eabi_attribute 25, 1
  10              		.eabi_attribute 26, 1
  11              		.eabi_attribute 30, 6
  12              		.eabi_attribute 34, 1
  13              		.eabi_attribute 18, 4
  14              		.thumb
  15              		.file	"slipif.c"
  16              		.text
  17              	.Ltext0:
  18              		.cfi_sections	.debug_frame
  19              	.Letext0:
DEFINED SYMBOLS
                            *ABS*:00000000 slipif.c
                           .group:00000000 wm4.1.1791a5ae2e936ca1033c1c44be394cc7
                           .group:00000000 wm4.ETH004_Conf.h.56.59591edbd6ce1f089c3d2789404b9485
                           .group:00000000 wm4.lwipopts.h.73.a7a63bda1e8216abd1d90275eaaa0027
                           .group:00000000 wm4.arch.h.33.6fa4aa86d33d1490ae882caef7316405
                           .group:00000000 wm4.cpu.h.33.b213c7fd77614ebc3691cef18ad2ff22
                           .group:00000000 wm4.cc.h.66.ec134211c658dcc89de4610e4e7bab46
                           .group:00000000 wm4.arch.h.47.5153c52bfb94ee3b37299920afab6afd
                           .group:00000000 wm4.debug.h.43.557ecd6c90cc70b375bb8a29118be47b
                           .group:00000000 wm4.opt.h.94.d36882acafebb8726bce646fc8b2397b
                           .group:00000000 wm4.err.h.52.37c5d17538f8e8347a9c84196701e92d
                           .group:00000000 wm4.inet.h.46.b516065779826845d16d49f513869a2b
                           .group:00000000 wm4.ip_addr.h.79.9a0ce887ca8c88c22ad7686bcb5105df
                           .group:00000000 wm4.pbuf.h.43.e9a1ad12b97478787a109e22d5306820
                           .group:00000000 wm4.netif.h.77.eb641fb35cae7e4880920e0acf78586f

NO UNDEFINED SYMBOLS
