   1              		.syntax unified
   2              		.cpu cortex-m4
   3              		.eabi_attribute 27, 3
   4              		.fpu fpv4-sp-d16
   5              		.eabi_attribute 20, 1
   6              		.eabi_attribute 21, 1
   7              		.eabi_attribute 23, 3
   8              		.eabi_attribute 24, 1
   9              		.eabi_attribute 25, 1
  10              		.eabi_attribute 26, 1
  11              		.eabi_attribute 30, 4
  12              		.eabi_attribute 34, 1
  13              		.eabi_attribute 18, 4
  14              		.thumb
  15              		.file	"RTC001_Conf.c"
  16              		.global	timeptr1
  17              		.global	RTC001_Handle
  18              		.section	.rodata
  19              		.align	1
  22              	RTC001_Handle:
  23 0000 00       		.byte	0
  24 0001 00       		.space	1
  25 0002 FF7F     		.short	32767
  26              		.data
  27              		.align	1
  30              	timeptr1:
  31 0000 00       		.byte	0
  32 0001 00       		.byte	0
  33 0002 00       		.byte	0
  34 0003 01       		.byte	1
  35 0004 00       		.space	1
  36 0005 01       		.byte	1
  37 0006 B207     		.short	1970
  38              		.ident	"GCC: (GNU Tools for ARM Embedded Processors) 4.7.4 20130913 (release) [ARM/embedded-4_7-br
DEFINED SYMBOLS
                            *ABS*:00000000 RTC001_Conf.c
C:\Users\Mihai\AppData\Local\Temp\ccYFENnS.s:30     .data:00000000 timeptr1
C:\Users\Mihai\AppData\Local\Temp\ccYFENnS.s:22     .rodata:00000000 RTC001_Handle
C:\Users\Mihai\AppData\Local\Temp\ccYFENnS.s:19     .rodata:00000000 $d
C:\Users\Mihai\AppData\Local\Temp\ccYFENnS.s:27     .data:00000000 $d

NO UNDEFINED SYMBOLS
