   1              		.syntax unified
   2              		.cpu cortex-m4
   3              		.eabi_attribute 27, 3
   4              		.fpu fpv4-sp-d16
   5              		.eabi_attribute 20, 1
   6              		.eabi_attribute 21, 1
   7              		.eabi_attribute 23, 3
   8              		.eabi_attribute 24, 1
   9              		.eabi_attribute 25, 1
  10              		.eabi_attribute 26, 1
  11              		.eabi_attribute 30, 6
  12              		.eabi_attribute 34, 1
  13              		.eabi_attribute 18, 4
  14              		.thumb
  15              		.file	"inet.c"
  16              		.text
  17              	.Ltext0:
  18              		.cfi_sections	.debug_frame
  19              		.section	.text.inet_addr,"ax",%progbits
  20              		.align	2
  21              		.global	inet_addr
  22              		.thumb
  23              		.thumb_func
  25              	inet_addr:
  26              	.LFB0:
  27              		.file 1 "../Dave/Generated/src/ETH004/01_lwIP_Stack/src/core/ipv4/inet.c"
   1:../Dave/Generated/src/ETH004/01_lwIP_Stack/src/core/ipv4/inet.c **** /**
   2:../Dave/Generated/src/ETH004/01_lwIP_Stack/src/core/ipv4/inet.c ****  * @file
   3:../Dave/Generated/src/ETH004/01_lwIP_Stack/src/core/ipv4/inet.c ****  * Functions common to all TCP/IPv4 modules, such as the byte order functions.
   4:../Dave/Generated/src/ETH004/01_lwIP_Stack/src/core/ipv4/inet.c ****  *
   5:../Dave/Generated/src/ETH004/01_lwIP_Stack/src/core/ipv4/inet.c ****  */
   6:../Dave/Generated/src/ETH004/01_lwIP_Stack/src/core/ipv4/inet.c **** 
   7:../Dave/Generated/src/ETH004/01_lwIP_Stack/src/core/ipv4/inet.c **** /*
   8:../Dave/Generated/src/ETH004/01_lwIP_Stack/src/core/ipv4/inet.c ****  * Copyright (c) 2001-2004 Swedish Institute of Computer Science.
   9:../Dave/Generated/src/ETH004/01_lwIP_Stack/src/core/ipv4/inet.c ****  * All rights reserved.
  10:../Dave/Generated/src/ETH004/01_lwIP_Stack/src/core/ipv4/inet.c ****  *
  11:../Dave/Generated/src/ETH004/01_lwIP_Stack/src/core/ipv4/inet.c ****  * Redistribution and use in source and binary forms, with or without modification,
  12:../Dave/Generated/src/ETH004/01_lwIP_Stack/src/core/ipv4/inet.c ****  * are permitted provided that the following conditions are met:
  13:../Dave/Generated/src/ETH004/01_lwIP_Stack/src/core/ipv4/inet.c ****  *
  14:../Dave/Generated/src/ETH004/01_lwIP_Stack/src/core/ipv4/inet.c ****  * 1. Redistributions of source code must retain the above copyright notice,
  15:../Dave/Generated/src/ETH004/01_lwIP_Stack/src/core/ipv4/inet.c ****  *    this list of conditions and the following disclaimer.
  16:../Dave/Generated/src/ETH004/01_lwIP_Stack/src/core/ipv4/inet.c ****  * 2. Redistributions in binary form must reproduce the above copyright notice,
  17:../Dave/Generated/src/ETH004/01_lwIP_Stack/src/core/ipv4/inet.c ****  *    this list of conditions and the following disclaimer in the documentation
  18:../Dave/Generated/src/ETH004/01_lwIP_Stack/src/core/ipv4/inet.c ****  *    and/or other materials provided with the distribution.
  19:../Dave/Generated/src/ETH004/01_lwIP_Stack/src/core/ipv4/inet.c ****  * 3. The name of the author may not be used to endorse or promote products
  20:../Dave/Generated/src/ETH004/01_lwIP_Stack/src/core/ipv4/inet.c ****  *    derived from this software without specific prior written permission.
  21:../Dave/Generated/src/ETH004/01_lwIP_Stack/src/core/ipv4/inet.c ****  *
  22:../Dave/Generated/src/ETH004/01_lwIP_Stack/src/core/ipv4/inet.c ****  * THIS SOFTWARE IS PROVIDED BY THE AUTHOR ``AS IS'' AND ANY EXPRESS OR IMPLIED
  23:../Dave/Generated/src/ETH004/01_lwIP_Stack/src/core/ipv4/inet.c ****  * WARRANTIES, INCLUDING, BUT NOT LIMITED TO, THE IMPLIED WARRANTIES OF
  24:../Dave/Generated/src/ETH004/01_lwIP_Stack/src/core/ipv4/inet.c ****  * MERCHANTABILITY AND FITNESS FOR A PARTICULAR PURPOSE ARE DISCLAIMED. IN NO EVENT
  25:../Dave/Generated/src/ETH004/01_lwIP_Stack/src/core/ipv4/inet.c ****  * SHALL THE AUTHOR BE LIABLE FOR ANY DIRECT, INDIRECT, INCIDENTAL, SPECIAL,
  26:../Dave/Generated/src/ETH004/01_lwIP_Stack/src/core/ipv4/inet.c ****  * EXEMPLARY, OR CONSEQUENTIAL DAMAGES (INCLUDING, BUT NOT LIMITED TO, PROCUREMENT
  27:../Dave/Generated/src/ETH004/01_lwIP_Stack/src/core/ipv4/inet.c ****  * OF SUBSTITUTE GOODS OR SERVICES; LOSS OF USE, DATA, OR PROFITS; OR BUSINESS
  28:../Dave/Generated/src/ETH004/01_lwIP_Stack/src/core/ipv4/inet.c ****  * INTERRUPTION) HOWEVER CAUSED AND ON ANY THEORY OF LIABILITY, WHETHER IN
  29:../Dave/Generated/src/ETH004/01_lwIP_Stack/src/core/ipv4/inet.c ****  * CONTRACT, STRICT LIABILITY, OR TORT (INCLUDING NEGLIGENCE OR OTHERWISE) ARISING
  30:../Dave/Generated/src/ETH004/01_lwIP_Stack/src/core/ipv4/inet.c ****  * IN ANY WAY OUT OF THE USE OF THIS SOFTWARE, EVEN IF ADVISED OF THE POSSIBILITY
  31:../Dave/Generated/src/ETH004/01_lwIP_Stack/src/core/ipv4/inet.c ****  * OF SUCH DAMAGE.
  32:../Dave/Generated/src/ETH004/01_lwIP_Stack/src/core/ipv4/inet.c ****  *
  33:../Dave/Generated/src/ETH004/01_lwIP_Stack/src/core/ipv4/inet.c ****  * This file is part of the lwIP TCP/IP stack.
  34:../Dave/Generated/src/ETH004/01_lwIP_Stack/src/core/ipv4/inet.c ****  *
  35:../Dave/Generated/src/ETH004/01_lwIP_Stack/src/core/ipv4/inet.c ****  * Author: Adam Dunkels <adam@sics.se>
  36:../Dave/Generated/src/ETH004/01_lwIP_Stack/src/core/ipv4/inet.c ****  *
  37:../Dave/Generated/src/ETH004/01_lwIP_Stack/src/core/ipv4/inet.c ****  */
  38:../Dave/Generated/src/ETH004/01_lwIP_Stack/src/core/ipv4/inet.c **** 
  39:../Dave/Generated/src/ETH004/01_lwIP_Stack/src/core/ipv4/inet.c **** #include "lwip/opt.h"
  40:../Dave/Generated/src/ETH004/01_lwIP_Stack/src/core/ipv4/inet.c **** 
  41:../Dave/Generated/src/ETH004/01_lwIP_Stack/src/core/ipv4/inet.c **** #include "lwip/inet.h"
  42:../Dave/Generated/src/ETH004/01_lwIP_Stack/src/core/ipv4/inet.c **** 
  43:../Dave/Generated/src/ETH004/01_lwIP_Stack/src/core/ipv4/inet.c **** /* Here for now until needed in other places in lwIP */
  44:../Dave/Generated/src/ETH004/01_lwIP_Stack/src/core/ipv4/inet.c **** #ifndef isprint
  45:../Dave/Generated/src/ETH004/01_lwIP_Stack/src/core/ipv4/inet.c **** #define in_range(c, lo, up)  ((u8_t)c >= lo && (u8_t)c <= up)
  46:../Dave/Generated/src/ETH004/01_lwIP_Stack/src/core/ipv4/inet.c **** #define isprint(c)           in_range(c, 0x20, 0x7f)
  47:../Dave/Generated/src/ETH004/01_lwIP_Stack/src/core/ipv4/inet.c **** #define isdigit(c)           in_range(c, '0', '9')
  48:../Dave/Generated/src/ETH004/01_lwIP_Stack/src/core/ipv4/inet.c **** #define isxdigit(c)          (isdigit(c) || in_range(c, 'a', 'f') || in_range(c, 'A', 'F'))
  49:../Dave/Generated/src/ETH004/01_lwIP_Stack/src/core/ipv4/inet.c **** #define islower(c)           in_range(c, 'a', 'z')
  50:../Dave/Generated/src/ETH004/01_lwIP_Stack/src/core/ipv4/inet.c **** #define isspace(c)           (c == ' ' || c == '\f' || c == '\n' || c == '\r' || c == '\t' || c == 
  51:../Dave/Generated/src/ETH004/01_lwIP_Stack/src/core/ipv4/inet.c **** #endif    
  52:../Dave/Generated/src/ETH004/01_lwIP_Stack/src/core/ipv4/inet.c ****     
  53:../Dave/Generated/src/ETH004/01_lwIP_Stack/src/core/ipv4/inet.c **** /**
  54:../Dave/Generated/src/ETH004/01_lwIP_Stack/src/core/ipv4/inet.c ****  * Ascii internet address interpretation routine.
  55:../Dave/Generated/src/ETH004/01_lwIP_Stack/src/core/ipv4/inet.c ****  * The value returned is in network order.
  56:../Dave/Generated/src/ETH004/01_lwIP_Stack/src/core/ipv4/inet.c ****  *
  57:../Dave/Generated/src/ETH004/01_lwIP_Stack/src/core/ipv4/inet.c ****  * @param cp IP address in ascii represenation (e.g. "127.0.0.1")
  58:../Dave/Generated/src/ETH004/01_lwIP_Stack/src/core/ipv4/inet.c ****  * @return ip address in network order
  59:../Dave/Generated/src/ETH004/01_lwIP_Stack/src/core/ipv4/inet.c ****  */
  60:../Dave/Generated/src/ETH004/01_lwIP_Stack/src/core/ipv4/inet.c **** u32_t
  61:../Dave/Generated/src/ETH004/01_lwIP_Stack/src/core/ipv4/inet.c **** inet_addr(const char *cp)
  62:../Dave/Generated/src/ETH004/01_lwIP_Stack/src/core/ipv4/inet.c **** {
  28              		.loc 1 62 0
  29              		.cfi_startproc
  30              		@ args = 0, pretend = 0, frame = 16
  31              		@ frame_needed = 1, uses_anonymous_args = 0
  32 0000 80B5     		push	{r7, lr}
  33              	.LCFI0:
  34              		.cfi_def_cfa_offset 8
  35              		.cfi_offset 7, -8
  36              		.cfi_offset 14, -4
  37 0002 84B0     		sub	sp, sp, #16
  38              	.LCFI1:
  39              		.cfi_def_cfa_offset 24
  40 0004 00AF     		add	r7, sp, #0
  41              	.LCFI2:
  42              		.cfi_def_cfa_register 7
  43 0006 7860     		str	r0, [r7, #4]
  63:../Dave/Generated/src/ETH004/01_lwIP_Stack/src/core/ipv4/inet.c ****   struct in_addr val;
  64:../Dave/Generated/src/ETH004/01_lwIP_Stack/src/core/ipv4/inet.c **** 
  65:../Dave/Generated/src/ETH004/01_lwIP_Stack/src/core/ipv4/inet.c ****   if (inet_aton(cp, &val)) {
  44              		.loc 1 65 0
  45 0008 07F10C03 		add	r3, r7, #12
  46 000c 7868     		ldr	r0, [r7, #4]
  47 000e 1946     		mov	r1, r3
  48 0010 FFF7FEFF 		bl	inet_aton
  49 0014 0346     		mov	r3, r0
  50 0016 002B     		cmp	r3, #0
  51 0018 01D0     		beq	.L2
  66:../Dave/Generated/src/ETH004/01_lwIP_Stack/src/core/ipv4/inet.c ****     return (val.s_addr);
  52              		.loc 1 66 0
  53 001a FB68     		ldr	r3, [r7, #12]
  54 001c 01E0     		b	.L4
  55              	.L2:
  67:../Dave/Generated/src/ETH004/01_lwIP_Stack/src/core/ipv4/inet.c ****   }
  68:../Dave/Generated/src/ETH004/01_lwIP_Stack/src/core/ipv4/inet.c ****   return (INADDR_NONE);
  56              		.loc 1 68 0
  57 001e 4FF0FF33 		mov	r3, #-1
  58              	.L4:
  69:../Dave/Generated/src/ETH004/01_lwIP_Stack/src/core/ipv4/inet.c **** }
  59              		.loc 1 69 0
  60 0022 1846     		mov	r0, r3
  61 0024 07F11007 		add	r7, r7, #16
  62 0028 BD46     		mov	sp, r7
  63 002a 80BD     		pop	{r7, pc}
  64              		.cfi_endproc
  65              	.LFE0:
  67              		.section	.text.inet_aton,"ax",%progbits
  68              		.align	2
  69              		.global	inet_aton
  70              		.thumb
  71              		.thumb_func
  73              	inet_aton:
  74              	.LFB1:
  70:../Dave/Generated/src/ETH004/01_lwIP_Stack/src/core/ipv4/inet.c **** 
  71:../Dave/Generated/src/ETH004/01_lwIP_Stack/src/core/ipv4/inet.c **** /**
  72:../Dave/Generated/src/ETH004/01_lwIP_Stack/src/core/ipv4/inet.c ****  * Check whether "cp" is a valid ascii representation
  73:../Dave/Generated/src/ETH004/01_lwIP_Stack/src/core/ipv4/inet.c ****  * of an Internet address and convert to a binary address.
  74:../Dave/Generated/src/ETH004/01_lwIP_Stack/src/core/ipv4/inet.c ****  * Returns 1 if the address is valid, 0 if not.
  75:../Dave/Generated/src/ETH004/01_lwIP_Stack/src/core/ipv4/inet.c ****  * This replaces inet_addr, the return value from which
  76:../Dave/Generated/src/ETH004/01_lwIP_Stack/src/core/ipv4/inet.c ****  * cannot distinguish between failure and a local broadcast address.
  77:../Dave/Generated/src/ETH004/01_lwIP_Stack/src/core/ipv4/inet.c ****  *
  78:../Dave/Generated/src/ETH004/01_lwIP_Stack/src/core/ipv4/inet.c ****  * @param cp IP address in ascii represenation (e.g. "127.0.0.1")
  79:../Dave/Generated/src/ETH004/01_lwIP_Stack/src/core/ipv4/inet.c ****  * @param addr pointer to which to save the ip address in network order
  80:../Dave/Generated/src/ETH004/01_lwIP_Stack/src/core/ipv4/inet.c ****  * @return 1 if cp could be converted to addr, 0 on failure
  81:../Dave/Generated/src/ETH004/01_lwIP_Stack/src/core/ipv4/inet.c ****  */
  82:../Dave/Generated/src/ETH004/01_lwIP_Stack/src/core/ipv4/inet.c **** int
  83:../Dave/Generated/src/ETH004/01_lwIP_Stack/src/core/ipv4/inet.c **** inet_aton(const char *cp, struct in_addr *addr)
  84:../Dave/Generated/src/ETH004/01_lwIP_Stack/src/core/ipv4/inet.c **** {
  75              		.loc 1 84 0
  76              		.cfi_startproc
  77              		@ args = 0, pretend = 0, frame = 40
  78              		@ frame_needed = 1, uses_anonymous_args = 0
  79 0000 80B5     		push	{r7, lr}
  80              	.LCFI3:
  81              		.cfi_def_cfa_offset 8
  82              		.cfi_offset 7, -8
  83              		.cfi_offset 14, -4
  84 0002 8AB0     		sub	sp, sp, #40
  85              	.LCFI4:
  86              		.cfi_def_cfa_offset 48
  87 0004 00AF     		add	r7, sp, #0
  88              	.LCFI5:
  89              		.cfi_def_cfa_register 7
  90 0006 7860     		str	r0, [r7, #4]
  91 0008 3960     		str	r1, [r7, #0]
  85:../Dave/Generated/src/ETH004/01_lwIP_Stack/src/core/ipv4/inet.c ****   u32_t val;
  86:../Dave/Generated/src/ETH004/01_lwIP_Stack/src/core/ipv4/inet.c ****   u8_t base;
  87:../Dave/Generated/src/ETH004/01_lwIP_Stack/src/core/ipv4/inet.c ****   char c;
  88:../Dave/Generated/src/ETH004/01_lwIP_Stack/src/core/ipv4/inet.c ****   u32_t parts[4];
  89:../Dave/Generated/src/ETH004/01_lwIP_Stack/src/core/ipv4/inet.c ****   u32_t *pp = parts;
  92              		.loc 1 89 0
  93 000a 07F10C03 		add	r3, r7, #12
  94 000e FB61     		str	r3, [r7, #28]
  90:../Dave/Generated/src/ETH004/01_lwIP_Stack/src/core/ipv4/inet.c **** 
  91:../Dave/Generated/src/ETH004/01_lwIP_Stack/src/core/ipv4/inet.c ****   c = *cp;
  95              		.loc 1 91 0
  96 0010 7B68     		ldr	r3, [r7, #4]
  97 0012 1B78     		ldrb	r3, [r3, #0]
  98 0014 87F82230 		strb	r3, [r7, #34]
  99              	.L22:
  92:../Dave/Generated/src/ETH004/01_lwIP_Stack/src/core/ipv4/inet.c ****   for (;;) {
  93:../Dave/Generated/src/ETH004/01_lwIP_Stack/src/core/ipv4/inet.c ****     /*
  94:../Dave/Generated/src/ETH004/01_lwIP_Stack/src/core/ipv4/inet.c ****      * Collect number up to ``.''.
  95:../Dave/Generated/src/ETH004/01_lwIP_Stack/src/core/ipv4/inet.c ****      * Values are specified as for C:
  96:../Dave/Generated/src/ETH004/01_lwIP_Stack/src/core/ipv4/inet.c ****      * 0x=hex, 0=octal, 1-9=decimal.
  97:../Dave/Generated/src/ETH004/01_lwIP_Stack/src/core/ipv4/inet.c ****      */
  98:../Dave/Generated/src/ETH004/01_lwIP_Stack/src/core/ipv4/inet.c ****     if (!isdigit(c))
 100              		.loc 1 98 0
 101 0018 97F82230 		ldrb	r3, [r7, #34]	@ zero_extendqisi2
 102 001c 2F2B     		cmp	r3, #47
 103 001e 03D9     		bls	.L6
 104              		.loc 1 98 0 is_stmt 0 discriminator 1
 105 0020 97F82230 		ldrb	r3, [r7, #34]	@ zero_extendqisi2
 106 0024 392B     		cmp	r3, #57
 107 0026 02D9     		bls	.L7
 108              	.L6:
  99:../Dave/Generated/src/ETH004/01_lwIP_Stack/src/core/ipv4/inet.c ****       return (0);
 109              		.loc 1 99 0 is_stmt 1
 110 0028 4FF00003 		mov	r3, #0
 111 002c 1DE1     		b	.L35
 112              	.L7:
 100:../Dave/Generated/src/ETH004/01_lwIP_Stack/src/core/ipv4/inet.c ****     val = 0;
 113              		.loc 1 100 0
 114 002e 4FF00003 		mov	r3, #0
 115 0032 7B62     		str	r3, [r7, #36]
 101:../Dave/Generated/src/ETH004/01_lwIP_Stack/src/core/ipv4/inet.c ****     base = 10;
 116              		.loc 1 101 0
 117 0034 4FF00A03 		mov	r3, #10
 118 0038 87F82330 		strb	r3, [r7, #35]
 102:../Dave/Generated/src/ETH004/01_lwIP_Stack/src/core/ipv4/inet.c ****     if (c == '0') {
 119              		.loc 1 102 0
 120 003c 97F82230 		ldrb	r3, [r7, #34]	@ zero_extendqisi2
 121 0040 302B     		cmp	r3, #48
 122 0042 20D1     		bne	.L9
 103:../Dave/Generated/src/ETH004/01_lwIP_Stack/src/core/ipv4/inet.c ****       c = *++cp;
 123              		.loc 1 103 0
 124 0044 7B68     		ldr	r3, [r7, #4]
 125 0046 03F10103 		add	r3, r3, #1
 126 004a 7B60     		str	r3, [r7, #4]
 127 004c 7B68     		ldr	r3, [r7, #4]
 128 004e 1B78     		ldrb	r3, [r3, #0]
 129 0050 87F82230 		strb	r3, [r7, #34]
 104:../Dave/Generated/src/ETH004/01_lwIP_Stack/src/core/ipv4/inet.c ****       if (c == 'x' || c == 'X') {
 130              		.loc 1 104 0
 131 0054 97F82230 		ldrb	r3, [r7, #34]	@ zero_extendqisi2
 132 0058 782B     		cmp	r3, #120
 133 005a 03D0     		beq	.L10
 134              		.loc 1 104 0 is_stmt 0 discriminator 1
 135 005c 97F82230 		ldrb	r3, [r7, #34]	@ zero_extendqisi2
 136 0060 582B     		cmp	r3, #88
 137 0062 0CD1     		bne	.L11
 138              	.L10:
 105:../Dave/Generated/src/ETH004/01_lwIP_Stack/src/core/ipv4/inet.c ****         base = 16;
 139              		.loc 1 105 0 is_stmt 1
 140 0064 4FF01003 		mov	r3, #16
 141 0068 87F82330 		strb	r3, [r7, #35]
 106:../Dave/Generated/src/ETH004/01_lwIP_Stack/src/core/ipv4/inet.c ****         c = *++cp;
 142              		.loc 1 106 0
 143 006c 7B68     		ldr	r3, [r7, #4]
 144 006e 03F10103 		add	r3, r3, #1
 145 0072 7B60     		str	r3, [r7, #4]
 146 0074 7B68     		ldr	r3, [r7, #4]
 147 0076 1B78     		ldrb	r3, [r3, #0]
 148 0078 87F82230 		strb	r3, [r7, #34]
 149 007c 03E0     		b	.L9
 150              	.L11:
 107:../Dave/Generated/src/ETH004/01_lwIP_Stack/src/core/ipv4/inet.c ****       } else
 108:../Dave/Generated/src/ETH004/01_lwIP_Stack/src/core/ipv4/inet.c ****         base = 8;
 151              		.loc 1 108 0
 152 007e 4FF00803 		mov	r3, #8
 153 0082 87F82330 		strb	r3, [r7, #35]
 154              	.L9:
 109:../Dave/Generated/src/ETH004/01_lwIP_Stack/src/core/ipv4/inet.c ****     }
 110:../Dave/Generated/src/ETH004/01_lwIP_Stack/src/core/ipv4/inet.c ****     for (;;) {
 111:../Dave/Generated/src/ETH004/01_lwIP_Stack/src/core/ipv4/inet.c ****       if (isdigit(c)) {
 155              		.loc 1 111 0
 156 0086 97F82230 		ldrb	r3, [r7, #34]	@ zero_extendqisi2
 157 008a 2F2B     		cmp	r3, #47
 158 008c 17D9     		bls	.L12
 159              		.loc 1 111 0 is_stmt 0 discriminator 1
 160 008e 97F82230 		ldrb	r3, [r7, #34]	@ zero_extendqisi2
 161 0092 392B     		cmp	r3, #57
 162 0094 13D8     		bhi	.L12
 112:../Dave/Generated/src/ETH004/01_lwIP_Stack/src/core/ipv4/inet.c ****         val = (val * base) + (int)(c - '0');
 163              		.loc 1 112 0 is_stmt 1
 164 0096 97F82330 		ldrb	r3, [r7, #35]	@ zero_extendqisi2
 165 009a 7A6A     		ldr	r2, [r7, #36]
 166 009c 02FB03F2 		mul	r2, r2, r3
 167 00a0 97F82230 		ldrb	r3, [r7, #34]	@ zero_extendqisi2
 168 00a4 D318     		adds	r3, r2, r3
 169 00a6 A3F13003 		sub	r3, r3, #48
 170 00aa 7B62     		str	r3, [r7, #36]
 113:../Dave/Generated/src/ETH004/01_lwIP_Stack/src/core/ipv4/inet.c ****         c = *++cp;
 171              		.loc 1 113 0
 172 00ac 7B68     		ldr	r3, [r7, #4]
 173 00ae 03F10103 		add	r3, r3, #1
 174 00b2 7B60     		str	r3, [r7, #4]
 175 00b4 7B68     		ldr	r3, [r7, #4]
 176 00b6 1B78     		ldrb	r3, [r3, #0]
 177 00b8 87F82230 		strb	r3, [r7, #34]
 114:../Dave/Generated/src/ETH004/01_lwIP_Stack/src/core/ipv4/inet.c ****       } else if (base == 16 && isxdigit(c)) {
 115:../Dave/Generated/src/ETH004/01_lwIP_Stack/src/core/ipv4/inet.c ****         val = (val << 4) | (int)(c + 10 - (islower(c) ? 'a' : 'A'));
 116:../Dave/Generated/src/ETH004/01_lwIP_Stack/src/core/ipv4/inet.c ****         c = *++cp;
 117:../Dave/Generated/src/ETH004/01_lwIP_Stack/src/core/ipv4/inet.c ****       } else
 118:../Dave/Generated/src/ETH004/01_lwIP_Stack/src/core/ipv4/inet.c ****         break;
 119:../Dave/Generated/src/ETH004/01_lwIP_Stack/src/core/ipv4/inet.c ****     }
 178              		.loc 1 119 0
 179 00bc E3E7     		b	.L9
 180              	.L12:
 114:../Dave/Generated/src/ETH004/01_lwIP_Stack/src/core/ipv4/inet.c ****       } else if (base == 16 && isxdigit(c)) {
 181              		.loc 1 114 0
 182 00be 97F82330 		ldrb	r3, [r7, #35]	@ zero_extendqisi2
 183 00c2 102B     		cmp	r3, #16
 184 00c4 37D1     		bne	.L14
 114:../Dave/Generated/src/ETH004/01_lwIP_Stack/src/core/ipv4/inet.c ****       } else if (base == 16 && isxdigit(c)) {
 185              		.loc 1 114 0 is_stmt 0 discriminator 1
 186 00c6 97F82230 		ldrb	r3, [r7, #34]	@ zero_extendqisi2
 187 00ca 2F2B     		cmp	r3, #47
 188 00cc 03D9     		bls	.L15
 189 00ce 97F82230 		ldrb	r3, [r7, #34]	@ zero_extendqisi2
 190 00d2 392B     		cmp	r3, #57
 191 00d4 0FD9     		bls	.L16
 192              	.L15:
 114:../Dave/Generated/src/ETH004/01_lwIP_Stack/src/core/ipv4/inet.c ****       } else if (base == 16 && isxdigit(c)) {
 193              		.loc 1 114 0 discriminator 2
 194 00d6 97F82230 		ldrb	r3, [r7, #34]	@ zero_extendqisi2
 195 00da 602B     		cmp	r3, #96
 196 00dc 03D9     		bls	.L17
 114:../Dave/Generated/src/ETH004/01_lwIP_Stack/src/core/ipv4/inet.c ****       } else if (base == 16 && isxdigit(c)) {
 197              		.loc 1 114 0 discriminator 1
 198 00de 97F82230 		ldrb	r3, [r7, #34]	@ zero_extendqisi2
 199 00e2 662B     		cmp	r3, #102
 200 00e4 07D9     		bls	.L16
 201              	.L17:
 114:../Dave/Generated/src/ETH004/01_lwIP_Stack/src/core/ipv4/inet.c ****       } else if (base == 16 && isxdigit(c)) {
 202              		.loc 1 114 0 discriminator 2
 203 00e6 97F82230 		ldrb	r3, [r7, #34]	@ zero_extendqisi2
 204 00ea 402B     		cmp	r3, #64
 205 00ec 23D9     		bls	.L14
 114:../Dave/Generated/src/ETH004/01_lwIP_Stack/src/core/ipv4/inet.c ****       } else if (base == 16 && isxdigit(c)) {
 206              		.loc 1 114 0 discriminator 3
 207 00ee 97F82230 		ldrb	r3, [r7, #34]	@ zero_extendqisi2
 208 00f2 462B     		cmp	r3, #70
 209 00f4 1FD8     		bhi	.L14
 210              	.L16:
 115:../Dave/Generated/src/ETH004/01_lwIP_Stack/src/core/ipv4/inet.c ****         val = (val << 4) | (int)(c + 10 - (islower(c) ? 'a' : 'A'));
 211              		.loc 1 115 0 is_stmt 1
 212 00f6 7B6A     		ldr	r3, [r7, #36]
 213 00f8 4FEA0312 		lsl	r2, r3, #4
 214 00fc 97F82230 		ldrb	r3, [r7, #34]	@ zero_extendqisi2
 215 0100 03F10A01 		add	r1, r3, #10
 216 0104 97F82230 		ldrb	r3, [r7, #34]	@ zero_extendqisi2
 217 0108 602B     		cmp	r3, #96
 218 010a 06D9     		bls	.L18
 115:../Dave/Generated/src/ETH004/01_lwIP_Stack/src/core/ipv4/inet.c ****         val = (val << 4) | (int)(c + 10 - (islower(c) ? 'a' : 'A'));
 219              		.loc 1 115 0 is_stmt 0 discriminator 1
 220 010c 97F82230 		ldrb	r3, [r7, #34]	@ zero_extendqisi2
 221 0110 7A2B     		cmp	r3, #122
 222 0112 02D8     		bhi	.L18
 223 0114 4FF06103 		mov	r3, #97
 224 0118 01E0     		b	.L19
 225              	.L18:
 115:../Dave/Generated/src/ETH004/01_lwIP_Stack/src/core/ipv4/inet.c ****         val = (val << 4) | (int)(c + 10 - (islower(c) ? 'a' : 'A'));
 226              		.loc 1 115 0 discriminator 2
 227 011a 4FF04103 		mov	r3, #65
 228              	.L19:
 115:../Dave/Generated/src/ETH004/01_lwIP_Stack/src/core/ipv4/inet.c ****         val = (val << 4) | (int)(c + 10 - (islower(c) ? 'a' : 'A'));
 229              		.loc 1 115 0 discriminator 3
 230 011e CB1A     		subs	r3, r1, r3
 231 0120 1343     		orrs	r3, r3, r2
 232 0122 7B62     		str	r3, [r7, #36]
 116:../Dave/Generated/src/ETH004/01_lwIP_Stack/src/core/ipv4/inet.c ****         c = *++cp;
 233              		.loc 1 116 0 is_stmt 1 discriminator 3
 234 0124 7B68     		ldr	r3, [r7, #4]
 235 0126 03F10103 		add	r3, r3, #1
 236 012a 7B60     		str	r3, [r7, #4]
 237 012c 7B68     		ldr	r3, [r7, #4]
 238 012e 1B78     		ldrb	r3, [r3, #0]
 239 0130 87F82230 		strb	r3, [r7, #34]
 240              		.loc 1 119 0 discriminator 3
 241 0134 A7E7     		b	.L9
 242              	.L14:
 120:../Dave/Generated/src/ETH004/01_lwIP_Stack/src/core/ipv4/inet.c ****     if (c == '.') {
 243              		.loc 1 120 0
 244 0136 97F82230 		ldrb	r3, [r7, #34]	@ zero_extendqisi2
 245 013a 2E2B     		cmp	r3, #46
 246 013c 19D1     		bne	.L37
 121:../Dave/Generated/src/ETH004/01_lwIP_Stack/src/core/ipv4/inet.c ****       /*
 122:../Dave/Generated/src/ETH004/01_lwIP_Stack/src/core/ipv4/inet.c ****        * Internet format:
 123:../Dave/Generated/src/ETH004/01_lwIP_Stack/src/core/ipv4/inet.c ****        *  a.b.c.d
 124:../Dave/Generated/src/ETH004/01_lwIP_Stack/src/core/ipv4/inet.c ****        *  a.b.c   (with c treated as 16 bits)
 125:../Dave/Generated/src/ETH004/01_lwIP_Stack/src/core/ipv4/inet.c ****        *  a.b (with b treated as 24 bits)
 126:../Dave/Generated/src/ETH004/01_lwIP_Stack/src/core/ipv4/inet.c ****        */
 127:../Dave/Generated/src/ETH004/01_lwIP_Stack/src/core/ipv4/inet.c ****       if (pp >= parts + 3)
 247              		.loc 1 127 0
 248 013e 07F10C03 		add	r3, r7, #12
 249 0142 03F10C03 		add	r3, r3, #12
 250 0146 FA69     		ldr	r2, [r7, #28]
 251 0148 9A42     		cmp	r2, r3
 252 014a 02D3     		bcc	.L21
 128:../Dave/Generated/src/ETH004/01_lwIP_Stack/src/core/ipv4/inet.c ****         return (0);
 253              		.loc 1 128 0
 254 014c 4FF00003 		mov	r3, #0
 255 0150 8BE0     		b	.L35
 256              	.L21:
 129:../Dave/Generated/src/ETH004/01_lwIP_Stack/src/core/ipv4/inet.c ****       *pp++ = val;
 257              		.loc 1 129 0
 258 0152 FB69     		ldr	r3, [r7, #28]
 259 0154 7A6A     		ldr	r2, [r7, #36]
 260 0156 1A60     		str	r2, [r3, #0]
 261 0158 FB69     		ldr	r3, [r7, #28]
 262 015a 03F10403 		add	r3, r3, #4
 263 015e FB61     		str	r3, [r7, #28]
 130:../Dave/Generated/src/ETH004/01_lwIP_Stack/src/core/ipv4/inet.c ****       c = *++cp;
 264              		.loc 1 130 0
 265 0160 7B68     		ldr	r3, [r7, #4]
 266 0162 03F10103 		add	r3, r3, #1
 267 0166 7B60     		str	r3, [r7, #4]
 268 0168 7B68     		ldr	r3, [r7, #4]
 269 016a 1B78     		ldrb	r3, [r3, #0]
 270 016c 87F82230 		strb	r3, [r7, #34]
 131:../Dave/Generated/src/ETH004/01_lwIP_Stack/src/core/ipv4/inet.c ****     } else
 132:../Dave/Generated/src/ETH004/01_lwIP_Stack/src/core/ipv4/inet.c ****       break;
 133:../Dave/Generated/src/ETH004/01_lwIP_Stack/src/core/ipv4/inet.c ****   }
 271              		.loc 1 133 0
 272 0170 52E7     		b	.L22
 273              	.L37:
 132:../Dave/Generated/src/ETH004/01_lwIP_Stack/src/core/ipv4/inet.c ****       break;
 274              		.loc 1 132 0
 275 0172 00BF     		nop
 276              	.L36:
 134:../Dave/Generated/src/ETH004/01_lwIP_Stack/src/core/ipv4/inet.c ****   /*
 135:../Dave/Generated/src/ETH004/01_lwIP_Stack/src/core/ipv4/inet.c ****    * Check for trailing characters.
 136:../Dave/Generated/src/ETH004/01_lwIP_Stack/src/core/ipv4/inet.c ****    */
 137:../Dave/Generated/src/ETH004/01_lwIP_Stack/src/core/ipv4/inet.c ****   if (c != '\0' && !isspace(c))
 277              		.loc 1 137 0
 278 0174 97F82230 		ldrb	r3, [r7, #34]	@ zero_extendqisi2
 279 0178 002B     		cmp	r3, #0
 280 017a 1AD0     		beq	.L23
 281              		.loc 1 137 0 is_stmt 0 discriminator 1
 282 017c 97F82230 		ldrb	r3, [r7, #34]	@ zero_extendqisi2
 283 0180 202B     		cmp	r3, #32
 284 0182 16D0     		beq	.L23
 285 0184 97F82230 		ldrb	r3, [r7, #34]	@ zero_extendqisi2
 286 0188 0C2B     		cmp	r3, #12
 287 018a 12D0     		beq	.L23
 288 018c 97F82230 		ldrb	r3, [r7, #34]	@ zero_extendqisi2
 289 0190 0A2B     		cmp	r3, #10
 290 0192 0ED0     		beq	.L23
 291              		.loc 1 137 0 discriminator 2
 292 0194 97F82230 		ldrb	r3, [r7, #34]	@ zero_extendqisi2
 293 0198 0D2B     		cmp	r3, #13
 294 019a 0AD0     		beq	.L23
 295              		.loc 1 137 0 discriminator 3
 296 019c 97F82230 		ldrb	r3, [r7, #34]	@ zero_extendqisi2
 297 01a0 092B     		cmp	r3, #9
 298 01a2 06D0     		beq	.L23
 299              		.loc 1 137 0 discriminator 4
 300 01a4 97F82230 		ldrb	r3, [r7, #34]	@ zero_extendqisi2
 301 01a8 0B2B     		cmp	r3, #11
 302 01aa 02D0     		beq	.L23
 138:../Dave/Generated/src/ETH004/01_lwIP_Stack/src/core/ipv4/inet.c ****     return (0);
 303              		.loc 1 138 0 is_stmt 1
 304 01ac 4FF00003 		mov	r3, #0
 305 01b0 5BE0     		b	.L35
 306              	.L23:
 139:../Dave/Generated/src/ETH004/01_lwIP_Stack/src/core/ipv4/inet.c ****   /*
 140:../Dave/Generated/src/ETH004/01_lwIP_Stack/src/core/ipv4/inet.c ****    * Concoct the address according to
 141:../Dave/Generated/src/ETH004/01_lwIP_Stack/src/core/ipv4/inet.c ****    * the number of parts specified.
 142:../Dave/Generated/src/ETH004/01_lwIP_Stack/src/core/ipv4/inet.c ****    */
 143:../Dave/Generated/src/ETH004/01_lwIP_Stack/src/core/ipv4/inet.c ****   switch (pp - parts + 1) {
 307              		.loc 1 143 0
 308 01b2 FA69     		ldr	r2, [r7, #28]
 309 01b4 07F10C03 		add	r3, r7, #12
 310 01b8 D31A     		subs	r3, r2, r3
 311 01ba 4FEAA303 		asr	r3, r3, #2
 312 01be 03F10103 		add	r3, r3, #1
 313 01c2 042B     		cmp	r3, #4
 314 01c4 46D8     		bhi	.L24
 315 01c6 01A2     		adr	r2, .L30
 316 01c8 52F823F0 		ldr	pc, [r2, r3, lsl #2]
 317              		.align	2
 318              	.L30:
 319 01cc E1010000 		.word	.L25+1
 320 01d0 55020000 		.word	.L24+1
 321 01d4 E7010000 		.word	.L27+1
 322 01d8 05020000 		.word	.L28+1
 323 01dc 2B020000 		.word	.L29+1
 324              	.L25:
 144:../Dave/Generated/src/ETH004/01_lwIP_Stack/src/core/ipv4/inet.c **** 
 145:../Dave/Generated/src/ETH004/01_lwIP_Stack/src/core/ipv4/inet.c ****   case 0:
 146:../Dave/Generated/src/ETH004/01_lwIP_Stack/src/core/ipv4/inet.c ****     return (0);       /* initial nondigit */
 325              		.loc 1 146 0
 326 01e0 4FF00003 		mov	r3, #0
 327 01e4 41E0     		b	.L35
 328              	.L27:
 147:../Dave/Generated/src/ETH004/01_lwIP_Stack/src/core/ipv4/inet.c **** 
 148:../Dave/Generated/src/ETH004/01_lwIP_Stack/src/core/ipv4/inet.c ****   case 1:             /* a -- 32 bits */
 149:../Dave/Generated/src/ETH004/01_lwIP_Stack/src/core/ipv4/inet.c ****     break;
 150:../Dave/Generated/src/ETH004/01_lwIP_Stack/src/core/ipv4/inet.c **** 
 151:../Dave/Generated/src/ETH004/01_lwIP_Stack/src/core/ipv4/inet.c ****   case 2:             /* a.b -- 8.24 bits */
 152:../Dave/Generated/src/ETH004/01_lwIP_Stack/src/core/ipv4/inet.c ****     if (val > 0xffffffUL)
 329              		.loc 1 152 0
 330 01e6 7A6A     		ldr	r2, [r7, #36]
 331 01e8 6FF07F43 		mvn	r3, #-16777216
 332 01ec 9A42     		cmp	r2, r3
 333 01ee 02D9     		bls	.L31
 153:../Dave/Generated/src/ETH004/01_lwIP_Stack/src/core/ipv4/inet.c ****       return (0);
 334              		.loc 1 153 0
 335 01f0 4FF00003 		mov	r3, #0
 336 01f4 39E0     		b	.L35
 337              	.L31:
 154:../Dave/Generated/src/ETH004/01_lwIP_Stack/src/core/ipv4/inet.c ****     val |= parts[0] << 24;
 338              		.loc 1 154 0
 339 01f6 FB68     		ldr	r3, [r7, #12]
 340 01f8 4FEA0363 		lsl	r3, r3, #24
 341 01fc 7A6A     		ldr	r2, [r7, #36]
 342 01fe 1343     		orrs	r3, r3, r2
 343 0200 7B62     		str	r3, [r7, #36]
 155:../Dave/Generated/src/ETH004/01_lwIP_Stack/src/core/ipv4/inet.c ****     break;
 344              		.loc 1 155 0
 345 0202 27E0     		b	.L24
 346              	.L28:
 156:../Dave/Generated/src/ETH004/01_lwIP_Stack/src/core/ipv4/inet.c **** 
 157:../Dave/Generated/src/ETH004/01_lwIP_Stack/src/core/ipv4/inet.c ****   case 3:             /* a.b.c -- 8.8.16 bits */
 158:../Dave/Generated/src/ETH004/01_lwIP_Stack/src/core/ipv4/inet.c ****     if (val > 0xffff)
 347              		.loc 1 158 0
 348 0204 7A6A     		ldr	r2, [r7, #36]
 349 0206 4FF6FF73 		movw	r3, #65535
 350 020a 9A42     		cmp	r2, r3
 351 020c 02D9     		bls	.L32
 159:../Dave/Generated/src/ETH004/01_lwIP_Stack/src/core/ipv4/inet.c ****       return (0);
 352              		.loc 1 159 0
 353 020e 4FF00003 		mov	r3, #0
 354 0212 2AE0     		b	.L35
 355              	.L32:
 160:../Dave/Generated/src/ETH004/01_lwIP_Stack/src/core/ipv4/inet.c ****     val |= (parts[0] << 24) | (parts[1] << 16);
 356              		.loc 1 160 0
 357 0214 FB68     		ldr	r3, [r7, #12]
 358 0216 4FEA0362 		lsl	r2, r3, #24
 359 021a 3B69     		ldr	r3, [r7, #16]
 360 021c 4FEA0343 		lsl	r3, r3, #16
 361 0220 1343     		orrs	r3, r3, r2
 362 0222 7A6A     		ldr	r2, [r7, #36]
 363 0224 1343     		orrs	r3, r3, r2
 364 0226 7B62     		str	r3, [r7, #36]
 161:../Dave/Generated/src/ETH004/01_lwIP_Stack/src/core/ipv4/inet.c ****     break;
 365              		.loc 1 161 0
 366 0228 14E0     		b	.L24
 367              	.L29:
 162:../Dave/Generated/src/ETH004/01_lwIP_Stack/src/core/ipv4/inet.c **** 
 163:../Dave/Generated/src/ETH004/01_lwIP_Stack/src/core/ipv4/inet.c ****   case 4:             /* a.b.c.d -- 8.8.8.8 bits */
 164:../Dave/Generated/src/ETH004/01_lwIP_Stack/src/core/ipv4/inet.c ****     if (val > 0xff)
 368              		.loc 1 164 0
 369 022a 7B6A     		ldr	r3, [r7, #36]
 370 022c FF2B     		cmp	r3, #255
 371 022e 02D9     		bls	.L33
 165:../Dave/Generated/src/ETH004/01_lwIP_Stack/src/core/ipv4/inet.c ****       return (0);
 372              		.loc 1 165 0
 373 0230 4FF00003 		mov	r3, #0
 374 0234 19E0     		b	.L35
 375              	.L33:
 166:../Dave/Generated/src/ETH004/01_lwIP_Stack/src/core/ipv4/inet.c ****     val |= (parts[0] << 24) | (parts[1] << 16) | (parts[2] << 8);
 376              		.loc 1 166 0
 377 0236 FB68     		ldr	r3, [r7, #12]
 378 0238 4FEA0362 		lsl	r2, r3, #24
 379 023c 3B69     		ldr	r3, [r7, #16]
 380 023e 4FEA0343 		lsl	r3, r3, #16
 381 0242 1A43     		orrs	r2, r2, r3
 382 0244 7B69     		ldr	r3, [r7, #20]
 383 0246 4FEA0323 		lsl	r3, r3, #8
 384 024a 1343     		orrs	r3, r3, r2
 385 024c 7A6A     		ldr	r2, [r7, #36]
 386 024e 1343     		orrs	r3, r3, r2
 387 0250 7B62     		str	r3, [r7, #36]
 167:../Dave/Generated/src/ETH004/01_lwIP_Stack/src/core/ipv4/inet.c ****     break;
 388              		.loc 1 167 0
 389 0252 00BF     		nop
 390              	.L24:
 168:../Dave/Generated/src/ETH004/01_lwIP_Stack/src/core/ipv4/inet.c ****   }
 169:../Dave/Generated/src/ETH004/01_lwIP_Stack/src/core/ipv4/inet.c ****   if (addr)
 391              		.loc 1 169 0
 392 0254 3B68     		ldr	r3, [r7, #0]
 393 0256 002B     		cmp	r3, #0
 394 0258 05D0     		beq	.L34
 170:../Dave/Generated/src/ETH004/01_lwIP_Stack/src/core/ipv4/inet.c ****     addr->s_addr = htonl(val);
 395              		.loc 1 170 0
 396 025a 786A     		ldr	r0, [r7, #36]
 397 025c FFF7FEFF 		bl	htonl
 398 0260 0246     		mov	r2, r0
 399 0262 3B68     		ldr	r3, [r7, #0]
 400 0264 1A60     		str	r2, [r3, #0]
 401              	.L34:
 171:../Dave/Generated/src/ETH004/01_lwIP_Stack/src/core/ipv4/inet.c ****   return (1);
 402              		.loc 1 171 0
 403 0266 4FF00103 		mov	r3, #1
 404              	.L35:
 172:../Dave/Generated/src/ETH004/01_lwIP_Stack/src/core/ipv4/inet.c **** }
 405              		.loc 1 172 0
 406 026a 1846     		mov	r0, r3
 407 026c 07F12807 		add	r7, r7, #40
 408 0270 BD46     		mov	sp, r7
 409 0272 80BD     		pop	{r7, pc}
 410              		.cfi_endproc
 411              	.LFE1:
 413              		.section	.text.inet_ntoa,"ax",%progbits
 414              		.align	2
 415              		.global	inet_ntoa
 416              		.thumb
 417              		.thumb_func
 419              	inet_ntoa:
 420              	.LFB2:
 173:../Dave/Generated/src/ETH004/01_lwIP_Stack/src/core/ipv4/inet.c **** 
 174:../Dave/Generated/src/ETH004/01_lwIP_Stack/src/core/ipv4/inet.c **** /**
 175:../Dave/Generated/src/ETH004/01_lwIP_Stack/src/core/ipv4/inet.c ****  * Convert numeric IP address into decimal dotted ASCII representation.
 176:../Dave/Generated/src/ETH004/01_lwIP_Stack/src/core/ipv4/inet.c ****  * returns ptr to static buffer; not reentrant!
 177:../Dave/Generated/src/ETH004/01_lwIP_Stack/src/core/ipv4/inet.c ****  *
 178:../Dave/Generated/src/ETH004/01_lwIP_Stack/src/core/ipv4/inet.c ****  * @param addr ip address in network order to convert
 179:../Dave/Generated/src/ETH004/01_lwIP_Stack/src/core/ipv4/inet.c ****  * @return pointer to a global static (!) buffer that holds the ASCII
 180:../Dave/Generated/src/ETH004/01_lwIP_Stack/src/core/ipv4/inet.c ****  *         represenation of addr
 181:../Dave/Generated/src/ETH004/01_lwIP_Stack/src/core/ipv4/inet.c ****  */
 182:../Dave/Generated/src/ETH004/01_lwIP_Stack/src/core/ipv4/inet.c **** char *
 183:../Dave/Generated/src/ETH004/01_lwIP_Stack/src/core/ipv4/inet.c **** inet_ntoa(struct in_addr addr)
 184:../Dave/Generated/src/ETH004/01_lwIP_Stack/src/core/ipv4/inet.c **** {
 421              		.loc 1 184 0
 422              		.cfi_startproc
 423              		@ args = 0, pretend = 0, frame = 32
 424              		@ frame_needed = 1, uses_anonymous_args = 0
 425              		@ link register save eliminated.
 426 0000 80B4     		push	{r7}
 427              	.LCFI6:
 428              		.cfi_def_cfa_offset 4
 429              		.cfi_offset 7, -4
 430 0002 89B0     		sub	sp, sp, #36
 431              	.LCFI7:
 432              		.cfi_def_cfa_offset 40
 433 0004 00AF     		add	r7, sp, #0
 434              	.LCFI8:
 435              		.cfi_def_cfa_register 7
 436 0006 7860     		str	r0, [r7, #4]
 185:../Dave/Generated/src/ETH004/01_lwIP_Stack/src/core/ipv4/inet.c ****   static char str[16];
 186:../Dave/Generated/src/ETH004/01_lwIP_Stack/src/core/ipv4/inet.c ****   u32_t s_addr = addr.s_addr;
 437              		.loc 1 186 0
 438 0008 7B68     		ldr	r3, [r7, #4]
 439 000a 3B61     		str	r3, [r7, #16]
 187:../Dave/Generated/src/ETH004/01_lwIP_Stack/src/core/ipv4/inet.c ****   char inv[3];
 188:../Dave/Generated/src/ETH004/01_lwIP_Stack/src/core/ipv4/inet.c ****   char *rp;
 189:../Dave/Generated/src/ETH004/01_lwIP_Stack/src/core/ipv4/inet.c ****   u8_t *ap;
 190:../Dave/Generated/src/ETH004/01_lwIP_Stack/src/core/ipv4/inet.c ****   u8_t rem;
 191:../Dave/Generated/src/ETH004/01_lwIP_Stack/src/core/ipv4/inet.c ****   u8_t n;
 192:../Dave/Generated/src/ETH004/01_lwIP_Stack/src/core/ipv4/inet.c ****   u8_t i;
 193:../Dave/Generated/src/ETH004/01_lwIP_Stack/src/core/ipv4/inet.c **** 
 194:../Dave/Generated/src/ETH004/01_lwIP_Stack/src/core/ipv4/inet.c ****   rp = str;
 440              		.loc 1 194 0
 441 000c 40F20003 		movw	r3, #:lower16:str.4105
 442 0010 C0F20003 		movt	r3, #:upper16:str.4105
 443 0014 FB61     		str	r3, [r7, #28]
 195:../Dave/Generated/src/ETH004/01_lwIP_Stack/src/core/ipv4/inet.c ****   ap = (u8_t *)&s_addr;
 444              		.loc 1 195 0
 445 0016 07F11003 		add	r3, r7, #16
 446 001a BB61     		str	r3, [r7, #24]
 196:../Dave/Generated/src/ETH004/01_lwIP_Stack/src/core/ipv4/inet.c ****   for(n = 0; n < 4; n++) {
 447              		.loc 1 196 0
 448 001c 4FF00003 		mov	r3, #0
 449 0020 FB75     		strb	r3, [r7, #23]
 450 0022 5CE0     		b	.L39
 451              	.L43:
 197:../Dave/Generated/src/ETH004/01_lwIP_Stack/src/core/ipv4/inet.c ****     i = 0;
 452              		.loc 1 197 0
 453 0024 4FF00003 		mov	r3, #0
 454 0028 BB75     		strb	r3, [r7, #22]
 455              	.L40:
 198:../Dave/Generated/src/ETH004/01_lwIP_Stack/src/core/ipv4/inet.c ****     do {
 199:../Dave/Generated/src/ETH004/01_lwIP_Stack/src/core/ipv4/inet.c ****       rem = *ap % (u8_t)10;
 456              		.loc 1 199 0 discriminator 1
 457 002a BB69     		ldr	r3, [r7, #24]
 458 002c 1A78     		ldrb	r2, [r3, #0]	@ zero_extendqisi2
 459 002e 4CF6CD43 		movw	r3, #52429
 460 0032 CCF6CC43 		movt	r3, 52428
 461 0036 A3FB0213 		umull	r1, r3, r3, r2
 462 003a 4FEAD301 		lsr	r1, r3, #3
 463 003e 0B46     		mov	r3, r1
 464 0040 4FEA8303 		lsl	r3, r3, #2
 465 0044 5B18     		adds	r3, r3, r1
 466 0046 4FEA4303 		lsl	r3, r3, #1
 467 004a D31A     		subs	r3, r2, r3
 468 004c 7B75     		strb	r3, [r7, #21]
 200:../Dave/Generated/src/ETH004/01_lwIP_Stack/src/core/ipv4/inet.c ****       *ap /= (u8_t)10;
 469              		.loc 1 200 0 discriminator 1
 470 004e BB69     		ldr	r3, [r7, #24]
 471 0050 1A78     		ldrb	r2, [r3, #0]	@ zero_extendqisi2
 472 0052 4CF6CD43 		movw	r3, #52429
 473 0056 CCF6CC43 		movt	r3, 52428
 474 005a A3FB0213 		umull	r1, r3, r3, r2
 475 005e 4FEAD303 		lsr	r3, r3, #3
 476 0062 DAB2     		uxtb	r2, r3
 477 0064 BB69     		ldr	r3, [r7, #24]
 478 0066 1A70     		strb	r2, [r3, #0]
 201:../Dave/Generated/src/ETH004/01_lwIP_Stack/src/core/ipv4/inet.c ****       inv[i++] = '0' + rem;
 479              		.loc 1 201 0 discriminator 1
 480 0068 BB7D     		ldrb	r3, [r7, #22]	@ zero_extendqisi2
 481 006a 7A7D     		ldrb	r2, [r7, #21]
 482 006c 02F13002 		add	r2, r2, #48
 483 0070 D2B2     		uxtb	r2, r2
 484 0072 07F12001 		add	r1, r7, #32
 485 0076 CB18     		adds	r3, r1, r3
 486 0078 03F8142C 		strb	r2, [r3, #-20]
 487 007c BB7D     		ldrb	r3, [r7, #22]
 488 007e 03F10103 		add	r3, r3, #1
 489 0082 BB75     		strb	r3, [r7, #22]
 202:../Dave/Generated/src/ETH004/01_lwIP_Stack/src/core/ipv4/inet.c ****     } while(*ap);
 490              		.loc 1 202 0 discriminator 1
 491 0084 BB69     		ldr	r3, [r7, #24]
 492 0086 1B78     		ldrb	r3, [r3, #0]	@ zero_extendqisi2
 493 0088 002B     		cmp	r3, #0
 494 008a CED1     		bne	.L40
 203:../Dave/Generated/src/ETH004/01_lwIP_Stack/src/core/ipv4/inet.c ****     while(i--)
 495              		.loc 1 203 0
 496 008c 0BE0     		b	.L41
 497              	.L42:
 204:../Dave/Generated/src/ETH004/01_lwIP_Stack/src/core/ipv4/inet.c ****       *rp++ = inv[i];
 498              		.loc 1 204 0
 499 008e BB7D     		ldrb	r3, [r7, #22]	@ zero_extendqisi2
 500 0090 07F12002 		add	r2, r7, #32
 501 0094 D318     		adds	r3, r2, r3
 502 0096 13F8142C 		ldrb	r2, [r3, #-20]	@ zero_extendqisi2
 503 009a FB69     		ldr	r3, [r7, #28]
 504 009c 1A70     		strb	r2, [r3, #0]
 505 009e FB69     		ldr	r3, [r7, #28]
 506 00a0 03F10103 		add	r3, r3, #1
 507 00a4 FB61     		str	r3, [r7, #28]
 508              	.L41:
 203:../Dave/Generated/src/ETH004/01_lwIP_Stack/src/core/ipv4/inet.c ****     while(i--)
 509              		.loc 1 203 0 discriminator 1
 510 00a6 BB7D     		ldrb	r3, [r7, #22]	@ zero_extendqisi2
 511 00a8 002B     		cmp	r3, #0
 512 00aa 0CBF     		ite	eq
 513 00ac 0023     		moveq	r3, #0
 514 00ae 0123     		movne	r3, #1
 515 00b0 DBB2     		uxtb	r3, r3
 516 00b2 BA7D     		ldrb	r2, [r7, #22]
 517 00b4 02F1FF32 		add	r2, r2, #-1
 518 00b8 BA75     		strb	r2, [r7, #22]
 519 00ba 002B     		cmp	r3, #0
 520 00bc E7D1     		bne	.L42
 205:../Dave/Generated/src/ETH004/01_lwIP_Stack/src/core/ipv4/inet.c ****     *rp++ = '.';
 521              		.loc 1 205 0
 522 00be FB69     		ldr	r3, [r7, #28]
 523 00c0 4FF02E02 		mov	r2, #46
 524 00c4 1A70     		strb	r2, [r3, #0]
 525 00c6 FB69     		ldr	r3, [r7, #28]
 526 00c8 03F10103 		add	r3, r3, #1
 527 00cc FB61     		str	r3, [r7, #28]
 206:../Dave/Generated/src/ETH004/01_lwIP_Stack/src/core/ipv4/inet.c ****     ap++;
 528              		.loc 1 206 0
 529 00ce BB69     		ldr	r3, [r7, #24]
 530 00d0 03F10103 		add	r3, r3, #1
 531 00d4 BB61     		str	r3, [r7, #24]
 196:../Dave/Generated/src/ETH004/01_lwIP_Stack/src/core/ipv4/inet.c ****   for(n = 0; n < 4; n++) {
 532              		.loc 1 196 0
 533 00d6 FB7D     		ldrb	r3, [r7, #23]
 534 00d8 03F10103 		add	r3, r3, #1
 535 00dc FB75     		strb	r3, [r7, #23]
 536              	.L39:
 196:../Dave/Generated/src/ETH004/01_lwIP_Stack/src/core/ipv4/inet.c ****   for(n = 0; n < 4; n++) {
 537              		.loc 1 196 0 is_stmt 0 discriminator 1
 538 00de FB7D     		ldrb	r3, [r7, #23]	@ zero_extendqisi2
 539 00e0 032B     		cmp	r3, #3
 540 00e2 9FD9     		bls	.L43
 207:../Dave/Generated/src/ETH004/01_lwIP_Stack/src/core/ipv4/inet.c ****   }
 208:../Dave/Generated/src/ETH004/01_lwIP_Stack/src/core/ipv4/inet.c ****   *--rp = 0;
 541              		.loc 1 208 0 is_stmt 1
 542 00e4 FB69     		ldr	r3, [r7, #28]
 543 00e6 03F1FF33 		add	r3, r3, #-1
 544 00ea FB61     		str	r3, [r7, #28]
 545 00ec FB69     		ldr	r3, [r7, #28]
 546 00ee 4FF00002 		mov	r2, #0
 547 00f2 1A70     		strb	r2, [r3, #0]
 209:../Dave/Generated/src/ETH004/01_lwIP_Stack/src/core/ipv4/inet.c ****   return str;
 548              		.loc 1 209 0
 549 00f4 40F20003 		movw	r3, #:lower16:str.4105
 550 00f8 C0F20003 		movt	r3, #:upper16:str.4105
 210:../Dave/Generated/src/ETH004/01_lwIP_Stack/src/core/ipv4/inet.c **** }
 551              		.loc 1 210 0
 552 00fc 1846     		mov	r0, r3
 553 00fe 07F12407 		add	r7, r7, #36
 554 0102 BD46     		mov	sp, r7
 555 0104 80BC     		pop	{r7}
 556 0106 7047     		bx	lr
 557              		.cfi_endproc
 558              	.LFE2:
 560              		.section	.text.htons,"ax",%progbits
 561              		.align	2
 562              		.global	htons
 563              		.thumb
 564              		.thumb_func
 566              	htons:
 567              	.LFB3:
 211:../Dave/Generated/src/ETH004/01_lwIP_Stack/src/core/ipv4/inet.c **** 
 212:../Dave/Generated/src/ETH004/01_lwIP_Stack/src/core/ipv4/inet.c **** /**
 213:../Dave/Generated/src/ETH004/01_lwIP_Stack/src/core/ipv4/inet.c ****  * These are reference implementations of the byte swapping functions.
 214:../Dave/Generated/src/ETH004/01_lwIP_Stack/src/core/ipv4/inet.c ****  * Again with the aim of being simple, correct and fully portable.
 215:../Dave/Generated/src/ETH004/01_lwIP_Stack/src/core/ipv4/inet.c ****  * Byte swapping is the second thing you would want to optimize. You will
 216:../Dave/Generated/src/ETH004/01_lwIP_Stack/src/core/ipv4/inet.c ****  * need to port it to your architecture and in your cc.h:
 217:../Dave/Generated/src/ETH004/01_lwIP_Stack/src/core/ipv4/inet.c ****  * 
 218:../Dave/Generated/src/ETH004/01_lwIP_Stack/src/core/ipv4/inet.c ****  * #define LWIP_PLATFORM_BYTESWAP 1
 219:../Dave/Generated/src/ETH004/01_lwIP_Stack/src/core/ipv4/inet.c ****  * #define LWIP_PLATFORM_HTONS(x) <your_htons>
 220:../Dave/Generated/src/ETH004/01_lwIP_Stack/src/core/ipv4/inet.c ****  * #define LWIP_PLATFORM_HTONL(x) <your_htonl>
 221:../Dave/Generated/src/ETH004/01_lwIP_Stack/src/core/ipv4/inet.c ****  *
 222:../Dave/Generated/src/ETH004/01_lwIP_Stack/src/core/ipv4/inet.c ****  * Note ntohs() and ntohl() are merely references to the htonx counterparts.
 223:../Dave/Generated/src/ETH004/01_lwIP_Stack/src/core/ipv4/inet.c ****  */
 224:../Dave/Generated/src/ETH004/01_lwIP_Stack/src/core/ipv4/inet.c **** 
 225:../Dave/Generated/src/ETH004/01_lwIP_Stack/src/core/ipv4/inet.c **** #if (LWIP_PLATFORM_BYTESWAP == 0) && (BYTE_ORDER == LITTLE_ENDIAN)
 226:../Dave/Generated/src/ETH004/01_lwIP_Stack/src/core/ipv4/inet.c **** 
 227:../Dave/Generated/src/ETH004/01_lwIP_Stack/src/core/ipv4/inet.c **** /**
 228:../Dave/Generated/src/ETH004/01_lwIP_Stack/src/core/ipv4/inet.c ****  * Convert an u16_t from host- to network byte order.
 229:../Dave/Generated/src/ETH004/01_lwIP_Stack/src/core/ipv4/inet.c ****  *
 230:../Dave/Generated/src/ETH004/01_lwIP_Stack/src/core/ipv4/inet.c ****  * @param n u16_t in host byte order
 231:../Dave/Generated/src/ETH004/01_lwIP_Stack/src/core/ipv4/inet.c ****  * @return n in network byte order
 232:../Dave/Generated/src/ETH004/01_lwIP_Stack/src/core/ipv4/inet.c ****  */
 233:../Dave/Generated/src/ETH004/01_lwIP_Stack/src/core/ipv4/inet.c **** u16_t
 234:../Dave/Generated/src/ETH004/01_lwIP_Stack/src/core/ipv4/inet.c **** htons(u16_t n)
 235:../Dave/Generated/src/ETH004/01_lwIP_Stack/src/core/ipv4/inet.c **** {
 568              		.loc 1 235 0
 569              		.cfi_startproc
 570              		@ args = 0, pretend = 0, frame = 8
 571              		@ frame_needed = 1, uses_anonymous_args = 0
 572              		@ link register save eliminated.
 573 0000 80B4     		push	{r7}
 574              	.LCFI9:
 575              		.cfi_def_cfa_offset 4
 576              		.cfi_offset 7, -4
 577 0002 83B0     		sub	sp, sp, #12
 578              	.LCFI10:
 579              		.cfi_def_cfa_offset 16
 580 0004 00AF     		add	r7, sp, #0
 581              	.LCFI11:
 582              		.cfi_def_cfa_register 7
 583 0006 0346     		mov	r3, r0
 584 0008 FB80     		strh	r3, [r7, #6]	@ movhi
 236:../Dave/Generated/src/ETH004/01_lwIP_Stack/src/core/ipv4/inet.c ****   return ((n & 0xff) << 8) | ((n & 0xff00) >> 8);
 585              		.loc 1 236 0
 586 000a FB88     		ldrh	r3, [r7, #6]
 587 000c 4FEA0323 		lsl	r3, r3, #8
 588 0010 9AB2     		uxth	r2, r3
 589 0012 FB88     		ldrh	r3, [r7, #6]
 590 0014 4FEA1323 		lsr	r3, r3, #8
 591 0018 9BB2     		uxth	r3, r3
 592 001a 9BB2     		uxth	r3, r3
 593 001c 1343     		orrs	r3, r3, r2
 594 001e 9BB2     		uxth	r3, r3
 595 0020 9BB2     		uxth	r3, r3
 237:../Dave/Generated/src/ETH004/01_lwIP_Stack/src/core/ipv4/inet.c **** }
 596              		.loc 1 237 0
 597 0022 1846     		mov	r0, r3
 598 0024 07F10C07 		add	r7, r7, #12
 599 0028 BD46     		mov	sp, r7
 600 002a 80BC     		pop	{r7}
 601 002c 7047     		bx	lr
 602              		.cfi_endproc
 603              	.LFE3:
 605 002e 00BF     		.section	.text.ntohs,"ax",%progbits
 606              		.align	2
 607              		.global	ntohs
 608              		.thumb
 609              		.thumb_func
 611              	ntohs:
 612              	.LFB4:
 238:../Dave/Generated/src/ETH004/01_lwIP_Stack/src/core/ipv4/inet.c **** 
 239:../Dave/Generated/src/ETH004/01_lwIP_Stack/src/core/ipv4/inet.c **** /**
 240:../Dave/Generated/src/ETH004/01_lwIP_Stack/src/core/ipv4/inet.c ****  * Convert an u16_t from network- to host byte order.
 241:../Dave/Generated/src/ETH004/01_lwIP_Stack/src/core/ipv4/inet.c ****  *
 242:../Dave/Generated/src/ETH004/01_lwIP_Stack/src/core/ipv4/inet.c ****  * @param n u16_t in network byte order
 243:../Dave/Generated/src/ETH004/01_lwIP_Stack/src/core/ipv4/inet.c ****  * @return n in host byte order
 244:../Dave/Generated/src/ETH004/01_lwIP_Stack/src/core/ipv4/inet.c ****  */
 245:../Dave/Generated/src/ETH004/01_lwIP_Stack/src/core/ipv4/inet.c **** u16_t
 246:../Dave/Generated/src/ETH004/01_lwIP_Stack/src/core/ipv4/inet.c **** ntohs(u16_t n)
 247:../Dave/Generated/src/ETH004/01_lwIP_Stack/src/core/ipv4/inet.c **** {
 613              		.loc 1 247 0
 614              		.cfi_startproc
 615              		@ args = 0, pretend = 0, frame = 8
 616              		@ frame_needed = 1, uses_anonymous_args = 0
 617 0000 80B5     		push	{r7, lr}
 618              	.LCFI12:
 619              		.cfi_def_cfa_offset 8
 620              		.cfi_offset 7, -8
 621              		.cfi_offset 14, -4
 622 0002 82B0     		sub	sp, sp, #8
 623              	.LCFI13:
 624              		.cfi_def_cfa_offset 16
 625 0004 00AF     		add	r7, sp, #0
 626              	.LCFI14:
 627              		.cfi_def_cfa_register 7
 628 0006 0346     		mov	r3, r0
 629 0008 FB80     		strh	r3, [r7, #6]	@ movhi
 248:../Dave/Generated/src/ETH004/01_lwIP_Stack/src/core/ipv4/inet.c ****   return htons(n);
 630              		.loc 1 248 0
 631 000a FB88     		ldrh	r3, [r7, #6]
 632 000c 1846     		mov	r0, r3
 633 000e FFF7FEFF 		bl	htons
 634 0012 0346     		mov	r3, r0
 249:../Dave/Generated/src/ETH004/01_lwIP_Stack/src/core/ipv4/inet.c **** }
 635              		.loc 1 249 0
 636 0014 1846     		mov	r0, r3
 637 0016 07F10807 		add	r7, r7, #8
 638 001a BD46     		mov	sp, r7
 639 001c 80BD     		pop	{r7, pc}
 640              		.cfi_endproc
 641              	.LFE4:
 643 001e 00BF     		.section	.text.htonl,"ax",%progbits
 644              		.align	2
 645              		.global	htonl
 646              		.thumb
 647              		.thumb_func
 649              	htonl:
 650              	.LFB5:
 250:../Dave/Generated/src/ETH004/01_lwIP_Stack/src/core/ipv4/inet.c **** 
 251:../Dave/Generated/src/ETH004/01_lwIP_Stack/src/core/ipv4/inet.c **** /**
 252:../Dave/Generated/src/ETH004/01_lwIP_Stack/src/core/ipv4/inet.c ****  * Convert an u32_t from host- to network byte order.
 253:../Dave/Generated/src/ETH004/01_lwIP_Stack/src/core/ipv4/inet.c ****  *
 254:../Dave/Generated/src/ETH004/01_lwIP_Stack/src/core/ipv4/inet.c ****  * @param n u32_t in host byte order
 255:../Dave/Generated/src/ETH004/01_lwIP_Stack/src/core/ipv4/inet.c ****  * @return n in network byte order
 256:../Dave/Generated/src/ETH004/01_lwIP_Stack/src/core/ipv4/inet.c ****  */
 257:../Dave/Generated/src/ETH004/01_lwIP_Stack/src/core/ipv4/inet.c **** u32_t
 258:../Dave/Generated/src/ETH004/01_lwIP_Stack/src/core/ipv4/inet.c **** htonl(u32_t n)
 259:../Dave/Generated/src/ETH004/01_lwIP_Stack/src/core/ipv4/inet.c **** {
 651              		.loc 1 259 0
 652              		.cfi_startproc
 653              		@ args = 0, pretend = 0, frame = 8
 654              		@ frame_needed = 1, uses_anonymous_args = 0
 655              		@ link register save eliminated.
 656 0000 80B4     		push	{r7}
 657              	.LCFI15:
 658              		.cfi_def_cfa_offset 4
 659              		.cfi_offset 7, -4
 660 0002 83B0     		sub	sp, sp, #12
 661              	.LCFI16:
 662              		.cfi_def_cfa_offset 16
 663 0004 00AF     		add	r7, sp, #0
 664              	.LCFI17:
 665              		.cfi_def_cfa_register 7
 666 0006 7860     		str	r0, [r7, #4]
 260:../Dave/Generated/src/ETH004/01_lwIP_Stack/src/core/ipv4/inet.c ****   return ((n & 0xff) << 24) |
 667              		.loc 1 260 0
 668 0008 7B68     		ldr	r3, [r7, #4]
 669 000a 4FEA0362 		lsl	r2, r3, #24
 261:../Dave/Generated/src/ETH004/01_lwIP_Stack/src/core/ipv4/inet.c ****     ((n & 0xff00) << 8) |
 670              		.loc 1 261 0
 671 000e 7B68     		ldr	r3, [r7, #4]
 672 0010 03F47F43 		and	r3, r3, #65280
 673 0014 4FEA0323 		lsl	r3, r3, #8
 260:../Dave/Generated/src/ETH004/01_lwIP_Stack/src/core/ipv4/inet.c ****   return ((n & 0xff) << 24) |
 674              		.loc 1 260 0
 675 0018 1A43     		orrs	r2, r2, r3
 262:../Dave/Generated/src/ETH004/01_lwIP_Stack/src/core/ipv4/inet.c ****     ((n & 0xff0000UL) >> 8) |
 676              		.loc 1 262 0
 677 001a 7B68     		ldr	r3, [r7, #4]
 678 001c 03F47F03 		and	r3, r3, #16711680
 679 0020 4FEA1323 		lsr	r3, r3, #8
 261:../Dave/Generated/src/ETH004/01_lwIP_Stack/src/core/ipv4/inet.c ****     ((n & 0xff00) << 8) |
 680              		.loc 1 261 0
 681 0024 1A43     		orrs	r2, r2, r3
 263:../Dave/Generated/src/ETH004/01_lwIP_Stack/src/core/ipv4/inet.c ****     ((n & 0xff000000UL) >> 24);
 682              		.loc 1 263 0
 683 0026 7B68     		ldr	r3, [r7, #4]
 684 0028 4FEA1363 		lsr	r3, r3, #24
 260:../Dave/Generated/src/ETH004/01_lwIP_Stack/src/core/ipv4/inet.c ****   return ((n & 0xff) << 24) |
 685              		.loc 1 260 0
 686 002c 1343     		orrs	r3, r3, r2
 264:../Dave/Generated/src/ETH004/01_lwIP_Stack/src/core/ipv4/inet.c **** }
 687              		.loc 1 264 0
 688 002e 1846     		mov	r0, r3
 689 0030 07F10C07 		add	r7, r7, #12
 690 0034 BD46     		mov	sp, r7
 691 0036 80BC     		pop	{r7}
 692 0038 7047     		bx	lr
 693              		.cfi_endproc
 694              	.LFE5:
 696 003a 00BF     		.section	.text.ntohl,"ax",%progbits
 697              		.align	2
 698              		.global	ntohl
 699              		.thumb
 700              		.thumb_func
 702              	ntohl:
 703              	.LFB6:
 265:../Dave/Generated/src/ETH004/01_lwIP_Stack/src/core/ipv4/inet.c **** 
 266:../Dave/Generated/src/ETH004/01_lwIP_Stack/src/core/ipv4/inet.c **** /**
 267:../Dave/Generated/src/ETH004/01_lwIP_Stack/src/core/ipv4/inet.c ****  * Convert an u32_t from network- to host byte order.
 268:../Dave/Generated/src/ETH004/01_lwIP_Stack/src/core/ipv4/inet.c ****  *
 269:../Dave/Generated/src/ETH004/01_lwIP_Stack/src/core/ipv4/inet.c ****  * @param n u32_t in network byte order
 270:../Dave/Generated/src/ETH004/01_lwIP_Stack/src/core/ipv4/inet.c ****  * @return n in host byte order
 271:../Dave/Generated/src/ETH004/01_lwIP_Stack/src/core/ipv4/inet.c ****  */
 272:../Dave/Generated/src/ETH004/01_lwIP_Stack/src/core/ipv4/inet.c **** u32_t
 273:../Dave/Generated/src/ETH004/01_lwIP_Stack/src/core/ipv4/inet.c **** ntohl(u32_t n)
 274:../Dave/Generated/src/ETH004/01_lwIP_Stack/src/core/ipv4/inet.c **** {
 704              		.loc 1 274 0
 705              		.cfi_startproc
 706              		@ args = 0, pretend = 0, frame = 8
 707              		@ frame_needed = 1, uses_anonymous_args = 0
 708 0000 80B5     		push	{r7, lr}
 709              	.LCFI18:
 710              		.cfi_def_cfa_offset 8
 711              		.cfi_offset 7, -8
 712              		.cfi_offset 14, -4
 713 0002 82B0     		sub	sp, sp, #8
 714              	.LCFI19:
 715              		.cfi_def_cfa_offset 16
 716 0004 00AF     		add	r7, sp, #0
 717              	.LCFI20:
 718              		.cfi_def_cfa_register 7
 719 0006 7860     		str	r0, [r7, #4]
 275:../Dave/Generated/src/ETH004/01_lwIP_Stack/src/core/ipv4/inet.c ****   return htonl(n);
 720              		.loc 1 275 0
 721 0008 7868     		ldr	r0, [r7, #4]
 722 000a FFF7FEFF 		bl	htonl
 723 000e 0346     		mov	r3, r0
 276:../Dave/Generated/src/ETH004/01_lwIP_Stack/src/core/ipv4/inet.c **** }
 724              		.loc 1 276 0
 725 0010 1846     		mov	r0, r3
 726 0012 07F10807 		add	r7, r7, #8
 727 0016 BD46     		mov	sp, r7
 728 0018 80BD     		pop	{r7, pc}
 729              		.cfi_endproc
 730              	.LFE6:
 732 001a 00BF     		.bss
 733              		.align	2
 734              	str.4105:
 735 0000 00000000 		.space	16
 735      00000000 
 735      00000000 
 735      00000000 
 736              		.text
 737              	.Letext0:
 738              		.file 2 "F:\\WORK\\SmartHome_checkout1\\XMC4500_RK_HTTPserver\\Dave\\Generated\\src\\ETH004\\01_lw
 739              		.file 3 "F:\\WORK\\SmartHome_checkout1\\XMC4500_RK_HTTPserver\\Dave\\Generated\\src\\ETH004\\01_lw
DEFINED SYMBOLS
                            *ABS*:00000000 inet.c
C:\Users\Mihai\AppData\Local\Temp\cc9ZuMLa.s:20     .text.inet_addr:00000000 $t
C:\Users\Mihai\AppData\Local\Temp\cc9ZuMLa.s:25     .text.inet_addr:00000000 inet_addr
C:\Users\Mihai\AppData\Local\Temp\cc9ZuMLa.s:73     .text.inet_aton:00000000 inet_aton
C:\Users\Mihai\AppData\Local\Temp\cc9ZuMLa.s:68     .text.inet_aton:00000000 $t
C:\Users\Mihai\AppData\Local\Temp\cc9ZuMLa.s:319    .text.inet_aton:000001cc $d
C:\Users\Mihai\AppData\Local\Temp\cc9ZuMLa.s:326    .text.inet_aton:000001e0 $t
C:\Users\Mihai\AppData\Local\Temp\cc9ZuMLa.s:649    .text.htonl:00000000 htonl
C:\Users\Mihai\AppData\Local\Temp\cc9ZuMLa.s:414    .text.inet_ntoa:00000000 $t
C:\Users\Mihai\AppData\Local\Temp\cc9ZuMLa.s:419    .text.inet_ntoa:00000000 inet_ntoa
C:\Users\Mihai\AppData\Local\Temp\cc9ZuMLa.s:734    .bss:00000000 str.4105
C:\Users\Mihai\AppData\Local\Temp\cc9ZuMLa.s:561    .text.htons:00000000 $t
C:\Users\Mihai\AppData\Local\Temp\cc9ZuMLa.s:566    .text.htons:00000000 htons
C:\Users\Mihai\AppData\Local\Temp\cc9ZuMLa.s:606    .text.ntohs:00000000 $t
C:\Users\Mihai\AppData\Local\Temp\cc9ZuMLa.s:611    .text.ntohs:00000000 ntohs
C:\Users\Mihai\AppData\Local\Temp\cc9ZuMLa.s:644    .text.htonl:00000000 $t
C:\Users\Mihai\AppData\Local\Temp\cc9ZuMLa.s:697    .text.ntohl:00000000 $t
C:\Users\Mihai\AppData\Local\Temp\cc9ZuMLa.s:702    .text.ntohl:00000000 ntohl
C:\Users\Mihai\AppData\Local\Temp\cc9ZuMLa.s:733    .bss:00000000 $d
                     .debug_frame:00000010 $d
                           .group:00000000 wm4.1.1791a5ae2e936ca1033c1c44be394cc7
                           .group:00000000 wm4.ETH004_Conf.h.56.564c3f309c32b3c742fc91049cf66940
                           .group:00000000 wm4.lwipopts.h.73.a7a63bda1e8216abd1d90275eaaa0027
                           .group:00000000 wm4.arch.h.33.6fa4aa86d33d1490ae882caef7316405
                           .group:00000000 wm4.cpu.h.33.b213c7fd77614ebc3691cef18ad2ff22
                           .group:00000000 wm4.cc.h.66.ec134211c658dcc89de4610e4e7bab46
                           .group:00000000 wm4.arch.h.47.5153c52bfb94ee3b37299920afab6afd
                           .group:00000000 wm4.debug.h.43.557ecd6c90cc70b375bb8a29118be47b
                           .group:00000000 wm4.opt.h.94.d36882acafebb8726bce646fc8b2397b
                           .group:00000000 wm4.inet.h.46.b516065779826845d16d49f513869a2b

NO UNDEFINED SYMBOLS
