   1              		.syntax unified
   2              		.cpu cortex-m4
   3              		.eabi_attribute 27, 3
   4              		.fpu fpv4-sp-d16
   5              		.eabi_attribute 20, 1
   6              		.eabi_attribute 21, 1
   7              		.eabi_attribute 23, 3
   8              		.eabi_attribute 24, 1
   9              		.eabi_attribute 25, 1
  10              		.eabi_attribute 26, 1
  11              		.eabi_attribute 30, 4
  12              		.eabi_attribute 34, 1
  13              		.eabi_attribute 18, 4
  14              		.thumb
  15              		.file	"FATFS004_Conf.c"
  16              		.global	FATFS004_DeviceFunc
  17              		.section	.rodata
  18              		.align	2
  21              	FATFS004_DeviceFunc:
  22 0000 00000000 		.word	SDMMC001_Initialize
  23 0004 00000000 		.word	SDMMC001_GetStatus
  24 0008 00000000 		.word	SDMMC001_ReadBlock
  25 000c 00000000 		.word	SDMMC001_WriteBlock
  26 0010 00000000 		.word	SDMMC001_Ioctl
  27              		.ident	"GCC: (GNU Tools for ARM Embedded Processors) 4.7.4 20130913 (release) [ARM/embedded-4_7-br
DEFINED SYMBOLS
                            *ABS*:00000000 FATFS004_Conf.c
C:\Users\Mihai\AppData\Local\Temp\ccSVUGgf.s:21     .rodata:00000000 FATFS004_DeviceFunc
C:\Users\Mihai\AppData\Local\Temp\ccSVUGgf.s:18     .rodata:00000000 $d

UNDEFINED SYMBOLS
SDMMC001_Initialize
SDMMC001_GetStatus
SDMMC001_ReadBlock
SDMMC001_WriteBlock
SDMMC001_Ioctl
