   1              		.syntax unified
   2              		.cpu cortex-m4
   3              		.eabi_attribute 27, 3
   4              		.fpu fpv4-sp-d16
   5              		.eabi_attribute 20, 1
   6              		.eabi_attribute 21, 1
   7              		.eabi_attribute 23, 3
   8              		.eabi_attribute 24, 1
   9              		.eabi_attribute 25, 1
  10              		.eabi_attribute 26, 1
  11              		.eabi_attribute 30, 4
  12              		.eabi_attribute 34, 1
  13              		.eabi_attribute 18, 4
  14              		.thumb
  15              		.file	"FATFS002_Conf.c"
  16              		.section	.text.FATFS002_Init,"ax",%progbits
  17              		.align	1
  18              		.global	FATFS002_Init
  19              		.thumb
  20              		.thumb_func
  22              	FATFS002_Init:
  23              		@ args = 0, pretend = 0, frame = 0
  24              		@ frame_needed = 0, uses_anonymous_args = 0
  25              		@ link register save eliminated.
  26 0000 7047     		bx	lr
  28              		.ident	"GCC: (GNU Tools for ARM Embedded Processors) 4.7.4 20130913 (release) [ARM/embedded-4_7-br
DEFINED SYMBOLS
                            *ABS*:00000000 FATFS002_Conf.c
C:\Users\Mihai\AppData\Local\Temp\ccw4roC1.s:17     .text.FATFS002_Init:00000000 $t
C:\Users\Mihai\AppData\Local\Temp\ccw4roC1.s:22     .text.FATFS002_Init:00000000 FATFS002_Init

NO UNDEFINED SYMBOLS
