   1              		.syntax unified
   2              		.cpu cortex-m4
   3              		.eabi_attribute 27, 3
   4              		.fpu fpv4-sp-d16
   5              		.eabi_attribute 20, 1
   6              		.eabi_attribute 21, 1
   7              		.eabi_attribute 23, 3
   8              		.eabi_attribute 24, 1
   9              		.eabi_attribute 25, 1
  10              		.eabi_attribute 26, 1
  11              		.eabi_attribute 30, 6
  12              		.eabi_attribute 34, 1
  13              		.eabi_attribute 18, 4
  14              		.thumb
  15              		.file	"synopGMAC_plat.c"
  16              		.text
  17              	.Ltext0:
  18              		.cfi_sections	.debug_frame
  19              		.section	.text.synopGMACReadReg,"ax",%progbits
  20              		.align	2
  21              		.global	synopGMACReadReg
  22              		.thumb
  23              		.thumb_func
  25              	synopGMACReadReg:
  26              	.LFB117:
  27              		.file 1 "../Dave/Generated/src/ETH001/synopGMAC_plat.c"
   1:../Dave/Generated/src/ETH001/synopGMAC_plat.c **** /* ===================================================================================
   2:../Dave/Generated/src/ETH001/synopGMAC_plat.c ****  * Copyright (c) <2009> Synopsys, Inc.
   3:../Dave/Generated/src/ETH001/synopGMAC_plat.c ****  *
   4:../Dave/Generated/src/ETH001/synopGMAC_plat.c ****  * Permission is hereby granted, free of charge, to any person obtaining a copy of 
   5:../Dave/Generated/src/ETH001/synopGMAC_plat.c ****  * this software annotated with this license and associated documentation files 
   6:../Dave/Generated/src/ETH001/synopGMAC_plat.c ****  * (the "Software"), to deal in the Software without restriction, including without 
   7:../Dave/Generated/src/ETH001/synopGMAC_plat.c ****  * limitation the rights to use, copy, modify, merge, publish, distribute, sublicense, 
   8:../Dave/Generated/src/ETH001/synopGMAC_plat.c ****  * and/or sell copies of the Software, and to permit persons to whom the Software is 
   9:../Dave/Generated/src/ETH001/synopGMAC_plat.c ****  * furnished to do so, subject to the following conditions:
  10:../Dave/Generated/src/ETH001/synopGMAC_plat.c ****  *
  11:../Dave/Generated/src/ETH001/synopGMAC_plat.c ****  * The above copyright notice and this permission notice shall be included in all 
  12:../Dave/Generated/src/ETH001/synopGMAC_plat.c ****  * copies or substantial portions of the Software.
  13:../Dave/Generated/src/ETH001/synopGMAC_plat.c ****  *
  14:../Dave/Generated/src/ETH001/synopGMAC_plat.c ****  * THE SOFTWARE IS PROVIDED "AS IS", WITHOUT WARRANTY OF ANY KIND, EXPRESS OR IMPLIED, 
  15:../Dave/Generated/src/ETH001/synopGMAC_plat.c ****  * INCLUDING BUT NOT LIMITED TO THE WARRANTIES OF MERCHANTABILITY, FITNESS FOR A 
  16:../Dave/Generated/src/ETH001/synopGMAC_plat.c ****  * PARTICULAR PURPOSE AND NONINFRINGEMENT. IN NO EVENT SHALL THE AUTHORS OR COPYRIGHT 
  17:../Dave/Generated/src/ETH001/synopGMAC_plat.c ****  * HOLDERS BE LIABLE FOR ANY CLAIM, DAMAGES OR OTHER LIABILITY, WHETHER IN AN ACTION 
  18:../Dave/Generated/src/ETH001/synopGMAC_plat.c ****  * OF CONTRACT, TORT OR OTHERWISE, ARISING FROM, OUT OF OR IN CONNECTION WITH THE SOFTWARE 
  19:../Dave/Generated/src/ETH001/synopGMAC_plat.c ****  * OR THE USE OR OTHER DEALINGS IN THE SOFTWARE.
  20:../Dave/Generated/src/ETH001/synopGMAC_plat.c ****  *
  21:../Dave/Generated/src/ETH001/synopGMAC_plat.c ****  * =================================================================================== */
  22:../Dave/Generated/src/ETH001/synopGMAC_plat.c **** /* =========================================================================== * 
  23:../Dave/Generated/src/ETH001/synopGMAC_plat.c ****  * Copyright (c) 2011, Infineon Technologies AG                                *
  24:../Dave/Generated/src/ETH001/synopGMAC_plat.c ****  * All rights reserved.                                                        * 
  25:../Dave/Generated/src/ETH001/synopGMAC_plat.c ****  *                                                                             *
  26:../Dave/Generated/src/ETH001/synopGMAC_plat.c ****  * Redistribution and use in source and binary forms, with or without          *
  27:../Dave/Generated/src/ETH001/synopGMAC_plat.c ****  * modification, are permitted provided that the following conditions are met: *
  28:../Dave/Generated/src/ETH001/synopGMAC_plat.c ****  * Redistributions of source code must retain the above copyright notice, this *
  29:../Dave/Generated/src/ETH001/synopGMAC_plat.c ****  * list of conditions and the following disclaimer. Redistributions in binary  *
  30:../Dave/Generated/src/ETH001/synopGMAC_plat.c ****  * form must reproduce the above copyright notice, this list of conditions and *
  31:../Dave/Generated/src/ETH001/synopGMAC_plat.c ****  * the following disclaimer in the documentation and/or other materials        *
  32:../Dave/Generated/src/ETH001/synopGMAC_plat.c ****  * provided with the distribution. Neither the name of the copyright holders   * 
  33:../Dave/Generated/src/ETH001/synopGMAC_plat.c ****  * nor the names of its contributors may be used to endorse or promote         *
  34:../Dave/Generated/src/ETH001/synopGMAC_plat.c ****  * products derived from this software without specific prior written          * 
  35:../Dave/Generated/src/ETH001/synopGMAC_plat.c ****  * permission.                                                                 *
  36:../Dave/Generated/src/ETH001/synopGMAC_plat.c ****  *                                                                             *
  37:../Dave/Generated/src/ETH001/synopGMAC_plat.c ****  * THIS SOFTWARE IS PROVIDED BY THE COPYRIGHT HOLDERS AND CONTRIBUTORS "AS IS" *
  38:../Dave/Generated/src/ETH001/synopGMAC_plat.c ****  * AND ANY EXPRESS OR IMPLIED WARRANTIES, INCLUDING, BUT NOT LIMITED TO,       *
  39:../Dave/Generated/src/ETH001/synopGMAC_plat.c ****  * THE IMPLIED WARRANTIES OF MERCHANTABILITY AND FITNESS FOR A PARTICULAR      *
  40:../Dave/Generated/src/ETH001/synopGMAC_plat.c ****  * PURPOSE ARE DISCLAIMED. IN NO EVENT SHALL THE COPYRIGHT HOLDER OR           *
  41:../Dave/Generated/src/ETH001/synopGMAC_plat.c ****  * CONTRIBUTORS BE LIABLE FOR ANY DIRECT, INDIRECT, INCIDENTAL, SPECIAL,       *
  42:../Dave/Generated/src/ETH001/synopGMAC_plat.c ****  * EXEMPLARY, OR CONSEQUENTIAL DAMAGES (INCLUDING, BUT NOT LIMITED TO,         * 
  43:../Dave/Generated/src/ETH001/synopGMAC_plat.c ****  * PROCUREMENT OF SUBSTITUTE GOODS OR SERVICES; LOSS OF USE, DATA, OR PROFITS; *
  44:../Dave/Generated/src/ETH001/synopGMAC_plat.c ****  * OR BUSINESS INTERRUPTION) HOWEVER CAUSED AND ON ANY THEORY OF LIABILITY,    *
  45:../Dave/Generated/src/ETH001/synopGMAC_plat.c ****  * WHETHER IN CONTRACT, STRICT LIABILITY, OR TORT (INCLUDING NEGLIGENCE OR     *
  46:../Dave/Generated/src/ETH001/synopGMAC_plat.c ****  * OTHERWISE) ARISING IN ANY WAY OUT OF THE USE OF THIS SOFTWARE, EVEN IF      *
  47:../Dave/Generated/src/ETH001/synopGMAC_plat.c ****  * ADVISED OF THE POSSIBILITY OF SUCH DAMAGE.                                  *
  48:../Dave/Generated/src/ETH001/synopGMAC_plat.c ****  * To improve the quality of the software, users are encouraged to share       *
  49:../Dave/Generated/src/ETH001/synopGMAC_plat.c ****  * modifications, enhancements or bug fixes with                               *
  50:../Dave/Generated/src/ETH001/synopGMAC_plat.c ****  * Infineon Technologies AG (dave@infineon.com).                               *
  51:../Dave/Generated/src/ETH001/synopGMAC_plat.c ****  *                                                                             *
  52:../Dave/Generated/src/ETH001/synopGMAC_plat.c ****  * ==========================================================================  *
  53:../Dave/Generated/src/ETH001/synopGMAC_plat.c **** ********************************************************************************
  54:../Dave/Generated/src/ETH001/synopGMAC_plat.c **** **                                                                            **
  55:../Dave/Generated/src/ETH001/synopGMAC_plat.c **** **                                                                            **
  56:../Dave/Generated/src/ETH001/synopGMAC_plat.c **** ** PLATFORM : Infineon XMC4000 Series                                         **
  57:../Dave/Generated/src/ETH001/synopGMAC_plat.c **** **                                                                            **
  58:../Dave/Generated/src/ETH001/synopGMAC_plat.c **** ** COMPILER : Compiler Independent                                            **
  59:../Dave/Generated/src/ETH001/synopGMAC_plat.c **** **                                                                            **
  60:../Dave/Generated/src/ETH001/synopGMAC_plat.c **** ** AUTHOR : DAVE App Developer                                                **
  61:../Dave/Generated/src/ETH001/synopGMAC_plat.c **** **                                                                            **
  62:../Dave/Generated/src/ETH001/synopGMAC_plat.c **** ** MAY BE CHANGED BY USER [Yes/No]: Yes                                       **
  63:../Dave/Generated/src/ETH001/synopGMAC_plat.c **** **                                                                            **
  64:../Dave/Generated/src/ETH001/synopGMAC_plat.c **** ** MODIFICATION DATE : Dec 29, 2011                                           **
  65:../Dave/Generated/src/ETH001/synopGMAC_plat.c **** **                                                                            **
  66:../Dave/Generated/src/ETH001/synopGMAC_plat.c **** *******************************************************************************/
  67:../Dave/Generated/src/ETH001/synopGMAC_plat.c ****  
  68:../Dave/Generated/src/ETH001/synopGMAC_plat.c **** /*******************************************************************************
  69:../Dave/Generated/src/ETH001/synopGMAC_plat.c **** **                       Author(s) Identity                                   **
  70:../Dave/Generated/src/ETH001/synopGMAC_plat.c **** ********************************************************************************
  71:../Dave/Generated/src/ETH001/synopGMAC_plat.c **** **                                                                            **
  72:../Dave/Generated/src/ETH001/synopGMAC_plat.c **** ** Initials     Name                                                          **
  73:../Dave/Generated/src/ETH001/synopGMAC_plat.c **** ** ---------------------------------------------------------------------------**
  74:../Dave/Generated/src/ETH001/synopGMAC_plat.c **** ** JRP          DAVE App Developer                                            **
  75:../Dave/Generated/src/ETH001/synopGMAC_plat.c **** *******************************************************************************/
  76:../Dave/Generated/src/ETH001/synopGMAC_plat.c **** /**\file
  77:../Dave/Generated/src/ETH001/synopGMAC_plat.c ****  *  This file defines the wrapper for the platform/OS related functions
  78:../Dave/Generated/src/ETH001/synopGMAC_plat.c ****  *  The function definitions needs to be modified according to the platform 
  79:../Dave/Generated/src/ETH001/synopGMAC_plat.c ****  *  and the Operating system used.
  80:../Dave/Generated/src/ETH001/synopGMAC_plat.c ****  *  This file should be handled with greatest care while porting the driver
  81:../Dave/Generated/src/ETH001/synopGMAC_plat.c ****  *  to a different platform running different operating system other than
  82:../Dave/Generated/src/ETH001/synopGMAC_plat.c ****  *  Linux 2.6.xx.
  83:../Dave/Generated/src/ETH001/synopGMAC_plat.c ****  * \internal
  84:../Dave/Generated/src/ETH001/synopGMAC_plat.c ****  * ----------------------------REVISION HISTORY-----------------------------
  85:../Dave/Generated/src/ETH001/synopGMAC_plat.c ****  * Synopsys			01/Aug/2007			Created
  86:../Dave/Generated/src/ETH001/synopGMAC_plat.c ****  */
  87:../Dave/Generated/src/ETH001/synopGMAC_plat.c ****  
  88:../Dave/Generated/src/ETH001/synopGMAC_plat.c **** #include <DAVE3.h>
  89:../Dave/Generated/src/ETH001/synopGMAC_plat.c **** 
  90:../Dave/Generated/src/ETH001/synopGMAC_plat.c **** /**
  91:../Dave/Generated/src/ETH001/synopGMAC_plat.c ****  * @cond INTERNAL_DOCS
  92:../Dave/Generated/src/ETH001/synopGMAC_plat.c ****  */
  93:../Dave/Generated/src/ETH001/synopGMAC_plat.c **** 
  94:../Dave/Generated/src/ETH001/synopGMAC_plat.c **** /**
  95:../Dave/Generated/src/ETH001/synopGMAC_plat.c ****  * The Low level function to read register contents from Hardware.
  96:../Dave/Generated/src/ETH001/synopGMAC_plat.c ****  *
  97:../Dave/Generated/src/ETH001/synopGMAC_plat.c ****  * @param[in] pointer to the base of register map
  98:../Dave/Generated/src/ETH001/synopGMAC_plat.c ****  * @param[in] Offset from the base
  99:../Dave/Generated/src/ETH001/synopGMAC_plat.c ****  * \return  Returns the register contents
 100:../Dave/Generated/src/ETH001/synopGMAC_plat.c ****  */
 101:../Dave/Generated/src/ETH001/synopGMAC_plat.c **** u32 synopGMACReadReg(u32 *RegBase, u32 RegOffset)
 102:../Dave/Generated/src/ETH001/synopGMAC_plat.c **** {
  28              		.loc 1 102 0
  29              		.cfi_startproc
  30              		@ args = 0, pretend = 0, frame = 16
  31              		@ frame_needed = 1, uses_anonymous_args = 0
  32              		@ link register save eliminated.
  33 0000 80B4     		push	{r7}
  34              	.LCFI0:
  35              		.cfi_def_cfa_offset 4
  36              		.cfi_offset 7, -4
  37 0002 85B0     		sub	sp, sp, #20
  38              	.LCFI1:
  39              		.cfi_def_cfa_offset 24
  40 0004 00AF     		add	r7, sp, #0
  41              	.LCFI2:
  42              		.cfi_def_cfa_register 7
  43 0006 7860     		str	r0, [r7, #4]
  44 0008 3960     		str	r1, [r7, #0]
 103:../Dave/Generated/src/ETH001/synopGMAC_plat.c ****   u32 data;
 104:../Dave/Generated/src/ETH001/synopGMAC_plat.c ****   data = (*(u32 *) ((u32)RegBase + RegOffset));
  45              		.loc 1 104 0
  46 000a 7A68     		ldr	r2, [r7, #4]
  47 000c 3B68     		ldr	r3, [r7, #0]
  48 000e D318     		adds	r3, r2, r3
  49 0010 1B68     		ldr	r3, [r3, #0]
  50 0012 FB60     		str	r3, [r7, #12]
 105:../Dave/Generated/src/ETH001/synopGMAC_plat.c ****   return data;
  51              		.loc 1 105 0
  52 0014 FB68     		ldr	r3, [r7, #12]
 106:../Dave/Generated/src/ETH001/synopGMAC_plat.c **** 
 107:../Dave/Generated/src/ETH001/synopGMAC_plat.c **** }
  53              		.loc 1 107 0
  54 0016 1846     		mov	r0, r3
  55 0018 07F11407 		add	r7, r7, #20
  56 001c BD46     		mov	sp, r7
  57 001e 80BC     		pop	{r7}
  58 0020 7047     		bx	lr
  59              		.cfi_endproc
  60              	.LFE117:
  62 0022 00BF     		.section	.text.synopGMACWriteReg,"ax",%progbits
  63              		.align	2
  64              		.global	synopGMACWriteReg
  65              		.thumb
  66              		.thumb_func
  68              	synopGMACWriteReg:
  69              	.LFB118:
 108:../Dave/Generated/src/ETH001/synopGMAC_plat.c **** 
 109:../Dave/Generated/src/ETH001/synopGMAC_plat.c **** /**
 110:../Dave/Generated/src/ETH001/synopGMAC_plat.c ****  * The Low level function to write to a register in Hardware.
 111:../Dave/Generated/src/ETH001/synopGMAC_plat.c ****  *
 112:../Dave/Generated/src/ETH001/synopGMAC_plat.c ****  * @param[in] pointer to the base of register map
 113:../Dave/Generated/src/ETH001/synopGMAC_plat.c ****  * @param[in] Offset from the base
 114:../Dave/Generated/src/ETH001/synopGMAC_plat.c ****  * @param[in] Data to be written
 115:../Dave/Generated/src/ETH001/synopGMAC_plat.c ****  * \return  void
 116:../Dave/Generated/src/ETH001/synopGMAC_plat.c ****  */
 117:../Dave/Generated/src/ETH001/synopGMAC_plat.c **** void  synopGMACWriteReg(u32 *RegBase, u32 RegOffset, u32 RegData)
 118:../Dave/Generated/src/ETH001/synopGMAC_plat.c **** {
  70              		.loc 1 118 0
  71              		.cfi_startproc
  72              		@ args = 0, pretend = 0, frame = 16
  73              		@ frame_needed = 1, uses_anonymous_args = 0
  74              		@ link register save eliminated.
  75 0000 80B4     		push	{r7}
  76              	.LCFI3:
  77              		.cfi_def_cfa_offset 4
  78              		.cfi_offset 7, -4
  79 0002 85B0     		sub	sp, sp, #20
  80              	.LCFI4:
  81              		.cfi_def_cfa_offset 24
  82 0004 00AF     		add	r7, sp, #0
  83              	.LCFI5:
  84              		.cfi_def_cfa_register 7
  85 0006 F860     		str	r0, [r7, #12]
  86 0008 B960     		str	r1, [r7, #8]
  87 000a 7A60     		str	r2, [r7, #4]
 119:../Dave/Generated/src/ETH001/synopGMAC_plat.c ****   * (u32 *) ((u32)RegBase + RegOffset) = RegData;
  88              		.loc 1 119 0
  89 000c FA68     		ldr	r2, [r7, #12]
  90 000e BB68     		ldr	r3, [r7, #8]
  91 0010 D318     		adds	r3, r2, r3
  92 0012 7A68     		ldr	r2, [r7, #4]
  93 0014 1A60     		str	r2, [r3, #0]
 120:../Dave/Generated/src/ETH001/synopGMAC_plat.c ****   return;
  94              		.loc 1 120 0
  95 0016 00BF     		nop
 121:../Dave/Generated/src/ETH001/synopGMAC_plat.c **** }
  96              		.loc 1 121 0
  97 0018 07F11407 		add	r7, r7, #20
  98 001c BD46     		mov	sp, r7
  99 001e 80BC     		pop	{r7}
 100 0020 7047     		bx	lr
 101              		.cfi_endproc
 102              	.LFE118:
 104 0022 00BF     		.section	.text.synopGMACSetBits,"ax",%progbits
 105              		.align	2
 106              		.global	synopGMACSetBits
 107              		.thumb
 108              		.thumb_func
 110              	synopGMACSetBits:
 111              	.LFB119:
 122:../Dave/Generated/src/ETH001/synopGMAC_plat.c **** 
 123:../Dave/Generated/src/ETH001/synopGMAC_plat.c **** /**
 124:../Dave/Generated/src/ETH001/synopGMAC_plat.c ****  * The Low level function to set bits of a register in Hardware.
 125:../Dave/Generated/src/ETH001/synopGMAC_plat.c ****  *
 126:../Dave/Generated/src/ETH001/synopGMAC_plat.c ****  * @param[in] pointer to the base of register map
 127:../Dave/Generated/src/ETH001/synopGMAC_plat.c ****  * @param[in] Offset from the base
 128:../Dave/Generated/src/ETH001/synopGMAC_plat.c ****  * @param[in] Bit mask to set bits to logical 1
 129:../Dave/Generated/src/ETH001/synopGMAC_plat.c ****  * \return  void
 130:../Dave/Generated/src/ETH001/synopGMAC_plat.c ****  */
 131:../Dave/Generated/src/ETH001/synopGMAC_plat.c **** void synopGMACSetBits(u32 *RegBase, u32 RegOffset, u32 BitPos)
 132:../Dave/Generated/src/ETH001/synopGMAC_plat.c **** {
 112              		.loc 1 132 0
 113              		.cfi_startproc
 114              		@ args = 0, pretend = 0, frame = 24
 115              		@ frame_needed = 1, uses_anonymous_args = 0
 116              		@ link register save eliminated.
 117 0000 80B4     		push	{r7}
 118              	.LCFI6:
 119              		.cfi_def_cfa_offset 4
 120              		.cfi_offset 7, -4
 121 0002 87B0     		sub	sp, sp, #28
 122              	.LCFI7:
 123              		.cfi_def_cfa_offset 32
 124 0004 00AF     		add	r7, sp, #0
 125              	.LCFI8:
 126              		.cfi_def_cfa_register 7
 127 0006 F860     		str	r0, [r7, #12]
 128 0008 B960     		str	r1, [r7, #8]
 129 000a 7A60     		str	r2, [r7, #4]
 133:../Dave/Generated/src/ETH001/synopGMAC_plat.c ****   u32 data;
 134:../Dave/Generated/src/ETH001/synopGMAC_plat.c **** 
 135:../Dave/Generated/src/ETH001/synopGMAC_plat.c ****   /* Read data from the register */
 136:../Dave/Generated/src/ETH001/synopGMAC_plat.c ****   data = (*(u32 *) ((u32)RegBase + RegOffset));
 130              		.loc 1 136 0
 131 000c FA68     		ldr	r2, [r7, #12]
 132 000e BB68     		ldr	r3, [r7, #8]
 133 0010 D318     		adds	r3, r2, r3
 134 0012 1B68     		ldr	r3, [r3, #0]
 135 0014 7B61     		str	r3, [r7, #20]
 137:../Dave/Generated/src/ETH001/synopGMAC_plat.c **** 
 138:../Dave/Generated/src/ETH001/synopGMAC_plat.c ****   /* Set the bits */
 139:../Dave/Generated/src/ETH001/synopGMAC_plat.c ****   data |= BitPos;
 136              		.loc 1 139 0
 137 0016 7A69     		ldr	r2, [r7, #20]
 138 0018 7B68     		ldr	r3, [r7, #4]
 139 001a 1343     		orrs	r3, r3, r2
 140 001c 7B61     		str	r3, [r7, #20]
 140:../Dave/Generated/src/ETH001/synopGMAC_plat.c **** 
 141:../Dave/Generated/src/ETH001/synopGMAC_plat.c ****   /* Write back into the register */
 142:../Dave/Generated/src/ETH001/synopGMAC_plat.c ****   * (u32 *) ((u32)RegBase + RegOffset) = data;
 141              		.loc 1 142 0
 142 001e FA68     		ldr	r2, [r7, #12]
 143 0020 BB68     		ldr	r3, [r7, #8]
 144 0022 D318     		adds	r3, r2, r3
 145 0024 7A69     		ldr	r2, [r7, #20]
 146 0026 1A60     		str	r2, [r3, #0]
 143:../Dave/Generated/src/ETH001/synopGMAC_plat.c ****   return;
 147              		.loc 1 143 0
 148 0028 00BF     		nop
 144:../Dave/Generated/src/ETH001/synopGMAC_plat.c **** }
 149              		.loc 1 144 0
 150 002a 07F11C07 		add	r7, r7, #28
 151 002e BD46     		mov	sp, r7
 152 0030 80BC     		pop	{r7}
 153 0032 7047     		bx	lr
 154              		.cfi_endproc
 155              	.LFE119:
 157              		.section	.text.synopGMACClearBits,"ax",%progbits
 158              		.align	2
 159              		.global	synopGMACClearBits
 160              		.thumb
 161              		.thumb_func
 163              	synopGMACClearBits:
 164              	.LFB120:
 145:../Dave/Generated/src/ETH001/synopGMAC_plat.c **** 
 146:../Dave/Generated/src/ETH001/synopGMAC_plat.c **** 
 147:../Dave/Generated/src/ETH001/synopGMAC_plat.c **** /**
 148:../Dave/Generated/src/ETH001/synopGMAC_plat.c ****  * The Low level function to clear bits of a register in Hardware.
 149:../Dave/Generated/src/ETH001/synopGMAC_plat.c ****  *
 150:../Dave/Generated/src/ETH001/synopGMAC_plat.c ****  * @param[in] pointer to the base of register map
 151:../Dave/Generated/src/ETH001/synopGMAC_plat.c ****  * @param[in] Offset from the base
 152:../Dave/Generated/src/ETH001/synopGMAC_plat.c ****  * @param[in] Bit mask to clear bits to logical 0
 153:../Dave/Generated/src/ETH001/synopGMAC_plat.c ****  * \return  void
 154:../Dave/Generated/src/ETH001/synopGMAC_plat.c ****  */
 155:../Dave/Generated/src/ETH001/synopGMAC_plat.c **** void synopGMACClearBits(u32 *RegBase, u32 RegOffset, u32 BitPos)
 156:../Dave/Generated/src/ETH001/synopGMAC_plat.c **** {
 165              		.loc 1 156 0
 166              		.cfi_startproc
 167              		@ args = 0, pretend = 0, frame = 24
 168              		@ frame_needed = 1, uses_anonymous_args = 0
 169              		@ link register save eliminated.
 170 0000 80B4     		push	{r7}
 171              	.LCFI9:
 172              		.cfi_def_cfa_offset 4
 173              		.cfi_offset 7, -4
 174 0002 87B0     		sub	sp, sp, #28
 175              	.LCFI10:
 176              		.cfi_def_cfa_offset 32
 177 0004 00AF     		add	r7, sp, #0
 178              	.LCFI11:
 179              		.cfi_def_cfa_register 7
 180 0006 F860     		str	r0, [r7, #12]
 181 0008 B960     		str	r1, [r7, #8]
 182 000a 7A60     		str	r2, [r7, #4]
 157:../Dave/Generated/src/ETH001/synopGMAC_plat.c ****   u32 data;
 158:../Dave/Generated/src/ETH001/synopGMAC_plat.c ****   /* Read data from the register */
 159:../Dave/Generated/src/ETH001/synopGMAC_plat.c ****   data = (*(u32 *) ((u32)RegBase + RegOffset));
 183              		.loc 1 159 0
 184 000c FA68     		ldr	r2, [r7, #12]
 185 000e BB68     		ldr	r3, [r7, #8]
 186 0010 D318     		adds	r3, r2, r3
 187 0012 1B68     		ldr	r3, [r3, #0]
 188 0014 7B61     		str	r3, [r7, #20]
 160:../Dave/Generated/src/ETH001/synopGMAC_plat.c **** 
 161:../Dave/Generated/src/ETH001/synopGMAC_plat.c ****   /*Clear the bits */
 162:../Dave/Generated/src/ETH001/synopGMAC_plat.c ****   data &= (~BitPos);
 189              		.loc 1 162 0
 190 0016 7B68     		ldr	r3, [r7, #4]
 191 0018 6FEA0303 		mvn	r3, r3
 192 001c 7A69     		ldr	r2, [r7, #20]
 193 001e 1340     		ands	r3, r3, r2
 194 0020 7B61     		str	r3, [r7, #20]
 163:../Dave/Generated/src/ETH001/synopGMAC_plat.c **** 
 164:../Dave/Generated/src/ETH001/synopGMAC_plat.c ****   /* Write back into the register */
 165:../Dave/Generated/src/ETH001/synopGMAC_plat.c ****   * (u32 *) ((u32)RegBase + RegOffset) = data;
 195              		.loc 1 165 0
 196 0022 FA68     		ldr	r2, [r7, #12]
 197 0024 BB68     		ldr	r3, [r7, #8]
 198 0026 D318     		adds	r3, r2, r3
 199 0028 7A69     		ldr	r2, [r7, #20]
 200 002a 1A60     		str	r2, [r3, #0]
 166:../Dave/Generated/src/ETH001/synopGMAC_plat.c **** 
 167:../Dave/Generated/src/ETH001/synopGMAC_plat.c ****   return;
 201              		.loc 1 167 0
 202 002c 00BF     		nop
 168:../Dave/Generated/src/ETH001/synopGMAC_plat.c **** }
 203              		.loc 1 168 0
 204 002e 07F11C07 		add	r7, r7, #28
 205 0032 BD46     		mov	sp, r7
 206 0034 80BC     		pop	{r7}
 207 0036 7047     		bx	lr
 208              		.cfi_endproc
 209              	.LFE120:
 211              		.section	.text.synopGMACCheckBits,"ax",%progbits
 212              		.align	2
 213              		.global	synopGMACCheckBits
 214              		.thumb
 215              		.thumb_func
 217              	synopGMACCheckBits:
 218              	.LFB121:
 169:../Dave/Generated/src/ETH001/synopGMAC_plat.c **** 
 170:../Dave/Generated/src/ETH001/synopGMAC_plat.c **** /**
 171:../Dave/Generated/src/ETH001/synopGMAC_plat.c ****  * The Low level function to Check the setting of the bits.
 172:../Dave/Generated/src/ETH001/synopGMAC_plat.c ****  *
 173:../Dave/Generated/src/ETH001/synopGMAC_plat.c ****  * @param[in] pointer to the base of register map
 174:../Dave/Generated/src/ETH001/synopGMAC_plat.c ****  * @param[in] Offset from the base
 175:../Dave/Generated/src/ETH001/synopGMAC_plat.c ****  * @param[in] Bit mask to set bits to logical 1
 176:../Dave/Generated/src/ETH001/synopGMAC_plat.c ****  * \return  returns TRUE if set to '1' returns FALSE if set to '0'. Result undefined there are no b
 177:../Dave/Generated/src/ETH001/synopGMAC_plat.c ****  *
 178:../Dave/Generated/src/ETH001/synopGMAC_plat.c ****  */
 179:../Dave/Generated/src/ETH001/synopGMAC_plat.c **** bool synopGMACCheckBits(u32 *RegBase, u32 RegOffset, u32 BitPos)
 180:../Dave/Generated/src/ETH001/synopGMAC_plat.c **** {
 219              		.loc 1 180 0
 220              		.cfi_startproc
 221              		@ args = 0, pretend = 0, frame = 24
 222              		@ frame_needed = 1, uses_anonymous_args = 0
 223              		@ link register save eliminated.
 224 0000 80B4     		push	{r7}
 225              	.LCFI12:
 226              		.cfi_def_cfa_offset 4
 227              		.cfi_offset 7, -4
 228 0002 87B0     		sub	sp, sp, #28
 229              	.LCFI13:
 230              		.cfi_def_cfa_offset 32
 231 0004 00AF     		add	r7, sp, #0
 232              	.LCFI14:
 233              		.cfi_def_cfa_register 7
 234 0006 F860     		str	r0, [r7, #12]
 235 0008 B960     		str	r1, [r7, #8]
 236 000a 7A60     		str	r2, [r7, #4]
 181:../Dave/Generated/src/ETH001/synopGMAC_plat.c ****   u32 data;
 182:../Dave/Generated/src/ETH001/synopGMAC_plat.c ****   u32 addr = (u32)RegBase + RegOffset;
 237              		.loc 1 182 0
 238 000c FA68     		ldr	r2, [r7, #12]
 239 000e BB68     		ldr	r3, [r7, #8]
 240 0010 D318     		adds	r3, r2, r3
 241 0012 7B61     		str	r3, [r7, #20]
 183:../Dave/Generated/src/ETH001/synopGMAC_plat.c ****   data = (*(u32 *)addr);
 242              		.loc 1 183 0
 243 0014 7B69     		ldr	r3, [r7, #20]
 244 0016 1B68     		ldr	r3, [r3, #0]
 245 0018 3B61     		str	r3, [r7, #16]
 184:../Dave/Generated/src/ETH001/synopGMAC_plat.c ****   data &= BitPos;
 246              		.loc 1 184 0
 247 001a 3A69     		ldr	r2, [r7, #16]
 248 001c 7B68     		ldr	r3, [r7, #4]
 249 001e 1340     		ands	r3, r3, r2
 250 0020 3B61     		str	r3, [r7, #16]
 185:../Dave/Generated/src/ETH001/synopGMAC_plat.c ****   if(data)  return TRUE;
 251              		.loc 1 185 0
 252 0022 3B69     		ldr	r3, [r7, #16]
 253 0024 002B     		cmp	r3, #0
 254 0026 02D0     		beq	.L10
 255              		.loc 1 185 0 is_stmt 0 discriminator 1
 256 0028 4FF00103 		mov	r3, #1
 257 002c 01E0     		b	.L11
 258              	.L10:
 186:../Dave/Generated/src/ETH001/synopGMAC_plat.c ****   else	    return FALSE;
 259              		.loc 1 186 0 is_stmt 1
 260 002e 4FF00003 		mov	r3, #0
 261              	.L11:
 187:../Dave/Generated/src/ETH001/synopGMAC_plat.c **** 
 188:../Dave/Generated/src/ETH001/synopGMAC_plat.c **** }
 262              		.loc 1 188 0
 263 0032 1846     		mov	r0, r3
 264 0034 07F11C07 		add	r7, r7, #28
 265 0038 BD46     		mov	sp, r7
 266 003a 80BC     		pop	{r7}
 267 003c 7047     		bx	lr
 268              		.cfi_endproc
 269              	.LFE121:
 271 003e 00BF     		.text
 272              	.Letext0:
 273              		.file 2 "c:\\dave-3.1.10\\arm-gcc\\bin\\../lib/gcc/arm-none-eabi/4.7.4/../../../../arm-none-eabi/i
 274              		.file 3 "F:\\WORK\\SmartHome_checkout1\\XMC4500_RK_HTTPserver\\Dave\\Generated\\inc\\DAVESupport/.
 275              		.file 4 "C:\\DAVE-3.1.10\\eclipse\\/../CMSIS/Include/core_cm4.h"
DEFINED SYMBOLS
                            *ABS*:00000000 synopGMAC_plat.c
C:\Users\Mihai\AppData\Local\Temp\cc2h2fxr.s:20     .text.synopGMACReadReg:00000000 $t
C:\Users\Mihai\AppData\Local\Temp\cc2h2fxr.s:25     .text.synopGMACReadReg:00000000 synopGMACReadReg
C:\Users\Mihai\AppData\Local\Temp\cc2h2fxr.s:63     .text.synopGMACWriteReg:00000000 $t
C:\Users\Mihai\AppData\Local\Temp\cc2h2fxr.s:68     .text.synopGMACWriteReg:00000000 synopGMACWriteReg
C:\Users\Mihai\AppData\Local\Temp\cc2h2fxr.s:105    .text.synopGMACSetBits:00000000 $t
C:\Users\Mihai\AppData\Local\Temp\cc2h2fxr.s:110    .text.synopGMACSetBits:00000000 synopGMACSetBits
C:\Users\Mihai\AppData\Local\Temp\cc2h2fxr.s:158    .text.synopGMACClearBits:00000000 $t
C:\Users\Mihai\AppData\Local\Temp\cc2h2fxr.s:163    .text.synopGMACClearBits:00000000 synopGMACClearBits
C:\Users\Mihai\AppData\Local\Temp\cc2h2fxr.s:212    .text.synopGMACCheckBits:00000000 $t
C:\Users\Mihai\AppData\Local\Temp\cc2h2fxr.s:217    .text.synopGMACCheckBits:00000000 synopGMACCheckBits
                     .debug_frame:00000010 $d
                           .group:00000000 wm4.1.1791a5ae2e936ca1033c1c44be394cc7
                           .group:00000000 wm4.XMC4500.h.45.215f4b8c79f46c7645c15373868d08c0
                           .group:00000000 wm4.core_cm4.h.47.41af406cb4cda82c972f112a9cd0a024
                           .group:00000000 wm4.newlib.h.8.a9901dc52d1357e3e94003403d43f8b5
                           .group:00000000 wm4.features.h.22.b72b3baab2bb2eab3661375590100b6b
                           .group:00000000 wm4.config.h.193.5fb8ef056cdff92dec3dee9552839d8c
                           .group:00000000 wm4._ansi.h.23.7aefdac4826acebbfc9f3822a0aeb14c
                           .group:00000000 wm4.stdint.h.20.54ad762faa59e3c05491630641c8d8bf
                           .group:00000000 wm4.core_cmInstr.h.39.3d3d1b4a79aef37532666dc6ee87c6ac
                           .group:00000000 wm4.core_cm4_simd.h.43.b5d1d38735af6366227b4256d330cf13
                           .group:00000000 wm4.core_cm4.h.178.e5ef5ce66d198d7f00f9d0076e267c41
                           .group:00000000 wm4.system_XMC4500.h.29.827f68baa362c84f2abae4ab67dde7c9
                           .group:00000000 wm4.XMC4500.h.198.8e022f279ff353ed081df898dc7b9cf3
                           .group:00000000 wm4.stddef.h.40.50cf36416e06376af8a9dca28536f2e4
                           .group:00000000 wm4.types.h.55.0006b5fda1d606516f2dcaf4aca92b11
                           .group:00000000 wm4.MULTIPLEXER.h.43.4aa654be3ec80895f631b5281bbb9105
                           .group:00000000 wm4.CCU8PWMLIB.h.70.a5d6a5267902b8b4aea2a0224518259a
                           .group:00000000 wm4.DBG001.h.116.d6d9e7459a0faa3905c97c1d2edb339d
                           .group:00000000 wm4.SYSTM001.h.63.668098b2213d40a5bd0db5fbe813cf05
                           .group:00000000 wm4.ETH002_Conf.h.56.5bd2b085b66f43d51abd69396be7f35f
                           .group:00000000 wm4.EthernetPHY.h.54.7af1709186b21e62a5f1d4049da3988b
                           .group:00000000 wm4.ETH001_Conf.h.71.1e151af1ba54dd023e1f942bdf922819
                           .group:00000000 wm4.synopGMAC_plat.h.78.7a90e072b497857344aea4ba1e994097
                           .group:00000000 wm4.synopGMAC_stack_interface.h.73.6be6aaee0ac6637432f4d0589044479b
                           .group:00000000 wm4.SynopGMAC_Dev.h.72.7c89c07cf666d37f5c9b615720d5e111
                           .group:00000000 wm4.synopGMAC_network_interface.h.73.4dd08316a11bc43c8c4a9da15277fb0f
                           .group:00000000 wm4.stdlib.h.13.603ed7eb09a1561ab06840b7c0fcff58
                           .group:00000000 wm4.stddef.h.161.e50ff8a9d5d1abbc15641da28ac571bf
                           .group:00000000 wm4._default_types.h.6.5e12cd604db8ce00b62bb2f02708eaf3
                           .group:00000000 wm4.lock.h.2.9bc98482741e5e2a9450b12934a684ea
                           .group:00000000 wm4.stddef.h.161.c6104a0666cf681b6269ddc9b4f516d4
                           .group:00000000 wm4.reent.h.16.9e42f0e588b85e70b2bf6572af57ce64
                           .group:00000000 wm4.alloca.h.8.dfc0c703c47ec3e69746825b17d9e66d
                           .group:00000000 wm4.stdlib.h.53.c69c7609933ff56d59c757cec2d13230
                           .group:00000000 wm4.string.h.8.ef946ad0bc9ad5c970c365dcd1fc4b0a
                           .group:00000000 wm4.string.h.86.d5c872ff52e2712c985b588a0ef39f3c
                           .group:00000000 wm4.ETH004_Conf.h.56.564c3f309c32b3c742fc91049cf66940
                           .group:00000000 wm4.lwipopts.h.73.a7a63bda1e8216abd1d90275eaaa0027
                           .group:00000000 wm4.arch.h.33.6fa4aa86d33d1490ae882caef7316405
                           .group:00000000 wm4.cpu.h.33.b213c7fd77614ebc3691cef18ad2ff22
                           .group:00000000 wm4.cc.h.66.ec134211c658dcc89de4610e4e7bab46
                           .group:00000000 wm4.arch.h.47.5153c52bfb94ee3b37299920afab6afd
                           .group:00000000 wm4.debug.h.43.557ecd6c90cc70b375bb8a29118be47b
                           .group:00000000 wm4.opt.h.94.d36882acafebb8726bce646fc8b2397b
                           .group:00000000 wm4.err.h.52.37c5d17538f8e8347a9c84196701e92d
                           .group:00000000 wm4.pbuf.h.43.e9a1ad12b97478787a109e22d5306820
                           .group:00000000 wm4.inet.h.46.b516065779826845d16d49f513869a2b
                           .group:00000000 wm4.ip_addr.h.79.9a0ce887ca8c88c22ad7686bcb5105df
                           .group:00000000 wm4.sys.h.65.4a0cd87b9e0d8bb4cd6b30e939b2ca7e
                           .group:00000000 wm4.mem.h.96.20770766e6c9e6c42af6bfa95ef5c63f
                           .group:00000000 wm4.def.h.33.049f911dab26023a266ed46ced0ce4bc
                           .group:00000000 wm4.netif.h.53.c13431a64f0e73a26710e71455725e84
                           .group:00000000 wm4.ip.h.48.ad46847692d4d729760949b27e48a442
                           .group:00000000 wm4.icmp.h.44.450dbf91f594cc26ad19d086cdc83713
                           .group:00000000 wm4.tcp.h.55.5c30b9432fa60afaa85cbdd225b0c683
                           .group:00000000 wm4.udp.h.48.1a8dde095cd0a13580afaba1443e5a3f
                           .group:00000000 wm4.SDMMC003_Conf.h.50.e707c07613fb4e6f2eaec982a892429d
                           .group:00000000 wm4.SDMMC003.h.85.b66055f6032a052f5173e3d123f9c61e
                           .group:00000000 wm4.SDMMC001.h.50.3e2fedc7e5ace33db4121d5cc027e8a4
                           .group:00000000 wm4.types.h.23.0d949686bbcadd1621462d4fa1f884f9
                           .group:00000000 wm4.types.h.2.e9cec8c90ab35f77d9f499e06ae02400
                           .group:00000000 wm4.types.h.80.1f2c84c0d57dd52dd9936095d9ac218e
                           .group:00000000 wm4.time.h.16.a4579e68956d2601c6113814b546764b
                           .group:00000000 wm4.diskio.h.7.93a3c8131d08770c060b04d2180fd09a
                           .group:00000000 wm4.diskio.h.42.a863614abe78d56d18ed7cb292d0028d
                           .group:00000000 wm4.ffconf.h.57.4ab321a2116d35ff7f28236ac31fad7c
                           .group:00000000 wm4.ff.h.82.8f05a37d35a49dba2681a7f047fee4ee
                           .group:00000000 wm4.lmm001_debuglog.h.40.8031299705ecf04ad726bd19baff976d
                           .group:00000000 wm4.LMM001.h.42.c21fe9cbedc336738c3dc89405cad216
                           .group:00000000 wm4.stdio.h.27.f2ac352bab34f31f9f478442827b2ba6
                           .group:00000000 wm4.stdarg.h.34.3a23a216c0c293b3d2ea2e89281481e6
                           .group:00000000 wm4.stdio.h.2.4aa87247282eca6c8f36f9de33d8df1a
                           .group:00000000 wm4.stdio.h.63.dfdea6580b080784d08faace69b6ed76
                           .group:00000000 wm4.time.h.2.9857e62ad6ac99431e29d58067232314
                           .group:00000000 wm4.time.h.24.c499d4c1915694df17abb795fd34b719
                           .group:00000000 wm4.time.h.124.10ced469f846269cafc58b59c853e1bb
                           .group:00000000 wm4.errno.h.2.ba016d646105af6cad23be83630b6a3f
                           .group:00000000 wm4.errno.h.9.65044c2b5d8494e43f5986ab0a1d770f
                           .group:00000000 wm4.unistd.h.2.6ce1b91c4223f6078c1b210c7538c1d2
                           .group:00000000 wm4.unistd.h.251.605bc560cdc6c3b07b599bb71ac4e425
                           .group:00000000 wm4.malloc.h.4.62bd13b8107d5245f60bd92bb5994838
                           .group:00000000 wm4.malloc.h.148.73b7de3bd065dafbd594b04197a9466e
                           .group:00000000 wm4.reent.h.91.faac4d0ac97c0fcf23d10d0786197642
                           .group:00000000 wm4.SLTHA003.h.100.69cb08672bc6ab3f052aa9d5bd6dc5ca
                           .group:00000000 wm4._default_fcntl.h.6.d036cf640d0f9a06bcff1be55acd66be
                           .group:00000000 wm4.stat.h.2.a761b02482a54847ff0d09dfcff24a5c
                           .group:00000000 wm4.fcntl.h.9.9336f33d7f5028f694c75e6e224e0cf7
                           .group:00000000 wm4.SLTHA001.h.97.d7e87c19a31e3244bdd5839e7cc42a61
                           .group:00000000 wm4.WEBSERVER001_Conf.h.54.cd6d29aaa96a848cbc5321bab5d6cd90
                           .group:00000000 wm4.IO004.h.51.dbf9dd216c57d6a7f14a22b2cb7e5626
                           .group:00000000 wm4.MOTORLIBS.h.59.b2e97de0df555dedfa51e24447b57ab8
                           .group:00000000 wm4.uc_id.h.35.a6c4837fad81477ba31967683332b8cc
                           .group:00000000 wm4.Usic.h.90.22743468abc46f16747d12430b219aaf
                           .group:00000000 wm4.UART001_Conf.h.53.c5c972f6f634bc5116c171852aaab668
                           .group:00000000 wm4.UART001.h.109.3e835815a7a59791d8bd39655f4d4cc9
                           .group:00000000 wm4.NVIC002_Conf.h.63.4809ded45954a78aa476d1e9f44d110e
                           .group:00000000 wm4.ADCGROUP001.h.66.3ee81aba16709c201614af7d67499bdb
                           .group:00000000 wm4.IO001.h.49.4efcabb368feaef60c65bd7504b48505
                           .group:00000000 wm4.ADC001.h.72.a0f6b9479a18584b91fa95e6f862978d

NO UNDEFINED SYMBOLS
