   1              		.syntax unified
   2              		.cpu cortex-m4
   3              		.eabi_attribute 27, 3
   4              		.fpu fpv4-sp-d16
   5              		.eabi_attribute 20, 1
   6              		.eabi_attribute 21, 1
   7              		.eabi_attribute 23, 3
   8              		.eabi_attribute 24, 1
   9              		.eabi_attribute 25, 1
  10              		.eabi_attribute 26, 1
  11              		.eabi_attribute 30, 4
  12              		.eabi_attribute 34, 1
  13              		.eabi_attribute 18, 4
  14              		.thumb
  15              		.file	"MULTIPLEXER.c"
  16              		.section	.text.DAVE_MUX_Init,"ax",%progbits
  17              		.align	1
  18              		.global	DAVE_MUX_Init
  19              		.thumb
  20              		.thumb_func
  22              	DAVE_MUX_Init:
  23              		@ args = 0, pretend = 0, frame = 0
  24              		@ frame_needed = 0, uses_anonymous_args = 0
  25              		@ link register save eliminated.
  26 0000 504B     		ldr	r3, .L2
  27 0002 5A6F     		ldr	r2, [r3, #116]
  28 0004 22F44050 		bic	r0, r2, #12288
  29 0008 40F48051 		orr	r1, r0, #4096
  30 000c 5967     		str	r1, [r3, #116]
  31 000e 5A69     		ldr	r2, [r3, #20]
  32 0010 42F40000 		orr	r0, r2, #8388608
  33 0014 5861     		str	r0, [r3, #20]
  34 0016 596F     		ldr	r1, [r3, #116]
  35 0018 21F44042 		bic	r2, r1, #49152
  36 001c 42F48040 		orr	r0, r2, #16384
  37 0020 5867     		str	r0, [r3, #116]
  38 0022 5969     		ldr	r1, [r3, #20]
  39 0024 41F00042 		orr	r2, r1, #-2147483648
  40 0028 5A61     		str	r2, [r3, #20]
  41 002a 03F58073 		add	r3, r3, #256
  42 002e 586F     		ldr	r0, [r3, #116]
  43 0030 20F00301 		bic	r1, r0, #3
  44 0034 41F00102 		orr	r2, r1, #1
  45 0038 5A67     		str	r2, [r3, #116]
  46 003a 1869     		ldr	r0, [r3, #16]
  47 003c 40F08001 		orr	r1, r0, #128
  48 0040 1961     		str	r1, [r3, #16]
  49 0042 5A69     		ldr	r2, [r3, #20]
  50 0044 22F46050 		bic	r0, r2, #14336
  51 0048 40F40061 		orr	r1, r0, #2048
  52 004c 5961     		str	r1, [r3, #20]
  53 004e 5A69     		ldr	r2, [r3, #20]
  54 0050 42F40040 		orr	r0, r2, #32768
  55 0054 5861     		str	r0, [r3, #20]
  56 0056 5969     		ldr	r1, [r3, #20]
  57 0058 21F06052 		bic	r2, r1, #939524096
  58 005c 42F00060 		orr	r0, r2, #134217728
  59 0060 5861     		str	r0, [r3, #20]
  60 0062 5969     		ldr	r1, [r3, #20]
  61 0064 41F00042 		orr	r2, r1, #-2147483648
  62 0068 5A61     		str	r2, [r3, #20]
  63 006a 9869     		ldr	r0, [r3, #24]
  64 006c 20F03801 		bic	r1, r0, #56
  65 0070 41F00802 		orr	r2, r1, #8
  66 0074 9A61     		str	r2, [r3, #24]
  67 0076 9869     		ldr	r0, [r3, #24]
  68 0078 40F08001 		orr	r1, r0, #128
  69 007c 9961     		str	r1, [r3, #24]
  70 007e 9A69     		ldr	r2, [r3, #24]
  71 0080 22F46050 		bic	r0, r2, #14336
  72 0084 40F40061 		orr	r1, r0, #2048
  73 0088 9961     		str	r1, [r3, #24]
  74 008a 9A69     		ldr	r2, [r3, #24]
  75 008c 42F40040 		orr	r0, r2, #32768
  76 0090 9861     		str	r0, [r3, #24]
  77 0092 03F58073 		add	r3, r3, #256
  78 0096 596F     		ldr	r1, [r3, #116]
  79 0098 21F44062 		bic	r2, r1, #3072
  80 009c 42F48060 		orr	r0, r2, #1024
  81 00a0 5867     		str	r0, [r3, #116]
  82 00a2 5969     		ldr	r1, [r3, #20]
  83 00a4 41F40042 		orr	r2, r1, #32768
  84 00a8 5A61     		str	r2, [r3, #20]
  85 00aa 586F     		ldr	r0, [r3, #116]
  86 00ac 20F44051 		bic	r1, r0, #12288
  87 00b0 41F48052 		orr	r2, r1, #4096
  88 00b4 5A67     		str	r2, [r3, #116]
  89 00b6 5869     		ldr	r0, [r3, #20]
  90 00b8 40F40001 		orr	r1, r0, #8388608
  91 00bc 5961     		str	r1, [r3, #20]
  92 00be 9A69     		ldr	r2, [r3, #24]
  93 00c0 42F40040 		orr	r0, r2, #32768
  94 00c4 9861     		str	r0, [r3, #24]
  95 00c6 D3F87411 		ldr	r1, [r3, #372]
  96 00ca 21F00302 		bic	r2, r1, #3
  97 00ce 42F00100 		orr	r0, r2, #1
  98 00d2 C3F87401 		str	r0, [r3, #372]
  99 00d6 D3F81011 		ldr	r1, [r3, #272]
 100 00da 41F08002 		orr	r2, r1, #128
 101 00de C3F81021 		str	r2, [r3, #272]
 102 00e2 D3F87401 		ldr	r0, [r3, #372]
 103 00e6 20F00C01 		bic	r1, r0, #12
 104 00ea 41F00402 		orr	r2, r1, #4
 105 00ee C3F87421 		str	r2, [r3, #372]
 106 00f2 D3F81001 		ldr	r0, [r3, #272]
 107 00f6 40F40041 		orr	r1, r0, #32768
 108 00fa C3F81011 		str	r1, [r3, #272]
 109 00fe 124B     		ldr	r3, .L2+4
 110 0100 D3F8B020 		ldr	r2, [r3, #176]
 111 0104 22F01F00 		bic	r0, r2, #31
 112 0108 40F00101 		orr	r1, r0, #1
 113 010c C3F8B010 		str	r1, [r3, #176]
 114 0110 D3F80022 		ldr	r2, [r3, #512]
 115 0114 42F47020 		orr	r0, r2, #983040
 116 0118 C3F80002 		str	r0, [r3, #512]
 117 011c 0B4B     		ldr	r3, .L2+8
 118 011e 1968     		ldr	r1, [r3, #0]
 119 0120 21F44072 		bic	r2, r1, #768
 120 0124 42F40070 		orr	r0, r2, #512
 121 0128 1860     		str	r0, [r3, #0]
 122 012a 1968     		ldr	r1, [r3, #0]
 123 012c 21F44062 		bic	r2, r1, #3072
 124 0130 42F40060 		orr	r0, r2, #2048
 125 0134 1860     		str	r0, [r3, #0]
 126 0136 1968     		ldr	r1, [r3, #0]
 127 0138 21F44002 		bic	r2, r1, #12582912
 128 013c 42F48000 		orr	r0, r2, #4194304
 129 0140 1860     		str	r0, [r3, #0]
 130 0142 7047     		bx	lr
 131              	.L3:
 132              		.align	2
 133              	.L2:
 134 0144 00810248 		.word	1208123648
 135 0148 00440040 		.word	1073759232
 136 014c 40400050 		.word	1342193728
 138              		.section	.text.DAVE_MUX_PreInit,"ax",%progbits
 139              		.align	1
 140              		.global	DAVE_MUX_PreInit
 141              		.thumb
 142              		.thumb_func
 144              	DAVE_MUX_PreInit:
 145              		@ args = 0, pretend = 0, frame = 0
 146              		@ frame_needed = 0, uses_anonymous_args = 0
 147              		@ link register save eliminated.
 148 0000 044B     		ldr	r3, .L5
 149 0002 1A6E     		ldr	r2, [r3, #96]
 150 0004 22F48070 		bic	r0, r2, #256
 151 0008 1866     		str	r0, [r3, #96]
 152 000a 196E     		ldr	r1, [r3, #96]
 153 000c 21F40072 		bic	r2, r1, #512
 154 0010 1A66     		str	r2, [r3, #96]
 155 0012 7047     		bx	lr
 156              	.L6:
 157              		.align	2
 158              	.L5:
 159 0014 008F0248 		.word	1208127232
 161              		.ident	"GCC: (GNU Tools for ARM Embedded Processors) 4.7.4 20130913 (release) [ARM/embedded-4_7-br
DEFINED SYMBOLS
                            *ABS*:00000000 MULTIPLEXER.c
C:\Users\Mihai\AppData\Local\Temp\ccQRh6ON.s:17     .text.DAVE_MUX_Init:00000000 $t
C:\Users\Mihai\AppData\Local\Temp\ccQRh6ON.s:22     .text.DAVE_MUX_Init:00000000 DAVE_MUX_Init
C:\Users\Mihai\AppData\Local\Temp\ccQRh6ON.s:134    .text.DAVE_MUX_Init:00000144 $d
C:\Users\Mihai\AppData\Local\Temp\ccQRh6ON.s:139    .text.DAVE_MUX_PreInit:00000000 $t
C:\Users\Mihai\AppData\Local\Temp\ccQRh6ON.s:144    .text.DAVE_MUX_PreInit:00000000 DAVE_MUX_PreInit
C:\Users\Mihai\AppData\Local\Temp\ccQRh6ON.s:159    .text.DAVE_MUX_PreInit:00000014 $d

NO UNDEFINED SYMBOLS
