   1              		.syntax unified
   2              		.cpu cortex-m4
   3              		.eabi_attribute 27, 3
   4              		.fpu fpv4-sp-d16
   5              		.eabi_attribute 20, 1
   6              		.eabi_attribute 21, 1
   7              		.eabi_attribute 23, 3
   8              		.eabi_attribute 24, 1
   9              		.eabi_attribute 25, 1
  10              		.eabi_attribute 26, 1
  11              		.eabi_attribute 30, 4
  12              		.eabi_attribute 34, 1
  13              		.eabi_attribute 18, 4
  14              		.thumb
  15              		.file	"DMA_Descriptors.c"
  16              		.comm	Eth_RxDMADescList,240,4
  17              		.comm	Eth_RxBuffer,9120,1
  18              		.comm	Eth_TxBuffer,9120,1
  19              		.comm	Eth_TxDMADescList,240,4
  20              		.ident	"GCC: (GNU Tools for ARM Embedded Processors) 4.7.4 20130913 (release) [ARM/embedded-4_7-br
DEFINED SYMBOLS
                            *ABS*:00000000 DMA_Descriptors.c
                            *COM*:000000f0 Eth_RxDMADescList
                            *COM*:000023a0 Eth_RxBuffer
                            *COM*:000023a0 Eth_TxBuffer
                            *COM*:000000f0 Eth_TxDMADescList

NO UNDEFINED SYMBOLS
