   1              		.syntax unified
   2              		.cpu cortex-m4
   3              		.eabi_attribute 27, 3
   4              		.fpu fpv4-sp-d16
   5              		.eabi_attribute 20, 1
   6              		.eabi_attribute 21, 1
   7              		.eabi_attribute 23, 3
   8              		.eabi_attribute 24, 1
   9              		.eabi_attribute 25, 1
  10              		.eabi_attribute 26, 1
  11              		.eabi_attribute 30, 4
  12              		.eabi_attribute 34, 1
  13              		.eabi_attribute 18, 4
  14              		.thumb
  15              		.file	"etharp.c"
  16              		.section	.text.etharp_send_ip,"ax",%progbits
  17              		.align	1
  18              		.thumb
  19              		.thumb_func
  21              	etharp_send_ip:
  22              		@ args = 0, pretend = 0, frame = 0
  23              		@ frame_needed = 0, uses_anonymous_args = 0
  24 0000 F8B5     		push	{r3, r4, r5, r6, r7, lr}
  25 0002 4D68     		ldr	r5, [r1, #4]
  26 0004 0646     		mov	r6, r0
  27 0006 0F46     		mov	r7, r1
  28 0008 0624     		movs	r4, #6
  29              	.L2:
  30 000a 013C     		subs	r4, r4, #1
  31 000c E4B2     		uxtb	r4, r4
  32 000e 195D     		ldrb	r1, [r3, r4]	@ zero_extendqisi2
  33 0010 2955     		strb	r1, [r5, r4]
  34 0012 2919     		adds	r1, r5, r4
  35 0014 105D     		ldrb	r0, [r2, r4]	@ zero_extendqisi2
  36 0016 8871     		strb	r0, [r1, #6]
  37 0018 002C     		cmp	r4, #0
  38 001a F6D1     		bne	.L2
  39 001c 4FF40060 		mov	r0, #2048
  40 0020 FFF7FEFF 		bl	htons
  41 0024 A881     		strh	r0, [r5, #12]	@ unaligned
  42 0026 B369     		ldr	r3, [r6, #24]
  43 0028 3046     		mov	r0, r6
  44 002a 3946     		mov	r1, r7
  45 002c 9847     		blx	r3
  46 002e F8BD     		pop	{r3, r4, r5, r6, r7, pc}
  48              		.section	.text.free_etharp_q,"ax",%progbits
  49              		.align	1
  50              		.thumb
  51              		.thumb_func
  53              	free_etharp_q:
  54              		@ args = 0, pretend = 0, frame = 0
  55              		@ frame_needed = 0, uses_anonymous_args = 0
  56 0000 38B5     		push	{r3, r4, r5, lr}
  57 0002 0446     		mov	r4, r0
  58              	.L6:
  59 0004 44B1     		cbz	r4, .L8
  60              	.L7:
  61 0006 2568     		ldr	r5, [r4, #0]
  62 0008 6068     		ldr	r0, [r4, #4]
  63 000a FFF7FEFF 		bl	pbuf_free
  64 000e 2046     		mov	r0, r4
  65 0010 FFF7FEFF 		bl	mem_free
  66 0014 2C46     		mov	r4, r5
  67 0016 F5E7     		b	.L6
  68              	.L8:
  69 0018 38BD     		pop	{r3, r4, r5, pc}
  71              		.section	.text.find_entry,"ax",%progbits
  72              		.align	1
  73              		.thumb
  74              		.thumb_func
  76              	find_entry:
  77              		@ args = 0, pretend = 0, frame = 0
  78              		@ frame_needed = 0, uses_anonymous_args = 0
  79 0000 2DE9F84F 		push	{r3, r4, r5, r6, r7, r8, r9, sl, fp, lr}
  80 0004 8B46     		mov	fp, r1
  81 0006 0446     		mov	r4, r0
  82 0008 38B1     		cbz	r0, .L10
  83 000a 464A     		ldr	r2, .L46
  84 000c 1378     		ldrb	r3, [r2, #0]	@ zero_extendqisi2
  85 000e 1420     		movs	r0, #20
  86 0010 00FB0321 		mla	r1, r0, r3, r2
  87 0014 8A7C     		ldrb	r2, [r1, #18]	@ zero_extendqisi2
  88 0016 022A     		cmp	r2, #2
  89 0018 09D0     		beq	.L11
  90              	.L10:
  91 001a 0026     		movs	r6, #0
  92 001c 0A20     		movs	r0, #10
  93 001e 424A     		ldr	r2, .L46+4
  94 0020 B046     		mov	r8, r6
  95 0022 B146     		mov	r9, r6
  96 0024 3346     		mov	r3, r6
  97 0026 0546     		mov	r5, r0
  98 0028 8446     		mov	ip, r0
  99 002a 0746     		mov	r7, r0
 100 002c 0FE0     		b	.L12
 101              	.L11:
 102 002e 2068     		ldr	r0, [r4, #0]	@ unaligned
 103 0030 8968     		ldr	r1, [r1, #8]
 104 0032 8842     		cmp	r0, r1
 105 0034 F1D1     		bne	.L10
 106 0036 30E0     		b	.L42
 107              	.L45:
 108 0038 92F80EA0 		ldrb	sl, [r2, #14]	@ zero_extendqisi2
 109 003c BAF1000F 		cmp	sl, #0
 110 0040 07D1     		bne	.L14
 111 0042 DDB2     		uxtb	r5, r3
 112              	.L15:
 113 0044 0133     		adds	r3, r3, #1
 114 0046 DBB2     		uxtb	r3, r3
 115 0048 1432     		adds	r2, r2, #20
 116 004a 0A2B     		cmp	r3, #10
 117 004c 2FD0     		beq	.L44
 118              	.L12:
 119 004e 0A2D     		cmp	r5, #10
 120 0050 F2D0     		beq	.L45
 121              	.L14:
 122 0052 92F80EA0 		ldrb	sl, [r2, #14]	@ zero_extendqisi2
 123 0056 BAF1010F 		cmp	sl, #1
 124 005a 13D1     		bne	.L16
 125 005c 24B1     		cbz	r4, .L17
 126 005e D4F800A0 		ldr	sl, [r4, #0]	@ unaligned
 127 0062 5168     		ldr	r1, [r2, #4]
 128 0064 8A45     		cmp	sl, r1
 129 0066 16D0     		beq	.L43
 130              	.L17:
 131 0068 1168     		ldr	r1, [r2, #0]
 132 006a 92F80FA0 		ldrb	sl, [r2, #15]	@ zero_extendqisi2
 133 006e 21B1     		cbz	r1, .L18
 134 0070 B245     		cmp	sl, r6
 135 0072 E7D3     		bcc	.L15
 136 0074 D8B2     		uxtb	r0, r3
 137 0076 5646     		mov	r6, sl
 138 0078 E4E7     		b	.L15
 139              	.L18:
 140 007a CA45     		cmp	sl, r9
 141 007c E2D3     		bcc	.L15
 142 007e DFB2     		uxtb	r7, r3
 143 0080 D146     		mov	r9, sl
 144 0082 DFE7     		b	.L15
 145              	.L16:
 146 0084 BAF1020F 		cmp	sl, #2
 147 0088 DCD1     		bne	.L15
 148 008a 44B1     		cbz	r4, .L19
 149 008c D4F800A0 		ldr	sl, [r4, #0]	@ unaligned
 150 0090 5168     		ldr	r1, [r2, #4]
 151 0092 8A45     		cmp	sl, r1
 152 0094 03D1     		bne	.L19
 153              	.L43:
 154 0096 234A     		ldr	r2, .L46
 155 0098 1370     		strb	r3, [r2, #0]
 156              	.L42:
 157 009a DBB2     		uxtb	r3, r3
 158 009c 3EE0     		b	.L13
 159              	.L19:
 160 009e 92F80FA0 		ldrb	sl, [r2, #15]	@ zero_extendqisi2
 161 00a2 C245     		cmp	sl, r8
 162 00a4 24BF     		itt	cs
 163 00a6 5FFA83FC 		uxtbcs	ip, r3
 164 00aa D046     		movcs	r8, sl
 165 00ac CAE7     		b	.L15
 166              	.L44:
 167 00ae 0A2D     		cmp	r5, #10
 168 00b0 02D1     		bne	.L20
 169 00b2 1BF0010F 		tst	fp, #1
 170 00b6 30D0     		beq	.L28
 171              	.L20:
 172 00b8 0BF00201 		and	r1, fp, #2
 173 00bc 5FFA81F8 		uxtb	r8, r1
 174 00c0 B8F1000F 		cmp	r8, #0
 175 00c4 29D1     		bne	.L28
 176 00c6 0A2D     		cmp	r5, #10
 177 00c8 01D0     		beq	.L21
 178 00ca EDB2     		uxtb	r5, r5
 179 00cc 15E0     		b	.L22
 180              	.L21:
 181 00ce BCF10A0F 		cmp	ip, #10
 182 00d2 02D0     		beq	.L23
 183 00d4 5FFA8CF5 		uxtb	r5, ip
 184 00d8 0FE0     		b	.L22
 185              	.L23:
 186 00da 0A2F     		cmp	r7, #10
 187 00dc 01D0     		beq	.L24
 188 00de FDB2     		uxtb	r5, r7
 189 00e0 0BE0     		b	.L22
 190              	.L24:
 191 00e2 0A28     		cmp	r0, #10
 192 00e4 19D0     		beq	.L28
 193 00e6 C5B2     		uxtb	r5, r0
 194 00e8 0E48     		ldr	r0, .L46
 195 00ea 1426     		movs	r6, #20
 196 00ec 06FB0506 		mla	r6, r6, r5, r0
 197 00f0 7068     		ldr	r0, [r6, #4]
 198 00f2 FFF7FEFF 		bl	free_etharp_q
 199 00f6 C6F80480 		str	r8, [r6, #4]
 200              	.L22:
 201 00fa 0A4B     		ldr	r3, .L46
 202 00fc 1421     		movs	r1, #20
 203 00fe 01FB0532 		mla	r2, r1, r5, r3
 204 0102 0026     		movs	r6, #0
 205 0104 9674     		strb	r6, [r2, #18]
 206 0106 0CB1     		cbz	r4, .L25
 207 0108 2068     		ldr	r0, [r4, #0]	@ unaligned
 208 010a 9060     		str	r0, [r2, #8]
 209              	.L25:
 210 010c 01FB0531 		mla	r1, r1, r5, r3
 211 0110 0022     		movs	r2, #0
 212 0112 1D70     		strb	r5, [r3, #0]
 213 0114 CA74     		strb	r2, [r1, #19]
 214 0116 EBB2     		uxtb	r3, r5
 215 0118 00E0     		b	.L13
 216              	.L28:
 217 011a FF23     		movs	r3, #255
 218              	.L13:
 219 011c 58B2     		sxtb	r0, r3
 220 011e BDE8F88F 		pop	{r3, r4, r5, r6, r7, r8, r9, sl, fp, pc}
 221              	.L47:
 222 0122 00BF     		.align	2
 223              	.L46:
 224 0124 00000000 		.word	.LANCHOR0
 225 0128 04000000 		.word	.LANCHOR0+4
 227              		.section	.text.update_arp_entry,"ax",%progbits
 228              		.align	1
 229              		.thumb
 230              		.thumb_func
 232              	update_arp_entry:
 233              		@ args = 0, pretend = 0, frame = 0
 234              		@ frame_needed = 0, uses_anonymous_args = 0
 235 0000 2DE9F041 		push	{r4, r5, r6, r7, r8, lr}
 236 0004 0646     		mov	r6, r0
 237 0006 1746     		mov	r7, r2
 238 0008 1D46     		mov	r5, r3
 239 000a 0C46     		mov	r4, r1
 240 000c 09B9     		cbnz	r1, .L49
 241              	.L51:
 242 000e F620     		movs	r0, #246
 243 0010 47E0     		b	.L50
 244              	.L49:
 245 0012 0B68     		ldr	r3, [r1, #0]	@ unaligned
 246 0014 002B     		cmp	r3, #0
 247 0016 FAD0     		beq	.L51
 248 0018 0846     		mov	r0, r1
 249 001a 3146     		mov	r1, r6
 250 001c FFF7FEFF 		bl	ip_addr_isbroadcast
 251 0020 0028     		cmp	r0, #0
 252 0022 F4D1     		bne	.L51
 253 0024 4FF07040 		mov	r0, #-268435456
 254 0028 D4F80080 		ldr	r8, [r4, #0]	@ unaligned
 255 002c FFF7FEFF 		bl	ntohl
 256 0030 00EA0808 		and	r8, r0, r8
 257 0034 4FF06040 		mov	r0, #-536870912
 258 0038 FFF7FEFF 		bl	ntohl
 259 003c 8045     		cmp	r8, r0
 260 003e E6D0     		beq	.L51
 261 0040 2946     		mov	r1, r5
 262 0042 2046     		mov	r0, r4
 263 0044 FFF7FEFF 		bl	find_entry
 264 0048 0546     		mov	r5, r0
 265 004a 002D     		cmp	r5, #0
 266 004c 29DB     		blt	.L50
 267 004e 1648     		ldr	r0, .L59
 268 0050 1422     		movs	r2, #20
 269 0052 02FB0501 		mla	r1, r2, r5, r0
 270 0056 0224     		movs	r4, #2
 271 0058 8C74     		strb	r4, [r1, #18]
 272 005a 4E61     		str	r6, [r1, #20]
 273 005c 0624     		movs	r4, #6
 274              	.L52:
 275 005e 631E     		subs	r3, r4, #1
 276 0060 1149     		ldr	r1, .L59
 277 0062 DCB2     		uxtb	r4, r3
 278 0064 1422     		movs	r2, #20
 279 0066 02FB0513 		mla	r3, r2, r5, r1
 280 006a 385D     		ldrb	r0, [r7, r4]	@ zero_extendqisi2
 281 006c 1A19     		adds	r2, r3, r4
 282 006e 1073     		strb	r0, [r2, #12]
 283 0070 002C     		cmp	r4, #0
 284 0072 F4D1     		bne	.L52
 285 0074 DC74     		strb	r4, [r3, #19]
 286              	.L53:
 287 0076 0C49     		ldr	r1, .L59
 288 0078 1420     		movs	r0, #20
 289 007a 00FB0513 		mla	r3, r0, r5, r1
 290 007e 5868     		ldr	r0, [r3, #4]
 291 0080 78B1     		cbz	r0, .L50
 292              	.L54:
 293 0082 0468     		ldr	r4, [r0, #0]
 294 0084 5C60     		str	r4, [r3, #4]
 295 0086 4468     		ldr	r4, [r0, #4]
 296 0088 FFF7FEFF 		bl	mem_free
 297 008c 3046     		mov	r0, r6
 298 008e 2146     		mov	r1, r4
 299 0090 06F12302 		add	r2, r6, #35
 300 0094 3B46     		mov	r3, r7
 301 0096 FFF7FEFF 		bl	etharp_send_ip
 302 009a 2046     		mov	r0, r4
 303 009c FFF7FEFF 		bl	pbuf_free
 304 00a0 E9E7     		b	.L53
 305              	.L50:
 306 00a2 40B2     		sxtb	r0, r0
 307 00a4 BDE8F081 		pop	{r4, r5, r6, r7, r8, pc}
 308              	.L60:
 309              		.align	2
 310              	.L59:
 311 00a8 00000000 		.word	.LANCHOR0
 313              		.section	.text.etharp_tmr,"ax",%progbits
 314              		.align	1
 315              		.global	etharp_tmr
 316              		.thumb
 317              		.thumb_func
 319              	etharp_tmr:
 320              		@ args = 0, pretend = 0, frame = 0
 321              		@ frame_needed = 0, uses_anonymous_args = 0
 322 0000 38B5     		push	{r3, r4, r5, lr}
 323 0002 0E4C     		ldr	r4, .L72
 324 0004 04F1C805 		add	r5, r4, #200
 325              	.L66:
 326 0008 E37B     		ldrb	r3, [r4, #15]	@ zero_extendqisi2
 327 000a A27B     		ldrb	r2, [r4, #14]	@ zero_extendqisi2
 328 000c 581C     		adds	r0, r3, #1
 329 000e C1B2     		uxtb	r1, r0
 330 0010 022A     		cmp	r2, #2
 331 0012 E173     		strb	r1, [r4, #15]
 332 0014 01D1     		bne	.L62
 333 0016 EF29     		cmp	r1, #239
 334 0018 02E0     		b	.L71
 335              	.L62:
 336 001a 012A     		cmp	r2, #1
 337 001c 09D1     		bne	.L64
 338 001e 0129     		cmp	r1, #1
 339              	.L71:
 340 0020 07D9     		bls	.L64
 341 0022 2068     		ldr	r0, [r4, #0]
 342 0024 18B1     		cbz	r0, .L65
 343 0026 FFF7FEFF 		bl	free_etharp_q
 344 002a 0023     		movs	r3, #0
 345 002c 2360     		str	r3, [r4, #0]
 346              	.L65:
 347 002e 0020     		movs	r0, #0
 348 0030 A073     		strb	r0, [r4, #14]
 349              	.L64:
 350 0032 1434     		adds	r4, r4, #20
 351 0034 AC42     		cmp	r4, r5
 352 0036 E7D1     		bne	.L66
 353 0038 38BD     		pop	{r3, r4, r5, pc}
 354              	.L73:
 355 003a 00BF     		.align	2
 356              	.L72:
 357 003c 04000000 		.word	.LANCHOR0+4
 359              		.section	.text.etharp_find_addr,"ax",%progbits
 360              		.align	1
 361              		.global	etharp_find_addr
 362              		.thumb
 363              		.thumb_func
 365              	etharp_find_addr:
 366              		@ args = 0, pretend = 0, frame = 0
 367              		@ frame_needed = 0, uses_anonymous_args = 0
 368 0000 70B5     		push	{r4, r5, r6, lr}
 369 0002 0846     		mov	r0, r1
 370 0004 0221     		movs	r1, #2
 371 0006 1546     		mov	r5, r2
 372 0008 1E46     		mov	r6, r3
 373 000a FFF7FEFF 		bl	find_entry
 374 000e 0028     		cmp	r0, #0
 375 0010 0FDB     		blt	.L77
 376 0012 1421     		movs	r1, #20
 377 0014 084C     		ldr	r4, .L78
 378 0016 4143     		muls	r1, r0, r1
 379 0018 6318     		adds	r3, r4, r1
 380 001a 9A7C     		ldrb	r2, [r3, #18]	@ zero_extendqisi2
 381 001c 022A     		cmp	r2, #2
 382 001e 08D1     		bne	.L77
 383 0020 0434     		adds	r4, r4, #4
 384 0022 01F10803 		add	r3, r1, #8
 385 0026 6118     		adds	r1, r4, r1
 386 0028 E218     		adds	r2, r4, r3
 387 002a 0B1D     		adds	r3, r1, #4
 388 002c 2A60     		str	r2, [r5, #0]
 389 002e 3360     		str	r3, [r6, #0]
 390 0030 00E0     		b	.L75
 391              	.L77:
 392 0032 FF20     		movs	r0, #255
 393              	.L75:
 394 0034 40B2     		sxtb	r0, r0
 395 0036 70BD     		pop	{r4, r5, r6, pc}
 396              	.L79:
 397              		.align	2
 398              	.L78:
 399 0038 00000000 		.word	.LANCHOR0
 401              		.section	.text.etharp_ip_input,"ax",%progbits
 402              		.align	1
 403              		.global	etharp_ip_input
 404              		.thumb
 405              		.thumb_func
 407              	etharp_ip_input:
 408              		@ args = 0, pretend = 0, frame = 0
 409              		@ frame_needed = 0, uses_anonymous_args = 0
 410 0000 10B5     		push	{r4, lr}
 411 0002 0446     		mov	r4, r0
 412 0004 70B1     		cbz	r0, .L80
 413 0006 4A68     		ldr	r2, [r1, #4]
 414 0008 4368     		ldr	r3, [r0, #4]
 415 000a D2F81A10 		ldr	r1, [r2, #26]	@ unaligned
 416 000e 5940     		eors	r1, r1, r3
 417 0010 8368     		ldr	r3, [r0, #8]
 418 0012 0B40     		ands	r3, r1, r3
 419 0014 06D1     		bne	.L80
 420 0016 02F11A01 		add	r1, r2, #26
 421 001a 0632     		adds	r2, r2, #6
 422 001c BDE81040 		pop	{r4, lr}
 423 0020 FFF7FEBF 		b	update_arp_entry
 424              	.L80:
 425 0024 10BD     		pop	{r4, pc}
 427              		.section	.text.etharp_arp_input,"ax",%progbits
 428              		.align	1
 429              		.global	etharp_arp_input
 430              		.thumb
 431              		.thumb_func
 433              	etharp_arp_input:
 434              		@ args = 0, pretend = 0, frame = 8
 435              		@ frame_needed = 0, uses_anonymous_args = 0
 436 0000 2DE9F341 		push	{r0, r1, r4, r5, r6, r7, r8, lr}
 437 0004 0F46     		mov	r7, r1
 438 0006 1646     		mov	r6, r2
 439 0008 0546     		mov	r5, r0
 440 000a 0028     		cmp	r0, #0
 441 000c 60D0     		beq	.L85
 442 000e 5389     		ldrh	r3, [r2, #10]
 443 0010 292B     		cmp	r3, #41
 444 0012 5AD9     		bls	.L93
 445              	.L87:
 446 0014 5468     		ldr	r4, [r2, #4]
 447 0016 0120     		movs	r0, #1
 448 0018 B4F80E80 		ldrh	r8, [r4, #14]	@ unaligned
 449 001c FFF7FEFF 		bl	htons
 450 0020 8045     		cmp	r8, r0
 451 0022 52D1     		bne	.L93
 452 0024 40F20460 		movw	r0, #1540
 453 0028 B4F81280 		ldrh	r8, [r4, #18]	@ unaligned
 454 002c FFF7FEFF 		bl	htons
 455 0030 8045     		cmp	r8, r0
 456 0032 4AD1     		bne	.L93
 457 0034 4FF40060 		mov	r0, #2048
 458 0038 B4F81080 		ldrh	r8, [r4, #16]	@ unaligned
 459 003c FFF7FEFF 		bl	htons
 460 0040 8045     		cmp	r8, r0
 461 0042 42D1     		bne	.L93
 462 0044 40F60600 		movw	r0, #2054
 463 0048 B4F80C80 		ldrh	r8, [r4, #12]	@ unaligned
 464 004c FFF7FEFF 		bl	htons
 465 0050 8045     		cmp	r8, r0
 466 0052 3AD1     		bne	.L93
 467 0054 E069     		ldr	r0, [r4, #28]	@ unaligned
 468 0056 6B68     		ldr	r3, [r5, #4]
 469 0058 0190     		str	r0, [sp, #4]	@ unaligned
 470 005a D4F82610 		ldr	r1, [r4, #38]	@ unaligned
 471 005e 04F11602 		add	r2, r4, #22
 472 0062 2846     		mov	r0, r5
 473 0064 43B1     		cbz	r3, .L91
 474 0066 9942     		cmp	r1, r3
 475 0068 06D1     		bne	.L91
 476 006a 01A9     		add	r1, sp, #4
 477 006c 0123     		movs	r3, #1
 478 006e FFF7FEFF 		bl	update_arp_entry
 479 0072 4FF00108 		mov	r8, #1
 480 0076 05E0     		b	.L92
 481              	.L91:
 482 0078 01A9     		add	r1, sp, #4
 483 007a 0023     		movs	r3, #0
 484 007c FFF7FEFF 		bl	update_arp_entry
 485 0080 4FF00008 		mov	r8, #0
 486              	.L92:
 487 0084 A08A     		ldrh	r0, [r4, #20]	@ unaligned
 488 0086 FFF7FEFF 		bl	htons
 489 008a 0128     		cmp	r0, #1
 490 008c 1DD1     		bne	.L93
 491 008e B8F1000F 		cmp	r8, #0
 492 0092 1AD0     		beq	.L93
 493 0094 0220     		movs	r0, #2
 494 0096 FFF7FEFF 		bl	htons
 495 009a E269     		ldr	r2, [r4, #28]	@ unaligned
 496 009c A082     		strh	r0, [r4, #20]	@ unaligned
 497 009e C4F82620 		str	r2, [r4, #38]	@ unaligned
 498 00a2 6868     		ldr	r0, [r5, #4]	@ unaligned
 499 00a4 0623     		movs	r3, #6
 500 00a6 E061     		str	r0, [r4, #28]	@ unaligned
 501              	.L95:
 502 00a8 591E     		subs	r1, r3, #1
 503 00aa CBB2     		uxtb	r3, r1
 504 00ac E218     		adds	r2, r4, r3
 505 00ae 907D     		ldrb	r0, [r2, #22]	@ zero_extendqisi2
 506 00b0 82F82000 		strb	r0, [r2, #32]
 507 00b4 E054     		strb	r0, [r4, r3]
 508 00b6 F95C     		ldrb	r1, [r7, r3]	@ zero_extendqisi2
 509 00b8 9175     		strb	r1, [r2, #22]
 510 00ba F85C     		ldrb	r0, [r7, r3]	@ zero_extendqisi2
 511 00bc 9071     		strb	r0, [r2, #6]
 512 00be 002B     		cmp	r3, #0
 513 00c0 F2D1     		bne	.L95
 514 00c2 AB69     		ldr	r3, [r5, #24]
 515 00c4 2846     		mov	r0, r5
 516 00c6 3146     		mov	r1, r6
 517 00c8 9847     		blx	r3
 518              	.L93:
 519 00ca 3046     		mov	r0, r6
 520 00cc FFF7FEFF 		bl	pbuf_free
 521              	.L85:
 522 00d0 BDE8FC81 		pop	{r2, r3, r4, r5, r6, r7, r8, pc}
 524              		.section	.text.etharp_request,"ax",%progbits
 525              		.align	1
 526              		.global	etharp_request
 527              		.thumb
 528              		.thumb_func
 530              	etharp_request:
 531              		@ args = 0, pretend = 0, frame = 0
 532              		@ frame_needed = 0, uses_anonymous_args = 0
 533 0000 2DE9F041 		push	{r4, r5, r6, r7, r8, lr}
 534 0004 0022     		movs	r2, #0
 535 0006 0646     		mov	r6, r0
 536 0008 8846     		mov	r8, r1
 537 000a 00F12307 		add	r7, r0, #35
 538 000e 2A21     		movs	r1, #42
 539 0010 0320     		movs	r0, #3
 540 0012 FFF7FEFF 		bl	pbuf_alloc
 541 0016 0546     		mov	r5, r0
 542 0018 0028     		cmp	r0, #0
 543 001a 37D0     		beq	.L110
 544 001c 4468     		ldr	r4, [r0, #4]
 545 001e 0120     		movs	r0, #1
 546 0020 FFF7FEFF 		bl	htons
 547 0024 0623     		movs	r3, #6
 548 0026 A082     		strh	r0, [r4, #20]	@ unaligned
 549              	.L109:
 550 0028 013B     		subs	r3, r3, #1
 551 002a DBB2     		uxtb	r3, r3
 552 002c E218     		adds	r2, r4, r3
 553 002e F95C     		ldrb	r1, [r7, r3]	@ zero_extendqisi2
 554 0030 1848     		ldr	r0, .L112
 555 0032 9175     		strb	r1, [r2, #22]
 556 0034 C15C     		ldrb	r1, [r0, r3]	@ zero_extendqisi2
 557 0036 C018     		adds	r0, r0, r3
 558 0038 82F82010 		strb	r1, [r2, #32]
 559 003c 8179     		ldrb	r1, [r0, #6]	@ zero_extendqisi2
 560 003e E154     		strb	r1, [r4, r3]
 561 0040 F85C     		ldrb	r0, [r7, r3]	@ zero_extendqisi2
 562 0042 9071     		strb	r0, [r2, #6]
 563 0044 002B     		cmp	r3, #0
 564 0046 EFD1     		bne	.L109
 565 0048 D8F80030 		ldr	r3, [r8, #0]	@ unaligned
 566 004c C4F82630 		str	r3, [r4, #38]	@ unaligned
 567 0050 7268     		ldr	r2, [r6, #4]	@ unaligned
 568 0052 0120     		movs	r0, #1
 569 0054 E261     		str	r2, [r4, #28]	@ unaligned
 570 0056 FFF7FEFF 		bl	htons
 571 005a E081     		strh	r0, [r4, #14]	@ unaligned
 572 005c 4FF40060 		mov	r0, #2048
 573 0060 FFF7FEFF 		bl	htons
 574 0064 2082     		strh	r0, [r4, #16]	@ unaligned
 575 0066 40F20460 		movw	r0, #1540
 576 006a FFF7FEFF 		bl	htons
 577 006e 6082     		strh	r0, [r4, #18]	@ unaligned
 578 0070 40F60600 		movw	r0, #2054
 579 0074 FFF7FEFF 		bl	htons
 580 0078 A081     		strh	r0, [r4, #12]	@ unaligned
 581 007a B469     		ldr	r4, [r6, #24]
 582 007c 3046     		mov	r0, r6
 583 007e 2946     		mov	r1, r5
 584 0080 A047     		blx	r4
 585 0082 0446     		mov	r4, r0
 586 0084 2846     		mov	r0, r5
 587 0086 FFF7FEFF 		bl	pbuf_free
 588 008a 00E0     		b	.L108
 589              	.L110:
 590 008c FF24     		movs	r4, #255
 591              	.L108:
 592 008e 60B2     		sxtb	r0, r4
 593 0090 BDE8F081 		pop	{r4, r5, r6, r7, r8, pc}
 594              	.L113:
 595              		.align	2
 596              	.L112:
 597 0094 00000000 		.word	.LANCHOR1
 599              		.section	.text.etharp_query,"ax",%progbits
 600              		.align	1
 601              		.global	etharp_query
 602              		.thumb
 603              		.thumb_func
 605              	etharp_query:
 606              		@ args = 0, pretend = 0, frame = 0
 607              		@ frame_needed = 0, uses_anonymous_args = 0
 608 0000 2DE9F041 		push	{r4, r5, r6, r7, r8, lr}
 609 0004 0746     		mov	r7, r0
 610 0006 0E46     		mov	r6, r1
 611 0008 0846     		mov	r0, r1
 612 000a 3946     		mov	r1, r7
 613 000c 1446     		mov	r4, r2
 614 000e FFF7FEFF 		bl	ip_addr_isbroadcast
 615 0012 08B1     		cbz	r0, .L115
 616              	.L117:
 617 0014 F623     		movs	r3, #246
 618 0016 5DE0     		b	.L116
 619              	.L115:
 620 0018 4FF07040 		mov	r0, #-268435456
 621 001c 3568     		ldr	r5, [r6, #0]	@ unaligned
 622 001e FFF7FEFF 		bl	ntohl
 623 0022 0540     		ands	r5, r5, r0
 624 0024 4FF06040 		mov	r0, #-536870912
 625 0028 FFF7FEFF 		bl	ntohl
 626 002c 8542     		cmp	r5, r0
 627 002e F1D0     		beq	.L117
 628 0030 3368     		ldr	r3, [r6, #0]	@ unaligned
 629 0032 002B     		cmp	r3, #0
 630 0034 EED0     		beq	.L117
 631 0036 0121     		movs	r1, #1
 632 0038 3046     		mov	r0, r6
 633 003a FFF7FEFF 		bl	find_entry
 634 003e 0028     		cmp	r0, #0
 635 0040 0546     		mov	r5, r0
 636 0042 0346     		mov	r3, r0
 637 0044 46DB     		blt	.L116
 638 0046 3149     		ldr	r1, .L152
 639 0048 1422     		movs	r2, #20
 640 004a 02FB0013 		mla	r3, r2, r0, r1
 641 004e 987C     		ldrb	r0, [r3, #18]	@ zero_extendqisi2
 642 0050 0C33     		adds	r3, r3, #12
 643 0052 08B9     		cbnz	r0, .L118
 644 0054 0120     		movs	r0, #1
 645 0056 9871     		strb	r0, [r3, #6]
 646              	.L118:
 647 0058 02FB0511 		mla	r1, r2, r5, r1
 648 005c 8A7C     		ldrb	r2, [r1, #18]	@ zero_extendqisi2
 649 005e 012A     		cmp	r2, #1
 650 0060 00D0     		beq	.L119
 651 0062 34B9     		cbnz	r4, .L132
 652              	.L119:
 653 0064 3146     		mov	r1, r6
 654 0066 3846     		mov	r0, r7
 655 0068 FFF7FEFF 		bl	etharp_request
 656 006c 0646     		mov	r6, r0
 657 006e 04B3     		cbz	r4, .L133
 658 0070 00E0     		b	.L120
 659              	.L132:
 660 0072 FF26     		movs	r6, #255
 661              	.L120:
 662 0074 1423     		movs	r3, #20
 663 0076 2548     		ldr	r0, .L152
 664 0078 6B43     		muls	r3, r5, r3
 665 007a C118     		adds	r1, r0, r3
 666 007c 8A7C     		ldrb	r2, [r1, #18]	@ zero_extendqisi2
 667 007e 022A     		cmp	r2, #2
 668 0080 09D1     		bne	.L121
 669 0082 C318     		adds	r3, r0, r3
 670 0084 2146     		mov	r1, r4
 671 0086 3846     		mov	r0, r7
 672 0088 07F12302 		add	r2, r7, #35
 673 008c 0C33     		adds	r3, r3, #12
 674 008e BDE8F041 		pop	{r4, r5, r6, r7, r8, lr}
 675 0092 FFF7FEBF 		b	etharp_send_ip
 676              	.L121:
 677 0096 012A     		cmp	r2, #1
 678 0098 1BD1     		bne	.L134
 679 009a 2346     		mov	r3, r4
 680              	.L123:
 681 009c 1F7B     		ldrb	r7, [r3, #12]	@ zero_extendqisi2
 682 009e 012F     		cmp	r7, #1
 683 00a0 09D1     		bne	.L122
 684 00a2 1B68     		ldr	r3, [r3, #0]
 685 00a4 002B     		cmp	r3, #0
 686 00a6 F9D1     		bne	.L123
 687 00a8 2046     		mov	r0, r4
 688 00aa FFF7FEFF 		bl	pbuf_ref
 689 00ae 2746     		mov	r7, r4
 690 00b0 13E0     		b	.L125
 691              	.L133:
 692 00b2 0346     		mov	r3, r0
 693 00b4 0EE0     		b	.L116
 694              	.L122:
 695 00b6 0320     		movs	r0, #3
 696 00b8 1989     		ldrh	r1, [r3, #8]
 697 00ba 0022     		movs	r2, #0
 698 00bc FFF7FEFF 		bl	pbuf_alloc
 699 00c0 0746     		mov	r7, r0
 700 00c2 30B1     		cbz	r0, .L134
 701              	.L129:
 702 00c4 2146     		mov	r1, r4
 703 00c6 FFF7FEFF 		bl	pbuf_copy
 704 00ca 30B1     		cbz	r0, .L125
 705              	.L149:
 706 00cc 3846     		mov	r0, r7
 707 00ce FFF7FEFF 		bl	pbuf_free
 708              	.L134:
 709 00d2 3346     		mov	r3, r6
 710              	.L116:
 711 00d4 58B2     		sxtb	r0, r3
 712 00d6 BDE8F081 		pop	{r4, r5, r6, r7, r8, pc}
 713              	.L125:
 714 00da 0D48     		ldr	r0, .L152+4
 715 00dc 8089     		ldrh	r0, [r0, #12]
 716 00de FFF7FEFF 		bl	mem_malloc
 717 00e2 0028     		cmp	r0, #0
 718 00e4 F2D0     		beq	.L149
 719              	.L130:
 720 00e6 094A     		ldr	r2, .L152
 721 00e8 1421     		movs	r1, #20
 722 00ea 01FB0525 		mla	r5, r1, r5, r2
 723 00ee 0023     		movs	r3, #0
 724 00f0 80E88800 		stmia	r0, {r3, r7}
 725 00f4 6B68     		ldr	r3, [r5, #4]
 726 00f6 33B1     		cbz	r3, .L150
 727              	.L147:
 728 00f8 1968     		ldr	r1, [r3, #0]
 729 00fa 09B1     		cbz	r1, .L151
 730              	.L135:
 731 00fc 0B46     		mov	r3, r1
 732 00fe FBE7     		b	.L147
 733              	.L151:
 734 0100 1860     		str	r0, [r3, #0]
 735 0102 0B46     		mov	r3, r1
 736 0104 E6E7     		b	.L116
 737              	.L150:
 738 0106 6860     		str	r0, [r5, #4]
 739 0108 E4E7     		b	.L116
 740              	.L153:
 741 010a 00BF     		.align	2
 742              	.L152:
 743 010c 00000000 		.word	.LANCHOR0
 744 0110 00000000 		.word	memp_sizes
 746              		.section	.text.etharp_output,"ax",%progbits
 747              		.align	1
 748              		.global	etharp_output
 749              		.thumb
 750              		.thumb_func
 752              	etharp_output:
 753              		@ args = 0, pretend = 0, frame = 8
 754              		@ frame_needed = 0, uses_anonymous_args = 0
 755 0000 2DE9F341 		push	{r0, r1, r4, r5, r6, r7, r8, lr}
 756 0004 0546     		mov	r5, r0
 757 0006 0E46     		mov	r6, r1
 758 0008 0846     		mov	r0, r1
 759 000a 0E21     		movs	r1, #14
 760 000c 1446     		mov	r4, r2
 761 000e FFF7FEFF 		bl	pbuf_header
 762 0012 0028     		cmp	r0, #0
 763 0014 48D1     		bne	.L159
 764 0016 2046     		mov	r0, r4
 765 0018 2946     		mov	r1, r5
 766 001a FFF7FEFF 		bl	ip_addr_isbroadcast
 767 001e 0746     		mov	r7, r0
 768 0020 0028     		cmp	r0, #0
 769 0022 39D1     		bne	.L160
 770 0024 4FF07040 		mov	r0, #-268435456
 771 0028 D4F80080 		ldr	r8, [r4, #0]	@ unaligned
 772 002c FFF7FEFF 		bl	ntohl
 773 0030 00EA0808 		and	r8, r0, r8
 774 0034 4FF06040 		mov	r0, #-536870912
 775 0038 FFF7FEFF 		bl	ntohl
 776 003c 8045     		cmp	r8, r0
 777 003e 1BD1     		bne	.L157
 778 0040 5E23     		movs	r3, #94
 779 0042 0122     		movs	r2, #1
 780 0044 8DF80230 		strb	r3, [sp, #2]
 781 0048 8DF80020 		strb	r2, [sp, #0]
 782 004c 8DF80170 		strb	r7, [sp, #1]
 783 0050 2068     		ldr	r0, [r4, #0]	@ unaligned
 784 0052 FFF7FEFF 		bl	ntohl
 785 0056 C0F30640 		ubfx	r0, r0, #16, #7
 786 005a 8DF80300 		strb	r0, [sp, #3]
 787 005e 2068     		ldr	r0, [r4, #0]	@ unaligned
 788 0060 FFF7FEFF 		bl	ntohl
 789 0064 010A     		lsrs	r1, r0, #8
 790 0066 8DF80410 		strb	r1, [sp, #4]
 791 006a 2068     		ldr	r0, [r4, #0]	@ unaligned
 792 006c FFF7FEFF 		bl	ntohl
 793 0070 6B46     		mov	r3, sp
 794 0072 8DF80500 		strb	r0, [sp, #5]
 795 0076 10E0     		b	.L156
 796              	.L157:
 797 0078 2268     		ldr	r2, [r4, #0]	@ unaligned
 798 007a 6B68     		ldr	r3, [r5, #4]
 799 007c A868     		ldr	r0, [r5, #8]
 800 007e 5A40     		eors	r2, r2, r3
 801 0080 0242     		tst	r2, r0
 802 0082 03D0     		beq	.L158
 803 0084 E968     		ldr	r1, [r5, #12]
 804 0086 89B1     		cbz	r1, .L161
 805 0088 05F10C04 		add	r4, r5, #12
 806              	.L158:
 807 008c 2846     		mov	r0, r5
 808 008e 2146     		mov	r1, r4
 809 0090 3246     		mov	r2, r6
 810 0092 FFF7FEFF 		bl	etharp_query
 811 0096 0AE0     		b	.L155
 812              	.L160:
 813 0098 064B     		ldr	r3, .L165
 814              	.L156:
 815 009a 2846     		mov	r0, r5
 816 009c 3146     		mov	r1, r6
 817 009e 05F12302 		add	r2, r5, #35
 818 00a2 FFF7FEFF 		bl	etharp_send_ip
 819 00a6 02E0     		b	.L155
 820              	.L159:
 821 00a8 FE20     		movs	r0, #254
 822 00aa 00E0     		b	.L155
 823              	.L161:
 824 00ac FC20     		movs	r0, #252
 825              	.L155:
 826 00ae 40B2     		sxtb	r0, r0
 827 00b0 BDE8FC81 		pop	{r2, r3, r4, r5, r6, r7, r8, pc}
 828              	.L166:
 829              		.align	2
 830              	.L165:
 831 00b4 06000000 		.word	.LANCHOR1+6
 833              		.section	.text.ethernet_input,"ax",%progbits
 834              		.align	1
 835              		.global	ethernet_input
 836              		.thumb
 837              		.thumb_func
 839              	ethernet_input:
 840              		@ args = 0, pretend = 0, frame = 0
 841              		@ frame_needed = 0, uses_anonymous_args = 0
 842 0000 38B5     		push	{r3, r4, r5, lr}
 843 0002 4368     		ldr	r3, [r0, #4]
 844 0004 0446     		mov	r4, r0
 845 0006 9889     		ldrh	r0, [r3, #12]	@ unaligned
 846 0008 0D46     		mov	r5, r1
 847 000a FFF7FEFF 		bl	htons
 848 000e B0F5006F 		cmp	r0, #2048
 849 0012 0AD0     		beq	.L169
 850 0014 40F60601 		movw	r1, #2054
 851 0018 8842     		cmp	r0, r1
 852 001a 15D1     		bne	.L173
 853 001c 2846     		mov	r0, r5
 854 001e 05F12301 		add	r1, r5, #35
 855 0022 2246     		mov	r2, r4
 856 0024 FFF7FEFF 		bl	etharp_arp_input
 857 0028 11E0     		b	.L172
 858              	.L169:
 859 002a 2846     		mov	r0, r5
 860 002c 2146     		mov	r1, r4
 861 002e FFF7FEFF 		bl	etharp_ip_input
 862 0032 2046     		mov	r0, r4
 863 0034 6FF00D01 		mvn	r1, #13
 864 0038 FFF7FEFF 		bl	pbuf_header
 865 003c 20B9     		cbnz	r0, .L173
 866              	.L171:
 867 003e 2046     		mov	r0, r4
 868 0040 2946     		mov	r1, r5
 869 0042 FFF7FEFF 		bl	ip_input
 870 0046 02E0     		b	.L172
 871              	.L173:
 872 0048 2046     		mov	r0, r4
 873 004a FFF7FEFF 		bl	pbuf_free
 874              	.L172:
 875 004e 0020     		movs	r0, #0
 876 0050 38BD     		pop	{r3, r4, r5, pc}
 878              		.global	ethzero
 879              		.global	ethbroadcast
 880              		.section	.rodata
 881              		.set	.LANCHOR1,. + 0
 884              	ethzero:
 885 0000 00000000 		.space	6
 885      0000
 888              	ethbroadcast:
 889 0006 FF       		.byte	-1
 890 0007 FF       		.byte	-1
 891 0008 FF       		.byte	-1
 892 0009 FF       		.byte	-1
 893 000a FF       		.byte	-1
 894 000b FF       		.byte	-1
 895              		.bss
 896              		.align	2
 897              		.set	.LANCHOR0,. + 0
 900              	etharp_cached_entry:
 901 0000 00       		.space	1
 902 0001 000000   		.space	3
 905              	arp_table:
 906 0004 00000000 		.space	200
 906      00000000 
 906      00000000 
 906      00000000 
 906      00000000 
 907              		.ident	"GCC: (GNU Tools for ARM Embedded Processors) 4.7.4 20130913 (release) [ARM/embedded-4_7-br
DEFINED SYMBOLS
                            *ABS*:00000000 etharp.c
C:\Users\Mihai\AppData\Local\Temp\ccNcdUaj.s:17     .text.etharp_send_ip:00000000 $t
C:\Users\Mihai\AppData\Local\Temp\ccNcdUaj.s:21     .text.etharp_send_ip:00000000 etharp_send_ip
C:\Users\Mihai\AppData\Local\Temp\ccNcdUaj.s:49     .text.free_etharp_q:00000000 $t
C:\Users\Mihai\AppData\Local\Temp\ccNcdUaj.s:53     .text.free_etharp_q:00000000 free_etharp_q
C:\Users\Mihai\AppData\Local\Temp\ccNcdUaj.s:72     .text.find_entry:00000000 $t
C:\Users\Mihai\AppData\Local\Temp\ccNcdUaj.s:76     .text.find_entry:00000000 find_entry
C:\Users\Mihai\AppData\Local\Temp\ccNcdUaj.s:224    .text.find_entry:00000124 $d
C:\Users\Mihai\AppData\Local\Temp\ccNcdUaj.s:228    .text.update_arp_entry:00000000 $t
C:\Users\Mihai\AppData\Local\Temp\ccNcdUaj.s:232    .text.update_arp_entry:00000000 update_arp_entry
C:\Users\Mihai\AppData\Local\Temp\ccNcdUaj.s:311    .text.update_arp_entry:000000a8 $d
C:\Users\Mihai\AppData\Local\Temp\ccNcdUaj.s:314    .text.etharp_tmr:00000000 $t
C:\Users\Mihai\AppData\Local\Temp\ccNcdUaj.s:319    .text.etharp_tmr:00000000 etharp_tmr
C:\Users\Mihai\AppData\Local\Temp\ccNcdUaj.s:357    .text.etharp_tmr:0000003c $d
C:\Users\Mihai\AppData\Local\Temp\ccNcdUaj.s:360    .text.etharp_find_addr:00000000 $t
C:\Users\Mihai\AppData\Local\Temp\ccNcdUaj.s:365    .text.etharp_find_addr:00000000 etharp_find_addr
C:\Users\Mihai\AppData\Local\Temp\ccNcdUaj.s:399    .text.etharp_find_addr:00000038 $d
C:\Users\Mihai\AppData\Local\Temp\ccNcdUaj.s:402    .text.etharp_ip_input:00000000 $t
C:\Users\Mihai\AppData\Local\Temp\ccNcdUaj.s:407    .text.etharp_ip_input:00000000 etharp_ip_input
C:\Users\Mihai\AppData\Local\Temp\ccNcdUaj.s:428    .text.etharp_arp_input:00000000 $t
C:\Users\Mihai\AppData\Local\Temp\ccNcdUaj.s:433    .text.etharp_arp_input:00000000 etharp_arp_input
C:\Users\Mihai\AppData\Local\Temp\ccNcdUaj.s:525    .text.etharp_request:00000000 $t
C:\Users\Mihai\AppData\Local\Temp\ccNcdUaj.s:530    .text.etharp_request:00000000 etharp_request
C:\Users\Mihai\AppData\Local\Temp\ccNcdUaj.s:597    .text.etharp_request:00000094 $d
C:\Users\Mihai\AppData\Local\Temp\ccNcdUaj.s:600    .text.etharp_query:00000000 $t
C:\Users\Mihai\AppData\Local\Temp\ccNcdUaj.s:605    .text.etharp_query:00000000 etharp_query
C:\Users\Mihai\AppData\Local\Temp\ccNcdUaj.s:743    .text.etharp_query:0000010c $d
C:\Users\Mihai\AppData\Local\Temp\ccNcdUaj.s:747    .text.etharp_output:00000000 $t
C:\Users\Mihai\AppData\Local\Temp\ccNcdUaj.s:752    .text.etharp_output:00000000 etharp_output
C:\Users\Mihai\AppData\Local\Temp\ccNcdUaj.s:831    .text.etharp_output:000000b4 $d
C:\Users\Mihai\AppData\Local\Temp\ccNcdUaj.s:834    .text.ethernet_input:00000000 $t
C:\Users\Mihai\AppData\Local\Temp\ccNcdUaj.s:839    .text.ethernet_input:00000000 ethernet_input
C:\Users\Mihai\AppData\Local\Temp\ccNcdUaj.s:884    .rodata:00000000 ethzero
C:\Users\Mihai\AppData\Local\Temp\ccNcdUaj.s:888    .rodata:00000006 ethbroadcast
C:\Users\Mihai\AppData\Local\Temp\ccNcdUaj.s:885    .rodata:00000000 $d
C:\Users\Mihai\AppData\Local\Temp\ccNcdUaj.s:896    .bss:00000000 $d
C:\Users\Mihai\AppData\Local\Temp\ccNcdUaj.s:900    .bss:00000000 etharp_cached_entry
C:\Users\Mihai\AppData\Local\Temp\ccNcdUaj.s:905    .bss:00000004 arp_table

UNDEFINED SYMBOLS
htons
pbuf_free
mem_free
ip_addr_isbroadcast
ntohl
pbuf_alloc
pbuf_ref
pbuf_copy
mem_malloc
memp_sizes
pbuf_header
ip_input
