   1              		.syntax unified
   2              		.cpu cortex-m4
   3              		.eabi_attribute 27, 3
   4              		.fpu fpv4-sp-d16
   5              		.eabi_attribute 20, 1
   6              		.eabi_attribute 21, 1
   7              		.eabi_attribute 23, 3
   8              		.eabi_attribute 24, 1
   9              		.eabi_attribute 25, 1
  10              		.eabi_attribute 26, 1
  11              		.eabi_attribute 30, 6
  12              		.eabi_attribute 34, 1
  13              		.eabi_attribute 18, 4
  14              		.thumb
  15              		.file	"memp.c"
  16              		.text
  17              	.Ltext0:
  18              		.cfi_sections	.debug_frame
  19              		.global	memp_sizes
  20              		.section	.rodata
  21              		.align	2
  24              	memp_sizes:
  25 0000 1C00     		.short	28
  26 0002 2400     		.short	36
  27 0004 A000     		.short	160
  28 0006 2000     		.short	32
  29 0008 1400     		.short	20
  30 000a 2000     		.short	32
  31 000c 0800     		.short	8
  32 000e 1400     		.short	20
  33 0010 1000     		.short	16
  34 0012 EC05     		.short	1516
  35              		.text
  36              	.Letext0:
  37              		.file 1 "F:\\WORK\\SmartHome_checkout1\\XMC4500_RK_HTTPserver\\Dave\\Generated\\src\\ETH004\\01_lw
  38              		.file 2 "F:\\WORK\\SmartHome_checkout1\\XMC4500_RK_HTTPserver\\Dave\\Generated\\src\\ETH004\\01_lw
  39              		.file 3 "../Dave/Generated/src/ETH004/01_lwIP_Stack/src/core/memp.c"
DEFINED SYMBOLS
                            *ABS*:00000000 memp.c
C:\Users\Mihai\AppData\Local\Temp\ccZEtyAd.s:24     .rodata:00000000 memp_sizes
C:\Users\Mihai\AppData\Local\Temp\ccZEtyAd.s:21     .rodata:00000000 $d
                           .group:00000000 wm4.1.1791a5ae2e936ca1033c1c44be394cc7
                           .group:00000000 wm4.ETH004_Conf.h.56.564c3f309c32b3c742fc91049cf66940
                           .group:00000000 wm4.lwipopts.h.73.a7a63bda1e8216abd1d90275eaaa0027
                           .group:00000000 wm4.arch.h.33.6fa4aa86d33d1490ae882caef7316405
                           .group:00000000 wm4.cpu.h.33.b213c7fd77614ebc3691cef18ad2ff22
                           .group:00000000 wm4.cc.h.66.ec134211c658dcc89de4610e4e7bab46
                           .group:00000000 wm4.arch.h.47.5153c52bfb94ee3b37299920afab6afd
                           .group:00000000 wm4.debug.h.43.557ecd6c90cc70b375bb8a29118be47b
                           .group:00000000 wm4.opt.h.94.d36882acafebb8726bce646fc8b2397b
                           .group:00000000 wm4.memp_std.h.15.aec196dc1c3fb1142dd450db0c167cbf
                           .group:00000000 wm4.mem.h.96.20770766e6c9e6c42af6bfa95ef5c63f
                           .group:00000000 wm4.memp.h.86.dbc4cb1b8d6b9ea113f04174f716e4c0
                           .group:00000000 wm4.err.h.52.37c5d17538f8e8347a9c84196701e92d
                           .group:00000000 wm4.pbuf.h.43.e9a1ad12b97478787a109e22d5306820
                           .group:00000000 wm4.inet.h.46.b516065779826845d16d49f513869a2b
                           .group:00000000 wm4.ip_addr.h.79.9a0ce887ca8c88c22ad7686bcb5105df
                           .group:00000000 wm4.netif.h.77.eb641fb35cae7e4880920e0acf78586f
                           .group:00000000 wm4.def.h.33.f5df81959e69d85e6b3a0a040438efaf
                           .group:00000000 wm4.ip.h.48.ad46847692d4d729760949b27e48a442
                           .group:00000000 wm4.udp.h.48.1a8dde095cd0a13580afaba1443e5a3f
                           .group:00000000 wm4.sys.h.65.4a0cd87b9e0d8bb4cd6b30e939b2ca7e
                           .group:00000000 wm4.icmp.h.44.450dbf91f594cc26ad19d086cdc83713
                           .group:00000000 wm4.tcp.h.55.5c30b9432fa60afaa85cbdd225b0c683
                           .group:00000000 wm4.igmp.h.52.4b87c73c5052131fa24f56c9d0dd53d2
                           .group:00000000 wm4.stats.h.147.58ec5b890fad5bbc2a7711ad8105f087
                           .group:00000000 wm4.etharp.h.52.95fd625a46d8a56126e59f92e1dd6365
                           .group:00000000 wm4.newlib.h.8.a9901dc52d1357e3e94003403d43f8b5
                           .group:00000000 wm4.features.h.22.b72b3baab2bb2eab3661375590100b6b
                           .group:00000000 wm4.config.h.193.5fb8ef056cdff92dec3dee9552839d8c
                           .group:00000000 wm4._ansi.h.23.7aefdac4826acebbfc9f3822a0aeb14c
                           .group:00000000 wm4._default_types.h.6.5e12cd604db8ce00b62bb2f02708eaf3
                           .group:00000000 wm4.lock.h.2.9bc98482741e5e2a9450b12934a684ea
                           .group:00000000 wm4.stddef.h.349.31f4c5baff3fa2689010b32028da9c47
                           .group:00000000 wm4.reent.h.16.9e42f0e588b85e70b2bf6572af57ce64
                           .group:00000000 wm4.stddef.h.187.9e651b6b8b16e149c1353259404973ea
                           .group:00000000 wm4.string.h.86.d5c872ff52e2712c985b588a0ef39f3c

NO UNDEFINED SYMBOLS
