   1              		.syntax unified
   2              		.cpu cortex-m4
   3              		.eabi_attribute 27, 3
   4              		.fpu fpv4-sp-d16
   5              		.eabi_attribute 20, 1
   6              		.eabi_attribute 21, 1
   7              		.eabi_attribute 23, 3
   8              		.eabi_attribute 24, 1
   9              		.eabi_attribute 25, 1
  10              		.eabi_attribute 26, 1
  11              		.eabi_attribute 30, 6
  12              		.eabi_attribute 34, 1
  13              		.eabi_attribute 18, 4
  14              		.thumb
  15              		.file	"IO004.c"
  16              		.text
  17              	.Ltext0:
  18              		.cfi_sections	.debug_frame
  19              		.section	.text.IO004_Init,"ax",%progbits
  20              		.align	2
  21              		.global	IO004_Init
  22              		.thumb
  23              		.thumb_func
  25              	IO004_Init:
  26              	.LFB117:
  27              		.file 1 "../Dave/Generated/src/IO004/IO004.c"
   1:../Dave/Generated/src/IO004/IO004.c **** /*******************************************************************************
   2:../Dave/Generated/src/IO004/IO004.c **** **  DAVE App Name : IO004       App Version: 1.0.12               
   3:../Dave/Generated/src/IO004/IO004.c **** **  This file is generated by DAVE, User modification to this file will be    **
   4:../Dave/Generated/src/IO004/IO004.c **** **  overwritten at the next code generation.                                  **
   5:../Dave/Generated/src/IO004/IO004.c **** *******************************************************************************/
   6:../Dave/Generated/src/IO004/IO004.c **** 
   7:../Dave/Generated/src/IO004/IO004.c **** 
   8:../Dave/Generated/src/IO004/IO004.c **** /*CODE_BLOCK_BEGIN[IO004.c]*/
   9:../Dave/Generated/src/IO004/IO004.c **** /*******************************************************************************
  10:../Dave/Generated/src/IO004/IO004.c ****  Copyright (c) 2012, Infineon Technologies AG                                 **
  11:../Dave/Generated/src/IO004/IO004.c ****  All rights reserved.                                                         **
  12:../Dave/Generated/src/IO004/IO004.c ****                                                                               **
  13:../Dave/Generated/src/IO004/IO004.c ****  Redistribution and use in source and binary forms, with or without           **
  14:../Dave/Generated/src/IO004/IO004.c ****  modification,are permitted provided that the following conditions are met:   **
  15:../Dave/Generated/src/IO004/IO004.c ****                                                                               **
  16:../Dave/Generated/src/IO004/IO004.c ****  *Redistributions of source code must retain the above copyright notice,      **
  17:../Dave/Generated/src/IO004/IO004.c ****  this list of conditions and the following disclaimer.                        **
  18:../Dave/Generated/src/IO004/IO004.c ****  *Redistributions in binary form must reproduce the above copyright notice,   **
  19:../Dave/Generated/src/IO004/IO004.c ****  this list of conditions and the following disclaimer in the documentation    **
  20:../Dave/Generated/src/IO004/IO004.c ****  and/or other materials provided with the distribution.                       **
  21:../Dave/Generated/src/IO004/IO004.c ****  *Neither the name of the copyright holders nor the names of its contributors **
  22:../Dave/Generated/src/IO004/IO004.c ****  may be used to endorse or promote products derived from this software without**
  23:../Dave/Generated/src/IO004/IO004.c ****  specific prior written permission.                                           **
  24:../Dave/Generated/src/IO004/IO004.c ****                                                                               **
  25:../Dave/Generated/src/IO004/IO004.c ****  THIS SOFTWARE IS PROVIDED BY THE COPYRIGHT HOLDERS AND CONTRIBUTORS "AS IS"  **
  26:../Dave/Generated/src/IO004/IO004.c ****  AND ANY EXPRESS OR IMPLIED WARRANTIES, INCLUDING, BUT NOT LIMITED TO, THE    **
  27:../Dave/Generated/src/IO004/IO004.c ****  IMPLIED WARRANTIES OF MERCHANTABILITY AND FITNESS FOR A PARTICULAR PURPOSE   **
  28:../Dave/Generated/src/IO004/IO004.c ****  ARE  DISCLAIMED. IN NO EVENT SHALL THE COPYRIGHT HOLDER OR CONTRIBUTORS BE   **
  29:../Dave/Generated/src/IO004/IO004.c ****  LIABLE  FOR ANY DIRECT, INDIRECT, INCIDENTAL, SPECIAL, EXEMPLARY, OR         **
  30:../Dave/Generated/src/IO004/IO004.c ****  CONSEQUENTIAL DAMAGES (INCLUDING, BUT NOT LIMITED TO, PROCUREMENT OF         **
  31:../Dave/Generated/src/IO004/IO004.c ****  SUBSTITUTE GOODS OR  SERVICES; LOSS OF USE, DATA, OR PROFITS; OR BUSINESS    **
  32:../Dave/Generated/src/IO004/IO004.c ****  INTERRUPTION) HOWEVER CAUSED AND ON ANY THEORY OF LIABILITY, WHETHER IN      **
  33:../Dave/Generated/src/IO004/IO004.c ****  CONTRACT, STRICT LIABILITY,OR TORT (INCLUDING NEGLIGENCE OR OTHERWISE)       **
  34:../Dave/Generated/src/IO004/IO004.c ****  ARISING IN ANY WAY OUT OF THE USE OF THIS SOFTWARE, EVEN IF ADVISED OF THE   **
  35:../Dave/Generated/src/IO004/IO004.c ****  POSSIBILITY OF SUCH DAMAGE.                                                  **
  36:../Dave/Generated/src/IO004/IO004.c ****                                                                               **
  37:../Dave/Generated/src/IO004/IO004.c ****  To improve the quality of the software, users are encouraged to share        **
  38:../Dave/Generated/src/IO004/IO004.c ****  modifications, enhancements or bug fixes with Infineon Technologies AG       **
  39:../Dave/Generated/src/IO004/IO004.c ****  dave@infineon.com).                                                          **
  40:../Dave/Generated/src/IO004/IO004.c ****                                                                               **
  41:../Dave/Generated/src/IO004/IO004.c **** ********************************************************************************
  42:../Dave/Generated/src/IO004/IO004.c **** **                                                                            **
  43:../Dave/Generated/src/IO004/IO004.c **** **                                                                            **
  44:../Dave/Generated/src/IO004/IO004.c **** ** PLATFORM : Infineon XMC4XXX Series/XMC1XXX Series                          **
  45:../Dave/Generated/src/IO004/IO004.c **** **                                                                            **
  46:../Dave/Generated/src/IO004/IO004.c **** ** COMPILER : Compiler Independent                                            **
  47:../Dave/Generated/src/IO004/IO004.c **** **                                                                            **
  48:../Dave/Generated/src/IO004/IO004.c **** ** AUTHOR   : App Developer                                                   **
  49:../Dave/Generated/src/IO004/IO004.c **** **                                                                            **
  50:../Dave/Generated/src/IO004/IO004.c **** ** MAY BE CHANGED BY USER [yes/no]: Yes                                       **
  51:../Dave/Generated/src/IO004/IO004.c **** **                                                                            **
  52:../Dave/Generated/src/IO004/IO004.c **** ** MODIFICATION DATE : Jan 1, 2013                                           **
  53:../Dave/Generated/src/IO004/IO004.c **** **                                                                            **
  54:../Dave/Generated/src/IO004/IO004.c **** *******************************************************************************/
  55:../Dave/Generated/src/IO004/IO004.c **** /*******************************************************************************
  56:../Dave/Generated/src/IO004/IO004.c **** **                      Author(s) Identity                                    **
  57:../Dave/Generated/src/IO004/IO004.c **** ********************************************************************************
  58:../Dave/Generated/src/IO004/IO004.c **** **                                                                            **
  59:../Dave/Generated/src/IO004/IO004.c **** ** Initials     Name                                                          **
  60:../Dave/Generated/src/IO004/IO004.c **** ** ---------------------------------------------------------------------------**
  61:../Dave/Generated/src/IO004/IO004.c **** ** PAE        App Developer                                                   **
  62:../Dave/Generated/src/IO004/IO004.c **** *******************************************************************************/
  63:../Dave/Generated/src/IO004/IO004.c **** /**
  64:../Dave/Generated/src/IO004/IO004.c ****  * @file   IO004.c
  65:../Dave/Generated/src/IO004/IO004.c ****  *
  66:../Dave/Generated/src/IO004/IO004.c ****  * @brief  IO_Digital _IO004 App
  67:../Dave/Generated/src/IO004/IO004.c ****  *
  68:../Dave/Generated/src/IO004/IO004.c ****  * This app can be used to configure a IO Pin when the output shall be controlled by
  69:../Dave/Generated/src/IO004/IO004.c ****  * software or when it required  just as a input I/O.IO002 App can be used 
  70:../Dave/Generated/src/IO004/IO004.c ****  * in any case except when the output shall be controlled by software.			
  71:../Dave/Generated/src/IO004/IO004.c ****  *
  72:../Dave/Generated/src/IO004/IO004.c ****  *	Note: 
  73:../Dave/Generated/src/IO004/IO004.c ****  *	The App GUI configures the Port Pin as GPIO in input mode by default.
  74:../Dave/Generated/src/IO004/IO004.c ****  *
  75:../Dave/Generated/src/IO004/IO004.c ****  * Revision History 
  76:../Dave/Generated/src/IO004/IO004.c ****  * 1 Jan 2013 v1.0.12  Disabled Pad Class & Pad driver configuration for XMC1xxx
  77:../Dave/Generated/src/IO004/IO004.c ****  *
  78:../Dave/Generated/src/IO004/IO004.c ****  */
  79:../Dave/Generated/src/IO004/IO004.c **** /*******************************************************************************
  80:../Dave/Generated/src/IO004/IO004.c ****  ** INCLUDE FILES                                                             **
  81:../Dave/Generated/src/IO004/IO004.c ****  ******************************************************************************/
  82:../Dave/Generated/src/IO004/IO004.c **** 
  83:../Dave/Generated/src/IO004/IO004.c **** /** Inclusion of header file */
  84:../Dave/Generated/src/IO004/IO004.c **** #include <DAVE3.h>
  85:../Dave/Generated/src/IO004/IO004.c **** 
  86:../Dave/Generated/src/IO004/IO004.c **** /*******************************************************************************
  87:../Dave/Generated/src/IO004/IO004.c **** **                      Private Macro Definitions                             **
  88:../Dave/Generated/src/IO004/IO004.c **** *******************************************************************************/
  89:../Dave/Generated/src/IO004/IO004.c **** 
  90:../Dave/Generated/src/IO004/IO004.c **** /*******************************************************************************
  91:../Dave/Generated/src/IO004/IO004.c **** **                      Private Type Definitions                              **
  92:../Dave/Generated/src/IO004/IO004.c **** *******************************************************************************/
  93:../Dave/Generated/src/IO004/IO004.c **** 
  94:../Dave/Generated/src/IO004/IO004.c **** /*******************************************************************************
  95:../Dave/Generated/src/IO004/IO004.c **** **                 Private Function Declarations:
  96:../Dave/Generated/src/IO004/IO004.c **** *******************************************************************************/
  97:../Dave/Generated/src/IO004/IO004.c **** 
  98:../Dave/Generated/src/IO004/IO004.c **** /*******************************************************************************
  99:../Dave/Generated/src/IO004/IO004.c **** **                      Global Constant Definitions                           **
 100:../Dave/Generated/src/IO004/IO004.c **** *******************************************************************************/
 101:../Dave/Generated/src/IO004/IO004.c **** 
 102:../Dave/Generated/src/IO004/IO004.c **** /*******************************************************************************
 103:../Dave/Generated/src/IO004/IO004.c **** **                      Global Variable Definitions                           **
 104:../Dave/Generated/src/IO004/IO004.c **** *******************************************************************************/
 105:../Dave/Generated/src/IO004/IO004.c **** 
 106:../Dave/Generated/src/IO004/IO004.c **** /*******************************************************************************
 107:../Dave/Generated/src/IO004/IO004.c **** **                      Private Constant Definitions                          **
 108:../Dave/Generated/src/IO004/IO004.c **** *******************************************************************************/
 109:../Dave/Generated/src/IO004/IO004.c **** 
 110:../Dave/Generated/src/IO004/IO004.c **** /*******************************************************************************
 111:../Dave/Generated/src/IO004/IO004.c **** **                 Function like macro definitions                            **
 112:../Dave/Generated/src/IO004/IO004.c **** *******************************************************************************/
 113:../Dave/Generated/src/IO004/IO004.c **** /*******************************************************************************
 114:../Dave/Generated/src/IO004/IO004.c **** **                      Private Function Definitions                          **
 115:../Dave/Generated/src/IO004/IO004.c **** *******************************************************************************/
 116:../Dave/Generated/src/IO004/IO004.c **** 
 117:../Dave/Generated/src/IO004/IO004.c **** /*******************************************************************************
 118:../Dave/Generated/src/IO004/IO004.c **** **                      Public Function Definitions                           **
 119:../Dave/Generated/src/IO004/IO004.c **** *******************************************************************************/
 120:../Dave/Generated/src/IO004/IO004.c **** 
 121:../Dave/Generated/src/IO004/IO004.c **** 
 122:../Dave/Generated/src/IO004/IO004.c **** /** @ingroup IO004_Func
 123:../Dave/Generated/src/IO004/IO004.c ****  * @{
 124:../Dave/Generated/src/IO004/IO004.c ****  */
 125:../Dave/Generated/src/IO004/IO004.c **** 
 126:../Dave/Generated/src/IO004/IO004.c **** void IO004_Init(void)
 127:../Dave/Generated/src/IO004/IO004.c **** {
  28              		.loc 1 127 0
  29              		.cfi_startproc
  30              		@ args = 0, pretend = 0, frame = 0
  31              		@ frame_needed = 1, uses_anonymous_args = 0
  32              		@ link register save eliminated.
  33 0000 80B4     		push	{r7}
  34              	.LCFI0:
  35              		.cfi_def_cfa_offset 4
  36              		.cfi_offset 7, -4
  37 0002 00AF     		add	r7, sp, #0
  38              	.LCFI1:
  39              		.cfi_def_cfa_register 7
 128:../Dave/Generated/src/IO004/IO004.c ****    /* <<<DD_IO004_API_1>>> */
 129:../Dave/Generated/src/IO004/IO004.c ****  
 130:../Dave/Generated/src/IO004/IO004.c ****    
 131:../Dave/Generated/src/IO004/IO004.c **** 
 132:../Dave/Generated/src/IO004/IO004.c ****   /* Configuration of 1 Port 0 based on User configuration */
 133:../Dave/Generated/src/IO004/IO004.c ****   IO004_Handle0.PortRegs->OMR |= (1U<< 0);
  40              		.loc 1 133 0
  41 0004 40F20003 		movw	r3, #:lower16:IO004_Handle0
  42 0008 C0F20003 		movt	r3, #:upper16:IO004_Handle0
  43 000c 5A68     		ldr	r2, [r3, #4]
  44 000e 40F20003 		movw	r3, #:lower16:IO004_Handle0
  45 0012 C0F20003 		movt	r3, #:upper16:IO004_Handle0
  46 0016 5B68     		ldr	r3, [r3, #4]
  47 0018 5B68     		ldr	r3, [r3, #4]
  48 001a 43F00103 		orr	r3, r3, #1
  49 001e 5360     		str	r3, [r2, #4]
 134:../Dave/Generated/src/IO004/IO004.c ****   
 135:../Dave/Generated/src/IO004/IO004.c ****   IO004_Handle0.PortRegs->PDR0   &= (uint32_t)(~(PORT1_PDR0_PD0_Msk));
  50              		.loc 1 135 0
  51 0020 40F20003 		movw	r3, #:lower16:IO004_Handle0
  52 0024 C0F20003 		movt	r3, #:upper16:IO004_Handle0
  53 0028 5A68     		ldr	r2, [r3, #4]
  54 002a 40F20003 		movw	r3, #:lower16:IO004_Handle0
  55 002e C0F20003 		movt	r3, #:upper16:IO004_Handle0
  56 0032 5B68     		ldr	r3, [r3, #4]
  57 0034 1B6C     		ldr	r3, [r3, #64]
  58 0036 23F00703 		bic	r3, r3, #7
  59 003a 1364     		str	r3, [r2, #64]
 136:../Dave/Generated/src/IO004/IO004.c ****   IO004_Handle0.PortRegs->PDR0   |= (uint32_t)((4UL << PORT1_PDR0_PD0_Pos) & \
  60              		.loc 1 136 0
  61 003c 40F20003 		movw	r3, #:lower16:IO004_Handle0
  62 0040 C0F20003 		movt	r3, #:upper16:IO004_Handle0
  63 0044 5A68     		ldr	r2, [r3, #4]
  64 0046 40F20003 		movw	r3, #:lower16:IO004_Handle0
  65 004a C0F20003 		movt	r3, #:upper16:IO004_Handle0
  66 004e 5B68     		ldr	r3, [r3, #4]
  67 0050 1B6C     		ldr	r3, [r3, #64]
  68 0052 43F00403 		orr	r3, r3, #4
  69 0056 1364     		str	r3, [r2, #64]
 137:../Dave/Generated/src/IO004/IO004.c ****                                           PORT1_PDR0_PD0_Msk);
 138:../Dave/Generated/src/IO004/IO004.c ****   IO004_Handle0.PortRegs->IOCR0 |= (0U << 3);
  70              		.loc 1 138 0
  71 0058 40F20003 		movw	r3, #:lower16:IO004_Handle0
  72 005c C0F20003 		movt	r3, #:upper16:IO004_Handle0
  73 0060 5A68     		ldr	r2, [r3, #4]
  74 0062 40F20003 		movw	r3, #:lower16:IO004_Handle0
  75 0066 C0F20003 		movt	r3, #:upper16:IO004_Handle0
  76 006a 5B68     		ldr	r3, [r3, #4]
  77 006c 1B69     		ldr	r3, [r3, #16]
  78 006e 1361     		str	r3, [r2, #16]
 139:../Dave/Generated/src/IO004/IO004.c **** }
  79              		.loc 1 139 0
  80 0070 BD46     		mov	sp, r7
  81 0072 80BC     		pop	{r7}
  82 0074 7047     		bx	lr
  83              		.cfi_endproc
  84              	.LFE117:
  86 0076 00BF     		.section	.text.IO004_DisableOutputDriver,"ax",%progbits
  87              		.align	2
  88              		.global	IO004_DisableOutputDriver
  89              		.thumb
  90              		.thumb_func
  92              	IO004_DisableOutputDriver:
  93              	.LFB118:
 140:../Dave/Generated/src/IO004/IO004.c **** 
 141:../Dave/Generated/src/IO004/IO004.c **** void IO004_DisableOutputDriver(const IO004_HandleType* Handle,IO004_InputModeType Mode)
 142:../Dave/Generated/src/IO004/IO004.c **** {
  94              		.loc 1 142 0
  95              		.cfi_startproc
  96              		@ args = 0, pretend = 0, frame = 16
  97              		@ frame_needed = 1, uses_anonymous_args = 0
  98              		@ link register save eliminated.
  99 0000 80B4     		push	{r7}
 100              	.LCFI2:
 101              		.cfi_def_cfa_offset 4
 102              		.cfi_offset 7, -4
 103 0002 85B0     		sub	sp, sp, #20
 104              	.LCFI3:
 105              		.cfi_def_cfa_offset 24
 106 0004 00AF     		add	r7, sp, #0
 107              	.LCFI4:
 108              		.cfi_def_cfa_register 7
 109 0006 7860     		str	r0, [r7, #4]
 110 0008 0B46     		mov	r3, r1
 111 000a FB70     		strb	r3, [r7, #3]
 143:../Dave/Generated/src/IO004/IO004.c ****   uint8_t Pin = Handle->PortPin;
 112              		.loc 1 143 0
 113 000c 7B68     		ldr	r3, [r7, #4]
 114 000e 5B78     		ldrb	r3, [r3, #1]
 115 0010 FB73     		strb	r3, [r7, #15]
 144:../Dave/Generated/src/IO004/IO004.c ****   /* <<<DD_IO004_API_2>>> */
 145:../Dave/Generated/src/IO004/IO004.c ****   if(Pin < 4U)
 116              		.loc 1 145 0
 117 0012 FB7B     		ldrb	r3, [r7, #15]	@ zero_extendqisi2
 118 0014 032B     		cmp	r3, #3
 119 0016 23D8     		bhi	.L3
 146:../Dave/Generated/src/IO004/IO004.c ****   {
 147:../Dave/Generated/src/IO004/IO004.c ****     Handle->PortRegs->IOCR0  =  (uint32_t)(Handle->PortRegs->IOCR0 & ~(0x0000001FUL << (3U+(Pin*8U)
 120              		.loc 1 147 0
 121 0018 7B68     		ldr	r3, [r7, #4]
 122 001a 5B68     		ldr	r3, [r3, #4]
 123 001c 7A68     		ldr	r2, [r7, #4]
 124 001e 5268     		ldr	r2, [r2, #4]
 125 0020 1169     		ldr	r1, [r2, #16]
 126 0022 FA7B     		ldrb	r2, [r7, #15]	@ zero_extendqisi2
 127 0024 4FEAC202 		lsl	r2, r2, #3
 128 0028 02F10302 		add	r2, r2, #3
 129 002c 4FF01F00 		mov	r0, #31
 130 0030 00FA02F2 		lsl	r2, r0, r2
 131 0034 6FEA0202 		mvn	r2, r2
 132 0038 0A40     		ands	r2, r2, r1
 133 003a 1A61     		str	r2, [r3, #16]
 148:../Dave/Generated/src/IO004/IO004.c ****     Handle->PortRegs->IOCR0 |= (uint32_t)(((uint32_t)Mode & 0x1FUL) << (3U+(Pin*8U)));
 134              		.loc 1 148 0
 135 003c 7B68     		ldr	r3, [r7, #4]
 136 003e 5B68     		ldr	r3, [r3, #4]
 137 0040 7A68     		ldr	r2, [r7, #4]
 138 0042 5268     		ldr	r2, [r2, #4]
 139 0044 1169     		ldr	r1, [r2, #16]
 140 0046 FA78     		ldrb	r2, [r7, #3]	@ zero_extendqisi2
 141 0048 02F01F00 		and	r0, r2, #31
 142 004c FA7B     		ldrb	r2, [r7, #15]	@ zero_extendqisi2
 143 004e 4FEAC202 		lsl	r2, r2, #3
 144 0052 02F10302 		add	r2, r2, #3
 145 0056 00FA02F2 		lsl	r2, r0, r2
 146 005a 0A43     		orrs	r2, r2, r1
 147 005c 1A61     		str	r2, [r3, #16]
 148 005e 88E0     		b	.L2
 149              	.L3:
 149:../Dave/Generated/src/IO004/IO004.c ****   } else if ((Pin >= 4U) && (Pin <= 7U))
 150              		.loc 1 149 0
 151 0060 FB7B     		ldrb	r3, [r7, #15]	@ zero_extendqisi2
 152 0062 032B     		cmp	r3, #3
 153 0064 2AD9     		bls	.L5
 154              		.loc 1 149 0 is_stmt 0 discriminator 1
 155 0066 FB7B     		ldrb	r3, [r7, #15]	@ zero_extendqisi2
 156 0068 072B     		cmp	r3, #7
 157 006a 27D8     		bhi	.L5
 150:../Dave/Generated/src/IO004/IO004.c ****   {
 151:../Dave/Generated/src/IO004/IO004.c ****     Pin = Pin - 4U;
 158              		.loc 1 151 0 is_stmt 1
 159 006c FB7B     		ldrb	r3, [r7, #15]
 160 006e A3F10403 		sub	r3, r3, #4
 161 0072 FB73     		strb	r3, [r7, #15]
 152:../Dave/Generated/src/IO004/IO004.c ****     Handle->PortRegs->IOCR4  =  (uint32_t)(Handle->PortRegs->IOCR4 & ~(0x0000001FUL << (3U+(Pin*8U)
 162              		.loc 1 152 0
 163 0074 7B68     		ldr	r3, [r7, #4]
 164 0076 5B68     		ldr	r3, [r3, #4]
 165 0078 7A68     		ldr	r2, [r7, #4]
 166 007a 5268     		ldr	r2, [r2, #4]
 167 007c 5169     		ldr	r1, [r2, #20]
 168 007e FA7B     		ldrb	r2, [r7, #15]	@ zero_extendqisi2
 169 0080 4FEAC202 		lsl	r2, r2, #3
 170 0084 02F10302 		add	r2, r2, #3
 171 0088 4FF01F00 		mov	r0, #31
 172 008c 00FA02F2 		lsl	r2, r0, r2
 173 0090 6FEA0202 		mvn	r2, r2
 174 0094 0A40     		ands	r2, r2, r1
 175 0096 5A61     		str	r2, [r3, #20]
 153:../Dave/Generated/src/IO004/IO004.c ****     Handle->PortRegs->IOCR4 |=  (uint32_t)(((uint32_t)Mode & 0x1FUL) << (3U+(Pin*8U)));
 176              		.loc 1 153 0
 177 0098 7B68     		ldr	r3, [r7, #4]
 178 009a 5B68     		ldr	r3, [r3, #4]
 179 009c 7A68     		ldr	r2, [r7, #4]
 180 009e 5268     		ldr	r2, [r2, #4]
 181 00a0 5169     		ldr	r1, [r2, #20]
 182 00a2 FA78     		ldrb	r2, [r7, #3]	@ zero_extendqisi2
 183 00a4 02F01F00 		and	r0, r2, #31
 184 00a8 FA7B     		ldrb	r2, [r7, #15]	@ zero_extendqisi2
 185 00aa 4FEAC202 		lsl	r2, r2, #3
 186 00ae 02F10302 		add	r2, r2, #3
 187 00b2 00FA02F2 		lsl	r2, r0, r2
 188 00b6 0A43     		orrs	r2, r2, r1
 189 00b8 5A61     		str	r2, [r3, #20]
 190 00ba 5AE0     		b	.L2
 191              	.L5:
 154:../Dave/Generated/src/IO004/IO004.c ****   } else if ((Pin >= 8U) && (Pin <= 11U))
 192              		.loc 1 154 0
 193 00bc FB7B     		ldrb	r3, [r7, #15]	@ zero_extendqisi2
 194 00be 072B     		cmp	r3, #7
 195 00c0 2AD9     		bls	.L6
 196              		.loc 1 154 0 is_stmt 0 discriminator 1
 197 00c2 FB7B     		ldrb	r3, [r7, #15]	@ zero_extendqisi2
 198 00c4 0B2B     		cmp	r3, #11
 199 00c6 27D8     		bhi	.L6
 155:../Dave/Generated/src/IO004/IO004.c ****   {
 156:../Dave/Generated/src/IO004/IO004.c ****     Pin = Pin - 8U;
 200              		.loc 1 156 0 is_stmt 1
 201 00c8 FB7B     		ldrb	r3, [r7, #15]
 202 00ca A3F10803 		sub	r3, r3, #8
 203 00ce FB73     		strb	r3, [r7, #15]
 157:../Dave/Generated/src/IO004/IO004.c ****     Handle->PortRegs->IOCR8  =  (uint32_t)(Handle->PortRegs->IOCR8 & ~(0x0000001FUL << (3U+(Pin*8U)
 204              		.loc 1 157 0
 205 00d0 7B68     		ldr	r3, [r7, #4]
 206 00d2 5B68     		ldr	r3, [r3, #4]
 207 00d4 7A68     		ldr	r2, [r7, #4]
 208 00d6 5268     		ldr	r2, [r2, #4]
 209 00d8 9169     		ldr	r1, [r2, #24]
 210 00da FA7B     		ldrb	r2, [r7, #15]	@ zero_extendqisi2
 211 00dc 4FEAC202 		lsl	r2, r2, #3
 212 00e0 02F10302 		add	r2, r2, #3
 213 00e4 4FF01F00 		mov	r0, #31
 214 00e8 00FA02F2 		lsl	r2, r0, r2
 215 00ec 6FEA0202 		mvn	r2, r2
 216 00f0 0A40     		ands	r2, r2, r1
 217 00f2 9A61     		str	r2, [r3, #24]
 158:../Dave/Generated/src/IO004/IO004.c ****     Handle->PortRegs->IOCR8 |=  (uint32_t)(((uint32_t)Mode & 0x1FUL) << (3U+(Pin*8U)));
 218              		.loc 1 158 0
 219 00f4 7B68     		ldr	r3, [r7, #4]
 220 00f6 5B68     		ldr	r3, [r3, #4]
 221 00f8 7A68     		ldr	r2, [r7, #4]
 222 00fa 5268     		ldr	r2, [r2, #4]
 223 00fc 9169     		ldr	r1, [r2, #24]
 224 00fe FA78     		ldrb	r2, [r7, #3]	@ zero_extendqisi2
 225 0100 02F01F00 		and	r0, r2, #31
 226 0104 FA7B     		ldrb	r2, [r7, #15]	@ zero_extendqisi2
 227 0106 4FEAC202 		lsl	r2, r2, #3
 228 010a 02F10302 		add	r2, r2, #3
 229 010e 00FA02F2 		lsl	r2, r0, r2
 230 0112 0A43     		orrs	r2, r2, r1
 231 0114 9A61     		str	r2, [r3, #24]
 232 0116 2CE0     		b	.L2
 233              	.L6:
 159:../Dave/Generated/src/IO004/IO004.c ****   } else if ((Pin >= 12U) && (Pin <= 15U))
 234              		.loc 1 159 0
 235 0118 FB7B     		ldrb	r3, [r7, #15]	@ zero_extendqisi2
 236 011a 0B2B     		cmp	r3, #11
 237 011c 29D9     		bls	.L2
 238              		.loc 1 159 0 is_stmt 0 discriminator 1
 239 011e FB7B     		ldrb	r3, [r7, #15]	@ zero_extendqisi2
 240 0120 0F2B     		cmp	r3, #15
 241 0122 26D8     		bhi	.L2
 160:../Dave/Generated/src/IO004/IO004.c ****   {
 161:../Dave/Generated/src/IO004/IO004.c ****     Pin = Pin - 12U;
 242              		.loc 1 161 0 is_stmt 1
 243 0124 FB7B     		ldrb	r3, [r7, #15]
 244 0126 A3F10C03 		sub	r3, r3, #12
 245 012a FB73     		strb	r3, [r7, #15]
 162:../Dave/Generated/src/IO004/IO004.c ****     Handle->PortRegs->IOCR12  =  (uint32_t)(Handle->PortRegs->IOCR12 & ~(0x0000001FUL << (3U+(Pin*8
 246              		.loc 1 162 0
 247 012c 7B68     		ldr	r3, [r7, #4]
 248 012e 5B68     		ldr	r3, [r3, #4]
 249 0130 7A68     		ldr	r2, [r7, #4]
 250 0132 5268     		ldr	r2, [r2, #4]
 251 0134 D169     		ldr	r1, [r2, #28]
 252 0136 FA7B     		ldrb	r2, [r7, #15]	@ zero_extendqisi2
 253 0138 4FEAC202 		lsl	r2, r2, #3
 254 013c 02F10302 		add	r2, r2, #3
 255 0140 4FF01F00 		mov	r0, #31
 256 0144 00FA02F2 		lsl	r2, r0, r2
 257 0148 6FEA0202 		mvn	r2, r2
 258 014c 0A40     		ands	r2, r2, r1
 259 014e DA61     		str	r2, [r3, #28]
 163:../Dave/Generated/src/IO004/IO004.c ****     Handle->PortRegs->IOCR12 |=  (uint32_t)(((uint32_t)Mode & 0x1FUL) << (3U+(Pin*8U)));
 260              		.loc 1 163 0
 261 0150 7B68     		ldr	r3, [r7, #4]
 262 0152 5B68     		ldr	r3, [r3, #4]
 263 0154 7A68     		ldr	r2, [r7, #4]
 264 0156 5268     		ldr	r2, [r2, #4]
 265 0158 D169     		ldr	r1, [r2, #28]
 266 015a FA78     		ldrb	r2, [r7, #3]	@ zero_extendqisi2
 267 015c 02F01F00 		and	r0, r2, #31
 268 0160 FA7B     		ldrb	r2, [r7, #15]	@ zero_extendqisi2
 269 0162 4FEAC202 		lsl	r2, r2, #3
 270 0166 02F10302 		add	r2, r2, #3
 271 016a 00FA02F2 		lsl	r2, r0, r2
 272 016e 0A43     		orrs	r2, r2, r1
 273 0170 DA61     		str	r2, [r3, #28]
 274              	.L2:
 164:../Dave/Generated/src/IO004/IO004.c ****   }
 165:../Dave/Generated/src/IO004/IO004.c ****   else
 166:../Dave/Generated/src/IO004/IO004.c ****   {
 167:../Dave/Generated/src/IO004/IO004.c **** 	  /*Not supposed to be here */
 168:../Dave/Generated/src/IO004/IO004.c ****   }
 169:../Dave/Generated/src/IO004/IO004.c **** 
 170:../Dave/Generated/src/IO004/IO004.c **** }
 275              		.loc 1 170 0
 276 0172 07F11407 		add	r7, r7, #20
 277 0176 BD46     		mov	sp, r7
 278 0178 80BC     		pop	{r7}
 279 017a 7047     		bx	lr
 280              		.cfi_endproc
 281              	.LFE118:
 283              		.section	.text.IO004_EnableOutputDriver,"ax",%progbits
 284              		.align	2
 285              		.global	IO004_EnableOutputDriver
 286              		.thumb
 287              		.thumb_func
 289              	IO004_EnableOutputDriver:
 290              	.LFB119:
 171:../Dave/Generated/src/IO004/IO004.c **** 
 172:../Dave/Generated/src/IO004/IO004.c **** void IO004_EnableOutputDriver(const IO004_HandleType* Handle,IO004_OutputModeType Mode)
 173:../Dave/Generated/src/IO004/IO004.c **** {
 291              		.loc 1 173 0
 292              		.cfi_startproc
 293              		@ args = 0, pretend = 0, frame = 16
 294              		@ frame_needed = 1, uses_anonymous_args = 0
 295              		@ link register save eliminated.
 296 0000 80B4     		push	{r7}
 297              	.LCFI5:
 298              		.cfi_def_cfa_offset 4
 299              		.cfi_offset 7, -4
 300 0002 85B0     		sub	sp, sp, #20
 301              	.LCFI6:
 302              		.cfi_def_cfa_offset 24
 303 0004 00AF     		add	r7, sp, #0
 304              	.LCFI7:
 305              		.cfi_def_cfa_register 7
 306 0006 7860     		str	r0, [r7, #4]
 307 0008 0B46     		mov	r3, r1
 308 000a FB70     		strb	r3, [r7, #3]
 174:../Dave/Generated/src/IO004/IO004.c **** 
 175:../Dave/Generated/src/IO004/IO004.c ****   uint8_t Pin = Handle->PortPin;
 309              		.loc 1 175 0
 310 000c 7B68     		ldr	r3, [r7, #4]
 311 000e 5B78     		ldrb	r3, [r3, #1]
 312 0010 FB73     		strb	r3, [r7, #15]
 176:../Dave/Generated/src/IO004/IO004.c ****   /* <<<DD_IO004_API_2>>> */
 177:../Dave/Generated/src/IO004/IO004.c ****   if(Pin < 4U)
 313              		.loc 1 177 0
 314 0012 FB7B     		ldrb	r3, [r7, #15]	@ zero_extendqisi2
 315 0014 032B     		cmp	r3, #3
 316 0016 23D8     		bhi	.L8
 178:../Dave/Generated/src/IO004/IO004.c ****   {
 179:../Dave/Generated/src/IO004/IO004.c ****     Handle->PortRegs->IOCR0  =  (uint32_t)(Handle->PortRegs->IOCR0 & ~(0x0000001FUL << (3U+(Pin*8U)
 317              		.loc 1 179 0
 318 0018 7B68     		ldr	r3, [r7, #4]
 319 001a 5B68     		ldr	r3, [r3, #4]
 320 001c 7A68     		ldr	r2, [r7, #4]
 321 001e 5268     		ldr	r2, [r2, #4]
 322 0020 1169     		ldr	r1, [r2, #16]
 323 0022 FA7B     		ldrb	r2, [r7, #15]	@ zero_extendqisi2
 324 0024 4FEAC202 		lsl	r2, r2, #3
 325 0028 02F10302 		add	r2, r2, #3
 326 002c 4FF01F00 		mov	r0, #31
 327 0030 00FA02F2 		lsl	r2, r0, r2
 328 0034 6FEA0202 		mvn	r2, r2
 329 0038 0A40     		ands	r2, r2, r1
 330 003a 1A61     		str	r2, [r3, #16]
 180:../Dave/Generated/src/IO004/IO004.c ****     Handle->PortRegs->IOCR0 |=  (uint32_t)(((uint32_t)Mode & 0x1FUL) << (3U+(Pin*8U)));
 331              		.loc 1 180 0
 332 003c 7B68     		ldr	r3, [r7, #4]
 333 003e 5B68     		ldr	r3, [r3, #4]
 334 0040 7A68     		ldr	r2, [r7, #4]
 335 0042 5268     		ldr	r2, [r2, #4]
 336 0044 1169     		ldr	r1, [r2, #16]
 337 0046 FA78     		ldrb	r2, [r7, #3]	@ zero_extendqisi2
 338 0048 02F01F00 		and	r0, r2, #31
 339 004c FA7B     		ldrb	r2, [r7, #15]	@ zero_extendqisi2
 340 004e 4FEAC202 		lsl	r2, r2, #3
 341 0052 02F10302 		add	r2, r2, #3
 342 0056 00FA02F2 		lsl	r2, r0, r2
 343 005a 0A43     		orrs	r2, r2, r1
 344 005c 1A61     		str	r2, [r3, #16]
 345 005e 88E0     		b	.L7
 346              	.L8:
 181:../Dave/Generated/src/IO004/IO004.c ****   } else if ((Pin >= 4U) && (Pin <= 7U))
 347              		.loc 1 181 0
 348 0060 FB7B     		ldrb	r3, [r7, #15]	@ zero_extendqisi2
 349 0062 032B     		cmp	r3, #3
 350 0064 2AD9     		bls	.L10
 351              		.loc 1 181 0 is_stmt 0 discriminator 1
 352 0066 FB7B     		ldrb	r3, [r7, #15]	@ zero_extendqisi2
 353 0068 072B     		cmp	r3, #7
 354 006a 27D8     		bhi	.L10
 182:../Dave/Generated/src/IO004/IO004.c ****   {
 183:../Dave/Generated/src/IO004/IO004.c ****     Pin = Pin - 4U;
 355              		.loc 1 183 0 is_stmt 1
 356 006c FB7B     		ldrb	r3, [r7, #15]
 357 006e A3F10403 		sub	r3, r3, #4
 358 0072 FB73     		strb	r3, [r7, #15]
 184:../Dave/Generated/src/IO004/IO004.c ****     Handle->PortRegs->IOCR4  =  (uint32_t)(Handle->PortRegs->IOCR4 & ~(0x0000001FUL << (3U+(Pin*8U)
 359              		.loc 1 184 0
 360 0074 7B68     		ldr	r3, [r7, #4]
 361 0076 5B68     		ldr	r3, [r3, #4]
 362 0078 7A68     		ldr	r2, [r7, #4]
 363 007a 5268     		ldr	r2, [r2, #4]
 364 007c 5169     		ldr	r1, [r2, #20]
 365 007e FA7B     		ldrb	r2, [r7, #15]	@ zero_extendqisi2
 366 0080 4FEAC202 		lsl	r2, r2, #3
 367 0084 02F10302 		add	r2, r2, #3
 368 0088 4FF01F00 		mov	r0, #31
 369 008c 00FA02F2 		lsl	r2, r0, r2
 370 0090 6FEA0202 		mvn	r2, r2
 371 0094 0A40     		ands	r2, r2, r1
 372 0096 5A61     		str	r2, [r3, #20]
 185:../Dave/Generated/src/IO004/IO004.c ****     Handle->PortRegs->IOCR4 |=  (uint32_t)(((uint32_t)Mode & 0x1FUL) << (3U+(Pin*8U)));
 373              		.loc 1 185 0
 374 0098 7B68     		ldr	r3, [r7, #4]
 375 009a 5B68     		ldr	r3, [r3, #4]
 376 009c 7A68     		ldr	r2, [r7, #4]
 377 009e 5268     		ldr	r2, [r2, #4]
 378 00a0 5169     		ldr	r1, [r2, #20]
 379 00a2 FA78     		ldrb	r2, [r7, #3]	@ zero_extendqisi2
 380 00a4 02F01F00 		and	r0, r2, #31
 381 00a8 FA7B     		ldrb	r2, [r7, #15]	@ zero_extendqisi2
 382 00aa 4FEAC202 		lsl	r2, r2, #3
 383 00ae 02F10302 		add	r2, r2, #3
 384 00b2 00FA02F2 		lsl	r2, r0, r2
 385 00b6 0A43     		orrs	r2, r2, r1
 386 00b8 5A61     		str	r2, [r3, #20]
 387 00ba 5AE0     		b	.L7
 388              	.L10:
 186:../Dave/Generated/src/IO004/IO004.c ****   } else if ((Pin >= 8U) && (Pin <= 11U))
 389              		.loc 1 186 0
 390 00bc FB7B     		ldrb	r3, [r7, #15]	@ zero_extendqisi2
 391 00be 072B     		cmp	r3, #7
 392 00c0 2AD9     		bls	.L11
 393              		.loc 1 186 0 is_stmt 0 discriminator 1
 394 00c2 FB7B     		ldrb	r3, [r7, #15]	@ zero_extendqisi2
 395 00c4 0B2B     		cmp	r3, #11
 396 00c6 27D8     		bhi	.L11
 187:../Dave/Generated/src/IO004/IO004.c ****   {
 188:../Dave/Generated/src/IO004/IO004.c ****     Pin = Pin - 8U;
 397              		.loc 1 188 0 is_stmt 1
 398 00c8 FB7B     		ldrb	r3, [r7, #15]
 399 00ca A3F10803 		sub	r3, r3, #8
 400 00ce FB73     		strb	r3, [r7, #15]
 189:../Dave/Generated/src/IO004/IO004.c ****     Handle->PortRegs->IOCR8  =  (uint32_t)(Handle->PortRegs->IOCR8 & ~(0x0000001FUL << (3U+(Pin*8U)
 401              		.loc 1 189 0
 402 00d0 7B68     		ldr	r3, [r7, #4]
 403 00d2 5B68     		ldr	r3, [r3, #4]
 404 00d4 7A68     		ldr	r2, [r7, #4]
 405 00d6 5268     		ldr	r2, [r2, #4]
 406 00d8 9169     		ldr	r1, [r2, #24]
 407 00da FA7B     		ldrb	r2, [r7, #15]	@ zero_extendqisi2
 408 00dc 4FEAC202 		lsl	r2, r2, #3
 409 00e0 02F10302 		add	r2, r2, #3
 410 00e4 4FF01F00 		mov	r0, #31
 411 00e8 00FA02F2 		lsl	r2, r0, r2
 412 00ec 6FEA0202 		mvn	r2, r2
 413 00f0 0A40     		ands	r2, r2, r1
 414 00f2 9A61     		str	r2, [r3, #24]
 190:../Dave/Generated/src/IO004/IO004.c ****     Handle->PortRegs->IOCR8 |=  (uint32_t)(((uint32_t)Mode & 0x1FUL) << (3U+(Pin*8U)));
 415              		.loc 1 190 0
 416 00f4 7B68     		ldr	r3, [r7, #4]
 417 00f6 5B68     		ldr	r3, [r3, #4]
 418 00f8 7A68     		ldr	r2, [r7, #4]
 419 00fa 5268     		ldr	r2, [r2, #4]
 420 00fc 9169     		ldr	r1, [r2, #24]
 421 00fe FA78     		ldrb	r2, [r7, #3]	@ zero_extendqisi2
 422 0100 02F01F00 		and	r0, r2, #31
 423 0104 FA7B     		ldrb	r2, [r7, #15]	@ zero_extendqisi2
 424 0106 4FEAC202 		lsl	r2, r2, #3
 425 010a 02F10302 		add	r2, r2, #3
 426 010e 00FA02F2 		lsl	r2, r0, r2
 427 0112 0A43     		orrs	r2, r2, r1
 428 0114 9A61     		str	r2, [r3, #24]
 429 0116 2CE0     		b	.L7
 430              	.L11:
 191:../Dave/Generated/src/IO004/IO004.c ****   } else if ((Pin >= 12U) && (Pin <= 15U))
 431              		.loc 1 191 0
 432 0118 FB7B     		ldrb	r3, [r7, #15]	@ zero_extendqisi2
 433 011a 0B2B     		cmp	r3, #11
 434 011c 29D9     		bls	.L7
 435              		.loc 1 191 0 is_stmt 0 discriminator 1
 436 011e FB7B     		ldrb	r3, [r7, #15]	@ zero_extendqisi2
 437 0120 0F2B     		cmp	r3, #15
 438 0122 26D8     		bhi	.L7
 192:../Dave/Generated/src/IO004/IO004.c ****   {
 193:../Dave/Generated/src/IO004/IO004.c ****     Pin = Pin - 12U;
 439              		.loc 1 193 0 is_stmt 1
 440 0124 FB7B     		ldrb	r3, [r7, #15]
 441 0126 A3F10C03 		sub	r3, r3, #12
 442 012a FB73     		strb	r3, [r7, #15]
 194:../Dave/Generated/src/IO004/IO004.c ****     Handle->PortRegs->IOCR12  =  (uint32_t)(Handle->PortRegs->IOCR12 & ~(0x0000001FUL << (3U+(Pin*8
 443              		.loc 1 194 0
 444 012c 7B68     		ldr	r3, [r7, #4]
 445 012e 5B68     		ldr	r3, [r3, #4]
 446 0130 7A68     		ldr	r2, [r7, #4]
 447 0132 5268     		ldr	r2, [r2, #4]
 448 0134 D169     		ldr	r1, [r2, #28]
 449 0136 FA7B     		ldrb	r2, [r7, #15]	@ zero_extendqisi2
 450 0138 4FEAC202 		lsl	r2, r2, #3
 451 013c 02F10302 		add	r2, r2, #3
 452 0140 4FF01F00 		mov	r0, #31
 453 0144 00FA02F2 		lsl	r2, r0, r2
 454 0148 6FEA0202 		mvn	r2, r2
 455 014c 0A40     		ands	r2, r2, r1
 456 014e DA61     		str	r2, [r3, #28]
 195:../Dave/Generated/src/IO004/IO004.c ****     Handle->PortRegs->IOCR12 |=  (uint32_t)(((uint32_t)Mode & 0x1FUL) << (3U+(Pin*8U)));
 457              		.loc 1 195 0
 458 0150 7B68     		ldr	r3, [r7, #4]
 459 0152 5B68     		ldr	r3, [r3, #4]
 460 0154 7A68     		ldr	r2, [r7, #4]
 461 0156 5268     		ldr	r2, [r2, #4]
 462 0158 D169     		ldr	r1, [r2, #28]
 463 015a FA78     		ldrb	r2, [r7, #3]	@ zero_extendqisi2
 464 015c 02F01F00 		and	r0, r2, #31
 465 0160 FA7B     		ldrb	r2, [r7, #15]	@ zero_extendqisi2
 466 0162 4FEAC202 		lsl	r2, r2, #3
 467 0166 02F10302 		add	r2, r2, #3
 468 016a 00FA02F2 		lsl	r2, r0, r2
 469 016e 0A43     		orrs	r2, r2, r1
 470 0170 DA61     		str	r2, [r3, #28]
 471              	.L7:
 196:../Dave/Generated/src/IO004/IO004.c ****   }
 197:../Dave/Generated/src/IO004/IO004.c ****   else
 198:../Dave/Generated/src/IO004/IO004.c ****   {
 199:../Dave/Generated/src/IO004/IO004.c **** 	  /*Not supposed to be here */
 200:../Dave/Generated/src/IO004/IO004.c ****   }
 201:../Dave/Generated/src/IO004/IO004.c **** }
 472              		.loc 1 201 0
 473 0172 07F11407 		add	r7, r7, #20
 474 0176 BD46     		mov	sp, r7
 475 0178 80BC     		pop	{r7}
 476 017a 7047     		bx	lr
 477              		.cfi_endproc
 478              	.LFE119:
 480              		.text
 481              	.Letext0:
 482              		.file 2 "c:\\dave-3.1.10\\arm-gcc\\bin\\../lib/gcc/arm-none-eabi/4.7.4/../../../../arm-none-eabi/i
 483              		.file 3 "F:\\WORK\\SmartHome_checkout1\\XMC4500_RK_HTTPserver\\Dave\\Generated\\inc\\DAVESupport/.
 484              		.file 4 "C:\\DAVE-3.1.10\\eclipse\\/../CMSIS/Include/core_cm4.h"
 485              		.file 5 "F:\\WORK\\SmartHome_checkout1\\XMC4500_RK_HTTPserver\\Dave\\Generated\\inc\\DAVESupport/.
DEFINED SYMBOLS
                            *ABS*:00000000 IO004.c
C:\Users\Mihai\AppData\Local\Temp\cclG0W4y.s:20     .text.IO004_Init:00000000 $t
C:\Users\Mihai\AppData\Local\Temp\cclG0W4y.s:25     .text.IO004_Init:00000000 IO004_Init
C:\Users\Mihai\AppData\Local\Temp\cclG0W4y.s:87     .text.IO004_DisableOutputDriver:00000000 $t
C:\Users\Mihai\AppData\Local\Temp\cclG0W4y.s:92     .text.IO004_DisableOutputDriver:00000000 IO004_DisableOutputDriver
C:\Users\Mihai\AppData\Local\Temp\cclG0W4y.s:284    .text.IO004_EnableOutputDriver:00000000 $t
C:\Users\Mihai\AppData\Local\Temp\cclG0W4y.s:289    .text.IO004_EnableOutputDriver:00000000 IO004_EnableOutputDriver
                     .debug_frame:00000010 $d
                           .group:00000000 wm4.1.1791a5ae2e936ca1033c1c44be394cc7
                           .group:00000000 wm4.XMC4500.h.45.215f4b8c79f46c7645c15373868d08c0
                           .group:00000000 wm4.core_cm4.h.47.41af406cb4cda82c972f112a9cd0a024
                           .group:00000000 wm4.newlib.h.8.a9901dc52d1357e3e94003403d43f8b5
                           .group:00000000 wm4.features.h.22.b72b3baab2bb2eab3661375590100b6b
                           .group:00000000 wm4.config.h.193.5fb8ef056cdff92dec3dee9552839d8c
                           .group:00000000 wm4._ansi.h.23.7aefdac4826acebbfc9f3822a0aeb14c
                           .group:00000000 wm4.stdint.h.20.54ad762faa59e3c05491630641c8d8bf
                           .group:00000000 wm4.core_cmInstr.h.39.3d3d1b4a79aef37532666dc6ee87c6ac
                           .group:00000000 wm4.core_cm4_simd.h.43.b5d1d38735af6366227b4256d330cf13
                           .group:00000000 wm4.core_cm4.h.178.e5ef5ce66d198d7f00f9d0076e267c41
                           .group:00000000 wm4.system_XMC4500.h.29.827f68baa362c84f2abae4ab67dde7c9
                           .group:00000000 wm4.XMC4500.h.198.8e022f279ff353ed081df898dc7b9cf3
                           .group:00000000 wm4.stddef.h.40.50cf36416e06376af8a9dca28536f2e4
                           .group:00000000 wm4.types.h.55.0006b5fda1d606516f2dcaf4aca92b11
                           .group:00000000 wm4.MULTIPLEXER.h.43.4aa654be3ec80895f631b5281bbb9105
                           .group:00000000 wm4.CCU8PWMLIB.h.70.a5d6a5267902b8b4aea2a0224518259a
                           .group:00000000 wm4.DBG001.h.116.d6d9e7459a0faa3905c97c1d2edb339d
                           .group:00000000 wm4.SYSTM001.h.63.668098b2213d40a5bd0db5fbe813cf05
                           .group:00000000 wm4.ETH002_Conf.h.56.5bd2b085b66f43d51abd69396be7f35f
                           .group:00000000 wm4.EthernetPHY.h.54.7af1709186b21e62a5f1d4049da3988b
                           .group:00000000 wm4.ETH001_Conf.h.71.1e151af1ba54dd023e1f942bdf922819
                           .group:00000000 wm4.synopGMAC_plat.h.78.7a90e072b497857344aea4ba1e994097
                           .group:00000000 wm4.synopGMAC_stack_interface.h.73.6be6aaee0ac6637432f4d0589044479b
                           .group:00000000 wm4.SynopGMAC_Dev.h.72.7c89c07cf666d37f5c9b615720d5e111
                           .group:00000000 wm4.synopGMAC_network_interface.h.73.4dd08316a11bc43c8c4a9da15277fb0f
                           .group:00000000 wm4.stdlib.h.13.603ed7eb09a1561ab06840b7c0fcff58
                           .group:00000000 wm4.stddef.h.161.e50ff8a9d5d1abbc15641da28ac571bf
                           .group:00000000 wm4._default_types.h.6.5e12cd604db8ce00b62bb2f02708eaf3
                           .group:00000000 wm4.lock.h.2.9bc98482741e5e2a9450b12934a684ea
                           .group:00000000 wm4.stddef.h.161.c6104a0666cf681b6269ddc9b4f516d4
                           .group:00000000 wm4.reent.h.16.9e42f0e588b85e70b2bf6572af57ce64
                           .group:00000000 wm4.alloca.h.8.dfc0c703c47ec3e69746825b17d9e66d
                           .group:00000000 wm4.stdlib.h.53.c69c7609933ff56d59c757cec2d13230
                           .group:00000000 wm4.string.h.8.ef946ad0bc9ad5c970c365dcd1fc4b0a
                           .group:00000000 wm4.string.h.86.d5c872ff52e2712c985b588a0ef39f3c
                           .group:00000000 wm4.ETH004_Conf.h.56.564c3f309c32b3c742fc91049cf66940
                           .group:00000000 wm4.lwipopts.h.73.a7a63bda1e8216abd1d90275eaaa0027
                           .group:00000000 wm4.arch.h.33.6fa4aa86d33d1490ae882caef7316405
                           .group:00000000 wm4.cpu.h.33.b213c7fd77614ebc3691cef18ad2ff22
                           .group:00000000 wm4.cc.h.66.ec134211c658dcc89de4610e4e7bab46
                           .group:00000000 wm4.arch.h.47.5153c52bfb94ee3b37299920afab6afd
                           .group:00000000 wm4.debug.h.43.557ecd6c90cc70b375bb8a29118be47b
                           .group:00000000 wm4.opt.h.94.d36882acafebb8726bce646fc8b2397b
                           .group:00000000 wm4.err.h.52.37c5d17538f8e8347a9c84196701e92d
                           .group:00000000 wm4.pbuf.h.43.e9a1ad12b97478787a109e22d5306820
                           .group:00000000 wm4.inet.h.46.b516065779826845d16d49f513869a2b
                           .group:00000000 wm4.ip_addr.h.79.9a0ce887ca8c88c22ad7686bcb5105df
                           .group:00000000 wm4.sys.h.65.4a0cd87b9e0d8bb4cd6b30e939b2ca7e
                           .group:00000000 wm4.mem.h.96.20770766e6c9e6c42af6bfa95ef5c63f
                           .group:00000000 wm4.def.h.33.049f911dab26023a266ed46ced0ce4bc
                           .group:00000000 wm4.netif.h.53.c13431a64f0e73a26710e71455725e84
                           .group:00000000 wm4.ip.h.48.ad46847692d4d729760949b27e48a442
                           .group:00000000 wm4.icmp.h.44.450dbf91f594cc26ad19d086cdc83713
                           .group:00000000 wm4.tcp.h.55.5c30b9432fa60afaa85cbdd225b0c683
                           .group:00000000 wm4.udp.h.48.1a8dde095cd0a13580afaba1443e5a3f
                           .group:00000000 wm4.SDMMC003_Conf.h.50.e707c07613fb4e6f2eaec982a892429d
                           .group:00000000 wm4.SDMMC003.h.85.b66055f6032a052f5173e3d123f9c61e
                           .group:00000000 wm4.SDMMC001.h.50.3e2fedc7e5ace33db4121d5cc027e8a4
                           .group:00000000 wm4.types.h.23.0d949686bbcadd1621462d4fa1f884f9
                           .group:00000000 wm4.types.h.2.e9cec8c90ab35f77d9f499e06ae02400
                           .group:00000000 wm4.types.h.80.1f2c84c0d57dd52dd9936095d9ac218e
                           .group:00000000 wm4.time.h.16.a4579e68956d2601c6113814b546764b
                           .group:00000000 wm4.diskio.h.7.93a3c8131d08770c060b04d2180fd09a
                           .group:00000000 wm4.diskio.h.42.a863614abe78d56d18ed7cb292d0028d
                           .group:00000000 wm4.ffconf.h.57.4ab321a2116d35ff7f28236ac31fad7c
                           .group:00000000 wm4.ff.h.82.8f05a37d35a49dba2681a7f047fee4ee
                           .group:00000000 wm4.lmm001_debuglog.h.40.8031299705ecf04ad726bd19baff976d
                           .group:00000000 wm4.LMM001.h.42.c21fe9cbedc336738c3dc89405cad216
                           .group:00000000 wm4.stdio.h.27.f2ac352bab34f31f9f478442827b2ba6
                           .group:00000000 wm4.stdarg.h.34.3a23a216c0c293b3d2ea2e89281481e6
                           .group:00000000 wm4.stdio.h.2.4aa87247282eca6c8f36f9de33d8df1a
                           .group:00000000 wm4.stdio.h.63.dfdea6580b080784d08faace69b6ed76
                           .group:00000000 wm4.time.h.2.9857e62ad6ac99431e29d58067232314
                           .group:00000000 wm4.time.h.24.c499d4c1915694df17abb795fd34b719
                           .group:00000000 wm4.time.h.124.10ced469f846269cafc58b59c853e1bb
                           .group:00000000 wm4.errno.h.2.ba016d646105af6cad23be83630b6a3f
                           .group:00000000 wm4.errno.h.9.65044c2b5d8494e43f5986ab0a1d770f
                           .group:00000000 wm4.unistd.h.2.6ce1b91c4223f6078c1b210c7538c1d2
                           .group:00000000 wm4.unistd.h.251.605bc560cdc6c3b07b599bb71ac4e425
                           .group:00000000 wm4.malloc.h.4.62bd13b8107d5245f60bd92bb5994838
                           .group:00000000 wm4.malloc.h.148.73b7de3bd065dafbd594b04197a9466e
                           .group:00000000 wm4.reent.h.91.faac4d0ac97c0fcf23d10d0786197642
                           .group:00000000 wm4.SLTHA003.h.100.69cb08672bc6ab3f052aa9d5bd6dc5ca
                           .group:00000000 wm4._default_fcntl.h.6.d036cf640d0f9a06bcff1be55acd66be
                           .group:00000000 wm4.stat.h.2.a761b02482a54847ff0d09dfcff24a5c
                           .group:00000000 wm4.fcntl.h.9.9336f33d7f5028f694c75e6e224e0cf7
                           .group:00000000 wm4.SLTHA001.h.97.d7e87c19a31e3244bdd5839e7cc42a61
                           .group:00000000 wm4.WEBSERVER001_Conf.h.54.cd6d29aaa96a848cbc5321bab5d6cd90
                           .group:00000000 wm4.IO004.h.51.dbf9dd216c57d6a7f14a22b2cb7e5626
                           .group:00000000 wm4.ADCGROUP001.h.48.081c7f952eb4b6ea2df7d05180ee1663
                           .group:00000000 wm4.IO001.h.49.1da965fb490206cf7cde64a90f6912e1
                           .group:00000000 wm4.MOTORLIBS.h.59.b2e97de0df555dedfa51e24447b57ab8
                           .group:00000000 wm4.uc_id.h.35.a6c4837fad81477ba31967683332b8cc
                           .group:00000000 wm4.Usic.h.90.22743468abc46f16747d12430b219aaf
                           .group:00000000 wm4.UART001_Conf.h.53.c5c972f6f634bc5116c171852aaab668
                           .group:00000000 wm4.UART001.h.109.3e835815a7a59791d8bd39655f4d4cc9
                           .group:00000000 wm4.NVIC002_Conf.h.63.45e3c2b9806aa66850587e587798873e

UNDEFINED SYMBOLS
IO004_Handle0
