   1              		.syntax unified
   2              		.cpu cortex-m4
   3              		.eabi_attribute 27, 3
   4              		.fpu fpv4-sp-d16
   5              		.eabi_attribute 20, 1
   6              		.eabi_attribute 21, 1
   7              		.eabi_attribute 23, 3
   8              		.eabi_attribute 24, 1
   9              		.eabi_attribute 25, 1
  10              		.eabi_attribute 26, 1
  11              		.eabi_attribute 30, 4
  12              		.eabi_attribute 34, 1
  13              		.eabi_attribute 18, 4
  14              		.thumb
  15              		.file	"IO004.c"
  16              		.section	.text.IO004_Init,"ax",%progbits
  17              		.align	1
  18              		.global	IO004_Init
  19              		.thumb
  20              		.thumb_func
  22              	IO004_Init:
  23              		@ args = 0, pretend = 0, frame = 0
  24              		@ frame_needed = 0, uses_anonymous_args = 0
  25              		@ link register save eliminated.
  26 0000 084B     		ldr	r3, .L2
  27 0002 5868     		ldr	r0, [r3, #4]
  28 0004 4268     		ldr	r2, [r0, #4]
  29 0006 42F00101 		orr	r1, r2, #1
  30 000a 4160     		str	r1, [r0, #4]
  31 000c 036C     		ldr	r3, [r0, #64]
  32 000e 23F00702 		bic	r2, r3, #7
  33 0012 0264     		str	r2, [r0, #64]
  34 0014 016C     		ldr	r1, [r0, #64]
  35 0016 41F00403 		orr	r3, r1, #4
  36 001a 0364     		str	r3, [r0, #64]
  37 001c 0269     		ldr	r2, [r0, #16]
  38 001e 0261     		str	r2, [r0, #16]
  39 0020 7047     		bx	lr
  40              	.L3:
  41 0022 00BF     		.align	2
  42              	.L2:
  43 0024 00000000 		.word	IO004_Handle0
  45              		.section	.text.IO004_DisableOutputDriver,"ax",%progbits
  46              		.align	1
  47              		.global	IO004_DisableOutputDriver
  48              		.thumb
  49              		.thumb_func
  51              	IO004_DisableOutputDriver:
  52              		@ args = 0, pretend = 0, frame = 0
  53              		@ frame_needed = 0, uses_anonymous_args = 0
  54 0000 10B5     		push	{r4, lr}
  55 0002 4378     		ldrb	r3, [r0, #1]	@ zero_extendqisi2
  56 0004 032B     		cmp	r3, #3
  57 0006 11D8     		bhi	.L5
  58 0008 4268     		ldr	r2, [r0, #4]
  59 000a DB00     		lsls	r3, r3, #3
  60 000c 1469     		ldr	r4, [r2, #16]
  61 000e 0333     		adds	r3, r3, #3
  62 0010 1F20     		movs	r0, #31
  63 0012 00FA03F0 		lsl	r0, r0, r3
  64 0016 24EA0000 		bic	r0, r4, r0
  65 001a 1061     		str	r0, [r2, #16]
  66 001c 1069     		ldr	r0, [r2, #16]
  67 001e 01F01F01 		and	r1, r1, #31
  68 0022 01FA03F3 		lsl	r3, r1, r3
  69 0026 0343     		orrs	r3, r3, r0
  70 0028 1361     		str	r3, [r2, #16]
  71 002a 10BD     		pop	{r4, pc}
  72              	.L5:
  73 002c 1A1F     		subs	r2, r3, #4
  74 002e D2B2     		uxtb	r2, r2
  75 0030 032A     		cmp	r2, #3
  76 0032 11D8     		bhi	.L7
  77 0034 4368     		ldr	r3, [r0, #4]
  78 0036 D000     		lsls	r0, r2, #3
  79 0038 5C69     		ldr	r4, [r3, #20]
  80 003a C21C     		adds	r2, r0, #3
  81 003c 1F20     		movs	r0, #31
  82 003e 00FA02F0 		lsl	r0, r0, r2
  83 0042 24EA0000 		bic	r0, r4, r0
  84 0046 5861     		str	r0, [r3, #20]
  85 0048 5869     		ldr	r0, [r3, #20]
  86 004a 01F01F01 		and	r1, r1, #31
  87 004e 01FA02F2 		lsl	r2, r1, r2
  88 0052 0243     		orrs	r2, r2, r0
  89 0054 5A61     		str	r2, [r3, #20]
  90 0056 10BD     		pop	{r4, pc}
  91              	.L7:
  92 0058 A3F10802 		sub	r2, r3, #8
  93 005c D2B2     		uxtb	r2, r2
  94 005e 032A     		cmp	r2, #3
  95 0060 11D8     		bhi	.L8
  96 0062 4368     		ldr	r3, [r0, #4]
  97 0064 D200     		lsls	r2, r2, #3
  98 0066 9C69     		ldr	r4, [r3, #24]
  99 0068 0332     		adds	r2, r2, #3
 100 006a 1F20     		movs	r0, #31
 101 006c 00FA02F0 		lsl	r0, r0, r2
 102 0070 24EA0000 		bic	r0, r4, r0
 103 0074 9861     		str	r0, [r3, #24]
 104 0076 9869     		ldr	r0, [r3, #24]
 105 0078 01F01F01 		and	r1, r1, #31
 106 007c 01FA02F2 		lsl	r2, r1, r2
 107 0080 0243     		orrs	r2, r2, r0
 108 0082 9A61     		str	r2, [r3, #24]
 109 0084 10BD     		pop	{r4, pc}
 110              	.L8:
 111 0086 0C3B     		subs	r3, r3, #12
 112 0088 DBB2     		uxtb	r3, r3
 113 008a 032B     		cmp	r3, #3
 114 008c 10D8     		bhi	.L4
 115 008e 4268     		ldr	r2, [r0, #4]
 116 0090 D800     		lsls	r0, r3, #3
 117 0092 D469     		ldr	r4, [r2, #28]
 118 0094 C31C     		adds	r3, r0, #3
 119 0096 1F20     		movs	r0, #31
 120 0098 00FA03F0 		lsl	r0, r0, r3
 121 009c 24EA0000 		bic	r0, r4, r0
 122 00a0 D061     		str	r0, [r2, #28]
 123 00a2 D069     		ldr	r0, [r2, #28]
 124 00a4 01F01F01 		and	r1, r1, #31
 125 00a8 01FA03F3 		lsl	r3, r1, r3
 126 00ac 0343     		orrs	r3, r3, r0
 127 00ae D361     		str	r3, [r2, #28]
 128              	.L4:
 129 00b0 10BD     		pop	{r4, pc}
 131              		.section	.text.IO004_EnableOutputDriver,"ax",%progbits
 132              		.align	1
 133              		.global	IO004_EnableOutputDriver
 134              		.thumb
 135              		.thumb_func
 137              	IO004_EnableOutputDriver:
 138              		@ args = 0, pretend = 0, frame = 0
 139              		@ frame_needed = 0, uses_anonymous_args = 0
 140 0000 10B5     		push	{r4, lr}
 141 0002 4378     		ldrb	r3, [r0, #1]	@ zero_extendqisi2
 142 0004 032B     		cmp	r3, #3
 143 0006 11D8     		bhi	.L11
 144 0008 4268     		ldr	r2, [r0, #4]
 145 000a DB00     		lsls	r3, r3, #3
 146 000c 1469     		ldr	r4, [r2, #16]
 147 000e 0333     		adds	r3, r3, #3
 148 0010 1F20     		movs	r0, #31
 149 0012 00FA03F0 		lsl	r0, r0, r3
 150 0016 24EA0000 		bic	r0, r4, r0
 151 001a 1061     		str	r0, [r2, #16]
 152 001c 1069     		ldr	r0, [r2, #16]
 153 001e 01F01F01 		and	r1, r1, #31
 154 0022 01FA03F3 		lsl	r3, r1, r3
 155 0026 0343     		orrs	r3, r3, r0
 156 0028 1361     		str	r3, [r2, #16]
 157 002a 10BD     		pop	{r4, pc}
 158              	.L11:
 159 002c 1A1F     		subs	r2, r3, #4
 160 002e D2B2     		uxtb	r2, r2
 161 0030 032A     		cmp	r2, #3
 162 0032 11D8     		bhi	.L13
 163 0034 4368     		ldr	r3, [r0, #4]
 164 0036 D000     		lsls	r0, r2, #3
 165 0038 5C69     		ldr	r4, [r3, #20]
 166 003a C21C     		adds	r2, r0, #3
 167 003c 1F20     		movs	r0, #31
 168 003e 00FA02F0 		lsl	r0, r0, r2
 169 0042 24EA0000 		bic	r0, r4, r0
 170 0046 5861     		str	r0, [r3, #20]
 171 0048 5869     		ldr	r0, [r3, #20]
 172 004a 01F01F01 		and	r1, r1, #31
 173 004e 01FA02F2 		lsl	r2, r1, r2
 174 0052 0243     		orrs	r2, r2, r0
 175 0054 5A61     		str	r2, [r3, #20]
 176 0056 10BD     		pop	{r4, pc}
 177              	.L13:
 178 0058 A3F10802 		sub	r2, r3, #8
 179 005c D2B2     		uxtb	r2, r2
 180 005e 032A     		cmp	r2, #3
 181 0060 11D8     		bhi	.L14
 182 0062 4368     		ldr	r3, [r0, #4]
 183 0064 D200     		lsls	r2, r2, #3
 184 0066 9C69     		ldr	r4, [r3, #24]
 185 0068 0332     		adds	r2, r2, #3
 186 006a 1F20     		movs	r0, #31
 187 006c 00FA02F0 		lsl	r0, r0, r2
 188 0070 24EA0000 		bic	r0, r4, r0
 189 0074 9861     		str	r0, [r3, #24]
 190 0076 9869     		ldr	r0, [r3, #24]
 191 0078 01F01F01 		and	r1, r1, #31
 192 007c 01FA02F2 		lsl	r2, r1, r2
 193 0080 0243     		orrs	r2, r2, r0
 194 0082 9A61     		str	r2, [r3, #24]
 195 0084 10BD     		pop	{r4, pc}
 196              	.L14:
 197 0086 0C3B     		subs	r3, r3, #12
 198 0088 DBB2     		uxtb	r3, r3
 199 008a 032B     		cmp	r3, #3
 200 008c 10D8     		bhi	.L10
 201 008e 4268     		ldr	r2, [r0, #4]
 202 0090 D800     		lsls	r0, r3, #3
 203 0092 D469     		ldr	r4, [r2, #28]
 204 0094 C31C     		adds	r3, r0, #3
 205 0096 1F20     		movs	r0, #31
 206 0098 00FA03F0 		lsl	r0, r0, r3
 207 009c 24EA0000 		bic	r0, r4, r0
 208 00a0 D061     		str	r0, [r2, #28]
 209 00a2 D069     		ldr	r0, [r2, #28]
 210 00a4 01F01F01 		and	r1, r1, #31
 211 00a8 01FA03F3 		lsl	r3, r1, r3
 212 00ac 0343     		orrs	r3, r3, r0
 213 00ae D361     		str	r3, [r2, #28]
 214              	.L10:
 215 00b0 10BD     		pop	{r4, pc}
 217              		.ident	"GCC: (GNU Tools for ARM Embedded Processors) 4.7.4 20130913 (release) [ARM/embedded-4_7-br
DEFINED SYMBOLS
                            *ABS*:00000000 IO004.c
C:\Users\Mihai\AppData\Local\Temp\ccqr4Vtk.s:17     .text.IO004_Init:00000000 $t
C:\Users\Mihai\AppData\Local\Temp\ccqr4Vtk.s:22     .text.IO004_Init:00000000 IO004_Init
C:\Users\Mihai\AppData\Local\Temp\ccqr4Vtk.s:43     .text.IO004_Init:00000024 $d
C:\Users\Mihai\AppData\Local\Temp\ccqr4Vtk.s:46     .text.IO004_DisableOutputDriver:00000000 $t
C:\Users\Mihai\AppData\Local\Temp\ccqr4Vtk.s:51     .text.IO004_DisableOutputDriver:00000000 IO004_DisableOutputDriver
C:\Users\Mihai\AppData\Local\Temp\ccqr4Vtk.s:132    .text.IO004_EnableOutputDriver:00000000 $t
C:\Users\Mihai\AppData\Local\Temp\ccqr4Vtk.s:137    .text.IO004_EnableOutputDriver:00000000 IO004_EnableOutputDriver

UNDEFINED SYMBOLS
IO004_Handle0
