   1              		.syntax unified
   2              		.cpu cortex-m4
   3              		.eabi_attribute 27, 3
   4              		.fpu fpv4-sp-d16
   5              		.eabi_attribute 20, 1
   6              		.eabi_attribute 21, 1
   7              		.eabi_attribute 23, 3
   8              		.eabi_attribute 24, 1
   9              		.eabi_attribute 25, 1
  10              		.eabi_attribute 26, 1
  11              		.eabi_attribute 30, 4
  12              		.eabi_attribute 34, 1
  13              		.eabi_attribute 18, 4
  14              		.thumb
  15              		.file	"IO004_Conf.c"
  16              		.global	IO004_Handle0
  17              		.section	.rodata
  18              		.align	2
  21              	IO004_Handle0:
  22 0000 03       		.byte	3
  23 0001 09       		.byte	9
  24 0002 0000     		.space	2
  25 0004 00830248 		.word	1208124160
  26              		.ident	"GCC: (GNU Tools for ARM Embedded Processors) 4.7.4 20130913 (release) [ARM/embedded-4_7-br
DEFINED SYMBOLS
                            *ABS*:00000000 IO004_Conf.c
C:\Users\Mihai\AppData\Local\Temp\ccGMogu1.s:21     .rodata:00000000 IO004_Handle0
C:\Users\Mihai\AppData\Local\Temp\ccGMogu1.s:18     .rodata:00000000 $d

NO UNDEFINED SYMBOLS
